#
# A fatal error has been detected by the Java Runtime Environment:
#
#  SIGSEGV (0xb) at pc=0x00007f166b659ea1, pid=2169, tid=9671
#
# JRE version: OpenJDK Runtime Environment (11.0.6+10) (build 11.0.6+10-post-Debian-1deb10u1)
# Java VM: OpenJDK 64-Bit Server VM (11.0.6+10-post-Debian-1deb10u1, mixed mode, sharing, tiered, compressed oops, g1 gc, linux-amd64)
# Problematic frame:
# C  [libjimage.so+0x2ea1]
#
# No core dump will be written. Core dumps have been disabled. To enable core dumping, try "ulimit -c unlimited" before starting Java again
#
# If you would like to submit a bug report, please visit:
#   https://bugs.debian.org/openjdk-11
#

---------------  S U M M A R Y ------------

Command Line: -Dfile.encoding=UTF-8 main

Host: Intel(R) Core(TM) i5-2540M CPU @ 2.60GHz, 4 cores, 3G, Debian GNU/Linux 10 (buster)
Time: Sat Aug 22 04:15:59 2020 CEST elapsed time: 47081 seconds (0d 13h 4m 41s)

---------------  T H R E A D  ---------------

Current thread (0x00007f15ec289000):  JavaThread "XToolkt-Shutdown-Thread" [_thread_in_vm, id=9671, stack(0x00007f160d092000,0x00007f160d193000)]

Stack: [0x00007f160d092000,0x00007f160d193000],  sp=0x00007f160d18ffc0,  free space=1015k
Native frames: (J=compiled Java code, A=aot compiled Java code, j=interpreted, Vv=VM code, C=native code)
C  [libjimage.so+0x2ea1]
C  [libjimage.so+0x3b1a]
C  [libjimage.so+0x3fe5]  JIMAGE_FindResource+0xd5
V  [libjvm.so+0x567def]
V  [libjvm.so+0x56a08b]
V  [libjvm.so+0xc8e62c]
V  [libjvm.so+0xc8d262]
V  [libjvm.so+0xc8f766]
V  [libjvm.so+0x60eacd]
V  [libjvm.so+0x60ef32]
V  [libjvm.so+0x9bb4d6]
V  [libjvm.so+0x9c1f6d]
V  [libjvm.so+0x7f22b6]
V  [libjvm.so+0x7f28ed]
j  sun.awt.X11.XToolkit.lambda$init$0()V+0 java.desktop@11.0.6
j  sun.awt.X11.XToolkit$$Lambda$10.run()V+4 java.desktop@11.0.6
j  java.lang.Thread.run()V+11 java.base@11.0.6
v  ~StubRoutines::call_stub
V  [libjvm.so+0x7f8991]
V  [libjvm.so+0x7f6e30]
V  [libjvm.so+0x7f6eeb]
V  [libjvm.so+0x8959dc]
V  [libjvm.so+0xcc48e4]
V  [libjvm.so+0xcc4be0]
V  [libjvm.so+0xcc0894]
V  [libjvm.so+0xb3511e]

Java frames: (J=compiled Java code, j=interpreted, Vv=VM code)
j  sun.awt.X11.XToolkit.lambda$init$0()V+0 java.desktop@11.0.6
j  sun.awt.X11.XToolkit$$Lambda$10.run()V+4 java.desktop@11.0.6
j  java.lang.Thread.run()V+11 java.base@11.0.6
v  ~StubRoutines::call_stub

siginfo: si_signo: 11 (SIGSEGV), si_code: 1 (SEGV_MAPERR), si_addr: 0x00007f165b926f28

Register to memory mapping:

RAX=0x0000000000005bc3 is an unknown value
RBX=0x00007f160d190071 is pointing into the stack for thread: 0x00007f15ec289000
RCX=0x00007f165b91001c is an unknown value
RDX=0x0000000000005bc3 is an unknown value
RSP=0x00007f160d18ffc0 is pointing into the stack for thread: 0x00007f15ec289000
RBP=0x00007f160d18ffe0 is pointing into the stack for thread: 0x00007f15ec289000
RSI=0x00007f160d190070 is pointing into the stack for thread: 0x00007f15ec289000
RDI=0x00007f166b65f130: <offset 0x0000000000008130> in /usr/lib/jvm/java-11-openjdk-amd64/lib/libjimage.so at 0x00007f166b657000
R8 =0x0 is NULL
R9 =
[error occurred during error reporting (printing register info), id 0xb, SIGSEGV (0xb) at pc=0x00007f166c1cfbe7]

Registers:
RAX=0x0000000000005bc3, RBX=0x00007f160d190071, RCX=0x00007f165b91001c, RDX=0x0000000000005bc3
RSP=0x00007f160d18ffc0, RBP=0x00007f160d18ffe0, RSI=0x00007f160d190070, RDI=0x00007f166b65f130
R8 =0x0000000000000000, R9 =0x00000000ca0d71f0, R10=0x00007f160d190094, R11=0x00007f166cd83b60
R12=0x00007f160d190070, R13=0x00000000000083a0, R14=0x00007f160d191108, R15=0x00007f15ec001250
RIP=0x00007f166b659ea1, EFLAGS=0x0000000000010246, CSGSFS=0x002b000000000033, ERR=0x0000000000000004
  TRAPNO=0x000000000000000e

Top of Stack: (sp=0x00007f160d18ffc0)
0x00007f160d18ffc0:   0000000000000000 00007f1664020ae0
0x00007f160d18ffd0:   0000000000000000 00007f160d190070
0x00007f160d18ffe0:   00007f160d190050 00007f166b65ab1a
0x00007f160d18fff0:   0000000000000000 0000000000000000 

Instructions: (pc=0x00007f166b659ea1)
0x00007f166b659da1:   48 89 df 48 89 4d 88 e8 83 f3 ff ff 48 8b 4d 88
0x00007f166b659db1:   44 03 6d 90 e9 42 fd ff ff 66 0f 1f 44 00 00 8b
0x00007f166b659dc1:   08 41 89 0e 44 89 c1 8b 74 08 fc 41 89 74 0e fc
0x00007f166b659dd1:   e9 d8 fe ff ff 66 2e 0f 1f 84 00 00 00 00 00 b9
0x00007f166b659de1:   0a 00 00 00 e9 95 fd ff ff 44 89 c1 0f b7 74 08
0x00007f166b659df1:   fe 66 41 89 74 0e fe e9 b1 fe ff ff 0f 1f 00 0f
0x00007f166b659e01:   b6 17 89 f1 4c 8d 47 01 84 d2 74 1a 0f 1f 00 69
0x00007f166b659e11:   c9 93 01 00 01 49 83 c0 01 31 d1 41 0f b6 50 ff
0x00007f166b659e21:   84 d2 75 eb 89 ce 89 f0 25 ff ff ff 7f c3 90 48
0x00007f166b659e31:   85 d2 0f 84 e1 00 00 00 85 c9 0f 84 d9 00 00 00
0x00007f166b659e41:   55 48 89 e5 41 55 41 54 53 48 8d 5e 01 48 83 ec
0x00007f166b659e51:   08 44 0f b6 06 45 84 c0 0f 84 b1 00 00 00 49 89
0x00007f166b659e61:   da b8 93 01 00 01 66 0f 1f 84 00 00 00 00 00 44
0x00007f166b659e71:   69 c8 93 01 00 01 49 83 c2 01 41 0f b6 c0 45 0f
0x00007f166b659e81:   b6 42 ff 44 31 c8 45 84 c0 75 e4 25 ff ff ff 7f
0x00007f166b659e91:   41 89 cd 48 89 d1 31 d2 49 89 f4 41 f7 f5 89 d0
0x00007f166b659ea1:   8b 34 81 48 8b 07 ff 50 20 85 c0 7f 22 ba ff ff
0x00007f166b659eb1:   ff ff 74 04 f7 d0 89 c2 48 83 c4 08 89 d0 5b 41
0x00007f166b659ec1:   5c 41 5d 5d c3 66 2e 0f 1f 84 00 00 00 00 00 41
0x00007f166b659ed1:   0f b6 34 24 89 c7 40 84 f6 74 1b 0f 1f 40 00 69
0x00007f166b659ee1:   ff 93 01 00 01 48 83 c3 01 31 f7 0f b6 73 ff 40
0x00007f166b659ef1:   84 f6 75 eb 89 f8 25 ff ff ff 7f 31 d2 48 83 c4
0x00007f166b659f01:   08 41 f7 f5 5b 41 5c 41 5d 5d 89 d0 c3 66 90 b8
0x00007f166b659f11:   93 01 00 01 e9 77 ff ff ff 83 ca ff 89 d0 c3 0f
0x00007f166b659f21:   b6 17 48 89 f8 84 d2 75 19 eb 1e 0f 1f 40 00 38
0x00007f166b659f31:   ca 75 1c 48 83 c0 01 0f b6 10 48 83 c6 01 84 d2
0x00007f166b659f41:   74 15 0f b6 0e 84 c9 75 e6 c3 0f 1f 44 00 00 31
0x00007f166b659f51:   c0 c3 0f 1f 44 00 00 c3 90 66 0f 1f 44 00 00 48
0x00007f166b659f61:   85 f6 74 5a 0f b6 06 84 c0 74 54 0f 1f 40 00 0f
0x00007f166b659f71:   b6 d0 83 e0 07 c1 fa 03 44 8d 50 01 0f b6 c0 41
0x00007f166b659f81:   89 d1 4c 8d 44 06 02 48 8d 56 01 31 c0 66 90 0f
0x00007f166b659f91:   b6 0a 48 c1 e0 08 48 83 c2 01 48 09 c8 49 39 d0 


Stack slot to memory mapping:
stack at sp + 0 slots: 0x0 is NULL
stack at sp + 1 slots: 0x00007f1664020ae0 points into unknown readable memory: 50 0f 00 f8 15 7f 00 00
stack at sp + 2 slots: 0x0 is NULL
stack at sp + 3 slots: 0x00007f160d190070 is pointing into the stack for thread: 0x00007f15ec289000
stack at sp + 4 slots: 0x00007f160d190050 is pointing into the stack for thread: 0x00007f15ec289000
stack at sp + 5 slots: 0x00007f166b65ab1a: <offset 0x0000000000003b1a> in /usr/lib/jvm/java-11-openjdk-amd64/lib/libjimage.so at 0x00007f166b657000
stack at sp + 6 slots: 0x0 is NULL
stack at sp + 7 slots: 0x0 is NULL


---------------  P R O C E S S  ---------------

Threads class SMR info:
_java_thread_list=0x00007f15ec0418b0, length=17, elements={
0x00007f16640bb800, 0x00007f16640bd800, 0x00007f16640c3000, 0x00007f16640c5000,
0x00007f16640c7000, 0x00007f16640c9000, 0x00007f1664100000, 0x00007f1664105000,
0x00007f1664215000, 0x00007f16642a0800, 0x00007f16643f9000, 0x00007f16643fa800,
0x00007f1664014000, 0x00007f15e409e000, 0x00007f1620001000, 0x00007f1620002800,
0x00007f15ec289000
}

Java Threads: ( => current thread )
  0x00007f16640bb800 JavaThread "Reference Handler" daemon [_thread_blocked, id=2178, stack(0x00007f166806d000,0x00007f166816e000)]
  0x00007f16640bd800 JavaThread "Finalizer" daemon [_thread_blocked, id=2179, stack(0x00007f164c00f000,0x00007f164c110000)]
  0x00007f16640c3000 JavaThread "Signal Dispatcher" daemon [_thread_blocked, id=2182, stack(0x00007f163dc1a000,0x00007f163dd1b000)]
  0x00007f16640c5000 JavaThread "C2 CompilerThread0" daemon [_thread_blocked, id=2183, stack(0x00007f163db19000,0x00007f163dc1a000)]
  0x00007f16640c7000 JavaThread "C1 CompilerThread0" daemon [_thread_blocked, id=2184, stack(0x00007f163da18000,0x00007f163db19000)]
  0x00007f16640c9000 JavaThread "Sweeper thread" daemon [_thread_blocked, id=2185, stack(0x00007f163d917000,0x00007f163da18000)]
  0x00007f1664100000 JavaThread "Service Thread" daemon [_thread_blocked, id=2188, stack(0x00007f163d816000,0x00007f163d917000)]
  0x00007f1664105000 JavaThread "Common-Cleaner" daemon [_thread_blocked, id=2190, stack(0x00007f163d613000,0x00007f163d714000)]
  0x00007f1664215000 JavaThread "Java2D Disposer" daemon [_thread_blocked, id=2194, stack(0x00007f160e2cc000,0x00007f160e3cd000)]
  0x00007f16642a0800 JavaThread "AWT-XAWT" daemon [_thread_in_native, id=2195, stack(0x00007f160df9e000,0x00007f160e09f000)]
  0x00007f16643f9000 JavaThread "AWT-Shutdown" [_thread_blocked, id=2197, stack(0x00007f160dd9c000,0x00007f160de9d000)]
  0x00007f16643fa800 JavaThread "AWT-EventQueue-0" [_thread_blocked, id=2198, stack(0x00007f160dc9b000,0x00007f160dd9c000)]
  0x00007f1664014000 JavaThread "DestroyJavaVM" [_thread_blocked, id=2170, stack(0x00007f166b6c5000,0x00007f166b7c6000)]
  0x00007f15e409e000 JavaThread "TimerQueue" daemon [_thread_blocked, id=2204, stack(0x00007f160d699000,0x00007f160d79a000)]
  0x00007f1620001000 JavaThread "SIGTERM handler" daemon [_thread_blocked, id=9656, stack(0x00007f160de9d000,0x00007f160df9e000)]
  0x00007f1620002800 JavaThread "SIGHUP handler" daemon [_thread_blocked, id=9665, stack(0x00007f160d79a000,0x00007f160d89b000)]
=>0x00007f15ec289000 JavaThread "XToolkt-Shutdown-Thread" [_thread_in_vm, id=9671, stack(0x00007f160d092000,0x00007f160d193000)]

Other Threads:
  0x00007f16640b8800 VMThread "VM Thread" [stack: 0x00007f1668170000,0x00007f1668270000] [id=2177]
  0x00007f1664102800 WatcherThread [stack: 0x00007f163d716000,0x00007f163d816000] [id=2189]
  0x00007f166402c800 GCTaskThread "GC Thread#0" [stack: 0x00007f166b375000,0x00007f166b475000] [id=2172]
  0x00007f1634001000 GCTaskThread "GC Thread#1" [stack: 0x00007f160d599000,0x00007f160d699000] [id=2205]
  0x00007f1634002000 GCTaskThread "GC Thread#2" [stack: 0x00007f160d497000,0x00007f160d597000] [id=2206]
  0x00007f1634003800 GCTaskThread "GC Thread#3" [stack: 0x00007f160d395000,0x00007f160d495000] [id=2207]
  0x00007f1664047000 ConcurrentGCThread "G1 Main Marker" [stack: 0x00007f1668ac2000,0x00007f1668bc2000] [id=2173]
  0x00007f1664048800 ConcurrentGCThread "G1 Conc#0" [stack: 0x00007f16689c0000,0x00007f1668ac0000] [id=2174]
  0x00007f166408a800 ConcurrentGCThread "G1 Refine#0" [stack: 0x00007f16684ba000,0x00007f16685ba000] [id=2175]
  0x00007f166408c000 ConcurrentGCThread "G1 Young RemSet Sampling" [stack: 0x00007f16683b8000,0x00007f16684b8000] [id=2176]

Threads with active compile tasks:

VM state:not at safepoint (normal execution)

VM Mutex/Monitor currently owned by a thread: None

Heap address: 0x00000000c4200000, size: 958 MB, Compressed Oops mode: 32-bit
Narrow klass base: 0x0000000800000000, Narrow klass shift: 3
Compressed class space size: 1073741824 Address: 0x0000000840000000

Heap:
 garbage-first heap   total 63488K, used 8441K [0x00000000c4200000, 0x0000000100000000)
  region size 1024K, 8 young (8192K), 2 survivors (2048K)
 Metaspace       used 14132K, capacity 14719K, committed 15104K, reserved 1062912K
  class space    used 1711K, capacity 1959K, committed 2048K, reserved 1048576K
Heap Regions: E=young(eden), S=young(survivor), O=old, HS=humongous(starts), HC=humongous(continues), CS=collection set, F=free, A=archive, TAMS=top-at-mark-start (previous, next)
|   0|0x00000000c4200000, 0x00000000c428d400, 0x00000000c4300000| 55%| O|  |TAMS 0x00000000c4200000, 0x00000000c4200000| Untracked 
|   1|0x00000000c4300000, 0x00000000c4300000, 0x00000000c4400000|  0%| F|  |TAMS 0x00000000c4300000, 0x00000000c4300000| Untracked 
|   2|0x00000000c4400000, 0x00000000c4400000, 0x00000000c4500000|  0%| F|  |TAMS 0x00000000c4400000, 0x00000000c4400000| Untracked 
|   3|0x00000000c4500000, 0x00000000c4500000, 0x00000000c4600000|  0%| F|  |TAMS 0x00000000c4500000, 0x00000000c4500000| Untracked 
|   4|0x00000000c4600000, 0x00000000c4600000, 0x00000000c4700000|  0%| F|  |TAMS 0x00000000c4600000, 0x00000000c4600000| Untracked 
|   5|0x00000000c4700000, 0x00000000c4700000, 0x00000000c4800000|  0%| F|  |TAMS 0x00000000c4700000, 0x00000000c4700000| Untracked 
|   6|0x00000000c4800000, 0x00000000c4800000, 0x00000000c4900000|  0%| F|  |TAMS 0x00000000c4800000, 0x00000000c4800000| Untracked 
|   7|0x00000000c4900000, 0x00000000c4900000, 0x00000000c4a00000|  0%| F|  |TAMS 0x00000000c4900000, 0x00000000c4900000| Untracked 
|   8|0x00000000c4a00000, 0x00000000c4a00000, 0x00000000c4b00000|  0%| F|  |TAMS 0x00000000c4a00000, 0x00000000c4a00000| Untracked 
|   9|0x00000000c4b00000, 0x00000000c4b00000, 0x00000000c4c00000|  0%| F|  |TAMS 0x00000000c4b00000, 0x00000000c4b00000| Untracked 
|  10|0x00000000c4c00000, 0x00000000c4c00000, 0x00000000c4d00000|  0%| F|  |TAMS 0x00000000c4c00000, 0x00000000c4c00000| Untracked 
|  11|0x00000000c4d00000, 0x00000000c4d00000, 0x00000000c4e00000|  0%| F|  |TAMS 0x00000000c4d00000, 0x00000000c4d00000| Untracked 
|  12|0x00000000c4e00000, 0x00000000c4e00000, 0x00000000c4f00000|  0%| F|  |TAMS 0x00000000c4e00000, 0x00000000c4e00000| Untracked 
|  13|0x00000000c4f00000, 0x00000000c4f00000, 0x00000000c5000000|  0%| F|  |TAMS 0x00000000c4f00000, 0x00000000c4f00000| Untracked 
|  14|0x00000000c5000000, 0x00000000c5000000, 0x00000000c5100000|  0%| F|  |TAMS 0x00000000c5000000, 0x00000000c5000000| Untracked 
|  15|0x00000000c5100000, 0x00000000c5100000, 0x00000000c5200000|  0%| F|  |TAMS 0x00000000c5100000, 0x00000000c5100000| Untracked 
|  16|0x00000000c5200000, 0x00000000c5200000, 0x00000000c5300000|  0%| F|  |TAMS 0x00000000c5200000, 0x00000000c5200000| Untracked 
|  17|0x00000000c5300000, 0x00000000c5300000, 0x00000000c5400000|  0%| F|  |TAMS 0x00000000c5300000, 0x00000000c5300000| Untracked 
|  18|0x00000000c5400000, 0x00000000c5400000, 0x00000000c5500000|  0%| F|  |TAMS 0x00000000c5400000, 0x00000000c5400000| Untracked 
|  19|0x00000000c5500000, 0x00000000c5500000, 0x00000000c5600000|  0%| F|  |TAMS 0x00000000c5500000, 0x00000000c5500000| Untracked 
|  20|0x00000000c5600000, 0x00000000c5600000, 0x00000000c5700000|  0%| F|  |TAMS 0x00000000c5600000, 0x00000000c5600000| Untracked 
|  21|0x00000000c5700000, 0x00000000c5700000, 0x00000000c5800000|  0%| F|  |TAMS 0x00000000c5700000, 0x00000000c5700000| Untracked 
|  22|0x00000000c5800000, 0x00000000c5800000, 0x00000000c5900000|  0%| F|  |TAMS 0x00000000c5800000, 0x00000000c5800000| Untracked 
|  23|0x00000000c5900000, 0x00000000c5900000, 0x00000000c5a00000|  0%| F|  |TAMS 0x00000000c5900000, 0x00000000c5900000| Untracked 
|  24|0x00000000c5a00000, 0x00000000c5a00000, 0x00000000c5b00000|  0%| F|  |TAMS 0x00000000c5a00000, 0x00000000c5a00000| Untracked 
|  25|0x00000000c5b00000, 0x00000000c5b00000, 0x00000000c5c00000|  0%| F|  |TAMS 0x00000000c5b00000, 0x00000000c5b00000| Untracked 
|  26|0x00000000c5c00000, 0x00000000c5c00000, 0x00000000c5d00000|  0%| F|  |TAMS 0x00000000c5c00000, 0x00000000c5c00000| Untracked 
|  27|0x00000000c5d00000, 0x00000000c5d00000, 0x00000000c5e00000|  0%| F|  |TAMS 0x00000000c5d00000, 0x00000000c5d00000| Untracked 
|  28|0x00000000c5e00000, 0x00000000c5e00000, 0x00000000c5f00000|  0%| F|  |TAMS 0x00000000c5e00000, 0x00000000c5e00000| Untracked 
|  29|0x00000000c5f00000, 0x00000000c5f00000, 0x00000000c6000000|  0%| F|  |TAMS 0x00000000c5f00000, 0x00000000c5f00000| Untracked 
|  30|0x00000000c6000000, 0x00000000c6000000, 0x00000000c6100000|  0%| F|  |TAMS 0x00000000c6000000, 0x00000000c6000000| Untracked 
|  31|0x00000000c6100000, 0x00000000c6100000, 0x00000000c6200000|  0%| F|  |TAMS 0x00000000c6100000, 0x00000000c6100000| Untracked 
|  32|0x00000000c6200000, 0x00000000c6200000, 0x00000000c6300000|  0%| F|  |TAMS 0x00000000c6200000, 0x00000000c6200000| Untracked 
|  33|0x00000000c6300000, 0x00000000c6300000, 0x00000000c6400000|  0%| F|  |TAMS 0x00000000c6300000, 0x00000000c6300000| Untracked 
|  34|0x00000000c6400000, 0x00000000c6400000, 0x00000000c6500000|  0%| F|  |TAMS 0x00000000c6400000, 0x00000000c6400000| Untracked 
|  35|0x00000000c6500000, 0x00000000c6500000, 0x00000000c6600000|  0%| F|  |TAMS 0x00000000c6500000, 0x00000000c6500000| Untracked 
|  36|0x00000000c6600000, 0x00000000c6600000, 0x00000000c6700000|  0%| F|  |TAMS 0x00000000c6600000, 0x00000000c6600000| Untracked 
|  37|0x00000000c6700000, 0x00000000c6700000, 0x00000000c6800000|  0%| F|  |TAMS 0x00000000c6700000, 0x00000000c6700000| Untracked 
|  38|0x00000000c6800000, 0x00000000c6800000, 0x00000000c6900000|  0%| F|  |TAMS 0x00000000c6800000, 0x00000000c6800000| Untracked 
|  39|0x00000000c6900000, 0x00000000c6900000, 0x00000000c6a00000|  0%| F|  |TAMS 0x00000000c6900000, 0x00000000c6900000| Untracked 
|  40|0x00000000c6a00000, 0x00000000c6a00000, 0x00000000c6b00000|  0%| F|  |TAMS 0x00000000c6a00000, 0x00000000c6a00000| Untracked 
|  41|0x00000000c6b00000, 0x00000000c6b00000, 0x00000000c6c00000|  0%| F|  |TAMS 0x00000000c6b00000, 0x00000000c6b00000| Untracked 
|  42|0x00000000c6c00000, 0x00000000c6c00000, 0x00000000c6d00000|  0%| F|  |TAMS 0x00000000c6c00000, 0x00000000c6c00000| Untracked 
|  43|0x00000000c6d00000, 0x00000000c6d00000, 0x00000000c6e00000|  0%| F|  |TAMS 0x00000000c6d00000, 0x00000000c6d00000| Untracked 
|  44|0x00000000c6e00000, 0x00000000c6f00000, 0x00000000c6f00000|100%| S|CS|TAMS 0x00000000c6e00000, 0x00000000c6e00000| Complete 
|  45|0x00000000c6f00000, 0x00000000c7000000, 0x00000000c7000000|100%| S|CS|TAMS 0x00000000c6f00000, 0x00000000c6f00000| Complete 
|  46|0x00000000c7000000, 0x00000000c7000000, 0x00000000c7100000|  0%| F|  |TAMS 0x00000000c7000000, 0x00000000c7000000| Untracked 
|  47|0x00000000c7100000, 0x00000000c7100000, 0x00000000c7200000|  0%| F|  |TAMS 0x00000000c7100000, 0x00000000c7100000| Untracked 
|  48|0x00000000c7200000, 0x00000000c7200000, 0x00000000c7300000|  0%| F|  |TAMS 0x00000000c7200000, 0x00000000c7200000| Untracked 
|  49|0x00000000c7300000, 0x00000000c7300000, 0x00000000c7400000|  0%| F|  |TAMS 0x00000000c7300000, 0x00000000c7300000| Untracked 
|  50|0x00000000c7400000, 0x00000000c7400000, 0x00000000c7500000|  0%| F|  |TAMS 0x00000000c7400000, 0x00000000c7400000| Untracked 
|  51|0x00000000c7500000, 0x00000000c7500000, 0x00000000c7600000|  0%| F|  |TAMS 0x00000000c7500000, 0x00000000c7500000| Untracked 
|  52|0x00000000c7600000, 0x00000000c7600000, 0x00000000c7700000|  0%| F|  |TAMS 0x00000000c7600000, 0x00000000c7600000| Untracked 
|  53|0x00000000c7700000, 0x00000000c7700000, 0x00000000c7800000|  0%| F|  |TAMS 0x00000000c7700000, 0x00000000c7700000| Untracked 
|  54|0x00000000c7800000, 0x00000000c788d4d8, 0x00000000c7900000| 55%| E|  |TAMS 0x00000000c7800000, 0x00000000c7800000| Complete 
|  55|0x00000000c7900000, 0x00000000c7a00000, 0x00000000c7a00000|100%| E|CS|TAMS 0x00000000c7900000, 0x00000000c7900000| Complete 
|  56|0x00000000c7a00000, 0x00000000c7b00000, 0x00000000c7b00000|100%| E|CS|TAMS 0x00000000c7a00000, 0x00000000c7a00000| Complete 
|  57|0x00000000c7b00000, 0x00000000c7c00000, 0x00000000c7c00000|100%| E|CS|TAMS 0x00000000c7b00000, 0x00000000c7b00000| Complete 
|  58|0x00000000c7c00000, 0x00000000c7d00000, 0x00000000c7d00000|100%| E|CS|TAMS 0x00000000c7c00000, 0x00000000c7c00000| Complete 
|  59|0x00000000c7d00000, 0x00000000c7e00000, 0x00000000c7e00000|100%| E|CS|TAMS 0x00000000c7d00000, 0x00000000c7d00000| Complete 
| 956|0x00000000ffe00000, 0x00000000ffe47000, 0x00000000fff00000| 27%|OA|  |TAMS 0x00000000ffe00000, 0x00000000ffe00000| Untracked 
| 957|0x00000000fff00000, 0x00000000fff6a000, 0x0000000100000000| 41%|CA|  |TAMS 0x00000000fff00000, 0x00000000fff00000| Untracked 

Card table byte_map: [0x00007f166abb1000,0x00007f166ad90000] _byte_map_base: 0x00007f166a590000

Marking Bits (Prev, Next): (CMBitMap*) 0x00007f1664042348, (CMBitMap*) 0x00007f1664042380
 Prev Bits: [0x00007f1669ada000, 0x00007f166a9d2000)
 Next Bits: [0x00007f1668be2000, 0x00007f1669ada000)

Polling page: 0x00007f166d027000

Metaspace:

Usage:
  Non-class:     12,46 MB capacity,    12,13 MB ( 97%) used,   280,28 KB (  2%) free+waste,    59,31 KB ( <1%) overhead. 
      Class:      1,91 MB capacity,     1,67 MB ( 87%) used,   214,91 KB ( 11%) free+waste,    32,31 KB (  2%) overhead. 
       Both:     14,37 MB capacity,    13,80 MB ( 96%) used,   495,20 KB (  3%) free+waste,    91,62 KB ( <1%) overhead. 

Virtual space:
  Non-class space:       14,00 MB reserved,      12,75 MB ( 91%) committed 
      Class space:        1,00 GB reserved,       2,00 MB ( <1%) committed 
             Both:        1,01 GB reserved,      14,75 MB (  1%) committed 

Chunk freelists:
   Non-Class:  156,00 KB
       Class:  25,00 KB
        Both:  181,00 KB

MaxMetaspaceSize: unlimited
CompressedClassSpaceSize: 1,00 GB

CodeHeap 'non-profiled nmethods': size=120032Kb used=711Kb max_used=711Kb free=119320Kb
 bounds [0x00007f16543d8000, 0x00007f1654648000, 0x00007f165b910000]
CodeHeap 'profiled nmethods': size=120032Kb used=4400Kb max_used=4400Kb free=115631Kb
 bounds [0x00007f164cea0000, 0x00007f164d2f0000, 0x00007f16543d8000]
CodeHeap 'non-nmethods': size=5696Kb used=1292Kb max_used=1332Kb free=4403Kb
 bounds [0x00007f164c910000, 0x00007f164cb80000, 0x00007f164cea0000]
 total_blobs=3073 nmethods=1998 adapters=611
 compilation: enabled
              stopped_count=0, restarted_count=0
 full_count=0

Compilation events (20 events):
Event: 7621,059 Thread 0x00007f16640c7000 1988       3       java.util.Vector::<init> (53 bytes)
Event: 7621,059 Thread 0x00007f16640c7000 nmethod 1988 0x00007f164d2d7890 code [0x00007f164d2d7a80, 0x00007f164d2d7f78]
Event: 8514,402 Thread 0x00007f16640c5000 1989       4       java.util.TreeMap::getEntry (84 bytes)
Event: 8514,407 Thread 0x00007f16640c5000 nmethod 1989 0x00007f1654479d10 code [0x00007f1654479ec0, 0x00007f165447a038]
Event: 9598,659 Thread 0x00007f16640c5000 1990   !   4       sun.awt.X11.XToolkit::windowToXWindow (27 bytes)
Event: 9598,670 Thread 0x00007f16640c5000 nmethod 1990 0x00007f165447a190 code [0x00007f165447a360, 0x00007f165447a8d8]
Event: 9807,343 Thread 0x00007f16640c5000 1991       4       sun.awt.X11.XEvent::get_xany (22 bytes)
Event: 9807,349 Thread 0x00007f16640c5000 nmethod 1991 0x00007f165447ab90 code [0x00007f165447ad80, 0x00007f165447b0b8]
Event: 27683,961 Thread 0x00007f16640c7000 1993 % !   3       sun.awt.X11.XToolkit::run @ 59 (384 bytes)
Event: 27683,971 Thread 0x00007f16640c7000 nmethod 1993% 0x00007f164d2d8110 code [0x00007f164d2d8b20, 0x00007f164d2dfba8]
Event: 28195,879 Thread 0x00007f16640c7000 1994   !   3       sun.awt.X11.XToolkit::run (384 bytes)
Event: 28195,893 Thread 0x00007f16640c7000 nmethod 1994 0x00007f164d2e2d90 code [0x00007f164d2e3780, 0x00007f164d2e9428]
Event: 43612,388 Thread 0x00007f16640c5000 1995       4       java.util.concurrent.locks.AbstractQueuedSynchronizer::acquire (27 bytes)
Event: 43612,392 Thread 0x00007f16640c5000 nmethod 1995 0x00007f165447b910 code [0x00007f165447bae0, 0x00007f165447be58]
Event: 44230,133 Thread 0x00007f16640c5000 1996       4       java.util.Vector$Itr::hasNext (20 bytes)
Event: 44230,150 Thread 0x00007f16640c5000 nmethod 1996 0x00007f165447bf90 code [0x00007f165447c120, 0x00007f165447c1b8]
Event: 46744,947 Thread 0x00007f16640c5000 1997       4       java.lang.Long::hashCode (8 bytes)
Event: 46744,955 Thread 0x00007f16640c5000 nmethod 1997 0x00007f165447c290 code [0x00007f165447c420, 0x00007f165447c498]
Event: 46945,682 Thread 0x00007f16640c5000 1998 % !   4       sun.awt.X11.XToolkit::run @ 59 (384 bytes)
Event: 46946,181 Thread 0x00007f16640c5000 nmethod 1998% 0x00007f165447c510 code [0x00007f165447d160, 0x00007f1654483ed8]

GC Heap History (2 events):
Event: 4,193 GC heap before
{Heap before GC invocations=0 (full 0):
 garbage-first heap   total 63488K, used 15044K [0x00000000c4200000, 0x0000000100000000)
  region size 1024K, 14 young (14336K), 0 survivors (0K)
 Metaspace       used 12991K, capacity 13494K, committed 13696K, reserved 1060864K
  class space    used 1645K, capacity 1893K, committed 1920K, reserved 1048576K
}
Event: 4,208 GC heap after
{Heap after GC invocations=1 (full 0):
 garbage-first heap   total 63488K, used 3321K [0x00000000c4200000, 0x0000000100000000)
  region size 1024K, 2 young (2048K), 2 survivors (2048K)
 Metaspace       used 12991K, capacity 13494K, committed 13696K, reserved 1060864K
  class space    used 1645K, capacity 1893K, committed 1920K, reserved 1048576K
}

Deoptimization events (20 events):
Event: 2,223 Thread 0x00007f16643fa800 Uncommon trap: trap_request=0xffffffde fr.pc=0x00007f16543f6bd4 relative=0x00000000000001b4
Event: 2,223 Thread 0x00007f16643fa800 Uncommon trap: reason=class_check action=maybe_recompile pc=0x00007f16543f6bd4 method=java.lang.String.equals(Ljava/lang/Object;)Z @ 8 c2
Event: 2,223 Thread 0x00007f16643fa800 DEOPT PACKING pc=0x00007f16543f6bd4 sp=0x00007f160dd95910
Event: 2,223 Thread 0x00007f16643fa800 DEOPT UNPACKING pc=0x00007f164c9389a5 sp=0x00007f160dd958c8 mode 2
Event: 7,002 Thread 0x00007f16643fa800 Uncommon trap: trap_request=0xffffff4d fr.pc=0x00007f16544181c4 relative=0x0000000000000e84
Event: 7,002 Thread 0x00007f16643fa800 Uncommon trap: reason=unstable_if action=reinterpret pc=0x00007f16544181c4 method=java.lang.ref.ReferenceQueue.poll()Ljava/lang/ref/Reference; @ 4 c2
Event: 7,002 Thread 0x00007f16643fa800 DEOPT PACKING pc=0x00007f16544181c4 sp=0x00007f160dd93040
Event: 7,002 Thread 0x00007f16643fa800 DEOPT UNPACKING pc=0x00007f164c9389a5 sp=0x00007f160dd92ef0 mode 2
Event: 11,879 Thread 0x00007f16643fa800 Uncommon trap: trap_request=0xffffffcc fr.pc=0x00007f1654460314 relative=0x0000000000000354
Event: 11,879 Thread 0x00007f16643fa800 Uncommon trap: reason=intrinsic_or_type_checked_inlining action=make_not_entrant pc=0x00007f1654460314 method=java.util.Arrays.copyOf([Ljava/lang/Object;ILjava/lang/Class;)[Ljava/lang/Object; @ 35 c2
Event: 11,879 Thread 0x00007f16643fa800 DEOPT PACKING pc=0x00007f1654460314 sp=0x00007f160dd91d00
Event: 11,879 Thread 0x00007f16643fa800 DEOPT UNPACKING pc=0x00007f164c9389a5 sp=0x00007f160dd91ca8 mode 2
Event: 12,746 Thread 0x00007f16643fa800 Uncommon trap: trap_request=0xffffff4d fr.pc=0x00007f165446d518 relative=0x0000000000000078
Event: 12,746 Thread 0x00007f16643fa800 Uncommon trap: reason=unstable_if action=reinterpret pc=0x00007f165446d518 method=java.awt.Component.getInputContext()Ljava/awt/im/InputContext; @ 6 c2
Event: 12,746 Thread 0x00007f16643fa800 DEOPT PACKING pc=0x00007f165446d518 sp=0x00007f160dd984e0
Event: 12,746 Thread 0x00007f16643fa800 DEOPT UNPACKING pc=0x00007f164c9389a5 sp=0x00007f160dd98490 mode 2
Event: 13,311 Thread 0x00007f16643fa800 Uncommon trap: trap_request=0xffffff4d fr.pc=0x00007f1654468d20 relative=0x0000000000000c80
Event: 13,311 Thread 0x00007f16643fa800 Uncommon trap: reason=unstable_if action=reinterpret pc=0x00007f1654468d20 method=java.awt.Container.findComponentAtImpl(IIZ)Ljava/awt/Component; @ 24 c2
Event: 13,311 Thread 0x00007f16643fa800 DEOPT PACKING pc=0x00007f1654468d20 sp=0x00007f160dd972b0
Event: 13,311 Thread 0x00007f16643fa800 DEOPT UNPACKING pc=0x00007f164c9389a5 sp=0x00007f160dd97160 mode 2

Classes redefined (0 events):
No events

Internal exceptions (20 events):
Event: 0,413 Thread 0x00007f1664014000 Exception <a 'java/lang/NoSuchMethodError'{0x00000000c7973d68}: 'java.lang.Object java.lang.invoke.DirectMethodHandle$Holder.invokeStatic(java.lang.Object, int, java.lang.Object, java.lang.Object, java.lang.Object)'> (0x00000000c7973d68) thrown at [/build
Event: 0,414 Thread 0x00007f1664014000 Exception <a 'java/lang/NoSuchMethodError'{0x00000000c79778b0}: 'java.lang.Object java.lang.invoke.DirectMethodHandle$Holder.invokeSpecial(java.lang.Object, java.lang.Object, int, java.lang.Object, java.lang.Object, java.lang.Object)'> (0x00000000c79778b0
Event: 0,420 Thread 0x00007f1664014000 Exception <a 'java/lang/NoSuchMethodError'{0x00000000c798f160}: 'java.lang.Object java.lang.invoke.DirectMethodHandle$Holder.invokeStatic(java.lang.Object, int, java.lang.Object)'> (0x00000000c798f160) thrown at [/build/openjdk-11-11.0.6+10/src/hotspot/sh
Event: 0,461 Thread 0x00007f1664014000 Exception <a 'java/lang/NoSuchMethodError'{0x00000000c7881068}: 'java.lang.Object java.lang.invoke.Invokers$Holder.linkToTargetMethod(java.lang.Object, int, java.lang.Object)'> (0x00000000c7881068) thrown at [/build/openjdk-11-11.0.6+10/src/hotspot/share/
Event: 0,465 Thread 0x00007f1664014000 Exception <a 'java/lang/ClassNotFoundException'{0x00000000c7889578}: com/sun/swing/internal/plaf/metal/resources/spi/metalProvider> (0x00000000c7889578) thrown at [/build/openjdk-11-11.0.6+10/src/hotspot/share/classfile/systemDictionary.cpp, line 231]
Event: 0,467 Thread 0x00007f1664014000 Exception <a 'java/lang/ClassNotFoundException'{0x00000000c788e3e0}: com/sun/swing/internal/plaf/basic/resources/spi/basicProvider> (0x00000000c788e3e0) thrown at [/build/openjdk-11-11.0.6+10/src/hotspot/share/classfile/systemDictionary.cpp, line 231]
Event: 0,550 Thread 0x00007f1664014000 Exception <a 'java/lang/NoSuchMethodError'{0x00000000c7752b88}: 'void java.lang.invoke.DirectMethodHandle$Holder.invokeStaticInit(java.lang.Object)'> (0x00000000c7752b88) thrown at [/build/openjdk-11-11.0.6+10/src/hotspot/share/interpreter/linkResolver.cp
Event: 0,562 Thread 0x00007f1664014000 Exception <a 'java/lang/NoSuchMethodError'{0x00000000c778f1b8}: 'java.lang.Object java.lang.invoke.DirectMethodHandle$Holder.invokeStatic(java.lang.Object, java.lang.Object, java.lang.Object, java.lang.Object, java.lang.Object, java.lang.Object, java.lang
Event: 0,564 Thread 0x00007f1664014000 Exception <a 'java/lang/NoSuchMethodError'{0x00000000c77e3958}: 'java.lang.Object java.lang.invoke.DirectMethodHandle$Holder.invokeStatic(java.lang.Object, java.lang.Object, java.lang.Object, java.lang.Object, java.lang.Object, java.lang.Object, java.lang
Event: 0,626 Thread 0x00007f1664014000 Exception <a 'java/lang/NoSuchMethodError'{0x00000000c76e4918}: 'java.lang.Object java.lang.invoke.DirectMethodHandle$Holder.invokeSpecial(java.lang.Object, java.lang.Object, int, int, java.lang.Object, java.lang.Object, java.lang.Object, java.lang.Object
Event: 0,626 Thread 0x00007f1664014000 Exception <a 'java/lang/NoSuchMethodError'{0x00000000c76e85a8}: 'java.lang.Object java.lang.invoke.DelegatingMethodHandle$Holder.reinvoke_L(java.lang.Object, int, int, java.lang.Object, java.lang.Object, java.lang.Object, java.lang.Object, java.lang.Objec
Event: 0,643 Thread 0x00007f1664014000 Exception <a 'java/lang/NoSuchMethodError'{0x00000000c758b3c0}: 'java.lang.Object java.lang.invoke.Invokers$Holder.linkToTargetMethod(java.lang.Object, java.lang.Object, java.lang.Object, java.lang.Object, java.lang.Object, java.lang.Object)'> (0x00000000
Event: 0,652 Thread 0x00007f1664014000 Exception <a 'java/lang/NoSuchMethodError'{0x00000000c75f80e0}: 'java.lang.Object java.lang.invoke.DirectMethodHandle$Holder.invokeSpecial(java.lang.Object, java.lang.Object, int, int, java.lang.Object, java.lang.Object, java.lang.Object, java.lang.Object
Event: 0,652 Thread 0x00007f1664014000 Exception <a 'java/lang/NoSuchMethodError'{0x00000000c75fbac0}: 'java.lang.Object java.lang.invoke.DelegatingMethodHandle$Holder.reinvoke_L(java.lang.Object, int, int, java.lang.Object, java.lang.Object, java.lang.Object, java.lang.Object)'> (0x00000000c7
Event: 0,718 Thread 0x00007f1664014000 Exception <a 'java/lang/NoSuchMethodError'{0x00000000c73df548}: 'java.lang.Object java.lang.invoke.DirectMethodHandle$Holder.invokeStatic(java.lang.Object, java.lang.Object, java.lang.Object, java.lang.Object, java.lang.Object, java.lang.Object, java.lang
Event: 0,720 Thread 0x00007f1664014000 Exception <a 'java/lang/NoSuchMethodError'{0x00000000c73fd4d0}: 'java.lang.Object java.lang.invoke.DirectMethodHandle$Holder.invokeStatic(java.lang.Object, java.lang.Object, java.lang.Object, java.lang.Object, java.lang.Object, java.lang.Object, java.lang
Event: 0,722 Thread 0x00007f1664014000 Exception <a 'java/lang/NoSuchMethodError'{0x00000000c721c488}: 'java.lang.Object java.lang.invoke.DirectMethodHandle$Holder.invokeStatic(java.lang.Object, java.lang.Object, java.lang.Object, java.lang.Object, java.lang.Object, java.lang.Object, java.lang
Event: 0,725 Thread 0x00007f1664014000 Exception <a 'java/lang/NoSuchMethodError'{0x00000000c723c578}: 'java.lang.Object java.lang.invoke.DirectMethodHandle$Holder.invokeStatic(java.lang.Object, java.lang.Object, java.lang.Object, java.lang.Object, java.lang.Object, java.lang.Object, java.lang
Event: 18,199 Thread 0x00007f16643fa800 Exception <a 'java/lang/Error'{0x00000000c7a4e750}> (0x00000000c7a4e750) thrown at [/build/openjdk-11-11.0.6+10/src/hotspot/share/prims/jvm.cpp, line 1301]
Event: 18,199 Thread 0x00007f16643fa800 Exception <a 'java/lang/Error'{0x00000000c7a4e750}> (0x00000000c7a4e750) thrown at [/build/openjdk-11-11.0.6+10/src/hotspot/share/prims/jvm.cpp, line 1301]

Events (20 events):
Event: 18,199 loading class javax/swing/table/DefaultTableCellRenderer$UIResource done
Event: 18,199 loading class java/lang/InterruptedException
Event: 18,199 loading class java/lang/InterruptedException done
Event: 18,199 loading class java/lang/Throwable$WrappedPrintStream
Event: 18,200 loading class java/lang/Throwable$PrintStreamOrWriter
Event: 18,200 loading class java/lang/Throwable$PrintStreamOrWriter done
Event: 18,200 loading class java/lang/Throwable$WrappedPrintStream done
Event: 19,649 Executing VM operation: RevokeBias
Event: 19,649 Executing VM operation: RevokeBias done
Event: 47080,984 loading class jdk/internal/misc/Signal$1
Event: 47081,032 loading class jdk/internal/misc/Signal$1 done
Event: 47081,151 Thread 0x00007f1620001000 Thread added: 0x00007f1620001000
Event: 47081,151 Protecting memory [0x00007f160de9d000,0x00007f160dea1000] with protection modes 0
Event: 47081,155 Executing VM operation: RevokeBias
Event: 47081,155 Thread 0x00007f1620002800 Thread added: 0x00007f1620002800
Event: 47081,157 Protecting memory [0x00007f160d79a000,0x00007f160d79e000] with protection modes 0
Event: 47081,159 Executing VM operation: RevokeBias done
Event: 47081,179 Thread 0x00007f15ec289000 Thread added: 0x00007f15ec289000
Event: 47081,179 Protecting memory [0x00007f160d092000,0x00007f160d096000] with protection modes 0
Event: 47081,185 loading class sun/awt/X11/XSystemTrayPeer


Dynamic libraries:
c4200000-c7e00000 rw-p 00000000 00:00 0 
c7e00000-ffe00000 ---p 00000000 00:00 0 
ffe00000-ffe47000 rw-p 01105000 08:02 1578952                            /usr/lib/jvm/java-11-openjdk-amd64/lib/server/classes.jsa
ffe47000-fff00000 rw-p 00000000 00:00 0 
fff00000-fff6a000 rw-p 0109b000 08:02 1578952                            /usr/lib/jvm/java-11-openjdk-amd64/lib/server/classes.jsa
fff6a000-100000000 rw-p 00000000 00:00 0 
800000000-800002000 rwxp 00001000 08:02 1578952                          /usr/lib/jvm/java-11-openjdk-amd64/lib/server/classes.jsa
800002000-8003b8000 rw-p 00003000 08:02 1578952                          /usr/lib/jvm/java-11-openjdk-amd64/lib/server/classes.jsa
8003b8000-800a8d000 r--p 003b9000 08:02 1578952                          /usr/lib/jvm/java-11-openjdk-amd64/lib/server/classes.jsa
800a8d000-800a8e000 rw-p 00a8e000 08:02 1578952                          /usr/lib/jvm/java-11-openjdk-amd64/lib/server/classes.jsa
800a8e000-80109a000 r--p 00a8f000 08:02 1578952                          /usr/lib/jvm/java-11-openjdk-amd64/lib/server/classes.jsa
840000000-840200000 rw-p 00000000 00:00 0 
840200000-880000000 ---p 00000000 00:00 0 
55b05f9b5000-55b05f9b6000 r--p 00000000 08:02 921319                     /usr/lib/jvm/java-11-openjdk-amd64/bin/java
55b05f9b6000-55b05f9b7000 r-xp 00001000 08:02 921319                     /usr/lib/jvm/java-11-openjdk-amd64/bin/java
55b05f9b7000-55b05f9b8000 r--p 00002000 08:02 921319                     /usr/lib/jvm/java-11-openjdk-amd64/bin/java
55b05f9b8000-55b05f9b9000 r--p 00002000 08:02 921319                     /usr/lib/jvm/java-11-openjdk-amd64/bin/java
55b05f9b9000-55b05f9ba000 rw-p 00003000 08:02 921319                     /usr/lib/jvm/java-11-openjdk-amd64/bin/java
55b05fc18000-55b05fc39000 rw-p 00000000 00:00 0                          [heap]
7f15cc000000-7f15cc021000 rw-p 00000000 00:00 0 
7f15cc021000-7f15d0000000 ---p 00000000 00:00 0 
7f15d4000000-7f15d4021000 rw-p 00000000 00:00 0 
7f15d4021000-7f15d8000000 ---p 00000000 00:00 0 
7f15d8000000-7f15d8021000 rw-p 00000000 00:00 0 
7f15d8021000-7f15dc000000 ---p 00000000 00:00 0 
7f15dc000000-7f15dc021000 rw-p 00000000 00:00 0 
7f15dc021000-7f15e0000000 ---p 00000000 00:00 0 
7f15e0000000-7f15e0021000 rw-p 00000000 00:00 0 
7f15e0021000-7f15e4000000 ---p 00000000 00:00 0 
7f15e4000000-7f15e41b6000 rw-p 00000000 00:00 0 
7f15e41b6000-7f15e8000000 ---p 00000000 00:00 0 
7f15e8000000-7f15e8021000 rw-p 00000000 00:00 0 
7f15e8021000-7f15ec000000 ---p 00000000 00:00 0 
7f15ec000000-7f15ec69b000 rw-p 00000000 00:00 0 
7f15ec69b000-7f15f0000000 ---p 00000000 00:00 0 
7f15f0000000-7f15f0021000 rw-p 00000000 00:00 0 
7f15f0021000-7f15f4000000 ---p 00000000 00:00 0 
7f15f4000000-7f15f4021000 rw-p 00000000 00:00 0 
7f15f4021000-7f15f8000000 ---p 00000000 00:00 0 
7f15f8000000-7f15f8021000 rw-p 00000000 00:00 0 
7f15f8021000-7f15fc000000 ---p 00000000 00:00 0 
7f15fc000000-7f15fc021000 rw-p 00000000 00:00 0 
7f15fc021000-7f1600000000 ---p 00000000 00:00 0 
7f1600000000-7f1600021000 rw-p 00000000 00:00 0 
7f1600021000-7f1604000000 ---p 00000000 00:00 0 
7f1604000000-7f1604021000 rw-p 00000000 00:00 0 
7f1604021000-7f1608000000 ---p 00000000 00:00 0 
7f1608000000-7f1608021000 rw-p 00000000 00:00 0 
7f1608021000-7f160c000000 ---p 00000000 00:00 0 
7f160d092000-7f160d096000 ---p 00000000 00:00 0 
7f160d096000-7f160d253000 rw-p 00000000 00:00 0 
7f160d253000-7f160d393000 ---p 00000000 00:00 0 
7f160d393000-7f160d394000 ---p 00000000 00:00 0 
7f160d394000-7f160d495000 rw-p 00000000 00:00 0 
7f160d495000-7f160d496000 ---p 00000000 00:00 0 
7f160d496000-7f160d597000 rw-p 00000000 00:00 0 
7f160d597000-7f160d598000 ---p 00000000 00:00 0 
7f160d598000-7f160d699000 rw-p 00000000 00:00 0 
7f160d699000-7f160d69d000 ---p 00000000 00:00 0 
7f160d69d000-7f160d79a000 rw-p 00000000 00:00 0 
7f160d79a000-7f160d79e000 ---p 00000000 00:00 0 
7f160d79e000-7f160da9b000 rw-p 00000000 00:00 0 
7f160da9b000-7f160dc9b000 rw-p 00000000 00:00 0 
7f160dc9b000-7f160dc9f000 ---p 00000000 00:00 0 
7f160dc9f000-7f160dd9c000 rw-p 00000000 00:00 0 
7f160dd9c000-7f160dda0000 ---p 00000000 00:00 0 
7f160dda0000-7f160de9d000 rw-p 00000000 00:00 0 
7f160de9d000-7f160dea1000 ---p 00000000 00:00 0 
7f160dea1000-7f160df9e000 rw-p 00000000 00:00 0 
7f160df9e000-7f160dfa2000 ---p 00000000 00:00 0 
7f160dfa2000-7f160e09f000 rw-p 00000000 00:00 0 
7f160e09f000-7f160e0a4000 r-xp 00000000 08:02 793173                     /usr/lib/x86_64-linux-gnu/libXfixes.so.3.1.0
7f160e0a4000-7f160e2a3000 ---p 00005000 08:02 793173                     /usr/lib/x86_64-linux-gnu/libXfixes.so.3.1.0
7f160e2a3000-7f160e2a4000 r--p 00004000 08:02 793173                     /usr/lib/x86_64-linux-gnu/libXfixes.so.3.1.0
7f160e2a4000-7f160e2a5000 rw-p 00005000 08:02 793173                     /usr/lib/x86_64-linux-gnu/libXfixes.so.3.1.0
7f160e2a5000-7f160e2a8000 r--p 00000000 08:02 796589                     /usr/lib/x86_64-linux-gnu/libXcursor.so.1.0.2
7f160e2a8000-7f160e2ae000 r-xp 00003000 08:02 796589                     /usr/lib/x86_64-linux-gnu/libXcursor.so.1.0.2
7f160e2ae000-7f160e2b0000 r--p 00009000 08:02 796589                     /usr/lib/x86_64-linux-gnu/libXcursor.so.1.0.2
7f160e2b0000-7f160e2b1000 r--p 0000a000 08:02 796589                     /usr/lib/x86_64-linux-gnu/libXcursor.so.1.0.2
7f160e2b1000-7f160e2b2000 rw-p 0000b000 08:02 796589                     /usr/lib/x86_64-linux-gnu/libXcursor.so.1.0.2
7f160e2cc000-7f160e2d0000 ---p 00000000 00:00 0 
7f160e2d0000-7f160e3cd000 rw-p 00000000 00:00 0 
7f160e3cd000-7f160e3ce000 ---p 00000000 00:00 0 
7f160e3ce000-7f160ebce000 rw-p 00000000 00:00 0 
7f160ebce000-7f160ebcf000 ---p 00000000 00:00 0 
7f160ebcf000-7f160f3cf000 rw-p 00000000 00:00 0 
7f160f3cf000-7f160f3d0000 ---p 00000000 00:00 0 
7f160f3d0000-7f160fbd0000 rw-p 00000000 00:00 0 
7f160fbd0000-7f160fbf0000 r--p 00000000 08:02 790272                     /usr/share/locale/it/LC_MESSAGES/glib20.mo
7f160fbf0000-7f160fbfa000 r--p 00000000 08:02 788196                     /usr/lib/x86_64-linux-gnu/libblkid.so.1.1.0
7f160fbfa000-7f160fc2e000 r-xp 0000a000 08:02 788196                     /usr/lib/x86_64-linux-gnu/libblkid.so.1.1.0
7f160fc2e000-7f160fc3e000 r--p 0003e000 08:02 788196                     /usr/lib/x86_64-linux-gnu/libblkid.so.1.1.0
7f160fc3e000-7f160fc3f000 ---p 0004e000 08:02 788196                     /usr/lib/x86_64-linux-gnu/libblkid.so.1.1.0
7f160fc3f000-7f160fc44000 r--p 0004e000 08:02 788196                     /usr/lib/x86_64-linux-gnu/libblkid.so.1.1.0
7f160fc44000-7f160fc45000 rw-p 00053000 08:02 788196                     /usr/lib/x86_64-linux-gnu/libblkid.so.1.1.0
7f160fc45000-7f160fc47000 r--p 00000000 08:02 786839                     /usr/lib/x86_64-linux-gnu/libpcre.so.3.13.3
7f160fc47000-7f160fc99000 r-xp 00002000 08:02 786839                     /usr/lib/x86_64-linux-gnu/libpcre.so.3.13.3
7f160fc99000-7f160fcb7000 r--p 00054000 08:02 786839                     /usr/lib/x86_64-linux-gnu/libpcre.so.3.13.3
7f160fcb7000-7f160fcb8000 r--p 00071000 08:02 786839                     /usr/lib/x86_64-linux-gnu/libpcre.so.3.13.3
7f160fcb8000-7f160fcb9000 rw-p 00072000 08:02 786839                     /usr/lib/x86_64-linux-gnu/libpcre.so.3.13.3
7f160fcb9000-7f160fcde000 r-xp 00000000 08:02 788681                     /usr/lib/x86_64-linux-gnu/libselinux.so.1
7f160fcde000-7f160fedd000 ---p 00025000 08:02 788681                     /usr/lib/x86_64-linux-gnu/libselinux.so.1
7f160fedd000-7f160fede000 r--p 00024000 08:02 788681                     /usr/lib/x86_64-linux-gnu/libselinux.so.1
7f160fede000-7f160fedf000 rw-p 00025000 08:02 788681                     /usr/lib/x86_64-linux-gnu/libselinux.so.1
7f160fedf000-7f160fee1000 rw-p 00000000 00:00 0 
7f160fee1000-7f160fefc000 r--p 00000000 08:02 790338                     /usr/lib/x86_64-linux-gnu/libglib-2.0.so.0.5800.3
7f160fefc000-7f160ff7a000 r-xp 0001b000 08:02 790338                     /usr/lib/x86_64-linux-gnu/libglib-2.0.so.0.5800.3
7f160ff7a000-7f160fffc000 r--p 00099000 08:02 790338                     /usr/lib/x86_64-linux-gnu/libglib-2.0.so.0.5800.3
7f160fffc000-7f160fffd000 ---p 0011b000 08:02 790338                     /usr/lib/x86_64-linux-gnu/libglib-2.0.so.0.5800.3
7f160fffd000-7f160fffe000 r--p 0011b000 08:02 790338                     /usr/lib/x86_64-linux-gnu/libglib-2.0.so.0.5800.3
7f160fffe000-7f160ffff000 rw-p 0011c000 08:02 790338                     /usr/lib/x86_64-linux-gnu/libglib-2.0.so.0.5800.3
7f160ffff000-7f1610000000 rw-p 00000000 00:00 0 
7f1610000000-7f1610021000 rw-p 00000000 00:00 0 
7f1610021000-7f1614000000 ---p 00000000 00:00 0 
7f1614000000-7f1614021000 rw-p 00000000 00:00 0 
7f1614021000-7f1618000000 ---p 00000000 00:00 0 
7f1618000000-7f16184f1000 rw-p 00000000 00:00 0 
7f16184f1000-7f161c000000 ---p 00000000 00:00 0 
7f161c000000-7f161c021000 rw-p 00000000 00:00 0 
7f161c021000-7f1620000000 ---p 00000000 00:00 0 
7f1620000000-7f1620021000 rw-p 00000000 00:00 0 
7f1620021000-7f1624000000 ---p 00000000 00:00 0 
7f1624000000-7f1625b21000 rw-p 00000000 00:00 0 
7f1625b21000-7f1628000000 ---p 00000000 00:00 0 
7f1628000000-7f1628021000 rw-p 00000000 00:00 0 
7f1628021000-7f162c000000 ---p 00000000 00:00 0 
7f162c000000-7f162c021000 rw-p 00000000 00:00 0 
7f162c021000-7f1630000000 ---p 00000000 00:00 0 
7f1630000000-7f1630021000 rw-p 00000000 00:00 0 
7f1630021000-7f1634000000 ---p 00000000 00:00 0 
7f1634000000-7f1634021000 rw-p 00000000 00:00 0 
7f1634021000-7f1638000000 ---p 00000000 00:00 0 
7f1638000000-7f1638021000 rw-p 00000000 00:00 0 
7f1638021000-7f163c000000 ---p 00000000 00:00 0 
7f163c009000-7f163c00d000 r--p 00000000 08:02 1313752                    /usr/lib/x86_64-linux-gnu/gio/modules/libdconfsettings.so
7f163c00d000-7f163c014000 r-xp 00004000 08:02 1313752                    /usr/lib/x86_64-linux-gnu/gio/modules/libdconfsettings.so
7f163c014000-7f163c017000 r--p 0000b000 08:02 1313752                    /usr/lib/x86_64-linux-gnu/gio/modules/libdconfsettings.so
7f163c017000-7f163c018000 ---p 0000e000 08:02 1313752                    /usr/lib/x86_64-linux-gnu/gio/modules/libdconfsettings.so
7f163c018000-7f163c019000 r--p 0000e000 08:02 1313752                    /usr/lib/x86_64-linux-gnu/gio/modules/libdconfsettings.so
7f163c019000-7f163c01a000 rw-p 0000f000 08:02 1313752                    /usr/lib/x86_64-linux-gnu/gio/modules/libdconfsettings.so
7f163c01a000-7f163c01e000 r--p 00000000 08:02 787130                     /usr/lib/x86_64-linux-gnu/libresolv-2.28.so
7f163c01e000-7f163c02b000 r-xp 00004000 08:02 787130                     /usr/lib/x86_64-linux-gnu/libresolv-2.28.so
7f163c02b000-7f163c02f000 r--p 00011000 08:02 787130                     /usr/lib/x86_64-linux-gnu/libresolv-2.28.so
7f163c02f000-7f163c030000 ---p 00015000 08:02 787130                     /usr/lib/x86_64-linux-gnu/libresolv-2.28.so
7f163c030000-7f163c031000 r--p 00015000 08:02 787130                     /usr/lib/x86_64-linux-gnu/libresolv-2.28.so
7f163c031000-7f163c032000 rw-p 00016000 08:02 787130                     /usr/lib/x86_64-linux-gnu/libresolv-2.28.so
7f163c032000-7f163c034000 rw-p 00000000 00:00 0 
7f163c034000-7f163c040000 r--p 00000000 08:02 788270                     /usr/lib/x86_64-linux-gnu/libmount.so.1.1.0
7f163c040000-7f163c07c000 r-xp 0000c000 08:02 788270                     /usr/lib/x86_64-linux-gnu/libmount.so.1.1.0
7f163c07c000-7f163c08e000 r--p 00048000 08:02 788270                     /usr/lib/x86_64-linux-gnu/libmount.so.1.1.0
7f163c08e000-7f163c08f000 ---p 0005a000 08:02 788270                     /usr/lib/x86_64-linux-gnu/libmount.so.1.1.0
7f163c08f000-7f163c092000 r--p 0005a000 08:02 788270                     /usr/lib/x86_64-linux-gnu/libmount.so.1.1.0
7f163c092000-7f163c093000 rw-p 0005d000 08:02 788270                     /usr/lib/x86_64-linux-gnu/libmount.so.1.1.0
7f163c093000-7f163c09e000 r--p 00000000 08:02 790340                     /usr/lib/x86_64-linux-gnu/libgobject-2.0.so.0.5800.3
7f163c09e000-7f163c0d0000 r-xp 0000b000 08:02 790340                     /usr/lib/x86_64-linux-gnu/libgobject-2.0.so.0.5800.3
7f163c0d0000-7f163c0e6000 r--p 0003d000 08:02 790340                     /usr/lib/x86_64-linux-gnu/libgobject-2.0.so.0.5800.3
7f163c0e6000-7f163c0e7000 r--p 00052000 08:02 790340                     /usr/lib/x86_64-linux-gnu/libgobject-2.0.so.0.5800.3
7f163c0e7000-7f163c0e8000 rw-p 00053000 08:02 790340                     /usr/lib/x86_64-linux-gnu/libgobject-2.0.so.0.5800.3
7f163c0e8000-7f163c11f000 r--p 00000000 08:02 790336                     /usr/lib/x86_64-linux-gnu/libgio-2.0.so.0.5800.3
7f163c11f000-7f163c218000 r-xp 00037000 08:02 790336                     /usr/lib/x86_64-linux-gnu/libgio-2.0.so.0.5800.3
7f163c218000-7f163c29a000 r--p 00130000 08:02 790336                     /usr/lib/x86_64-linux-gnu/libgio-2.0.so.0.5800.3
7f163c29a000-7f163c29b000 ---p 001b2000 08:02 790336                     /usr/lib/x86_64-linux-gnu/libgio-2.0.so.0.5800.3
7f163c29b000-7f163c2a3000 r--p 001b2000 08:02 790336                     /usr/lib/x86_64-linux-gnu/libgio-2.0.so.0.5800.3
7f163c2a3000-7f163c2a4000 rw-p 001ba000 08:02 790336                     /usr/lib/x86_64-linux-gnu/libgio-2.0.so.0.5800.3
7f163c2a4000-7f163c2a6000 rw-p 00000000 00:00 0 
7f163c2a6000-7f163c2b0000 r-xp 00000000 08:02 796593                     /usr/lib/x86_64-linux-gnu/libXrandr.so.2.2.0
7f163c2b0000-7f163c4af000 ---p 0000a000 08:02 796593                     /usr/lib/x86_64-linux-gnu/libXrandr.so.2.2.0
7f163c4af000-7f163c4b0000 r--p 00009000 08:02 796593                     /usr/lib/x86_64-linux-gnu/libXrandr.so.2.2.0
7f163c4b0000-7f163c4b1000 rw-p 0000a000 08:02 796593                     /usr/lib/x86_64-linux-gnu/libXrandr.so.2.2.0
7f163c4b1000-7f163c4b7000 r--p 00000000 08:02 793087                     /usr/lib/x86_64-linux-gnu/libpng16.so.16.36.0
7f163c4b7000-7f163c4dc000 r-xp 00006000 08:02 793087                     /usr/lib/x86_64-linux-gnu/libpng16.so.16.36.0
7f163c4dc000-7f163c4e8000 r--p 0002b000 08:02 793087                     /usr/lib/x86_64-linux-gnu/libpng16.so.16.36.0
7f163c4e8000-7f163c4e9000 r--p 00036000 08:02 793087                     /usr/lib/x86_64-linux-gnu/libpng16.so.16.36.0
7f163c4e9000-7f163c4ea000 rw-p 00037000 08:02 793087                     /usr/lib/x86_64-linux-gnu/libpng16.so.16.36.0
7f163c4ea000-7f163c4f7000 r--p 00000000 08:02 790798                     /usr/lib/x86_64-linux-gnu/libfreetype.so.6.16.1
7f163c4f7000-7f163c574000 r-xp 0000d000 08:02 790798                     /usr/lib/x86_64-linux-gnu/libfreetype.so.6.16.1
7f163c574000-7f163c59d000 r--p 0008a000 08:02 790798                     /usr/lib/x86_64-linux-gnu/libfreetype.so.6.16.1
7f163c59d000-7f163c59e000 ---p 000b3000 08:02 790798                     /usr/lib/x86_64-linux-gnu/libfreetype.so.6.16.1
7f163c59e000-7f163c5a5000 r--p 000b3000 08:02 790798                     /usr/lib/x86_64-linux-gnu/libfreetype.so.6.16.1
7f163c5a5000-7f163c5a6000 rw-p 000ba000 08:02 790798                     /usr/lib/x86_64-linux-gnu/libfreetype.so.6.16.1
7f163c5a6000-7f163c5aa000 r--p 00000000 08:02 1050654                    /usr/lib/jvm/java-11-openjdk-amd64/lib/libfontmanager.so
7f163c5aa000-7f163c69c000 r-xp 00004000 08:02 1050654                    /usr/lib/jvm/java-11-openjdk-amd64/lib/libfontmanager.so
7f163c69c000-7f163c6dc000 r--p 000f6000 08:02 1050654                    /usr/lib/jvm/java-11-openjdk-amd64/lib/libfontmanager.so
7f163c6dc000-7f163c6dd000 r--p 00135000 08:02 1050654                    /usr/lib/jvm/java-11-openjdk-amd64/lib/libfontmanager.so
7f163c6dd000-7f163c6de000 rw-p 00136000 08:02 1050654                    /usr/lib/jvm/java-11-openjdk-amd64/lib/libfontmanager.so
7f163c6de000-7f163c6e1000 rw-p 00000000 00:00 0 
7f163c6e1000-7f163c702000 r--p 00000000 08:02 792185                     /usr/share/locale/it/LC_MESSAGES/libc.mo
7f163c702000-7f163c706000 r--p 00000000 08:02 791299                     /usr/lib/x86_64-linux-gnu/libbsd.so.0.9.1
7f163c706000-7f163c715000 r-xp 00004000 08:02 791299                     /usr/lib/x86_64-linux-gnu/libbsd.so.0.9.1
7f163c715000-7f163c718000 r--p 00013000 08:02 791299                     /usr/lib/x86_64-linux-gnu/libbsd.so.0.9.1
7f163c718000-7f163c719000 ---p 00016000 08:02 791299                     /usr/lib/x86_64-linux-gnu/libbsd.so.0.9.1
7f163c719000-7f163c71a000 r--p 00016000 08:02 791299                     /usr/lib/x86_64-linux-gnu/libbsd.so.0.9.1
7f163c71a000-7f163c71b000 rw-p 00017000 08:02 791299                     /usr/lib/x86_64-linux-gnu/libbsd.so.0.9.1
7f163c71b000-7f163c71c000 rw-p 00000000 00:00 0 
7f163c71c000-7f163c721000 r-xp 00000000 08:02 793144                     /usr/lib/x86_64-linux-gnu/libXdmcp.so.6.0.0
7f163c721000-7f163c920000 ---p 00005000 08:02 793144                     /usr/lib/x86_64-linux-gnu/libXdmcp.so.6.0.0
7f163c920000-7f163c921000 r--p 00004000 08:02 793144                     /usr/lib/x86_64-linux-gnu/libXdmcp.so.6.0.0
7f163c921000-7f163c922000 rw-p 00005000 08:02 793144                     /usr/lib/x86_64-linux-gnu/libXdmcp.so.6.0.0
7f163c922000-7f163c924000 r-xp 00000000 08:02 793142                     /usr/lib/x86_64-linux-gnu/libXau.so.6.0.0
7f163c924000-7f163cb24000 ---p 00002000 08:02 793142                     /usr/lib/x86_64-linux-gnu/libXau.so.6.0.0
7f163cb24000-7f163cb25000 r--p 00002000 08:02 793142                     /usr/lib/x86_64-linux-gnu/libXau.so.6.0.0
7f163cb25000-7f163cb26000 rw-p 00003000 08:02 793142                     /usr/lib/x86_64-linux-gnu/libXau.so.6.0.0
7f163cb26000-7f163cb32000 r--p 00000000 08:02 793146                     /usr/lib/x86_64-linux-gnu/libxcb.so.1.1.0
7f163cb32000-7f163cb45000 r-xp 0000c000 08:02 793146                     /usr/lib/x86_64-linux-gnu/libxcb.so.1.1.0
7f163cb45000-7f163cb4e000 r--p 0001f000 08:02 793146                     /usr/lib/x86_64-linux-gnu/libxcb.so.1.1.0
7f163cb4e000-7f163cb4f000 r--p 00027000 08:02 793146                     /usr/lib/x86_64-linux-gnu/libxcb.so.1.1.0
7f163cb4f000-7f163cb50000 rw-p 00028000 08:02 793146                     /usr/lib/x86_64-linux-gnu/libxcb.so.1.1.0
7f163cb50000-7f163cb5f000 r-xp 00000000 08:02 793270                     /usr/lib/x86_64-linux-gnu/libXi.so.6.1.0
7f163cb5f000-7f163cd5e000 ---p 0000f000 08:02 793270                     /usr/lib/x86_64-linux-gnu/libXi.so.6.1.0
7f163cd5e000-7f163cd5f000 r--p 0000e000 08:02 793270                     /usr/lib/x86_64-linux-gnu/libXi.so.6.1.0
7f163cd5f000-7f163cd60000 rw-p 0000f000 08:02 793270                     /usr/lib/x86_64-linux-gnu/libXi.so.6.1.0
7f163cd60000-7f163cd65000 r-xp 00000000 08:02 796147                     /usr/lib/x86_64-linux-gnu/libXtst.so.6.1.0
7f163cd65000-7f163cf64000 ---p 00005000 08:02 796147                     /usr/lib/x86_64-linux-gnu/libXtst.so.6.1.0
7f163cf64000-7f163cf65000 r--p 00004000 08:02 796147                     /usr/lib/x86_64-linux-gnu/libXtst.so.6.1.0
7f163cf65000-7f163cf66000 rw-p 00005000 08:02 796147                     /usr/lib/x86_64-linux-gnu/libXtst.so.6.1.0
7f163cf66000-7f163cf6f000 r-xp 00000000 08:02 793276                     /usr/lib/x86_64-linux-gnu/libXrender.so.1.3.0
7f163cf6f000-7f163d16e000 ---p 00009000 08:02 793276                     /usr/lib/x86_64-linux-gnu/libXrender.so.1.3.0
7f163d16e000-7f163d16f000 r--p 00008000 08:02 793276                     /usr/lib/x86_64-linux-gnu/libXrender.so.1.3.0
7f163d16f000-7f163d170000 rw-p 00009000 08:02 793276                     /usr/lib/x86_64-linux-gnu/libXrender.so.1.3.0
7f163d170000-7f163d18c000 r--p 00000000 08:02 793166                     /usr/lib/x86_64-linux-gnu/libX11.so.6.3.0
7f163d18c000-7f163d216000 r-xp 0001c000 08:02 793166                     /usr/lib/x86_64-linux-gnu/libX11.so.6.3.0
7f163d216000-7f163d2aa000 r--p 000a6000 08:02 793166                     /usr/lib/x86_64-linux-gnu/libX11.so.6.3.0
7f163d2aa000-7f163d2ab000 ---p 0013a000 08:02 793166                     /usr/lib/x86_64-linux-gnu/libX11.so.6.3.0
7f163d2ab000-7f163d2ac000 r--p 0013a000 08:02 793166                     /usr/lib/x86_64-linux-gnu/libX11.so.6.3.0
7f163d2ac000-7f163d2b1000 rw-p 0013b000 08:02 793166                     /usr/lib/x86_64-linux-gnu/libX11.so.6.3.0
7f163d2b1000-7f163d2c2000 r-xp 00000000 08:02 793169                     /usr/lib/x86_64-linux-gnu/libXext.so.6.4.0
7f163d2c2000-7f163d4c1000 ---p 00011000 08:02 793169                     /usr/lib/x86_64-linux-gnu/libXext.so.6.4.0
7f163d4c1000-7f163d4c2000 r--p 00010000 08:02 793169                     /usr/lib/x86_64-linux-gnu/libXext.so.6.4.0
7f163d4c2000-7f163d4c3000 rw-p 00011000 08:02 793169                     /usr/lib/x86_64-linux-gnu/libXext.so.6.4.0
7f163d4ce000-7f163d4dd000 r--p 00000000 08:02 1311871                    /usr/share/glib-2.0/schemas/gschemas.compiled
7f163d4dd000-7f163d4ed000 r--p 00000000 08:02 1050650                    /usr/lib/jvm/java-11-openjdk-amd64/lib/libawt_xawt.so
7f163d4ed000-7f163d52a000 r-xp 00010000 08:02 1050650                    /usr/lib/jvm/java-11-openjdk-amd64/lib/libawt_xawt.so
7f163d52a000-7f163d53c000 r--p 0004d000 08:02 1050650                    /usr/lib/jvm/java-11-openjdk-amd64/lib/libawt_xawt.so
7f163d53c000-7f163d53d000 r--p 0005e000 08:02 1050650                    /usr/lib/jvm/java-11-openjdk-amd64/lib/libawt_xawt.so
7f163d53d000-7f163d540000 rw-p 0005f000 08:02 1050650                    /usr/lib/jvm/java-11-openjdk-amd64/lib/libawt_xawt.so
7f163d540000-7f163d542000 rw-p 00000000 00:00 0 
7f163d542000-7f163d56e000 r--p 00000000 08:02 1050645                    /usr/lib/jvm/java-11-openjdk-amd64/lib/libawt.so
7f163d56e000-7f163d5d5000 r-xp 0002c000 08:02 1050645                    /usr/lib/jvm/java-11-openjdk-amd64/lib/libawt.so
7f163d5d5000-7f163d5e2000 r--p 00093000 08:02 1050645                    /usr/lib/jvm/java-11-openjdk-amd64/lib/libawt.so
7f163d5e2000-7f163d5e3000 r--p 0009f000 08:02 1050645                    /usr/lib/jvm/java-11-openjdk-amd64/lib/libawt.so
7f163d5e3000-7f163d5ee000 rw-p 000a0000 08:02 1050645                    /usr/lib/jvm/java-11-openjdk-amd64/lib/libawt.so
7f163d5ee000-7f163d613000 rw-p 00000000 00:00 0 
7f163d613000-7f163d617000 ---p 00000000 00:00 0 
7f163d617000-7f163d714000 rw-p 00000000 00:00 0 
7f163d714000-7f163d715000 ---p 00000000 00:00 0 
7f163d715000-7f163d816000 rw-p 00000000 00:00 0 
7f163d816000-7f163d81a000 ---p 00000000 00:00 0 
7f163d81a000-7f163d917000 rw-p 00000000 00:00 0 
7f163d917000-7f163d91b000 ---p 00000000 00:00 0 
7f163d91b000-7f163da18000 rw-p 00000000 00:00 0 
7f163da18000-7f163da1c000 ---p 00000000 00:00 0 
7f163da1c000-7f163db19000 rw-p 00000000 00:00 0 
7f163db19000-7f163db1d000 ---p 00000000 00:00 0 
7f163db1d000-7f163dc1a000 rw-p 00000000 00:00 0 
7f163dc1a000-7f163dc1e000 ---p 00000000 00:00 0 
7f163dc1e000-7f163dd1b000 rw-p 00000000 00:00 0 
7f163dd1b000-7f163e000000 r--p 00000000 08:02 786879                     /usr/lib/locale/locale-archive
7f163e000000-7f1640000000 rw-p 00000000 00:00 0 
7f1640000000-7f1640021000 rw-p 00000000 00:00 0 
7f1640021000-7f1644000000 ---p 00000000 00:00 0 
7f1644000000-7f1644021000 rw-p 00000000 00:00 0 
7f1644021000-7f1648000000 ---p 00000000 00:00 0 
7f1648000000-7f1648021000 rw-p 00000000 00:00 0 
7f1648021000-7f164c000000 ---p 00000000 00:00 0 
7f164c006000-7f164c008000 r--p 00000000 08:02 786721                     /usr/lib/x86_64-linux-gnu/libuuid.so.1.3.0
7f164c008000-7f164c00c000 r-xp 00002000 08:02 786721                     /usr/lib/x86_64-linux-gnu/libuuid.so.1.3.0
7f164c00c000-7f164c00d000 r--p 00006000 08:02 786721                     /usr/lib/x86_64-linux-gnu/libuuid.so.1.3.0
7f164c00d000-7f164c00e000 r--p 00006000 08:02 786721                     /usr/lib/x86_64-linux-gnu/libuuid.so.1.3.0
7f164c00e000-7f164c00f000 rw-p 00007000 08:02 786721                     /usr/lib/x86_64-linux-gnu/libuuid.so.1.3.0
7f164c00f000-7f164c013000 ---p 00000000 00:00 0 
7f164c013000-7f164c910000 rw-p 00000000 00:00 0 
7f164c910000-7f164cb80000 rwxp 00000000 00:00 0 
7f164cb80000-7f164cea0000 ---p 00000000 00:00 0 
7f164cea0000-7f164d2f0000 rwxp 00000000 00:00 0 
7f164d2f0000-7f16543d8000 ---p 00000000 00:00 0 
7f16543d8000-7f1654648000 rwxp 00000000 00:00 0 
7f1654648000-7f165b910000 ---p 00000000 00:00 0 
7f1664000000-7f16644a5000 rw-p 00000000 00:00 0 
7f16644a5000-7f1668000000 ---p 00000000 00:00 0 
7f1668000000-7f1668002000 r--p 00000000 08:02 787520                     /usr/lib/x86_64-linux-gnu/libffi.so.6.0.4
7f1668002000-7f1668007000 r-xp 00002000 08:02 787520                     /usr/lib/x86_64-linux-gnu/libffi.so.6.0.4
7f1668007000-7f1668008000 r--p 00007000 08:02 787520                     /usr/lib/x86_64-linux-gnu/libffi.so.6.0.4
7f1668008000-7f1668009000 r--p 00007000 08:02 787520                     /usr/lib/x86_64-linux-gnu/libffi.so.6.0.4
7f1668009000-7f166800a000 rw-p 00008000 08:02 787520                     /usr/lib/x86_64-linux-gnu/libffi.so.6.0.4
7f166800a000-7f166800b000 r--p 00000000 08:02 790339                     /usr/lib/x86_64-linux-gnu/libgmodule-2.0.so.0.5800.3
7f166800b000-7f166800d000 r-xp 00001000 08:02 790339                     /usr/lib/x86_64-linux-gnu/libgmodule-2.0.so.0.5800.3
7f166800d000-7f166800e000 r--p 00003000 08:02 790339                     /usr/lib/x86_64-linux-gnu/libgmodule-2.0.so.0.5800.3
7f166800e000-7f166800f000 r--p 00003000 08:02 790339                     /usr/lib/x86_64-linux-gnu/libgmodule-2.0.so.0.5800.3
7f166800f000-7f1668010000 rw-p 00004000 08:02 790339                     /usr/lib/x86_64-linux-gnu/libgmodule-2.0.so.0.5800.3
7f1668010000-7f1668041000 rw-p 00000000 00:00 0 
7f1668041000-7f1668045000 r--p 00000000 08:02 1051068                    /usr/lib/jvm/java-11-openjdk-amd64/lib/libnet.so
7f1668045000-7f1668054000 r-xp 00004000 08:02 1051068                    /usr/lib/jvm/java-11-openjdk-amd64/lib/libnet.so
7f1668054000-7f1668058000 r--p 00013000 08:02 1051068                    /usr/lib/jvm/java-11-openjdk-amd64/lib/libnet.so
7f1668058000-7f1668059000 r--p 00016000 08:02 1051068                    /usr/lib/jvm/java-11-openjdk-amd64/lib/libnet.so
7f1668059000-7f166805a000 rw-p 00017000 08:02 1051068                    /usr/lib/jvm/java-11-openjdk-amd64/lib/libnet.so
7f166805a000-7f1668061000 r--p 00000000 08:02 1051069                    /usr/lib/jvm/java-11-openjdk-amd64/lib/libnio.so
7f1668061000-7f1668068000 r-xp 00007000 08:02 1051069                    /usr/lib/jvm/java-11-openjdk-amd64/lib/libnio.so
7f1668068000-7f166806b000 r--p 0000e000 08:02 1051069                    /usr/lib/jvm/java-11-openjdk-amd64/lib/libnio.so
7f166806b000-7f166806c000 r--p 00010000 08:02 1051069                    /usr/lib/jvm/java-11-openjdk-amd64/lib/libnio.so
7f166806c000-7f166806d000 rw-p 00011000 08:02 1051069                    /usr/lib/jvm/java-11-openjdk-amd64/lib/libnio.so
7f166806d000-7f1668071000 ---p 00000000 00:00 0 
7f1668071000-7f166816e000 rw-p 00000000 00:00 0 
7f166816e000-7f166816f000 ---p 00000000 00:00 0 
7f166816f000-7f16683b6000 rw-p 00000000 00:00 0 
7f16683b6000-7f16683b7000 ---p 00000000 00:00 0 
7f16683b7000-7f16684b8000 rw-p 00000000 00:00 0 
7f16684b8000-7f16684b9000 ---p 00000000 00:00 0 
7f16684b9000-7f16689be000 rw-p 00000000 00:00 0 
7f16689be000-7f16689bf000 ---p 00000000 00:00 0 
7f16689bf000-7f1668ac0000 rw-p 00000000 00:00 0 
7f1668ac0000-7f1668ac1000 ---p 00000000 00:00 0 
7f1668ac1000-7f1668cd2000 rw-p 00000000 00:00 0 
7f1668cd2000-7f1669ad2000 ---p 00000000 00:00 0 
7f1669ad2000-7f1669bca000 rw-p 00000000 00:00 0 
7f1669bca000-7f166a9ca000 ---p 00000000 00:00 0 
7f166a9ca000-7f166a9f0000 rw-p 00000000 00:00 0 
7f166a9f0000-7f166abb0000 ---p 00000000 00:00 0 
7f166abb0000-7f166abcf000 rw-p 00000000 00:00 0 
7f166abcf000-7f166ad8f000 ---p 00000000 00:00 0 
7f166ad8f000-7f166adae000 rw-p 00000000 00:00 0 
7f166adae000-7f166af6e000 ---p 00000000 00:00 0 
7f166af6e000-7f166b373000 rw-p 00000000 00:00 0 
7f166b373000-7f166b374000 ---p 00000000 00:00 0 
7f166b374000-7f166b47a000 rw-p 00000000 00:00 0 
7f166b47a000-7f166b560000 ---p 00000000 00:00 0 
7f166b560000-7f166b569000 rw-p 00000000 00:00 0 
7f166b569000-7f166b64b000 ---p 00000000 00:00 0 
7f166b64b000-7f166b650000 rw-p 00000000 00:00 0 
7f166b650000-7f166b657000 ---p 00000000 00:00 0 
7f166b657000-7f166b659000 r--p 00000000 08:02 1051055                    /usr/lib/jvm/java-11-openjdk-amd64/lib/libjimage.so
7f166b659000-7f166b65c000 r-xp 00002000 08:02 1051055                    /usr/lib/jvm/java-11-openjdk-amd64/lib/libjimage.so
7f166b65c000-7f166b65e000 r--p 00005000 08:02 1051055                    /usr/lib/jvm/java-11-openjdk-amd64/lib/libjimage.so
7f166b65e000-7f166b65f000 r--p 00006000 08:02 1051055                    /usr/lib/jvm/java-11-openjdk-amd64/lib/libjimage.so
7f166b65f000-7f166b660000 rw-p 00007000 08:02 1051055                    /usr/lib/jvm/java-11-openjdk-amd64/lib/libjimage.so
7f166b660000-7f166b663000 r--p 00000000 08:02 787123                     /usr/lib/x86_64-linux-gnu/libnss_files-2.28.so
7f166b663000-7f166b66a000 r-xp 00003000 08:02 787123                     /usr/lib/x86_64-linux-gnu/libnss_files-2.28.so
7f166b66a000-7f166b66c000 r--p 0000a000 08:02 787123                     /usr/lib/x86_64-linux-gnu/libnss_files-2.28.so
7f166b66c000-7f166b66d000 ---p 0000c000 08:02 787123                     /usr/lib/x86_64-linux-gnu/libnss_files-2.28.so
7f166b66d000-7f166b66e000 r--p 0000c000 08:02 787123                     /usr/lib/x86_64-linux-gnu/libnss_files-2.28.so
7f166b66e000-7f166b66f000 rw-p 0000d000 08:02 787123                     /usr/lib/x86_64-linux-gnu/libnss_files-2.28.so
7f166b66f000-7f166b675000 rw-p 00000000 00:00 0 
7f166b676000-7f166b67d000 r--s 00000000 08:02 789458                     /usr/lib/x86_64-linux-gnu/gconv/gconv-modules.cache
7f166b67d000-7f166b67f000 r--p 00000000 08:02 1051080                    /usr/lib/jvm/java-11-openjdk-amd64/lib/libzip.so
7f166b67f000-7f166b683000 r-xp 00002000 08:02 1051080                    /usr/lib/jvm/java-11-openjdk-amd64/lib/libzip.so
7f166b683000-7f166b685000 r--p 00006000 08:02 1051080                    /usr/lib/jvm/java-11-openjdk-amd64/lib/libzip.so
7f166b685000-7f166b686000 r--p 00007000 08:02 1051080                    /usr/lib/jvm/java-11-openjdk-amd64/lib/libzip.so
7f166b686000-7f166b687000 rw-p 00008000 08:02 1051080                    /usr/lib/jvm/java-11-openjdk-amd64/lib/libzip.so
7f166b687000-7f166b68f000 rw-s 00000000 08:02 6422553                    /tmp/hsperfdata_gambero/2169
7f166b68f000-7f166b69c000 r--p 00000000 08:02 1050802                    /usr/lib/jvm/java-11-openjdk-amd64/lib/libjava.so
7f166b69c000-7f166b6b1000 r-xp 0000d000 08:02 1050802                    /usr/lib/jvm/java-11-openjdk-amd64/lib/libjava.so
7f166b6b1000-7f166b6b8000 r--p 00022000 08:02 1050802                    /usr/lib/jvm/java-11-openjdk-amd64/lib/libjava.so
7f166b6b8000-7f166b6b9000 r--p 00028000 08:02 1050802                    /usr/lib/jvm/java-11-openjdk-amd64/lib/libjava.so
7f166b6b9000-7f166b6bb000 rw-p 00029000 08:02 1050802                    /usr/lib/jvm/java-11-openjdk-amd64/lib/libjava.so
7f166b6bb000-7f166b6bd000 r--p 00000000 08:02 787131                     /usr/lib/x86_64-linux-gnu/librt-2.28.so
7f166b6bd000-7f166b6c1000 r-xp 00002000 08:02 787131                     /usr/lib/x86_64-linux-gnu/librt-2.28.so
7f166b6c1000-7f166b6c3000 r--p 00006000 08:02 787131                     /usr/lib/x86_64-linux-gnu/librt-2.28.so
7f166b6c3000-7f166b6c4000 r--p 00007000 08:02 787131                     /usr/lib/x86_64-linux-gnu/librt-2.28.so
7f166b6c4000-7f166b6c5000 rw-p 00008000 08:02 787131                     /usr/lib/x86_64-linux-gnu/librt-2.28.so
7f166b6c5000-7f166b6c9000 ---p 00000000 00:00 0 
7f166b6c9000-7f166b7c6000 rw-p 00000000 00:00 0 
7f166b7c6000-7f166b7c9000 r--p 00000000 08:02 786446                     /usr/lib/x86_64-linux-gnu/libgcc_s.so.1
7f166b7c9000-7f166b7da000 r-xp 00003000 08:02 786446                     /usr/lib/x86_64-linux-gnu/libgcc_s.so.1
7f166b7da000-7f166b7dd000 r--p 00014000 08:02 786446                     /usr/lib/x86_64-linux-gnu/libgcc_s.so.1
7f166b7dd000-7f166b7de000 ---p 00017000 08:02 786446                     /usr/lib/x86_64-linux-gnu/libgcc_s.so.1
7f166b7de000-7f166b7df000 r--p 00017000 08:02 786446                     /usr/lib/x86_64-linux-gnu/libgcc_s.so.1
7f166b7df000-7f166b7e0000 rw-p 00018000 08:02 786446                     /usr/lib/x86_64-linux-gnu/libgcc_s.so.1
7f166b7e0000-7f166b7ed000 r--p 00000000 08:02 787114                     /usr/lib/x86_64-linux-gnu/libm-2.28.so
7f166b7ed000-7f166b88c000 r-xp 0000d000 08:02 787114                     /usr/lib/x86_64-linux-gnu/libm-2.28.so
7f166b88c000-7f166b961000 r--p 000ac000 08:02 787114                     /usr/lib/x86_64-linux-gnu/libm-2.28.so
7f166b961000-7f166b962000 r--p 00180000 08:02 787114                     /usr/lib/x86_64-linux-gnu/libm-2.28.so
7f166b962000-7f166b963000 rw-p 00181000 08:02 787114                     /usr/lib/x86_64-linux-gnu/libm-2.28.so
7f166b963000-7f166b9ec000 r--p 00000000 08:02 786705                     /usr/lib/x86_64-linux-gnu/libstdc++.so.6.0.25
7f166b9ec000-7f166ba98000 r-xp 00089000 08:02 786705                     /usr/lib/x86_64-linux-gnu/libstdc++.so.6.0.25
7f166ba98000-7f166bad6000 r--p 00135000 08:02 786705                     /usr/lib/x86_64-linux-gnu/libstdc++.so.6.0.25
7f166bad6000-7f166bad7000 ---p 00173000 08:02 786705                     /usr/lib/x86_64-linux-gnu/libstdc++.so.6.0.25
7f166bad7000-7f166bae1000 r--p 00173000 08:02 786705                     /usr/lib/x86_64-linux-gnu/libstdc++.so.6.0.25
7f166bae1000-7f166bae3000 rw-p 0017d000 08:02 786705                     /usr/lib/x86_64-linux-gnu/libstdc++.so.6.0.25
7f166bae3000-7f166bae7000 rw-p 00000000 00:00 0 
7f166bae7000-7f166bd54000 r--p 00000000 08:02 1579002                    /usr/lib/jvm/java-11-openjdk-amd64/lib/server/libjvm.so
7f166bd54000-7f166c880000 r-xp 0026d000 08:02 1579002                    /usr/lib/jvm/java-11-openjdk-amd64/lib/server/libjvm.so
7f166c880000-7f166cab8000 r--p 00d99000 08:02 1579002                    /usr/lib/jvm/java-11-openjdk-amd64/lib/server/libjvm.so
7f166cab8000-7f166cb75000 r--p 00fd0000 08:02 1579002                    /usr/lib/jvm/java-11-openjdk-amd64/lib/server/libjvm.so
7f166cb75000-7f166cbaf000 rw-p 0108d000 08:02 1579002                    /usr/lib/jvm/java-11-openjdk-amd64/lib/server/libjvm.so
7f166cbaf000-7f166cc07000 rw-p 00000000 00:00 0 
7f166cc07000-7f166cc29000 r--p 00000000 08:02 787111                     /usr/lib/x86_64-linux-gnu/libc-2.28.so
7f166cc29000-7f166cd71000 r-xp 00022000 08:02 787111                     /usr/lib/x86_64-linux-gnu/libc-2.28.so
7f166cd71000-7f166cdbd000 r--p 0016a000 08:02 787111                     /usr/lib/x86_64-linux-gnu/libc-2.28.so
7f166cdbd000-7f166cdbe000 ---p 001b6000 08:02 787111                     /usr/lib/x86_64-linux-gnu/libc-2.28.so
7f166cdbe000-7f166cdc2000 r--p 001b6000 08:02 787111                     /usr/lib/x86_64-linux-gnu/libc-2.28.so
7f166cdc2000-7f166cdc4000 rw-p 001ba000 08:02 787111                     /usr/lib/x86_64-linux-gnu/libc-2.28.so
7f166cdc4000-7f166cdc8000 rw-p 00000000 00:00 0 
7f166cdc8000-7f166cdc9000 r--p 00000000 08:02 787113                     /usr/lib/x86_64-linux-gnu/libdl-2.28.so
7f166cdc9000-7f166cdca000 r-xp 00001000 08:02 787113                     /usr/lib/x86_64-linux-gnu/libdl-2.28.so
7f166cdca000-7f166cdcb000 r--p 00002000 08:02 787113                     /usr/lib/x86_64-linux-gnu/libdl-2.28.so
7f166cdcb000-7f166cdcc000 r--p 00002000 08:02 787113                     /usr/lib/x86_64-linux-gnu/libdl-2.28.so
7f166cdcc000-7f166cdcd000 rw-p 00003000 08:02 787113                     /usr/lib/x86_64-linux-gnu/libdl-2.28.so
7f166cdcd000-7f166cdd0000 r--p 00000000 08:02 1578979                    /usr/lib/jvm/java-11-openjdk-amd64/lib/jli/libjli.so
7f166cdd0000-7f166cdda000 r-xp 00003000 08:02 1578979                    /usr/lib/jvm/java-11-openjdk-amd64/lib/jli/libjli.so
7f166cdda000-7f166cddd000 r--p 0000d000 08:02 1578979                    /usr/lib/jvm/java-11-openjdk-amd64/lib/jli/libjli.so
7f166cddd000-7f166cdde000 r--p 0000f000 08:02 1578979                    /usr/lib/jvm/java-11-openjdk-amd64/lib/jli/libjli.so
7f166cdde000-7f166cddf000 rw-p 00010000 08:02 1578979                    /usr/lib/jvm/java-11-openjdk-amd64/lib/jli/libjli.so
7f166cddf000-7f166cde5000 r--p 00000000 08:02 787129                     /usr/lib/x86_64-linux-gnu/libpthread-2.28.so
7f166cde5000-7f166cdf4000 r-xp 00006000 08:02 787129                     /usr/lib/x86_64-linux-gnu/libpthread-2.28.so
7f166cdf4000-7f166cdfa000 r--p 00015000 08:02 787129                     /usr/lib/x86_64-linux-gnu/libpthread-2.28.so
7f166cdfa000-7f166cdfb000 r--p 0001a000 08:02 787129                     /usr/lib/x86_64-linux-gnu/libpthread-2.28.so
7f166cdfb000-7f166cdfc000 rw-p 0001b000 08:02 787129                     /usr/lib/x86_64-linux-gnu/libpthread-2.28.so
7f166cdfc000-7f166ce00000 rw-p 00000000 00:00 0 
7f166ce00000-7f166ce1c000 r-xp 00000000 08:02 788687                     /usr/lib/x86_64-linux-gnu/libz.so.1.2.11
7f166ce1c000-7f166d01c000 ---p 0001c000 08:02 788687                     /usr/lib/x86_64-linux-gnu/libz.so.1.2.11
7f166d01c000-7f166d01d000 r--p 0001c000 08:02 788687                     /usr/lib/x86_64-linux-gnu/libz.so.1.2.11
7f166d01d000-7f166d01e000 rw-p 0001d000 08:02 788687                     /usr/lib/x86_64-linux-gnu/libz.so.1.2.11
7f166d01e000-7f166d020000 rw-p 00000000 00:00 0 
7f166d023000-7f166d024000 r--p 00000000 08:02 6840480                    /home/gambero/.config/dconf/user
7f166d024000-7f166d025000 r--s 00000000 00:30 29150                      /run/user/1000/dconf/user
7f166d025000-7f166d027000 r--s 00007000 08:02 1446998                    /usr/share/java/java-atk-wrapper.jar
7f166d027000-7f166d028000 ---p 00000000 00:00 0 
7f166d028000-7f166d029000 r--p 00000000 00:00 0 
7f166d029000-7f166d02e000 r--p 00000000 08:02 1051079                    /usr/lib/jvm/java-11-openjdk-amd64/lib/libverify.so
7f166d02e000-7f166d035000 r-xp 00005000 08:02 1051079                    /usr/lib/jvm/java-11-openjdk-amd64/lib/libverify.so
7f166d035000-7f166d037000 r--p 0000c000 08:02 1051079                    /usr/lib/jvm/java-11-openjdk-amd64/lib/libverify.so
7f166d037000-7f166d039000 r--p 0000d000 08:02 1051079                    /usr/lib/jvm/java-11-openjdk-amd64/lib/libverify.so
7f166d039000-7f166d03a000 rw-p 0000f000 08:02 1051079                    /usr/lib/jvm/java-11-openjdk-amd64/lib/libverify.so
7f166d03a000-7f166d03b000 r--p 00000000 08:02 786448                     /usr/lib/x86_64-linux-gnu/ld-2.28.so
7f166d03b000-7f166d059000 r-xp 00001000 08:02 786448                     /usr/lib/x86_64-linux-gnu/ld-2.28.so
7f166d059000-7f166d061000 r--p 0001f000 08:02 786448                     /usr/lib/x86_64-linux-gnu/ld-2.28.so
7f166d061000-7f166d062000 r--p 00026000 08:02 786448                     /usr/lib/x86_64-linux-gnu/ld-2.28.so
7f166d062000-7f166d063000 rw-p 00027000 08:02 786448                     /usr/lib/x86_64-linux-gnu/ld-2.28.so
7f166d063000-7f166d064000 rw-p 00000000 00:00 0 
7ffeaa402000-7ffeaa423000 rw-p 00000000 00:00 0                          [stack]
7ffeaa480000-7ffeaa483000 r--p 00000000 00:00 0                          [vvar]
7ffeaa483000-7ffeaa485000 r-xp 00000000 00:00 0                          [vdso]


VM Arguments:
jvm_args: -Dfile.encoding=UTF-8 
java_command: main
java_class_path (initial): /home/gambero/eclipse-workspace/FileSplitter/bin
Launcher Type: SUN_STANDARD

[Global flags]
     intx CICompilerCount                          = 3                                         {product} {ergonomic}
     uint ConcGCThreads                            = 1                                         {product} {ergonomic}
     uint G1ConcRefinementThreads                  = 4                                         {product} {ergonomic}
   size_t G1HeapRegionSize                         = 1048576                                   {product} {ergonomic}
    uintx GCDrainStackTargetSize                   = 64                                        {product} {ergonomic}
   size_t InitialHeapSize                          = 62914560                                  {product} {ergonomic}
   size_t MarkStackSize                            = 4194304                                   {product} {ergonomic}
   size_t MaxHeapSize                              = 1004535808                                {product} {ergonomic}
   size_t MaxNewSize                               = 601882624                                 {product} {ergonomic}
   size_t MinHeapDeltaBytes                        = 1048576                                   {product} {ergonomic}
    uintx NonNMethodCodeHeapSize                   = 5830732                                {pd product} {ergonomic}
    uintx NonProfiledCodeHeapSize                  = 122913754                              {pd product} {ergonomic}
    uintx ProfiledCodeHeapSize                     = 122913754                              {pd product} {ergonomic}
    uintx ReservedCodeCacheSize                    = 251658240                              {pd product} {ergonomic}
     bool SegmentedCodeCache                       = true                                      {product} {ergonomic}
     bool UseCompressedClassPointers               = true                                 {lp64_product} {ergonomic}
     bool UseCompressedOops                        = true                                 {lp64_product} {ergonomic}
     bool UseG1GC                                  = true                                      {product} {ergonomic}

Logging:
Log output configuration:
 #0: stdout all=warning uptime,level,tags
 #1: stderr all=off uptime,level,tags

Environment Variables:
PATH=/usr/local/bin:/usr/bin:/bin:/usr/local/games:/usr/games:/snap/bin
SHELL=/bin/bash
DISPLAY=:0

Signal Handlers:
SIGSEGV: [libjvm.so+0xd26680], sa_mask[0]=11111111011111111101111111111110, sa_flags=SA_RESTART|SA_SIGINFO
SIGBUS: [libjvm.so+0xd26680], sa_mask[0]=11111111011111111101111111111110, sa_flags=SA_RESTART|SA_SIGINFO
SIGFPE: [libjvm.so+0xd26680], sa_mask[0]=11111111011111111101111111111110, sa_flags=SA_RESTART|SA_SIGINFO
SIGPIPE: SIG_IGN, sa_mask[0]=00000000000010000000000000000000, sa_flags=SA_RESTART
SIGXFSZ: [libjvm.so+0xb2c8b0], sa_mask[0]=11111111011111111101111111111110, sa_flags=SA_RESTART|SA_SIGINFO
SIGILL: [libjvm.so+0xd26680], sa_mask[0]=11111111011111111101111111111110, sa_flags=SA_RESTART|SA_SIGINFO
SIGUSR2: [libjvm.so+0xb2c740], sa_mask[0]=00100000000000000000000000000000, sa_flags=SA_RESTART|SA_SIGINFO
SIGHUP: [libjvm.so+0xb2cbf0], sa_mask[0]=11111111011111111101111111111110, sa_flags=SA_RESTART|SA_SIGINFO
SIGINT: [libjvm.so+0xb2cbf0], sa_mask[0]=11111111011111111101111111111110, sa_flags=SA_RESTART|SA_SIGINFO
SIGTERM: [libjvm.so+0xb2cbf0], sa_mask[0]=11111111011111111101111111111110, sa_flags=SA_RESTART|SA_SIGINFO
SIGQUIT: [libjvm.so+0xb2cbf0], sa_mask[0]=11111111011111111101111111111110, sa_flags=SA_RESTART|SA_SIGINFO


---------------  S Y S T E M  ---------------

OS:PRETTY_NAME="Debian GNU/Linux 10 (buster)"
NAME="Debian GNU/Linux"
VERSION_ID="10"
VERSION="10 (buster)"
VERSION_CODENAME=buster
ID=debian
HOME_URL="https://www.debian.org/"
SUPPORT_URL="https://www.debian.org/support"
BUG_REPORT_URL="https://bugs.debian.org/"
uname:Linux 4.19.0-6-amd64 #1 SMP Debian 4.19.67-2+deb10u2 (2019-11-11) x86_64
libc:glibc 2.28 NPTL 2.28 
rlimit: STACK 8192k, CORE 0k, NPROC 14839, NOFILE 1048576, AS infinity, DATA infinity, FSIZE infinity
load average:0,20 0,41 0,31

/proc/meminfo:
MemTotal:        3916820 kB
MemFree:         1371736 kB
MemAvailable:    1507548 kB
Buffers:           27412 kB
Cached:           330888 kB
SwapCached:        48396 kB
Active:          1768624 kB
Inactive:         535956 kB
Active(anon):    1559464 kB
Inactive(anon):   428084 kB
Active(file):     209160 kB
Inactive(file):   107872 kB
Unevictable:          96 kB
Mlocked:              96 kB
SwapTotal:       4071420 kB
SwapFree:        3185660 kB
Dirty:               476 kB
Writeback:             0 kB
AnonPages:       1927420 kB
Mapped:            78504 kB
Shmem:             41228 kB
Slab:             123728 kB
SReclaimable:      44476 kB
SUnreclaim:        79252 kB
KernelStack:       22120 kB
PageTables:        24120 kB
NFS_Unstable:          0 kB
Bounce:                0 kB
WritebackTmp:          0 kB
CommitLimit:     6029828 kB
Committed_AS:    8146204 kB
VmallocTotal:   34359738367 kB
VmallocUsed:           0 kB
VmallocChunk:          0 kB
Percpu:             7168 kB
HardwareCorrupted:     0 kB
AnonHugePages:    440320 kB
ShmemHugePages:        0 kB
ShmemPmdMapped:        0 kB
HugePages_Total:       0
HugePages_Free:        0
HugePages_Rsvd:        0
HugePages_Surp:        0
Hugepagesize:       2048 kB
Hugetlb:               0 kB
DirectMap4k:      169024 kB
DirectMap2M:     3903488 kB


/proc/sys/kernel/threads-max (system-wide limit on the number of threads):
29678


/proc/sys/vm/max_map_count (maximum number of memory map areas a process may have):
65530


/proc/sys/kernel/pid_max (system-wide limit on number of process identifiers):
32768



container (cgroup) information:
container_type: cgroupv1
cpu_cpuset_cpus: 0-3
cpu_memory_nodes: 0
active_processor_count: 4
cpu_quota: -1
cpu_period: 100000
cpu_shares: -1
memory_limit_in_bytes: -1
memory_and_swap_limit_in_bytes: -2
memory_soft_limit_in_bytes: -1
memory_usage_in_bytes: 2233344000
memory_max_usage_in_bytes: 3602219008

Steal ticks since vm start: 0
Steal ticks percentage since vm start:  0,000

CPU:total 4 (initial active 4) (2 cores per cpu, 2 threads per core) family 6 model 42 stepping 7, cmov, cx8, fxsr, mmx, sse, sse2, sse3, ssse3, sse4.1, sse4.2, popcnt, avx, aes, clmul, ht, tsc, tscinvbit
CPU Model and flags from /proc/cpuinfo:
model name	: Intel(R) Core(TM) i5-2540M CPU @ 2.60GHz
flags		: fpu vme de pse tsc msr pae mce cx8 apic sep mtrr pge mca cmov pat pse36 clflush dts acpi mmx fxsr sse sse2 ss ht tm pbe syscall nx rdtscp lm constant_tsc arch_perfmon pebs bts rep_good nopl xtopology nonstop_tsc cpuid aperfmperf pni pclmulqdq dtes64 monitor ds_cpl vmx smx est tm2 ssse3 cx16 xtpr pdcm pcid sse4_1 sse4_2 x2apic popcnt tsc_deadline_timer aes xsave avx lahf_lm epb pti ssbd ibrs ibpb stibp tpr_shadow vnmi flexpriority ept vpid xsaveopt dtherm ida arat pln pts md_clear flush_l1d

Memory: 4k page, physical 3916820k(1371488k free), swap 4071420k(3185660k free)

vm_info: OpenJDK 64-Bit Server VM (11.0.6+10-post-Debian-1deb10u1) for linux-amd64 JRE (11.0.6+10-post-Debian-1deb10u1), built on Jan 17 2020 00:09:03 by "unknown" with gcc 8.3.0

END.
