#
# A fatal error has been detected by the Java Runtime Environment:
#
#  SIGSEGV (0xb) at pc=0x00007fc9b8f05ea1, pid=4477, tid=9690
#
# JRE version: OpenJDK Runtime Environment (11.0.6+10) (build 11.0.6+10-post-Debian-1deb10u1)
# Java VM: OpenJDK 64-Bit Server VM (11.0.6+10-post-Debian-1deb10u1, mixed mode, sharing, tiered, compressed oops, g1 gc, linux-amd64)
# Problematic frame:
# C  [libjimage.so+0x2ea1]
#
# No core dump will be written. Core dumps have been disabled. To enable core dumping, try "ulimit -c unlimited" before starting Java again
#
# If you would like to submit a bug report, please visit:
#   https://bugs.debian.org/openjdk-11
#

---------------  S U M M A R Y ------------

Command Line: -Dfile.encoding=UTF-8 main

Host: Intel(R) Core(TM) i5-2540M CPU @ 2.60GHz, 4 cores, 3G, Debian GNU/Linux 10 (buster)
Time: Sat Aug 22 04:15:59 2020 CEST elapsed time: 37492 seconds (0d 10h 24m 52s)

---------------  T H R E A D  ---------------

Current thread (0x00007fc934008800):  JavaThread "XToolkt-Shutdown-Thread" [_thread_in_vm, id=9690, stack(0x00007fc9528f3000,0x00007fc9529f4000)]

Stack: [0x00007fc9528f3000,0x00007fc9529f4000],  sp=0x00007fc9529f0520,  free space=1013k
Native frames: (J=compiled Java code, A=aot compiled Java code, j=interpreted, Vv=VM code, C=native code)
C  [libjimage.so+0x2ea1]
C  [libjimage.so+0x3b1a]
C  [libjimage.so+0x3fe5]  JIMAGE_FindResource+0xd5
V  [libjvm.so+0x567def]
V  [libjvm.so+0x56a08b]
V  [libjvm.so+0xc8e62c]
V  [libjvm.so+0xc8d262]
V  [libjvm.so+0xc8d82e]
V  [libjvm.so+0x55b90c]
V  [libjvm.so+0x56411e]
V  [libjvm.so+0x564583]
V  [libjvm.so+0x992d06]
V  [libjvm.so+0x56a0d3]
V  [libjvm.so+0xc8e62c]
V  [libjvm.so+0xc8d262]
V  [libjvm.so+0xc8f766]
V  [libjvm.so+0x60eacd]
V  [libjvm.so+0x60ef32]
V  [libjvm.so+0x9bb4d6]
V  [libjvm.so+0x9c1f6d]
V  [libjvm.so+0x7f22b6]
V  [libjvm.so+0x7f28ed]
j  sun.awt.X11.XToolkit.lambda$init$0()V+0 java.desktop@11.0.6
j  sun.awt.X11.XToolkit$$Lambda$10.run()V+4 java.desktop@11.0.6
j  java.lang.Thread.run()V+11 java.base@11.0.6
v  ~StubRoutines::call_stub
V  [libjvm.so+0x7f8991]
V  [libjvm.so+0x7f6e30]
V  [libjvm.so+0x7f6eeb]
V  [libjvm.so+0x8959dc]
V  [libjvm.so+0xcc48e4]
V  [libjvm.so+0xcc4be0]
V  [libjvm.so+0xcc0894]
V  [libjvm.so+0xb3511e]

Java frames: (J=compiled Java code, j=interpreted, Vv=VM code)
j  sun.awt.X11.XToolkit.lambda$init$0()V+0 java.desktop@11.0.6
j  sun.awt.X11.XToolkit$$Lambda$10.run()V+4 java.desktop@11.0.6
j  java.lang.Thread.run()V+11 java.base@11.0.6
v  ~StubRoutines::call_stub

siginfo: si_signo: 11 (SIGSEGV), si_code: 1 (SEGV_MAPERR), si_addr: 0x00007fc9ab9196b8

Register to memory mapping:

RAX=0x00000000000025a7 is an unknown value
RBX=0x00007fc9529f05d1 is pointing into the stack for thread: 0x00007fc934008800
RCX=0x00007fc9ab91001c is an unknown value
RDX=0x00000000000025a7 is an unknown value
RSP=0x00007fc9529f0520 is pointing into the stack for thread: 0x00007fc934008800
RBP=0x00007fc9529f0540 is pointing into the stack for thread: 0x00007fc934008800
RSI=0x00007fc9529f05d0 is pointing into the stack for thread: 0x00007fc934008800
RDI=0x00007fc9b8f0b130: <offset 0x0000000000008130> in /usr/lib/jvm/java-11-openjdk-amd64/lib/libjimage.so at 0x00007fc9b8f03000
R8 =0x0 is NULL
R9 =0x000000007a0da894 is an unknown value
R10=0x00007fc9529f05f5 is pointing into the stack for thread: 0x00007fc934008800
R11=0x00007fc9ba62fb60: <offset 0x000000000017cb60> in /lib/x86_64-linux-gnu/libc.so.6 at 0x00007fc9ba4b3000
R12=0x00007fc9529f05d0 is pointing into the stack for thread: 0x00007fc934008800
R13=0x00000000000083a0 is an unknown value
R14=0x00007fc9529f1668 is pointing into the stack for thread: 0x00007fc934008800
R15=0x00007fc96426f5b0 points into unknown readable memory: 6a 61 76 61 2f 61 77 74


Registers:
RAX=0x00000000000025a7, RBX=0x00007fc9529f05d1, RCX=0x00007fc9ab91001c, RDX=0x00000000000025a7
RSP=0x00007fc9529f0520, RBP=0x00007fc9529f0540, RSI=0x00007fc9529f05d0, RDI=0x00007fc9b8f0b130
R8 =0x0000000000000000, R9 =0x000000007a0da894, R10=0x00007fc9529f05f5, R11=0x00007fc9ba62fb60
R12=0x00007fc9529f05d0, R13=0x00000000000083a0, R14=0x00007fc9529f1668, R15=0x00007fc96426f5b0
RIP=0x00007fc9b8f05ea1, EFLAGS=0x0000000000010246, CSGSFS=0x002b000000000033, ERR=0x0000000000000004
  TRAPNO=0x000000000000000e

Top of Stack: (sp=0x00007fc9529f0520)
0x00007fc9529f0520:   0000000000000000 00007fc9b4020ae0
0x00007fc9529f0530:   0000000000000000 00007fc9529f05d0
0x00007fc9529f0540:   00007fc9529f05b0 00007fc9b8f06b1a
0x00007fc9529f0550:   0000000000000000 0000000000000000 

Instructions: (pc=0x00007fc9b8f05ea1)
0x00007fc9b8f05da1:   48 89 df 48 89 4d 88 e8 83 f3 ff ff 48 8b 4d 88
0x00007fc9b8f05db1:   44 03 6d 90 e9 42 fd ff ff 66 0f 1f 44 00 00 8b
0x00007fc9b8f05dc1:   08 41 89 0e 44 89 c1 8b 74 08 fc 41 89 74 0e fc
0x00007fc9b8f05dd1:   e9 d8 fe ff ff 66 2e 0f 1f 84 00 00 00 00 00 b9
0x00007fc9b8f05de1:   0a 00 00 00 e9 95 fd ff ff 44 89 c1 0f b7 74 08
0x00007fc9b8f05df1:   fe 66 41 89 74 0e fe e9 b1 fe ff ff 0f 1f 00 0f
0x00007fc9b8f05e01:   b6 17 89 f1 4c 8d 47 01 84 d2 74 1a 0f 1f 00 69
0x00007fc9b8f05e11:   c9 93 01 00 01 49 83 c0 01 31 d1 41 0f b6 50 ff
0x00007fc9b8f05e21:   84 d2 75 eb 89 ce 89 f0 25 ff ff ff 7f c3 90 48
0x00007fc9b8f05e31:   85 d2 0f 84 e1 00 00 00 85 c9 0f 84 d9 00 00 00
0x00007fc9b8f05e41:   55 48 89 e5 41 55 41 54 53 48 8d 5e 01 48 83 ec
0x00007fc9b8f05e51:   08 44 0f b6 06 45 84 c0 0f 84 b1 00 00 00 49 89
0x00007fc9b8f05e61:   da b8 93 01 00 01 66 0f 1f 84 00 00 00 00 00 44
0x00007fc9b8f05e71:   69 c8 93 01 00 01 49 83 c2 01 41 0f b6 c0 45 0f
0x00007fc9b8f05e81:   b6 42 ff 44 31 c8 45 84 c0 75 e4 25 ff ff ff 7f
0x00007fc9b8f05e91:   41 89 cd 48 89 d1 31 d2 49 89 f4 41 f7 f5 89 d0
0x00007fc9b8f05ea1:   8b 34 81 48 8b 07 ff 50 20 85 c0 7f 22 ba ff ff
0x00007fc9b8f05eb1:   ff ff 74 04 f7 d0 89 c2 48 83 c4 08 89 d0 5b 41
0x00007fc9b8f05ec1:   5c 41 5d 5d c3 66 2e 0f 1f 84 00 00 00 00 00 41
0x00007fc9b8f05ed1:   0f b6 34 24 89 c7 40 84 f6 74 1b 0f 1f 40 00 69
0x00007fc9b8f05ee1:   ff 93 01 00 01 48 83 c3 01 31 f7 0f b6 73 ff 40
0x00007fc9b8f05ef1:   84 f6 75 eb 89 f8 25 ff ff ff 7f 31 d2 48 83 c4
0x00007fc9b8f05f01:   08 41 f7 f5 5b 41 5c 41 5d 5d 89 d0 c3 66 90 b8
0x00007fc9b8f05f11:   93 01 00 01 e9 77 ff ff ff 83 ca ff 89 d0 c3 0f
0x00007fc9b8f05f21:   b6 17 48 89 f8 84 d2 75 19 eb 1e 0f 1f 40 00 38
0x00007fc9b8f05f31:   ca 75 1c 48 83 c0 01 0f b6 10 48 83 c6 01 84 d2
0x00007fc9b8f05f41:   74 15 0f b6 0e 84 c9 75 e6 c3 0f 1f 44 00 00 31
0x00007fc9b8f05f51:   c0 c3 0f 1f 44 00 00 c3 90 66 0f 1f 44 00 00 48
0x00007fc9b8f05f61:   85 f6 74 5a 0f b6 06 84 c0 74 54 0f 1f 40 00 0f
0x00007fc9b8f05f71:   b6 d0 83 e0 07 c1 fa 03 44 8d 50 01 0f b6 c0 41
0x00007fc9b8f05f81:   89 d1 4c 8d 44 06 02 48 8d 56 01 31 c0 66 90 0f
0x00007fc9b8f05f91:   b6 0a 48 c1 e0 08 48 83 c2 01 48 09 c8 49 39 d0 


Stack slot to memory mapping:
stack at sp + 0 slots: 0x0 is NULL
stack at sp + 1 slots: 0x00007fc9b4020ae0 points into unknown readable memory: 50 0f 00 44 c9 7f 00 00
stack at sp + 2 slots: 0x0 is NULL
stack at sp + 3 slots: 0x00007fc9529f05d0 is pointing into the stack for thread: 0x00007fc934008800
stack at sp + 4 slots: 0x00007fc9529f05b0 is pointing into the stack for thread: 0x00007fc934008800
stack at sp + 5 slots: 0x00007fc9b8f06b1a: <offset 0x0000000000003b1a> in /usr/lib/jvm/java-11-openjdk-amd64/lib/libjimage.so at 0x00007fc9b8f03000
stack at sp + 6 slots: 0x0 is NULL
stack at sp + 7 slots: 0x0 is NULL


---------------  P R O C E S S  ---------------

Threads class SMR info:
_java_thread_list=0x00007fc934005870, length=17, elements={
0x00007fc9b40bb800, 0x00007fc9b40c5800, 0x00007fc9b40cb000, 0x00007fc9b40cd000,
0x00007fc9b40cf000, 0x00007fc9b40d1000, 0x00007fc9b4100000, 0x00007fc9b4105000,
0x00007fc9b41fc000, 0x00007fc9b4277800, 0x00007fc9b43b0000, 0x00007fc9b43b1800,
0x00007fc9b4014000, 0x00007fc93c0a3000, 0x00007fc96c001000, 0x00007fc96c002800,
0x00007fc934008800
}

Java Threads: ( => current thread )
  0x00007fc9b40bb800 JavaThread "Reference Handler" daemon [_thread_blocked, id=4490, stack(0x00007fc99c001000,0x00007fc99c102000)]
  0x00007fc9b40c5800 JavaThread "Finalizer" daemon [_thread_blocked, id=4491, stack(0x00007fc99410f000,0x00007fc994210000)]
  0x00007fc9b40cb000 JavaThread "Signal Dispatcher" daemon [_thread_blocked, id=4492, stack(0x00007fc99400e000,0x00007fc99410f000)]
  0x00007fc9b40cd000 JavaThread "C2 CompilerThread0" daemon [_thread_blocked, id=4493, stack(0x00007fc98741a000,0x00007fc98751b000)]
  0x00007fc9b40cf000 JavaThread "C1 CompilerThread0" daemon [_thread_blocked, id=4494, stack(0x00007fc987319000,0x00007fc98741a000)]
  0x00007fc9b40d1000 JavaThread "Sweeper thread" daemon [_thread_blocked, id=4495, stack(0x00007fc987218000,0x00007fc987319000)]
  0x00007fc9b4100000 JavaThread "Service Thread" daemon [_thread_blocked, id=4496, stack(0x00007fc987117000,0x00007fc987218000)]
  0x00007fc9b4105000 JavaThread "Common-Cleaner" daemon [_thread_blocked, id=4498, stack(0x00007fc986f14000,0x00007fc987015000)]
  0x00007fc9b41fc000 JavaThread "Java2D Disposer" daemon [_thread_blocked, id=4502, stack(0x00007fc98437a000,0x00007fc98447b000)]
  0x00007fc9b4277800 JavaThread "AWT-XAWT" daemon [_thread_in_native, id=4503, stack(0x00007fc98404c000,0x00007fc98414d000)]
  0x00007fc9b43b0000 JavaThread "AWT-Shutdown" [_thread_blocked, id=4504, stack(0x00007fc9536fe000,0x00007fc9537ff000)]
  0x00007fc9b43b1800 JavaThread "AWT-EventQueue-0" [_thread_blocked, id=4505, stack(0x00007fc9535fd000,0x00007fc9536fe000)]
  0x00007fc9b4014000 JavaThread "DestroyJavaVM" [_thread_blocked, id=4481, stack(0x00007fc9b8f71000,0x00007fc9b9072000)]
  0x00007fc93c0a3000 