#
# A fatal error has been detected by the Java Runtime Environment:
#
#  SIGSEGV (0xb) at pc=0x00007f2532f83ea1, pid=3366, tid=9694
#
# JRE version: OpenJDK Runtime Environment (11.0.6+10) (build 11.0.6+10-post-Debian-1deb10u1)
# Java VM: OpenJDK 64-Bit Server VM (11.0.6+10-post-Debian-1deb10u1, mixed mode, sharing, tiered, compressed oops, g1 gc, linux-amd64)
# Problematic frame:
# C  [libjimage.so+0x2ea1]
#
# No core dump will be written. Core dumps have been disabled. To enable core dumping, try "ulimit -c unlimited" before starting Java again
#
# If you would like to submit a bug report, please visit:
#   https://bugs.debian.org/openjdk-11
#

---------------  S U M M A R Y ------------

Command Line: -Dfile.encoding=UTF-8 main

Host: Intel(R) Core(TM) i5-2540M CPU @ 2.60GHz, 4 cores, 3G, Debian GNU/Linux 10 (buster)
Time: Sat Aug 22 04:15:59 2020 CEST elapsed time: 38832 seconds (0d 10h 47m 12s)

---------------  T H R E A D  ---------------

Current thread (0x00007f24a0001800):  JavaThread "XToolkt-Shutdown-Thread" [_thread_in_vm, id=9694, stack(0x00007f252beff000,0x00007f252c000000)]

Stack: [0x00007f252beff000,0x00007f252c000000],  sp=0x00007f252bffcfc0,  free space=1015k
Native frames: (J=compiled Java code, A=aot compiled Java code, j=interpreted, Vv=VM code, C=native code)
C  [libjimage.so+0x2ea1]
C  [libjimage.so+0x3b1a]
C  [libjimage.so+0x3fe5]  JIMAGE_FindResource+0xd5
V  [libjvm.so+0x567def]
V  [libjvm.so+0x56a08b]
V  [libjvm.so+0xc8e62c]
V  [libjvm.so+0xc8d262]
V  [libjvm.so+0xc8f766]
V  [libjvm.so+0x60eacd]
V  [libjvm.so+0x60ef32]
V  [libjvm.so+0x9bb4d6]
V  [libjvm.so+0x9c1f6d]
V  [libjvm.so+0x7f22b6]
V  [libjvm.so+0x7f28ed]
j  sun.awt.X11.XToolkit.lambda$init$0()V+0 java.desktop@11.0.6
j  sun.awt.X11.XToolkit$$Lambda$10.run()V+4 java.desktop@11.0.6
j  java.lang.Thread.run()V+11 java.base@11.0.6
v  ~StubRoutines::call_stub
V  [libjvm.so+0x7f8991]
V  [libjvm.so+0x7f6e30]
V  [libjvm.so+0x7f6eeb]
V  [libjvm.so+0x8959dc]
V  [libjvm.so+0xcc48e4]
V  [libjvm.so+0xcc4be0]
V  [libjvm.so+0xcc0894]
V  [libjvm.so+0xb3511e]

Java frames: (J=compiled Java code, j=interpreted, Vv=VM code)
j  sun.awt.X11.XToolkit.lambda$init$0()V+0 java.desktop@11.0.6
j  sun.awt.X11.XToolkit$$Lambda$10.run()V+4 java.desktop@11.0.6
j  java.lang.Thread.run()V+11 java.base@11.0.6
v  ~StubRoutines::call_stub

siginfo: si_signo: 11 (SIGSEGV), si_code: 1 (SEGV_MAPERR), si_addr: 0x00007f2523926f28

Register to memory mapping:

RAX=0x0000000000005bc3 is an unknown value
RBX=0x00007f252bffd071 is pointing into the stack for thread: 0x00007f24a0001800
RCX=0x00007f252391001c is an unknown value
RDX=0x0000000000005bc3 is an unknown value
RSP=0x00007f252bffcfc0 is pointing into the stack for thread: 0x00007f24a0001800
RBP=0x00007f252bffcfe0 is pointing into the stack for thread: 0x00007f24a0001800
RSI=0x00007f252bffd070 is pointing into the stack for thread: 0x00007f24a0001800
RDI=0x00007f2532f89130: <offset 0x0000000000008130> in /usr/lib/jvm/java-11-openjdk-amd64/lib/libjimage.so at 0x00007f2532f81000
R8 =0x0 is NULL
R9 =
[error occurred during error reporting (printing register info), id 0xb, SIGSEGV (0xb) at pc=0x00007f2533af9be7]

Registers:
RAX=0x0000000000005bc3, RBX=0x00007f252bffd071, RCX=0x00007f252391001c, RDX=0x0000000000005bc3
RSP=0x00007f252bffcfc0, RBP=0x00007f252bffcfe0, RSI=0x00007f252bffd070, RDI=0x00007f2532f89130
R8 =0x0000000000000000, R9 =0x00000000ca0d71f0, R10=0x00007f252bffd094, R11=0x00007f25346adb60
R12=0x00007f252bffd070, R13=0x00000000000083a0, R14=0x00007f252bffe108, R15=0x00007f24e02063c0
RIP=0x00007f2532f83ea1, EFLAGS=0x0000000000010246, CSGSFS=0x002b000000000033, ERR=0x0000000000000004
  TRAPNO=0x000000000000000e

Top of Stack: (sp=0x00007f252bffcfc0)
0x00007f252bffcfc0:   0000000000000000 00007f252c020ae0
0x00007f252bffcfd0:   0000000000000000 00007f252bffd070
0x00007f252bffcfe0:   00007f252bffd050 00007f2532f84b1a
0x00007f252bffcff0:   0000000000000000 0000000000000000 

Instructions: (pc=0x00007f2532f83ea1)
0x00007f2532f83da1:   48 89 df 48 89 4d 88 e8 83 f3 ff ff 48 8b 4d 88
0x00007f2532f83db1:   44 03 6d 90 e9 42 fd ff ff 66 0f 1f 44 00 00 8b
0x00007f2532f83dc1:   08 41 89 0e 44 89 c1 8b 74 08 fc 41 89 74 0e fc
0x00007f2532f83dd1:   e9 d8 fe ff ff 66 2e 0f 1f 84 00 00 00 00 00 b9
0x00007f2532f83de1:   0a 00 00 00 e9 95 fd ff ff 44 89 c1 0f b7 74 08
0x00007f2532f83df1:   fe 66 41 89 74 0e fe e9 b1 fe ff ff 0f 1f 00 0f
0x00007f2532f83e01:   b6 17 89 f1 4c 8d 47 01 84 d2 74 1a 0f 1f 00 69
0x00007f2532f83e11:   c9 93 01 00 01 49 83 c0 01 31 d1 41 0f b6 50 ff
0x00007f2532f83e21:   84 d2 75 eb 89 ce 89 f0 25 ff ff ff 7f c3 90 48
0x00007f2532f83e31:   85 d2 0f 84 e1 00 00 00 85 c9 0f 84 d9 00 00 00
0x00007f2532f83e41:   55 48 89 e5 41 55 41 54 53 48 8d 5e 01 48 83 ec
0x00007f2532f83e51:   08 44 0f b6 06 45 84 c0 0f 84 b1 00 00 00 49 89
0x00007f2532f83e61:   da b8 93 01 00 01 66 0f 1f 84 00 00 00 00 00 44
0x00007f2532f83e71:   69 c8 93 01 00 01 49 83 c2 01 41 0f b6 c0 45 0f
0x00007f2532f83e81:   b6 42 ff 44 31 c8 45 84 c0 75 e4 25 ff ff ff 7f
0x00007f2532f83e91:   41 89 cd 48 89 d1 31 d2 49 89 f4 41 f7 f5 89 d0
0x00007f2532f83ea1:   8b 34 81 48 8b 07 ff 50 20 85 c0 7f 22 ba ff ff
0x00007f2532f83eb1:   ff ff 74 04 f7 d0 89 c2 48 83 c4 08 89 d0 5b 41
0x00007f2532f83ec1:   5c 41 5d 5d c3 66 2e 0f 1f 84 00 00 00 00 00 41
0x00007f2532f83ed1:   0f b6 34 24 89 c7 40 84 f6 74 1b 0f 1f 40 00 69
0x00007f2532f83ee1:   ff 93 01 00 01 48 83 c3 01 31 f7 0f b6 73 ff 40
0x00007f2532f83ef1:   84 f6 75 eb 89 f8 25 ff ff ff 7f 31 d2 48 83 c4
0x00007f2532f83f01:   08 41 f7 f5 5b 41 5c 41 5d 5d 89 d0 c3 66 90 b8
0x00007f2532f83f11:   93 01 00 01 e9 77 ff ff ff 83 ca ff 89 d0 c3 0f
0x00007f2532f83f21:   b6 17 48 89 f8 84 d2 75 19 eb 1e 0f 1f 40 00 38
0x00007f2532f83f31:   ca 75 1c 48 83 c0 01 0f b6 10 48 83 c6 01 84 d2
0x00007f2532f83f41:   74 15 0f b6 0e 84 c9 75 e6 c3 0f 1f 44 00 00 31
0x00007f2532f83f51:   c0 c3 0f 1f 44 00 00 c3 90 66 0f 1f 44 00 00 48
0x00007f2532f83f61:   85 f6 74 5a 0f b6 06 84 c0 74 54 0f 1f 40 00 0f
0x00007f2532f83f71:   b6 d0 83 e0 07 c1 fa 03 44 8d 50 01 0f b6 c0 41
0x00007f2532f83f81:   89 d1 4c 8d 44 06 02 48 8d 56 01 31 c0 66 90 0f
0x00007f2532f83f91:   b6 0a 48 c1 e0 08 48 83 c2 01 48 09 c8 49 39 d0 


Stack slot to memory mapping:
stack at sp + 0 slots: 0x0 is NULL
stack at sp + 1 slots: 0x00007f252c020ae0 points into unknown readable memory: 50 0f 00 c0 24 7f 00 00
stack at sp + 2 slots: 0x0 is NULL
stack at sp + 3 slots: 0x00007f252bffd070 is pointing into the stack for thread: 0x00007f24a0001800
stack at sp + 4 slots: 0x00007f252bffd050 is pointing into the stack for thread: 0x00007f24a0001800
stack at sp + 5 slots: 0x00007f2532f84b1a: <offset 0x0000000000003b1a> in /usr/lib/jvm/java-11-openjdk-amd64/lib/libjimage.so at 0x00007f2532f81000
stack at sp + 6 slots: 0x0 is NULL
stack at sp + 7 slots: 0x0 is NULL


---------------  P R O C E S S  ---------------

Threads class SMR info:
_java_thread_list=0x00007f24a0002ba0, length=17, elements={
0x00007f252c0bb800, 0x00007f252c0c5800, 0x00007f252c0cb000, 0x00007f252c0cd000,
0x00007f252c0cf000, 0x00007f252c0d1000, 0x00007f252c100000, 0x00007f252c105000,
0x00007f252c224000, 0x00007f252c2af000, 0x00007f252c45f800, 0x00007f252c461000,
0x00007f252c014000, 0x00007f24b8255800, 0x00007f24e8001000, 0x00007f24e8002800,
0x00007f24a0001800
}

Java Threads: ( => current thread )
  0x00007f252c0bb800 JavaThread "Reference Handler" daemon [_thread_blocked, id=3379, stack(0x00007f2514286000,0x00007f2514387000)]
  0x00007f252c0c5800 JavaThread "Finalizer" daemon [_thread_blocked, id=3380, stack(0x00007f2514185000,0x00007f2514286000)]
  0x00007f252c0cb000 JavaThread "Signal Dispatcher" daemon [_thread_blocked, id=3381, stack(0x00007f2514084000,0x00007f2514185000)]
  0x00007f252c0cd000 JavaThread "C2 CompilerThread0" daemon [_thread_blocked, id=3382, stack(0x00007f250541a000,0x00007f250551b000)]
  0x00007f252c0cf000 JavaThread "C1 CompilerThread0" daemon [_thread_blocked, id=3383, stack(0x00007f2505319000,0x00007f250541a000)]
  0x00007f252c0d1000 JavaThread "Sweeper thread" daemon [_thread_blocked, id=3384, stack(0x00007f2505218000,0x00007f2505319000)]
  0x00007f252c100000 JavaThread "Service Thread" daemon [_thread_blocked, id=3385, stack(0x00007f2505117000,0x00007f2505218000)]
  0x00007f252c105000 JavaThread "Common-Cleaner" daemon [_thread_blocked, id=3387, stack(0x00007f2504f14000,0x00007f2505015000)]
  0x00007f252c224000 JavaThread "Java2D Disposer" daemon [_thread_blocked, id=3391, stack(0x00007f24d5bf4000,0x00007f24d5cf5000)]
  0x00007f252c2af000 JavaThread "AWT-XAWT" daemon [_thread_in_native, id=3392, stack(0x00007f24d58c6000,0x00007f24d59c7000)]
  0x00007f252c45f800 JavaThread "AWT-Shutdown" [_thread_blocked, id=3393, stack(0x00007f24d57c5000,0x00007f24d58c6000)]
  0x00007f252c461000 JavaThread "AWT-EventQueue-0" [_thread_blocked, id=3394, stack(0x00007f24d56c4000,0x00007f24d57c5000)]
  0x00007f252c014000 JavaThread "DestroyJavaVM" [_thread_blocked, id=3368, stack(0x00007f2532fef000,0x00007f25330f0000)]
  0x00007f24b8255800 JavaThread "TimerQueue" daemon [_thread_blocked, id=3402, stack(0x00007f24d50c2000,0x00007f24d51c3000)]
  0x00007f24e8001000 JavaThread "SIGTERM handler" daemon [_thread_blocked, id=9677, stack(0x00007f24d53c3000,0x00007f24d54c4000)]
  0x00007f24e8002800 JavaThread "SIGHUP handler" daemon [_thread_blocked, id=9682, stack(0x00007f24d4cbb000,0x00007f24d4dbc000)]
=>0x00007f24a0001800 JavaThread "XToolkt-Shutdown-Thread" [_thread_in_vm, id=9694, stack(0x00007f252beff000,0x00007f252c000000)]

Other Threads:
  0x00007f252c0b8800 VMThread "VM Thread" [stack: 0x00007f2514389000,0x00007f2514489000] [id=3378]
  0x00007f252c102800 WatcherThread [stack: 0x00007f2505017000,0x00007f2505117000] [id=3386]
  0x00007f252c02c800 GCTaskThread "GC Thread#0" [stack: 0x00007f2532c9f000,0x00007f2532d9f000] [id=3370]
  0x00007f24fc039000 GCTaskThread "GC Thread#1" [stack: 0x00007f24d4fc2000,0x00007f24d50c2000] [id=3399]
  0x00007f24fc03a000 GCTaskThread "GC Thread#2" [stack: 0x00007f24d4ec0000,0x00007f24d4fc0000] [id=3400]
  0x00007f24fc03b800 GCTaskThread "GC Thread#3" [stack: 0x00007f24d4dbe000,0x00007f24d4ebe000] [id=3401]
  0x00007f252c047000 ConcurrentGCThread "G1 Main Marker" [stack: 0x00007f25303ec000,0x00007f25304ec000] [id=3372]
  0x00007f252c048800 ConcurrentGCThread "G1 Conc#0" [stack: 0x00007f25302ea000,0x00007f25303ea000] [id=3373]
  0x00007f252c08a800 ConcurrentGCThread "G1 Refine#0" [stack: 0x00007f251460e000,0x00007f251470e000] [id=3376]
  0x00007f252c08c000 ConcurrentGCThread "G1 Young RemSet Sampling" [stack: 0x00007f251450c000,0x00007f251460c000] [id=3377]

Threads with active compile tasks:

VM state:not at safepoint (normal execution)

VM Mutex/Monitor currently owned by a thread: None

Heap address: 0x00000000c4200000, size: 958 MB, Compressed Oops mode: 32-bit
Narrow klass base: 0x0000000800000000, Narrow klass shift: 3
Compressed class space size: 1073741824 Address: 0x0000000840000000

Heap:
 garbage-first heap   total 63488K, used 7389K [0x00000000c4200000, 0x0000000100000000)
  region size 1024K, 7 young (7168K), 2 survivors (2048K)
 Metaspace       used 13964K, capacity 14515K, committed 14848K, reserved 1062912K
  class space    used 1703K, capacity 1959K, committed 2048K, reserved 1048576K
Heap Regions: E=young(eden), S=young(survivor), O=old, HS=humongous(starts), HC=humongous(continues), CS=collection set, F=free, A=archive, TAMS=top-at-mark-start (previous, next)
|   0|0x00000000c4200000, 0x00000000c4286400, 0x00000000c4300000| 52%| O|  |TAMS 0x00000000c4200000, 0x00000000c4200000| Untracked 
|   1|0x00000000c4300000, 0x00000000c4300000, 0x00000000c4400000|  0%| F|  |TAMS 0x00000000c4300000, 0x00000000c4300000| Untracked 
|   2|0x00000000c4400000, 0x00000000c4400000, 0x00000000c4500000|  0%| F|  |TAMS 0x00000000c4400000, 0x00000000c4400000| Untracked 
|   3|0x00000000c4500000, 0x00000000c4500000, 0x00000000c4600000|  0%| F|  |TAMS 0x00000000c4500000, 0x00000000c4500000| Untracked 
|   4|0x00000000c4600000, 0x00000000c4600000, 0x00000000c4700000|  0%| F|  |TAMS 0x00000000c4600000, 0x00000000c4600000| Untracked 
|   5|0x00000000c4700000, 0x00000000c4700000, 0x00000000c4800000|  0%| F|  |TAMS 0x00000000c4700000, 0x00000000c4700000| Untracked 
|   6|0x00000000c4800000, 0x00000000c4800000, 0x00000000c4900000|  0%| F|  |TAMS 0x00000000c4800000, 0x00000000c4800000| Untracked 
|   7|0x00000000c4900000, 0x00000000c4900000, 0x00000000c4a00000|  0%| F|  |TAMS 0x00000000c4900000, 0x00000000c4900000| Untracked 
|   8|0x00000000c4a00000, 0x00000000c4a00000, 0x00000000c4b00000|  0%| F|  |TAMS 0x00000000c4a00000, 0x00000000c4a00000| Untracked 
|   9|0x00000000c4b00000, 0x00000000c4b00000, 0x00000000c4c00000|  0%| F|  |TAMS 0x00000000c4b00000, 0x00000000c4b00000| Untracked 
|  10|0x00000000c4c00000, 0x00000000c4c00000, 0x00000000c4d00000|  0%| F|  |TAMS 0x00000000c4c00000, 0x00000000c4c00000| Untracked 
|  11|0x00000000c4d00000, 0x00000000c4d00000, 0x00000000c4e00000|  0%| F|  |TAMS 0x00000000c4d00000, 0x00000000c4d00000| Untracked 
|  12|0x00000000c4e00000, 0x00000000c4e00000, 0x00000000c4f00000|  0%| F|  |TAMS 0x00000000c4e00000, 0x00000000c4e00000| Untracked 
|  13|0x00000000c4f00000, 0x00000000c4f00000, 0x00000000c5000000|  0%| F|  |TAMS 0x00000000c4f00000, 0x00000000c4f00000| Untracked 
|  14|0x00000000c5000000, 0x00000000c5000000, 0x00000000c5100000|  0%| F|  |TAMS 0x00000000c5000000, 0x00000000c5000000| Untracked 
|  15|0x00000000c5100000, 0x00000000c5100000, 0x00000000c5200000|  0%| F|  |TAMS 0x00000000c5100000, 0x00000000c5100000| Untracked 
|  16|0x00000000c5200000, 0x00000000c5200000, 0x00000000c5300000|  0%| F|  |TAMS 0x00000000c5200000, 0x00000000c5200000| Untracked 
|  17|0x00000000c5300000, 0x00000000c5300000, 0x00000000c5400000|  0%| F|  |TAMS 0x00000000c5300000, 0x00000000c5300000| Untracked 
|  18|0x00000000c5400000, 0x00000000c5400000, 0x00000000c5500000|  0%| F|  |TAMS 0x00000000c5400000, 0x00000000c5400000| Untracked 
|  19|0x00000000c5500000, 0x00000000c5500000, 0x00000000c5600000|  0%| F|  |TAMS 0x00000000c5500000, 0x00000000c5500000| Untracked 
|  20|0x00000000c5600000, 0x00000000c5600000, 0x00000000c5700000|  0%| F|  |TAMS 0x00000000c5600000, 0x00000000c5600000| Untracked 
|  21|0x00000000c5700000, 0x00000000c5700000, 0x00000000c5800000|  0%| F|  |TAMS 0x00000000c5700000, 0x00000000c5700000| Untracked 
|  22|0x00000000c5800000, 0x00000000c5800000, 0x00000000c5900000|  0%| F|  |TAMS 0x00000000c5800000, 0x00000000c5800000| Untracked 
|  23|0x00000000c5900000, 0x00000000c5900000, 0x00000000c5a00000|  0%| F|  |TAMS 0x00000000c5900000, 0x00000000c5900000| Untracked 
|  24|0x00000000c5a00000, 0x00000000c5a00000, 0x00000000c5b00000|  0%| F|  |TAMS 0x00000000c5a00000, 0x00000000c5a00000| Untracked 
|  25|0x00000000c5b00000, 0x00000000c5b00000, 0x00000000c5c00000|  0%| F|  |TAMS 0x00000000c5b00000, 0x00000000c5b00000| Untracked 
|  26|0x00000000c5c00000, 0x00000000c5c00000, 0x00000000c5d00000|  0%| F|  |TAMS 0x00000000c5c00000, 0x00000000c5c00000| Untracked 
|  27|0x00000000c5d00000, 0x00000000c5d00000, 0x00000000c5e00000|  0%| F|  |TAMS 0x00000000c5d00000, 0x00000000c5d00000| Untracked 
|  28|0x00000000c5e00000, 0x00000000c5e00000, 0x00000000c5f00000|  0%| F|  |TAMS 0x00000000c5e00000, 0x00000000c5e00000| Untracked 
|  29|0x00000000c5f00000, 0x00000000c5f00000, 0x00000000c6000000|  0%| F|  |TAMS 0x00000000c5f00000, 0x00000000c5f00000| Untracked 
|  30|0x00000000c6000000, 0x00000000c6000000, 0x00000000c6100000|  0%| F|  |TAMS 0x00000000c6000000, 0x00000000c6000000| Untracked 
|  31|0x00000000c6100000, 0x00000000c6100000, 0x00000000c6200000|  0%| F|  |TAMS 0x00000000c6100000, 0x00000000c6100000| Untracked 
|  32|0x00000000c6200000, 0x00000000c6200000, 0x00000000c6300000|  0%| F|  |TAMS 0x00000000c6200000, 0x00000000c6200000| Untracked 
|  33|0x00000000c6300000, 0x00000000c6300000, 0x00000000c6400000|  0%| F|  |TAMS 0x00000000c6300000, 0x00000000c6300000| Untracked 
|  34|0x00000000c6400000, 0x00000000c6400000, 0x00000000c6500000|  0%| F|  |TAMS 0x00000000c6400000, 0x00000000c6400000| Untracked 
|  35|0x00000000c6500000, 0x00000000c6500000, 0x00000000c6600000|  0%| F|  |TAMS 0x00000000c6500000, 0x00000000c6500000| Untracked 
|  36|0x00000000c6600000, 0x00000000c6600000, 0x00000000c6700000|  0%| F|  |TAMS 0x00000000c6600000, 0x00000000c6600000| Untracked 
|  37|0x00000000c6700000, 0x00000000c6700000, 0x00000000c6800000|  0%| F|  |TAMS 0x00000000c6700000, 0x00000000c6700000| Untracked 
|  38|0x00000000c6800000, 0x00000000c6800000, 0x00000000c6900000|  0%| F|  |TAMS 0x00000000c6800000, 0x00000000c6800000| Untracked 
|  39|0x00000000c6900000, 0x00000000c6900000, 0x00000000c6a00000|  0%| F|  |TAMS 0x00000000c6900000, 0x00000000c6900000| Untracked 
|  40|0x00000000c6a00000, 0x00000000c6a00000, 0x00000000c6b00000|  0%| F|  |TAMS 0x00000000c6a00000, 0x00000000c6a00000| Untracked 
|  41|0x00000000c6b00000, 0x00000000c6b00000, 0x00000000c6c00000|  0%| F|  |TAMS 0x00000000c6b00000, 0x00000000c6b00000| Untracked 
|  42|0x00000000c6c00000, 0x00000000c6c00000, 0x00000000c6d00000|  0%| F|  |TAMS 0x00000000c6c00000, 0x00000000c6c00000| Untracked 
|  43|0x00000000c6d00000, 0x00000000c6d00000, 0x00000000c6e00000|  0%| F|  |TAMS 0x00000000c6d00000, 0x00000000c6d00000| Untracked 
|  44|0x00000000c6e00000, 0x00000000c6f00000, 0x00000000c6f00000|100%| S|CS|TAMS 0x00000000c6e00000, 0x00000000c6e00000| Complete 
|  45|0x00000000c6f00000, 0x00000000c7000000, 0x00000000c7000000|100%| S|CS|TAMS 0x00000000c6f00000, 0x00000000c6f00000| Complete 
|  46|0x00000000c7000000, 0x00000000c7000000, 0x00000000c7100000|  0%| F|  |TAMS 0x00000000c7000000, 0x00000000c7000000| Untracked 
|  47|0x00000000c7100000, 0x00000000c7100000, 0x00000000c7200000|  0%| F|  |TAMS 0x00000000c7100000, 0x00000000c7100000| Untracked 
|  48|0x00000000c7200000, 0x00000000c7200000, 0x00000000c7300000|  0%| F|  |TAMS 0x00000000c7200000, 0x00000000c7200000| Untracked 
|  49|0x00000000c7300000, 0x00000000c7300000, 0x00000000c7400000|  0%| F|  |TAMS 0x00000000c7300000, 0x00000000c7300000| Untracked 
|  50|0x00000000c7400000, 0x00000000c7400000, 0x00000000c7500000|  0%| F|  |TAMS 0x00000000c7400000, 0x00000000c7400000| Untracked 
|  51|0x00000000c7500000, 0x00000000c7500000, 0x00000000c7600000|  0%| F|  |TAMS 0x00000000c7500000, 0x00000000c7500000| Untracked 
|  52|0x00000000c7600000, 0x00000000c7600000, 0x00000000c7700000|  0%| F|  |TAMS 0x00000000c7600000, 0x00000000c7600000| Untracked 
|  53|0x00000000c7700000, 0x00000000c7700000, 0x00000000c7800000|  0%| F|  |TAMS 0x00000000c7700000, 0x00000000c7700000| Untracked 
|  54|0x00000000c7800000, 0x00000000c7800000, 0x00000000c7900000|  0%| F|  |TAMS 0x00000000c7800000, 0x00000000c7800000| Untracked 
|  55|0x00000000c7900000, 0x00000000c798e950, 0x00000000c7a00000| 55%| E|  |TAMS 0x00000000c7900000, 0x00000000c7900000| Complete 
|  56|0x00000000c7a00000, 0x00000000c7b00000, 0x00000000c7b00000|100%| E|CS|TAMS 0x00000000c7a00000, 0x00000000c7a00000| Complete 
|  57|0x00000000c7b00000, 0x00000000c7c00000, 0x00000000c7c00000|100%| E|CS|TAMS 0x00000000c7b00000, 0x00000000c7b00000| Complete 
|  58|0x00000000c7c00000, 0x00000000c7d00000, 0x00000000c7d00000|100%| E|CS|TAMS 0x00000000c7c00000, 0x00000000c7c00000| Complete 
|  59|0x00000000c7d00000, 0x00000000c7e00000, 0x00000000c7e00000|100%| E|CS|TAMS 0x00000000c7d00000, 0x00000000c7d00000| Complete 
| 956|0x00000000ffe00000, 0x00000000ffe47000, 0x00000000fff00000| 27%|OA|  |TAMS 0x00000000ffe00000, 0x00000000ffe00000| Untracked 
| 957|0x00000000fff00000, 0x00000000fff6a000, 0x0000000100000000| 41%|CA|  |TAMS 0x00000000fff00000, 0x00000000fff00000| Untracked 

Card table byte_map: [0x00007f25324db000,0x00007f25326ba000] _byte_map_base: 0x00007f2531eba000

Marking Bits (Prev, Next): (CMBitMap*) 0x00007f252c042348, (CMBitMap*) 0x00007f252c042380
 Prev Bits: [0x00007f2531404000, 0x00007f25322fc000)
 Next Bits: [0x00007f253050c000, 0x00007f2531404000)

Polling page: 0x00007f2534951000

Metaspace:

Usage:
  Non-class:     12,26 MB capacity,    11,97 MB ( 98%) used,   235,76 KB (  2%) free+waste,    58,94 KB ( <1%) overhead. 
      Class:      1,91 MB capacity,     1,66 MB ( 87%) used,   223,23 KB ( 11%) free+waste,    32,31 KB (  2%) overhead. 
       Both:     14,17 MB capacity,    13,64 MB ( 96%) used,   458,98 KB (  3%) free+waste,    91,25 KB ( <1%) overhead. 

Virtual space:
  Non-class space:       14,00 MB reserved,      12,50 MB ( 89%) committed 
      Class space:        1,00 GB reserved,       2,00 MB ( <1%) committed 
             Both:        1,01 GB reserved,      14,50 MB (  1%) committed 

Chunk freelists:
   Non-Class:  136,00 KB
       Class:  25,00 KB
        Both:  161,00 KB

MaxMetaspaceSize: unlimited
CompressedClassSpaceSize: 1,00 GB

CodeHeap 'non-profiled nmethods': size=120032Kb used=579Kb max_used=579Kb free=119452Kb
 bounds [0x00007f251c3d8000, 0x00007f251c648000, 0x00007f2523910000]
CodeHeap 'profiled nmethods': size=120032Kb used=3970Kb max_used=3970Kb free=116061Kb
 bounds [0x00007f2514ea0000, 0x00007f2515290000, 0x00007f251c3d8000]
CodeHeap 'non-nmethods': size=5696Kb used=1289Kb max_used=1305Kb free=4406Kb
 bounds [0x00007f2514910000, 0x00007f2514b80000, 0x00007f2514ea0000]
 total_blobs=2859 nmethods=1832 adapters=611
 compilation: enabled
              stopped_count=0, restarted_count=0
 full_count=0

Compilation events (20 events):
Event: 1095,732 Thread 0x00007f252c0cd000 1822       4       sun.awt.X11.XAnyEvent::get_window (20 bytes)
Event: 1095,735 Thread 0x00007f252c0cd000 nmethod 1822 0x00007f251c466490 code [0x00007f251c466660, 0x00007f251c466848]
Event: 1142,520 Thread 0x00007f252c0cd000 1823   !   4       sun.awt.X11.XToolkit::callTimeoutTasks (220 bytes)
Event: 1142,526 Thread 0x00007f252c0cd000 nmethod 1823 0x00007f251c466b10 code [0x00007f251c466cc0, 0x00007f251c466e08]
Event: 1645,360 Thread 0x00007f252c0cd000 1824   !   4       sun.awt.X11.XToolkit::getNextTaskTime (55 bytes)
Event: 1645,375 Thread 0x00007f252c0cd000 nmethod 1824 0x00007f251c467010 code [0x00007f251c467200, 0x00007f251c467748]
Event: 1706,974 Thread 0x00007f252c0cd000 1825       4       java.util.TreeMap::getEntry (84 bytes)
Event: 1706,979 Thread 0x00007f252c0cd000 nmethod 1825 0x00007f251c467a10 code [0x00007f251c467bc0, 0x00007f251c467d38]
Event: 2882,019 Thread 0x00007f252c0cf000 1826   !   3       jdk.internal.ref.PhantomCleanable::isListEmpty (34 bytes)
Event: 2882,020 Thread 0x00007f252c0cf000 nmethod 1826 0x00007f251526bc90 code [0x00007f251526be40, 0x00007f251526c1d0]
Event: 2882,020 Thread 0x00007f252c0cf000 1827       3       jdk.internal.misc.InnocuousThread::eraseThreadLocals (23 bytes)
Event: 2882,020 Thread 0x00007f252c0cf000 nmethod 1827 0x00007f251526c310 code [0x00007f251526c4c0, 0x00007f251526c710]
Event: 11978,789 Thread 0x00007f252c0cd000 1828       4       sun.awt.X11.XEvent::get_xany (22 bytes)
Event: 11978,795 Thread 0x00007f252c0cd000 nmethod 1828 0x00007f251c467f10 code [0x00007f251c468100, 0x00007f251c468438]
Event: 28229,482 Thread 0x00007f252c0cf000 1830 % !   3       sun.awt.X11.XToolkit::run @ 59 (384 bytes)
Event: 28229,498 Thread 0x00007f252c0cf000 nmethod 1830% 0x00007f251526c790 code [0x00007f251526d1a0, 0x00007f2515274228]
Event: 28741,359 Thread 0x00007f252c0cf000 1831   !   3       sun.awt.X11.XToolkit::run (384 bytes)
Event: 28741,370 Thread 0x00007f252c0cf000 nmethod 1831 0x00007f2515277410 code [0x00007f2515277e00, 0x00007f251527daa8]
Event: 37741,750 Thread 0x00007f252c0cd000 1832       4       java.util.Vector$Itr::hasNext (20 bytes)
Event: 37741,798 Thread 0x00007f252c0cd000 nmethod 1832 0x00007f251c468c90 code [0x00007f251c468e20, 0x00007f251c468eb8]

GC Heap History (2 events):
Event: 1,998 GC heap before
{Heap before GC invocations=0 (full 0):
 garbage-first heap   total 63488K, used 15044K [0x00000000c4200000, 0x0000000100000000)
  region size 1024K, 14 young (14336K), 0 survivors (0K)
 Metaspace       used 12735K, capacity 13223K, committed 13440K, reserved 1060864K
  class space    used 1636K, capacity 1892K, committed 1920K, reserved 1048576K
}
Event: 2,008 GC heap after
{Heap after GC invocations=1 (full 0):
 garbage-first heap   total 63488K, used 3293K [0x00000000c4200000, 0x0000000100000000)
  region size 1024K, 2 young (2048K), 2 survivors (2048K)
 Metaspace       used 12735K, capacity 13223K, committed 13440K, reserved 1060864K
  class space    used 1636K, capacity 1892K, committed 1920K, reserved 1048576K
}

Deoptimization events (20 events):
Event: 1,835 Thread 0x00007f252c461000 Uncommon trap: trap_request=0xffffff4d fr.pc=0x00007f251c4025f0 relative=0x00000000000036f0
Event: 1,835 Thread 0x00007f252c461000 Uncommon trap: reason=unstable_if action=reinterpret pc=0x00007f251c4025f0 method=jdk.internal.org.objectweb.asm.Frame.execute(IILjdk/internal/org/objectweb/asm/ClassWriter;Ljdk/internal/org/objectweb/asm/Item;)V @ 1 c2
Event: 1,835 Thread 0x00007f252c461000 DEOPT PACKING pc=0x00007f251c4025f0 sp=0x00007f24d57be800
Event: 1,835 Thread 0x00007f252c461000 DEOPT UNPACKING pc=0x00007f25149389a5 sp=0x00007f24d57be7c8 mode 2
Event: 1,956 Thread 0x00007f252c461000 Uncommon trap: trap_request=0xffffffde fr.pc=0x00007f251c3f5954 relative=0x00000000000001b4
Event: 1,956 Thread 0x00007f252c461000 Uncommon trap: reason=class_check action=maybe_recompile pc=0x00007f251c3f5954 method=java.lang.String.equals(Ljava/lang/Object;)Z @ 8 c2
Event: 1,956 Thread 0x00007f252c461000 DEOPT PACKING pc=0x00007f251c3f5954 sp=0x00007f24d57bed40
Event: 1,956 Thread 0x00007f252c461000 DEOPT UNPACKING pc=0x00007f25149389a5 sp=0x00007f24d57becf8 mode 2
Event: 1,957 Thread 0x00007f252c461000 Uncommon trap: trap_request=0xffffffde fr.pc=0x00007f251c3f5954 relative=0x00000000000001b4
Event: 1,957 Thread 0x00007f252c461000 Uncommon trap: reason=class_check action=maybe_recompile pc=0x00007f251c3f5954 method=java.lang.String.equals(Ljava/lang/Object;)Z @ 8 c2
Event: 1,957 Thread 0x00007f252c461000 DEOPT PACKING pc=0x00007f251c3f5954 sp=0x00007f24d57be9e0
Event: 1,957 Thread 0x00007f252c461000 DEOPT UNPACKING pc=0x00007f25149389a5 sp=0x00007f24d57be998 mode 2
Event: 1,958 Thread 0x00007f252c461000 Uncommon trap: trap_request=0xffffffde fr.pc=0x00007f251c3f5954 relative=0x00000000000001b4
Event: 1,958 Thread 0x00007f252c461000 Uncommon trap: reason=class_check action=maybe_recompile pc=0x00007f251c3f5954 method=java.lang.String.equals(Ljava/lang/Object;)Z @ 8 c2
Event: 1,958 Thread 0x00007f252c461000 DEOPT PACKING pc=0x00007f251c3f5954 sp=0x00007f24d57be9f0
Event: 1,958 Thread 0x00007f252c461000 DEOPT UNPACKING pc=0x00007f25149389a5 sp=0x00007f24d57be9a8 mode 2
Event: 1,958 Thread 0x00007f252c461000 Uncommon trap: trap_request=0xffffffde fr.pc=0x00007f251c3f5954 relative=0x00000000000001b4
Event: 1,958 Thread 0x00007f252c461000 Uncommon trap: reason=class_check action=maybe_recompile pc=0x00007f251c3f5954 method=java.lang.String.equals(Ljava/lang/Object;)Z @ 8 c2
Event: 1,958 Thread 0x00007f252c461000 DEOPT PACKING pc=0x00007f251c3f5954 sp=0x00007f24d57be910
Event: 1,958 Thread 0x00007f252c461000 DEOPT UNPACKING pc=0x00007f25149389a5 sp=0x00007f24d57be8c8 mode 2

Classes redefined (0 events):
No events

Internal exceptions (20 events):
Event: 0,350 Thread 0x00007f252c014000 Exception <a 'java/lang/NoSuchMethodError'{0x00000000c7ac5938}: 'void java.lang.invoke.DirectMethodHandle$Holder.invokeSpecial(java.lang.Object, java.lang.Object)'> (0x00000000c7ac5938) thrown at [/build/openjdk-11-11.0.6+10/src/hotspot/share/interpreter/
Event: 0,392 Thread 0x00007f252c014000 Exception <a 'java/lang/NoSuchMethodError'{0x00000000c79d3c20}: 'java.lang.Object java.lang.invoke.DirectMethodHandle$Holder.invokeStatic(java.lang.Object, int, java.lang.Object, java.lang.Object, java.lang.Object, java.lang.Object)'> (0x00000000c79d3c20)
Event: 0,392 Thread 0x00007f252c014000 Exception <a 'java/lang/NoSuchMethodError'{0x00000000c79daf30}: 'java.lang.Object java.lang.invoke.DirectMethodHandle$Holder.invokeStatic(java.lang.Object, int, java.lang.Object, java.lang.Object, java.lang.Object)'> (0x00000000c79daf30) thrown at [/build
Event: 0,393 Thread 0x00007f252c014000 Exception <a 'java/lang/NoSuchMethodError'{0x00000000c79dea78}: 'java.lang.Object java.lang.invoke.DirectMethodHandle$Holder.invokeSpecial(java.lang.Object, java.lang.Object, int, java.lang.Object, java.lang.Object, java.lang.Object)'> (0x00000000c79dea78
Event: 0,395 Thread 0x00007f252c014000 Exception <a 'java/lang/NoSuchMethodError'{0x00000000c79f6328}: 'java.lang.Object java.lang.invoke.DirectMethodHandle$Holder.invokeStatic(java.lang.Object, int, java.lang.Object)'> (0x00000000c79f6328) thrown at [/build/openjdk-11-11.0.6+10/src/hotspot/sh
Event: 0,422 Thread 0x00007f252c014000 Exception <a 'java/lang/NoSuchMethodError'{0x00000000c78e8528}: 'java.lang.Object java.lang.invoke.Invokers$Holder.linkToTargetMethod(java.lang.Object, int, java.lang.Object)'> (0x00000000c78e8528) thrown at [/build/openjdk-11-11.0.6+10/src/hotspot/share/
Event: 0,425 Thread 0x00007f252c014000 Exception <a 'java/lang/ClassNotFoundException'{0x00000000c78f0a38}: com/sun/swing/internal/plaf/metal/resources/spi/metalProvider> (0x00000000c78f0a38) thrown at [/build/openjdk-11-11.0.6+10/src/hotspot/share/classfile/systemDictionary.cpp, line 231]
Event: 0,426 Thread 0x00007f252c014000 Exception <a 'java/lang/ClassNotFoundException'{0x00000000c78f58a0}: com/sun/swing/internal/plaf/basic/resources/spi/basicProvider> (0x00000000c78f58a0) thrown at [/build/openjdk-11-11.0.6+10/src/hotspot/share/classfile/systemDictionary.cpp, line 231]
Event: 0,486 Thread 0x00007f252c014000 Exception <a 'java/lang/NoSuchMethodError'{0x00000000c77ba160}: 'void java.lang.invoke.DirectMethodHandle$Holder.invokeStaticInit(java.lang.Object)'> (0x00000000c77ba160) thrown at [/build/openjdk-11-11.0.6+10/src/hotspot/share/interpreter/linkResolver.cp
Event: 0,497 Thread 0x00007f252c014000 Exception <a 'java/lang/NoSuchMethodError'{0x00000000c761ec88}: 'java.lang.Object java.lang.invoke.DirectMethodHandle$Holder.invokeStatic(java.lang.Object, java.lang.Object, java.lang.Object, java.lang.Object, java.lang.Object, java.lang.Object, java.lang
Event: 0,499 Thread 0x00007f252c014000 Exception <a 'java/lang/NoSuchMethodError'{0x00000000c762b680}: 'java.lang.Object java.lang.invoke.DirectMethodHandle$Holder.invokeStatic(java.lang.Object, java.lang.Object, java.lang.Object, java.lang.Object, java.lang.Object, java.lang.Object, java.lang
Event: 0,561 Thread 0x00007f252c014000 Exception <a 'java/lang/NoSuchMethodError'{0x00000000c752c318}: 'java.lang.Object java.lang.invoke.DirectMethodHandle$Holder.invokeSpecial(java.lang.Object, java.lang.Object, int, int, java.lang.Object, java.lang.Object, java.lang.Object, java.lang.Object
Event: 0,561 Thread 0x00007f252c014000 Exception <a 'java/lang/NoSuchMethodError'{0x00000000c752ffa8}: 'java.lang.Object java.lang.invoke.DelegatingMethodHandle$Holder.reinvoke_L(java.lang.Object, int, int, java.lang.Object, java.lang.Object, java.lang.Object, java.lang.Object, java.lang.Objec
Event: 0,578 Thread 0x00007f252c014000 Exception <a 'java/lang/NoSuchMethodError'{0x00000000c75d2ad8}: 'java.lang.Object java.lang.invoke.Invokers$Holder.linkToTargetMethod(java.lang.Object, java.lang.Object, java.lang.Object, java.lang.Object, java.lang.Object, java.lang.Object)'> (0x00000000
Event: 0,586 Thread 0x00007f252c014000 Exception <a 'java/lang/NoSuchMethodError'{0x00000000c743fb60}: 'java.lang.Object java.lang.invoke.DirectMethodHandle$Holder.invokeSpecial(java.lang.Object, java.lang.Object, int, int, java.lang.Object, java.lang.Object, java.lang.Object, java.lang.Object
Event: 0,586 Thread 0x00007f252c014000 Exception <a 'java/lang/NoSuchMethodError'{0x00000000c7443540}: 'java.lang.Object java.lang.invoke.DelegatingMethodHandle$Holder.reinvoke_L(java.lang.Object, int, int, java.lang.Object, java.lang.Object, java.lang.Object, java.lang.Object)'> (0x00000000c7
Event: 0,640 Thread 0x00007f252c014000 Exception <a 'java/lang/NoSuchMethodError'{0x00000000c7226e58}: 'java.lang.Object java.lang.invoke.DirectMethodHandle$Holder.invokeStatic(java.lang.Object, java.lang.Object, java.lang.Object, java.lang.Object, java.lang.Object, java.lang.Object, java.lang
Event: 0,642 Thread 0x00007f252c014000 Exception <a 'java/lang/NoSuchMethodError'{0x00000000c7244de0}: 'java.lang.Object java.lang.invoke.DirectMethodHandle$Holder.invokeStatic(java.lang.Object, java.lang.Object, java.lang.Object, java.lang.Object, java.lang.Object, java.lang.Object, java.lang
Event: 0,644 Thread 0x00007f252c014000 Exception <a 'java/lang/NoSuchMethodError'{0x00000000c7263ae0}: 'java.lang.Object java.lang.invoke.DirectMethodHandle$Holder.invokeStatic(java.lang.Object, java.lang.Object, java.lang.Object, java.lang.Object, java.lang.Object, java.lang.Object, java.lang
Event: 0,647 Thread 0x00007f252c014000 Exception <a 'java/lang/NoSuchMethodError'{0x00000000c7283bd0}: 'java.lang.Object java.lang.invoke.DirectMethodHandle$Holder.invokeStatic(java.lang.Object, java.lang.Object, java.lang.Object, java.lang.Object, java.lang.Object, java.lang.Object, java.lang

Events (20 events):
Event: 14,024 loading class javax/swing/JTable$PrintMode done
Event: 14,024 Executing VM operation: RevokeBias
Event: 14,024 Executing VM operation: RevokeBias done
Event: 14,024 loading class javax/swing/table/DefaultTableCellRenderer$UIResource
Event: 14,024 loading class javax/swing/table/DefaultTableCellRenderer$UIResource done
Event: 16,304 Executing VM operation: RevokeBias
Event: 16,304 Executing VM operation: RevokeBias done
Event: 38831,999 loading class jdk/internal/misc/Signal$1
Event: 38832,095 loading class jdk/internal/misc/Signal$1 done
Event: 38832,178 Thread 0x00007f24e8001000 Thread added: 0x00007f24e8001000
Event: 38832,179 Protecting memory [0x00007f24d53c3000,0x00007f24d53c7000] with protection modes 0
Event: 38832,186 Thread 0x00007f24e8002800 Thread added: 0x00007f24e8002800
Event: 38832,186 Protecting memory [0x00007f24d4cbb000,0x00007f24d4cbf000] with protection modes 0
Event: 38832,195 Executing VM operation: RevokeBias
Event: 38832,198 Executing coalesced safepoint VM operation: RevokeBias
Event: 38832,198 Executing coalesced safepoint VM operation: RevokeBias done
Event: 38832,198 Executing VM operation: RevokeBias done
Event: 38832,234 Thread 0x00007f24a0001800 Thread added: 0x00007f24a0001800
Event: 38832,234 Protecting memory [0x00007f252beff000,0x00007f252bf03000] with protection modes 0
Event: 38832,244 loading class sun/awt/X11/XSystemTrayPeer


Dynamic libraries:
c4200000-c7e00000 rw-p 00000000 00:00 0 
c7e00000-ffe00000 ---p 00000000 00:00 0 
ffe00000-ffe47000 rw-p 01105000 08:02 1578952                            /usr/lib/jvm/java-11-openjdk-amd64/lib/server/classes.jsa
ffe47000-fff00000 rw-p 00000000 00:00 0 
fff00000-fff6a000 rw-p 0109b000 08:02 1578952                            /usr/lib/jvm/java-11-openjdk-amd64/lib/server/classes.jsa
fff6a000-100000000 rw-p 00000000 00:00 0 
800000000-800002000 rwxp 00001000 08:02 1578952                          /usr/lib/jvm/java-11-openjdk-amd64/lib/server/classes.jsa
800002000-8003b8000 rw-p 00003000 08:02 1578952                          /usr/lib/jvm/java-11-openjdk-amd64/lib/server/classes.jsa
8003b8000-800a8d000 r--p 003b9000 08:02 1578952                          /usr/lib/jvm/java-11-openjdk-amd64/lib/server/classes.jsa
800a8d000-800a8e000 rw-p 00a8e000 08:02 1578952                          /usr/lib/jvm/java-11-openjdk-amd64/lib/server/classes.jsa
800a8e000-80109a000 r--p 00a8f000 08:02 1578952                          /usr/lib/jvm/java-11-openjdk-amd64/lib/server/classes.jsa
840000000-840200000 rw-p 00000000 00:00 0 
840200000-880000000 ---p 00000000 00:00 0 
5633c7a48000-5633c7a49000 r--p 00000000 08:02 921319                     /usr/lib/jvm/java-11-openjdk-amd64/bin/java
5633c7a49000-5633c7a4a000 r-xp 00001000 08:02 921319                     /usr/lib/jvm/java-11-openjdk-amd64/bin/java
5633c7a4a000-5633c7a4b000 r--p 00002000 08:02 921319                     /usr/lib/jvm/java-11-openjdk-amd64/bin/java
5633c7a4b000-5633c7a4c000 r--p 00002000 08:02 921319                     /usr/lib/jvm/java-11-openjdk-amd64/bin/java
5633c7a4c000-5633c7a4d000 rw-p 00003000 08:02 921319                     /usr/lib/jvm/java-11-openjdk-amd64/bin/java
5633c847a000-5633c849b000 rw-p 00000000 00:00 0                          [heap]
7f249c000000-7f249c021000 rw-p 00000000 00:00 0 
7f249c021000-7f24a0000000 ---p 00000000 00:00 0 
7f24a0000000-7f24a0021000 rw-p 00000000 00:00 0 
7f24a0021000-7f24a4000000 ---p 00000000 00:00 0 
7f24a4000000-7f24a4021000 rw-p 00000000 00:00 0 
7f24a4021000-7f24a8000000 ---p 00000000 00:00 0 
7f24a8000000-7f24a8021000 rw-p 00000000 00:00 0 
7f24a8021000-7f24ac000000 ---p 00000000 00:00 0 
7f24ac000000-7f24ac021000 rw-p 00000000 00:00 0 
7f24ac021000-7f24b0000000 ---p 00000000 00:00 0 
7f24b0000000-7f24b0021000 rw-p 00000000 00:00 0 
7f24b0021000-7f24b4000000 ---p 00000000 00:00 0 
7f24b4000000-7f24b4021000 rw-p 00000000 00:00 0 
7f24b4021000-7f24b8000000 ---p 00000000 00:00 0 
7f24b8000000-7f24b827d000 rw-p 00000000 00:00 0 
7f24b827d000-7f24bc000000 ---p 00000000 00:00 0 
7f24bc000000-7f24bc021000 rw-p 00000000 00:00 0 
7f24bc021000-7f24c0000000 ---p 00000000 00:00 0 
7f24c0000000-7f24c0021000 rw-p 00000000 00:00 0 
7f24c0021000-7f24c4000000 ---p 00000000 00:00 0 
7f24c4000000-7f24c4021000 rw-p 00000000 00:00 0 
7f24c4021000-7f24c8000000 ---p 00000000 00:00 0 
7f24c8000000-7f24c8021000 rw-p 00000000 00:00 0 
7f24c8021000-7f24cc000000 ---p 00000000 00:00 0 
7f24cc000000-7f24cc021000 rw-p 00000000 00:00 0 
7f24cc021000-7f24d0000000 ---p 00000000 00:00 0 
7f24d0000000-7f24d0021000 rw-p 00000000 00:00 0 
7f24d0021000-7f24d4000000 ---p 00000000 00:00 0 
7f24d4abb000-7f24d4b3b000 rw-p 00000000 00:00 0 
7f24d4b3b000-7f24d4cbb000 ---p 00000000 00:00 0 
7f24d4cbb000-7f24d4cbf000 ---p 00000000 00:00 0 
7f24d4cbf000-7f24d4dbc000 rw-p 00000000 00:00 0 
7f24d4dbc000-7f24d4dbd000 ---p 00000000 00:00 0 
7f24d4dbd000-7f24d4ebe000 rw-p 00000000 00:00 0 
7f24d4ebe000-7f24d4ebf000 ---p 00000000 00:00 0 
7f24d4ebf000-7f24d4fc0000 rw-p 00000000 00:00 0 
7f24d4fc0000-7f24d4fc1000 ---p 00000000 00:00 0 
7f24d4fc1000-7f24d50c2000 rw-p 00000000 00:00 0 
7f24d50c2000-7f24d50c6000 ---p 00000000 00:00 0 
7f24d50c6000-7f24d53c3000 rw-p 00000000 00:00 0 
7f24d53c3000-7f24d53c7000 ---p 00000000 00:00 0 
7f24d53c7000-7f24d56c4000 rw-p 00000000 00:00 0 
7f24d56c4000-7f24d56c8000 ---p 00000000 00:00 0 
7f24d56c8000-7f24d57c5000 rw-p 00000000 00:00 0 
7f24d57c5000-7f24d57c9000 ---p 00000000 00:00 0 
7f24d57c9000-7f24d58c6000 rw-p 00000000 00:00 0 
7f24d58c6000-7f24d58ca000 ---p 00000000 00:00 0 
7f24d58ca000-7f24d59c7000 rw-p 00000000 00:00 0 
7f24d59c7000-7f24d59cc000 r-xp 00000000 08:02 793173                     /usr/lib/x86_64-linux-gnu/libXfixes.so.3.1.0
7f24d59cc000-7f24d5bcb000 ---p 00005000 08:02 793173                     /usr/lib/x86_64-linux-gnu/libXfixes.so.3.1.0
7f24d5bcb000-7f24d5bcc000 r--p 00004000 08:02 793173                     /usr/lib/x86_64-linux-gnu/libXfixes.so.3.1.0
7f24d5bcc000-7f24d5bcd000 rw-p 00005000 08:02 793173                     /usr/lib/x86_64-linux-gnu/libXfixes.so.3.1.0
7f24d5bcd000-7f24d5bd0000 r--p 00000000 08:02 796589                     /usr/lib/x86_64-linux-gnu/libXcursor.so.1.0.2
7f24d5bd0000-7f24d5bd6000 r-xp 00003000 08:02 796589                     /usr/lib/x86_64-linux-gnu/libXcursor.so.1.0.2
7f24d5bd6000-7f24d5bd8000 r--p 00009000 08:02 796589                     /usr/lib/x86_64-linux-gnu/libXcursor.so.1.0.2
7f24d5bd8000-7f24d5bd9000 r--p 0000a000 08:02 796589                     /usr/lib/x86_64-linux-gnu/libXcursor.so.1.0.2
7f24d5bd9000-7f24d5bda000 rw-p 0000b000 08:02 796589                     /usr/lib/x86_64-linux-gnu/libXcursor.so.1.0.2
7f24d5bf4000-7f24d5bf8000 ---p 00000000 00:00 0 
7f24d5bf8000-7f24d5cf5000 rw-p 00000000 00:00 0 
7f24d5cf5000-7f24d5cf6000 ---p 00000000 00:00 0 
7f24d5cf6000-7f24d64f6000 rw-p 00000000 00:00 0 
7f24d64f6000-7f24d64f7000 ---p 00000000 00:00 0 
7f24d64f7000-7f24d6cf7000 rw-p 00000000 00:00 0 
7f24d6cf7000-7f24d6cf8000 ---p 00000000 00:00 0 
7f24d6cf8000-7f24d74f8000 rw-p 00000000 00:00 0 
7f24d74f8000-7f24d74fc000 r--p 00000000 08:02 1313752                    /usr/lib/x86_64-linux-gnu/gio/modules/libdconfsettings.so
7f24d74fc000-7f24d7503000 r-xp 00004000 08:02 1313752                    /usr/lib/x86_64-linux-gnu/gio/modules/libdconfsettings.so
7f24d7503000-7f24d7506000 r--p 0000b000 08:02 1313752                    /usr/lib/x86_64-linux-gnu/gio/modules/libdconfsettings.so
7f24d7506000-7f24d7507000 ---p 0000e000 08:02 1313752                    /usr/lib/x86_64-linux-gnu/gio/modules/libdconfsettings.so
7f24d7507000-7f24d7508000 r--p 0000e000 08:02 1313752                    /usr/lib/x86_64-linux-gnu/gio/modules/libdconfsettings.so
7f24d7508000-7f24d7509000 rw-p 0000f000 08:02 1313752                    /usr/lib/x86_64-linux-gnu/gio/modules/libdconfsettings.so
7f24d7509000-7f24d7529000 r--p 00000000 08:02 790272                     /usr/share/locale/it/LC_MESSAGES/glib20.mo
7f24d7529000-7f24d7533000 r--p 00000000 08:02 788196                     /usr/lib/x86_64-linux-gnu/libblkid.so.1.1.0
7f24d7533000-7f24d7567000 r-xp 0000a000 08:02 788196                     /usr/lib/x86_64-linux-gnu/libblkid.so.1.1.0
7f24d7567000-7f24d7577000 r--p 0003e000 08:02 788196                     /usr/lib/x86_64-linux-gnu/libblkid.so.1.1.0
7f24d7577000-7f24d7578000 ---p 0004e000 08:02 788196                     /usr/lib/x86_64-linux-gnu/libblkid.so.1.1.0
7f24d7578000-7f24d757d000 r--p 0004e000 08:02 788196                     /usr/lib/x86_64-linux-gnu/libblkid.so.1.1.0
7f24d757d000-7f24d757e000 rw-p 00053000 08:02 788196                     /usr/lib/x86_64-linux-gnu/libblkid.so.1.1.0
7f24d757e000-7f24d7580000 r--p 00000000 08:02 786839                     /usr/lib/x86_64-linux-gnu/libpcre.so.3.13.3
7f24d7580000-7f24d75d2000 r-xp 00002000 08:02 786839                     /usr/lib/x86_64-linux-gnu/libpcre.so.3.13.3
7f24d75d2000-7f24d75f0000 r--p 00054000 08:02 786839                     /usr/lib/x86_64-linux-gnu/libpcre.so.3.13.3
7f24d75f0000-7f24d75f1000 r--p 00071000 08:02 786839                     /usr/lib/x86_64-linux-gnu/libpcre.so.3.13.3
7f24d75f1000-7f24d75f2000 rw-p 00072000 08:02 786839                     /usr/lib/x86_64-linux-gnu/libpcre.so.3.13.3
7f24d75f2000-7f24d75f6000 r--p 00000000 08:02 787130                     /usr/lib/x86_64-linux-gnu/libresolv-2.28.so
7f24d75f6000-7f24d7603000 r-xp 00004000 08:02 787130                     /usr/lib/x86_64-linux-gnu/libresolv-2.28.so
7f24d7603000-7f24d7607000 r--p 00011000 08:02 787130                     /usr/lib/x86_64-linux-gnu/libresolv-2.28.so
7f24d7607000-7f24d7608000 ---p 00015000 08:02 787130                     /usr/lib/x86_64-linux-gnu/libresolv-2.28.so
7f24d7608000-7f24d7609000 r--p 00015000 08:02 787130                     /usr/lib/x86_64-linux-gnu/libresolv-2.28.so
7f24d7609000-7f24d760a000 rw-p 00016000 08:02 787130                     /usr/lib/x86_64-linux-gnu/libresolv-2.28.so
7f24d760a000-7f24d760c000 rw-p 00000000 00:00 0 
7f24d760c000-7f24d7631000 r-xp 00000000 08:02 788681                     /usr/lib/x86_64-linux-gnu/libselinux.so.1
7f24d7631000-7f24d7830000 ---p 00025000 08:02 788681                     /usr/lib/x86_64-linux-gnu/libselinux.so.1
7f24d7830000-7f24d7831000 r--p 00024000 08:02 788681                     /usr/lib/x86_64-linux-gnu/libselinux.so.1
7f24d7831000-7f24d7832000 rw-p 00025000 08:02 788681                     /usr/lib/x86_64-linux-gnu/libselinux.so.1
7f24d7832000-7f24d7834000 rw-p 00000000 00:00 0 
7f24d7834000-7f24d7840000 r--p 00000000 08:02 788270                     /usr/lib/x86_64-linux-gnu/libmount.so.1.1.0
7f24d7840000-7f24d787c000 r-xp 0000c000 08:02 788270                     /usr/lib/x86_64-linux-gnu/libmount.so.1.1.0
7f24d787c000-7f24d788e000 r--p 00048000 08:02 788270                     /usr/lib/x86_64-linux-gnu/libmount.so.1.1.0
7f24d788e000-7f24d788f000 ---p 0005a000 08:02 788270                     /usr/lib/x86_64-linux-gnu/libmount.so.1.1.0
7f24d788f000-7f24d7892000 r--p 0005a000 08:02 788270                     /usr/lib/x86_64-linux-gnu/libmount.so.1.1.0
7f24d7892000-7f24d7893000 rw-p 0005d000 08:02 788270                     /usr/lib/x86_64-linux-gnu/libmount.so.1.1.0
7f24d7893000-7f24d789e000 r--p 00000000 08:02 790340                     /usr/lib/x86_64-linux-gnu/libgobject-2.0.so.0.5800.3
7f24d789e000-7f24d78d0000 r-xp 0000b000 08:02 790340                     /usr/lib/x86_64-linux-gnu/libgobject-2.0.so.0.5800.3
7f24d78d0000-7f24d78e6000 r--p 0003d000 08:02 790340                     /usr/lib/x86_64-linux-gnu/libgobject-2.0.so.0.5800.3
7f24d78e6000-7f24d78e7000 r--p 00052000 08:02 790340                     /usr/lib/x86_64-linux-gnu/libgobject-2.0.so.0.5800.3
7f24d78e7000-7f24d78e8000 rw-p 00053000 08:02 790340                     /usr/lib/x86_64-linux-gnu/libgobject-2.0.so.0.5800.3
7f24d78e8000-7f24d7903000 r--p 00000000 08:02 790338                     /usr/lib/x86_64-linux-gnu/libglib-2.0.so.0.5800.3
7f24d7903000-7f24d7981000 r-xp 0001b000 08:02 790338                     /usr/lib/x86_64-linux-gnu/libglib-2.0.so.0.5800.3
7f24d7981000-7f24d7a03000 r--p 00099000 08:02 790338                     /usr/lib/x86_64-linux-gnu/libglib-2.0.so.0.5800.3
7f24d7a03000-7f24d7a04000 ---p 0011b000 08:02 790338                     /usr/lib/x86_64-linux-gnu/libglib-2.0.so.0.5800.3
7f24d7a04000-7f24d7a05000 r--p 0011b000 08:02 790338                     /usr/lib/x86_64-linux-gnu/libglib-2.0.so.0.5800.3
7f24d7a05000-7f24d7a06000 rw-p 0011c000 08:02 790338                     /usr/lib/x86_64-linux-gnu/libglib-2.0.so.0.5800.3
7f24d7a06000-7f24d7a07000 rw-p 00000000 00:00 0 
7f24d7a07000-7f24d7a3e000 r--p 00000000 08:02 790336                     /usr/lib/x86_64-linux-gnu/libgio-2.0.so.0.5800.3
7f24d7a3e000-7f24d7b37000 r-xp 00037000 08:02 790336                     /usr/lib/x86_64-linux-gnu/libgio-2.0.so.0.5800.3
7f24d7b37000-7f24d7bb9000 r--p 00130000 08:02 790336                     /usr/lib/x86_64-linux-gnu/libgio-2.0.so.0.5800.3
7f24d7bb9000-7f24d7bba000 ---p 001b2000 08:02 790336                     /usr/lib/x86_64-linux-gnu/libgio-2.0.so.0.5800.3
7f24d7bba000-7f24d7bc2000 r--p 001b2000 08:02 790336                     /usr/lib/x86_64-linux-gnu/libgio-2.0.so.0.5800.3
7f24d7bc2000-7f24d7bc3000 rw-p 001ba000 08:02 790336                     /usr/lib/x86_64-linux-gnu/libgio-2.0.so.0.5800.3
7f24d7bc3000-7f24d7bc5000 rw-p 00000000 00:00 0 
7f24d7bc5000-7f24d7bcf000 r-xp 00000000 08:02 796593                     /usr/lib/x86_64-linux-gnu/libXrandr.so.2.2.0
7f24d7bcf000-7f24d7dce000 ---p 0000a000 08:02 796593                     /usr/lib/x86_64-linux-gnu/libXrandr.so.2.2.0
7f24d7dce000-7f24d7dcf000 r--p 00009000 08:02 796593                     /usr/lib/x86_64-linux-gnu/libXrandr.so.2.2.0
7f24d7dcf000-7f24d7dd0000 rw-p 0000a000 08:02 796593                     /usr/lib/x86_64-linux-gnu/libXrandr.so.2.2.0
7f24d7dd0000-7f24d7dd6000 r--p 00000000 08:02 793087                     /usr/lib/x86_64-linux-gnu/libpng16.so.16.36.0
7f24d7dd6000-7f24d7dfb000 r-xp 00006000 08:02 793087                     /usr/lib/x86_64-linux-gnu/libpng16.so.16.36.0
7f24d7dfb000-7f24d7e07000 r--p 0002b000 08:02 793087                     /usr/lib/x86_64-linux-gnu/libpng16.so.16.36.0
7f24d7e07000-7f24d7e08000 r--p 00036000 08:02 793087                     /usr/lib/x86_64-linux-gnu/libpng16.so.16.36.0
7f24d7e08000-7f24d7e09000 rw-p 00037000 08:02 793087                     /usr/lib/x86_64-linux-gnu/libpng16.so.16.36.0
7f24d7e09000-7f24d7e16000 r--p 00000000 08:02 790798                     /usr/lib/x86_64-linux-gnu/libfreetype.so.6.16.1
7f24d7e16000-7f24d7e93000 r-xp 0000d000 08:02 790798                     /usr/lib/x86_64-linux-gnu/libfreetype.so.6.16.1
7f24d7e93000-7f24d7ebc000 r--p 0008a000 08:02 790798                     /usr/lib/x86_64-linux-gnu/libfreetype.so.6.16.1
7f24d7ebc000-7f24d7ebd000 ---p 000b3000 08:02 790798                     /usr/lib/x86_64-linux-gnu/libfreetype.so.6.16.1
7f24d7ebd000-7f24d7ec4000 r--p 000b3000 08:02 790798                     /usr/lib/x86_64-linux-gnu/libfreetype.so.6.16.1
7f24d7ec4000-7f24d7ec5000 rw-p 000ba000 08:02 790798                     /usr/lib/x86_64-linux-gnu/libfreetype.so.6.16.1
7f24d7ec5000-7f24d7ec9000 r--p 00000000 08:02 1050654                    /usr/lib/jvm/java-11-openjdk-amd64/lib/libfontmanager.so
7f24d7ec9000-7f24d7fbb000 r-xp 00004000 08:02 1050654                    /usr/lib/jvm/java-11-openjdk-amd64/lib/libfontmanager.so
7f24d7fbb000-7f24d7ffb000 r--p 000f6000 08:02 1050654                    /usr/lib/jvm/java-11-openjdk-amd64/lib/libfontmanager.so
7f24d7ffb000-7f24d7ffc000 r--p 00135000 08:02 1050654                    /usr/lib/jvm/java-11-openjdk-amd64/lib/libfontmanager.so
7f24d7ffc000-7f24d7ffd000 rw-p 00136000 08:02 1050654                    /usr/lib/jvm/java-11-openjdk-amd64/lib/libfontmanager.so
7f24d7ffd000-7f24d8000000 rw-p 00000000 00:00 0 
7f24d8000000-7f24d8021000 rw-p 00000000 00:00 0 
7f24d8021000-7f24dc000000 ---p 00000000 00:00 0 
7f24dc000000-7f24dc021000 rw-p 00000000 00:00 0 
7f24dc021000-7f24e0000000 ---p 00000000 00:00 0 
7f24e0000000-7f24e06d8000 rw-p 00000000 00:00 0 
7f24e06d8000-7f24e4000000 ---p 00000000 00:00 0 
7f24e4000000-7f24e4021000 rw-p 00000000 00:00 0 
7f24e4021000-7f24e8000000 ---p 00000000 00:00 0 
7f24e8000000-7f24e8021000 rw-p 00000000 00:00 0 
7f24e8021000-7f24ec000000 ---p 00000000 00:00 0 
7f24ec000000-7f24ec683000 rw-p 00000000 00:00 0 
7f24ec683000-7f24f0000000 ---p 00000000 00:00 0 
7f24f0000000-7f24f0021000 rw-p 00000000 00:00 0 
7f24f0021000-7f24f4000000 ---p 00000000 00:00 0 
7f24f4000000-7f24f4021000 rw-p 00000000 00:00 0 
7f24f4021000-7f24f8000000 ---p 00000000 00:00 0 
7f24f8000000-7f24f8021000 rw-p 00000000 00:00 0 
7f24f8021000-7f24fc000000 ---p 00000000 00:00 0 
7f24fc000000-7f24fc03f000 rw-p 00000000 00:00 0 
7f24fc03f000-7f2500000000 ---p 00000000 00:00 0 
7f2500000000-7f2500021000 rw-p 00000000 00:00 0 
7f2500021000-7f2504000000 ---p 00000000 00:00 0 
7f2504003000-7f2504005000 r--p 00000000 08:02 786721                     /usr/lib/x86_64-linux-gnu/libuuid.so.1.3.0
7f2504005000-7f2504009000 r-xp 00002000 08:02 786721                     /usr/lib/x86_64-linux-gnu/libuuid.so.1.3.0
7f2504009000-7f250400a000 r--p 00006000 08:02 786721                     /usr/lib/x86_64-linux-gnu/libuuid.so.1.3.0
7f250400a000-7f250400b000 r--p 00006000 08:02 786721                     /usr/lib/x86_64-linux-gnu/libuuid.so.1.3.0
7f250400b000-7f250400c000 rw-p 00007000 08:02 786721                     /usr/lib/x86_64-linux-gnu/libuuid.so.1.3.0
7f250400c000-7f250400e000 r--p 00000000 08:02 787520                     /usr/lib/x86_64-linux-gnu/libffi.so.6.0.4
7f250400e000-7f2504013000 r-xp 00002000 08:02 787520                     /usr/lib/x86_64-linux-gnu/libffi.so.6.0.4
7f2504013000-7f2504014000 r--p 00007000 08:02 787520                     /usr/lib/x86_64-linux-gnu/libffi.so.6.0.4
7f2504014000-7f2504015000 r--p 00007000 08:02 787520                     /usr/lib/x86_64-linux-gnu/libffi.so.6.0.4
7f2504015000-7f2504016000 rw-p 00008000 08:02 787520                     /usr/lib/x86_64-linux-gnu/libffi.so.6.0.4
7f2504016000-7f2504037000 r--p 00000000 08:02 792185                     /usr/share/locale/it/LC_MESSAGES/libc.mo
7f2504037000-7f250403c000 r-xp 00000000 08:02 793144                     /usr/lib/x86_64-linux-gnu/libXdmcp.so.6.0.0
7f250403c000-7f250423b000 ---p 00005000 08:02 793144                     /usr/lib/x86_64-linux-gnu/libXdmcp.so.6.0.0
7f250423b000-7f250423c000 r--p 00004000 08:02 793144                     /usr/lib/x86_64-linux-gnu/libXdmcp.so.6.0.0
7f250423c000-7f250423d000 rw-p 00005000 08:02 793144                     /usr/lib/x86_64-linux-gnu/libXdmcp.so.6.0.0
7f250423d000-7f250423f000 r-xp 00000000 08:02 793142                     /usr/lib/x86_64-linux-gnu/libXau.so.6.0.0
7f250423f000-7f250443f000 ---p 00002000 08:02 793142                     /usr/lib/x86_64-linux-gnu/libXau.so.6.0.0
7f250443f000-7f2504440000 r--p 00002000 08:02 793142                     /usr/lib/x86_64-linux-gnu/libXau.so.6.0.0
7f2504440000-7f2504441000 rw-p 00003000 08:02 793142                     /usr/lib/x86_64-linux-gnu/libXau.so.6.0.0
7f2504441000-7f250444d000 r--p 00000000 08:02 793146                     /usr/lib/x86_64-linux-gnu/libxcb.so.1.1.0
7f250444d000-7f2504460000 r-xp 0000c000 08:02 793146                     /usr/lib/x86_64-linux-gnu/libxcb.so.1.1.0
7f2504460000-7f2504469000 r--p 0001f000 08:02 793146                     /usr/lib/x86_64-linux-gnu/libxcb.so.1.1.0
7f2504469000-7f250446a000 r--p 00027000 08:02 793146                     /usr/lib/x86_64-linux-gnu/libxcb.so.1.1.0
7f250446a000-7f250446b000 rw-p 00028000 08:02 793146                     /usr/lib/x86_64-linux-gnu/libxcb.so.1.1.0
7f250446b000-7f250447a000 r-xp 00000000 08:02 793270                     /usr/lib/x86_64-linux-gnu/libXi.so.6.1.0
7f250447a000-7f2504679000 ---p 0000f000 08:02 793270                     /usr/lib/x86_64-linux-gnu/libXi.so.6.1.0
7f2504679000-7f250467a000 r--p 0000e000 08:02 793270                     /usr/lib/x86_64-linux-gnu/libXi.so.6.1.0
7f250467a000-7f250467b000 rw-p 0000f000 08:02 793270                     /usr/lib/x86_64-linux-gnu/libXi.so.6.1.0
7f250467b000-7f2504680000 r-xp 00000000 08:02 796147                     /usr/lib/x86_64-linux-gnu/libXtst.so.6.1.0
7f2504680000-7f250487f000 ---p 00005000 08:02 796147                     /usr/lib/x86_64-linux-gnu/libXtst.so.6.1.0
7f250487f000-7f2504880000 r--p 00004000 08:02 796147                     /usr/lib/x86_64-linux-gnu/libXtst.so.6.1.0
7f2504880000-7f2504881000 rw-p 00005000 08:02 796147                     /usr/lib/x86_64-linux-gnu/libXtst.so.6.1.0
7f2504881000-7f250488a000 r-xp 00000000 08:02 793276                     /usr/lib/x86_64-linux-gnu/libXrender.so.1.3.0
7f250488a000-7f2504a89000 ---p 00009000 08:02 793276                     /usr/lib/x86_64-linux-gnu/libXrender.so.1.3.0
7f2504a89000-7f2504a8a000 r--p 00008000 08:02 793276                     /usr/lib/x86_64-linux-gnu/libXrender.so.1.3.0
7f2504a8a000-7f2504a8b000 rw-p 00009000 08:02 793276                     /usr/lib/x86_64-linux-gnu/libXrender.so.1.3.0
7f2504a8b000-7f2504aa7000 r--p 00000000 08:02 793166                     /usr/lib/x86_64-linux-gnu/libX11.so.6.3.0
7f2504aa7000-7f2504b31000 r-xp 0001c000 08:02 793166                     /usr/lib/x86_64-linux-gnu/libX11.so.6.3.0
7f2504b31000-7f2504bc5000 r--p 000a6000 08:02 793166                     /usr/lib/x86_64-linux-gnu/libX11.so.6.3.0
7f2504bc5000-7f2504bc6000 ---p 0013a000 08:02 793166                     /usr/lib/x86_64-linux-gnu/libX11.so.6.3.0
7f2504bc6000-7f2504bc7000 r--p 0013a000 08:02 793166                     /usr/lib/x86_64-linux-gnu/libX11.so.6.3.0
7f2504bc7000-7f2504bcc000 rw-p 0013b000 08:02 793166                     /usr/lib/x86_64-linux-gnu/libX11.so.6.3.0
7f2504bcc000-7f2504bdd000 r-xp 00000000 08:02 793169                     /usr/lib/x86_64-linux-gnu/libXext.so.6.4.0
7f2504bdd000-7f2504ddc000 ---p 00011000 08:02 793169                     /usr/lib/x86_64-linux-gnu/libXext.so.6.4.0
7f2504ddc000-7f2504ddd000 r--p 00010000 08:02 793169                     /usr/lib/x86_64-linux-gnu/libXext.so.6.4.0
7f2504ddd000-7f2504dde000 rw-p 00011000 08:02 793169                     /usr/lib/x86_64-linux-gnu/libXext.so.6.4.0
7f2504dde000-7f2504dee000 r--p 00000000 08:02 1050650                    /usr/lib/jvm/java-11-openjdk-amd64/lib/libawt_xawt.so
7f2504dee000-7f2504e2b000 r-xp 00010000 08:02 1050650                    /usr/lib/jvm/java-11-openjdk-amd64/lib/libawt_xawt.so
7f2504e2b000-7f2504e3d000 r--p 0004d000 08:02 1050650                    /usr/lib/jvm/java-11-openjdk-amd64/lib/libawt_xawt.so
7f2504e3d000-7f2504e3e000 r--p 0005e000 08:02 1050650                    /usr/lib/jvm/java-11-openjdk-amd64/lib/libawt_xawt.so
7f2504e3e000-7f2504e41000 rw-p 0005f000 08:02 1050650                    /usr/lib/jvm/java-11-openjdk-amd64/lib/libawt_xawt.so
7f2504e41000-7f2504e43000 rw-p 00000000 00:00 0 
7f2504e43000-7f2504e6f000 r--p 00000000 08:02 1050645                    /usr/lib/jvm/java-11-openjdk-amd64/lib/libawt.so
7f2504e6f000-7f2504ed6000 r-xp 0002c000 08:02 1050645                    /usr/lib/jvm/java-11-openjdk-amd64/lib/libawt.so
7f2504ed6000-7f2504ee3000 r--p 00093000 08:02 1050645                    /usr/lib/jvm/java-11-openjdk-amd64/lib/libawt.so
7f2504ee3000-7f2504ee4000 r--p 0009f000 08:02 1050645                    /usr/lib/jvm/java-11-openjdk-amd64/lib/libawt.so
7f2504ee4000-7f2504eef000 rw-p 000a0000 08:02 1050645                    /usr/lib/jvm/java-11-openjdk-amd64/lib/libawt.so
7f2504eef000-7f2504f14000 rw-p 00000000 00:00 0 
7f2504f14000-7f2504f18000 ---p 00000000 00:00 0 
7f2504f18000-7f2505015000 rw-p 00000000 00:00 0 
7f2505015000-7f2505016000 ---p 00000000 00:00 0 
7f2505016000-7f2505117000 rw-p 00000000 00:00 0 
7f2505117000-7f250511b000 ---p 00000000 00:00 0 
7f250511b000-7f2505218000 rw-p 00000000 00:00 0 
7f2505218000-7f250521c000 ---p 00000000 00:00 0 
7f250521c000-7f2505319000 rw-p 00000000 00:00 0 
7f2505319000-7f250531d000 ---p 00000000 00:00 0 
7f250531d000-7f250541a000 rw-p 00000000 00:00 0 
7f250541a000-7f250541e000 ---p 00000000 00:00 0 
7f250541e000-7f250551b000 rw-p 00000000 00:00 0 
7f250551b000-7f2505800000 r--p 00000000 08:02 786879                     /usr/lib/locale/locale-archive
7f2505800000-7f2508000000 rw-p 00000000 00:00 0 
7f2508000000-7f2508021000 rw-p 00000000 00:00 0 
7f2508021000-7f250c000000 ---p 00000000 00:00 0 
7f250c000000-7f250c021000 rw-p 00000000 00:00 0 
7f250c021000-7f2510000000 ---p 00000000 00:00 0 
7f2510000000-7f2510021000 rw-p 00000000 00:00 0 
7f2510021000-7f2514000000 ---p 00000000 00:00 0 
7f2514006000-7f251400a000 r--p 00000000 08:02 791299                     /usr/lib/x86_64-linux-gnu/libbsd.so.0.9.1
7f251400a000-7f2514019000 r-xp 00004000 08:02 791299                     /usr/lib/x86_64-linux-gnu/libbsd.so.0.9.1
7f2514019000-7f251401c000 r--p 00013000 08:02 791299                     /usr/lib/x86_64-linux-gnu/libbsd.so.0.9.1
7f251401c000-7f251401d000 ---p 00016000 08:02 791299                     /usr/lib/x86_64-linux-gnu/libbsd.so.0.9.1
7f251401d000-7f251401e000 r--p 00016000 08:02 791299                     /usr/lib/x86_64-linux-gnu/libbsd.so.0.9.1
7f251401e000-7f251401f000 rw-p 00017000 08:02 791299                     /usr/lib/x86_64-linux-gnu/libbsd.so.0.9.1
7f251401f000-7f2514020000 rw-p 00000000 00:00 0 
7f251402b000-7f251403a000 r--p 00000000 08:02 1311871                    /usr/share/glib-2.0/schemas/gschemas.compiled
7f251403a000-7f251406b000 rw-p 00000000 00:00 0 
7f251406b000-7f251406f000 r--p 00000000 08:02 1051068                    /usr/lib/jvm/java-11-openjdk-amd64/lib/libnet.so
7f251406f000-7f251407e000 r-xp 00004000 08:02 1051068                    /usr/lib/jvm/java-11-openjdk-amd64/lib/libnet.so
7f251407e000-7f2514082000 r--p 00013000 08:02 1051068                    /usr/lib/jvm/java-11-openjdk-amd64/lib/libnet.so
7f2514082000-7f2514083000 r--p 00016000 08:02 1051068                    /usr/lib/jvm/java-11-openjdk-amd64/lib/libnet.so
7f2514083000-7f2514084000 rw-p 00017000 08:02 1051068                    /usr/lib/jvm/java-11-openjdk-amd64/lib/libnet.so
7f2514084000-7f2514088000 ---p 00000000 00:00 0 
7f2514088000-7f2514185000 rw-p 00000000 00:00 0 
7f2514185000-7f2514189000 ---p 00000000 00:00 0 
7f2514189000-7f2514286000 rw-p 00000000 00:00 0 
7f2514286000-7f251428a000 ---p 00000000 00:00 0 
7f251428a000-7f2514387000 rw-p 00000000 00:00 0 
7f2514387000-7f2514388000 ---p 00000000 00:00 0 
7f2514388000-7f251450a000 rw-p 00000000 00:00 0 
7f251450a000-7f251450b000 ---p 00000000 00:00 0 
7f251450b000-7f251460c000 rw-p 00000000 00:00 0 
7f251460c000-7f251460d000 ---p 00000000 00:00 0 
7f251460d000-7f2514910000 rw-p 00000000 00:00 0 
7f2514910000-7f2514b80000 rwxp 00000000 00:00 0 
7f2514b80000-7f2514ea0000 ---p 00000000 00:00 0 
7f2514ea0000-7f2515290000 rwxp 00000000 00:00 0 
7f2515290000-7f251c3d8000 ---p 00000000 00:00 0 
7f251c3d8000-7f251c648000 rwxp 00000000 00:00 0 
7f251c648000-7f2523910000 ---p 00000000 00:00 0 
7f2524000000-7f2524021000 rw-p 00000000 00:00 0 
7f2524021000-7f2528000000 ---p 00000000 00:00 0 
7f252beff000-7f252bf03000 ---p 00000000 00:00 0 
7f252bf03000-7f252c000000 rw-p 00000000 00:00 0 
7f252c000000-7f252c4fc000 rw-p 00000000 00:00 0 
7f252c4fc000-7f2530000000 ---p 00000000 00:00 0 
7f2530008000-7f2530009000 r--p 00000000 08:02 790339                     /usr/lib/x86_64-linux-gnu/libgmodule-2.0.so.0.5800.3
7f2530009000-7f253000b000 r-xp 00001000 08:02 790339                     /usr/lib/x86_64-linux-gnu/libgmodule-2.0.so.0.5800.3
7f253000b000-7f253000c000 r--p 00003000 08:02 790339                     /usr/lib/x86_64-linux-gnu/libgmodule-2.0.so.0.5800.3
7f253000c000-7f253000d000 r--p 00003000 08:02 790339                     /usr/lib/x86_64-linux-gnu/libgmodule-2.0.so.0.5800.3
7f253000d000-7f253000e000 rw-p 00004000 08:02 790339                     /usr/lib/x86_64-linux-gnu/libgmodule-2.0.so.0.5800.3
7f253000e000-7f2530015000 r--p 00000000 08:02 1051069                    /usr/lib/jvm/java-11-openjdk-amd64/lib/libnio.so
7f2530015000-7f253001c000 r-xp 00007000 08:02 1051069                    /usr/lib/jvm/java-11-openjdk-amd64/lib/libnio.so
7f253001c000-7f253001f000 r--p 0000e000 08:02 1051069                    /usr/lib/jvm/java-11-openjdk-amd64/lib/libnio.so
7f253001f000-7f2530020000 r--p 00010000 08:02 1051069                    /usr/lib/jvm/java-11-openjdk-amd64/lib/libnio.so
7f2530020000-7f2530021000 rw-p 00011000 08:02 1051069                    /usr/lib/jvm/java-11-openjdk-amd64/lib/libnio.so
7f2530021000-7f25302e8000 rw-p 00000000 00:00 0 
7f25302e8000-7f25302e9000 ---p 00000000 00:00 0 
7f25302e9000-7f25303ea000 rw-p 00000000 00:00 0 
7f25303ea000-7f25303eb000 ---p 00000000 00:00 0 
7f25303eb000-7f25305fc000 rw-p 00000000 00:00 0 
7f25305fc000-7f25313fc000 ---p 00000000 00:00 0 
7f25313fc000-7f25314f4000 rw-p 00000000 00:00 0 
7f25314f4000-7f25322f4000 ---p 00000000 00:00 0 
7f25322f4000-7f253231a000 rw-p 00000000 00:00 0 
7f253231a000-7f25324da000 ---p 00000000 00:00 0 
7f25324da000-7f25324f9000 rw-p 00000000 00:00 0 
7f25324f9000-7f25326b9000 ---p 00000000 00:00 0 
7f25326b9000-7f25326d8000 rw-p 00000000 00:00 0 
7f25326d8000-7f2532898000 ---p 00000000 00:00 0 
7f2532898000-7f2532c9d000 rw-p 00000000 00:00 0 
7f2532c9d000-7f2532c9e000 ---p 00000000 00:00 0 
7f2532c9e000-7f2532da4000 rw-p 00000000 00:00 0 
7f2532da4000-7f2532e8a000 ---p 00000000 00:00 0 
7f2532e8a000-7f2532e92000 rw-p 00000000 00:00 0 
7f2532e92000-7f2532f75000 ---p 00000000 00:00 0 
7f2532f75000-7f2532f7a000 rw-p 00000000 00:00 0 
7f2532f7a000-7f2532f81000 ---p 00000000 00:00 0 
7f2532f81000-7f2532f83000 r--p 00000000 08:02 1051055                    /usr/lib/jvm/java-11-openjdk-amd64/lib/libjimage.so
7f2532f83000-7f2532f86000 r-xp 00002000 08:02 1051055                    /usr/lib/jvm/java-11-openjdk-amd64/lib/libjimage.so
7f2532f86000-7f2532f88000 r--p 00005000 08:02 1051055                    /usr/lib/jvm/java-11-openjdk-amd64/lib/libjimage.so
7f2532f88000-7f2532f89000 r--p 00006000 08:02 1051055                    /usr/lib/jvm/java-11-openjdk-amd64/lib/libjimage.so
7f2532f89000-7f2532f8a000 rw-p 00007000 08:02 1051055                    /usr/lib/jvm/java-11-openjdk-amd64/lib/libjimage.so
7f2532f8a000-7f2532f8d000 r--p 00000000 08:02 787123                     /usr/lib/x86_64-linux-gnu/libnss_files-2.28.so
7f2532f8d000-7f2532f94000 r-xp 00003000 08:02 787123                     /usr/lib/x86_64-linux-gnu/libnss_files-2.28.so
7f2532f94000-7f2532f96000 r--p 0000a000 08:02 787123                     /usr/lib/x86_64-linux-gnu/libnss_files-2.28.so
7f2532f96000-7f2532f97000 ---p 0000c000 08:02 787123                     /usr/lib/x86_64-linux-gnu/libnss_files-2.28.so
7f2532f97000-7f2532f98000 r--p 0000c000 08:02 787123                     /usr/lib/x86_64-linux-gnu/libnss_files-2.28.so
7f2532f98000-7f2532f99000 rw-p 0000d000 08:02 787123                     /usr/lib/x86_64-linux-gnu/libnss_files-2.28.so
7f2532f99000-7f2532f9f000 rw-p 00000000 00:00 0 
7f2532fa0000-7f2532fa7000 r--s 00000000 08:02 789458                     /usr/lib/x86_64-linux-gnu/gconv/gconv-modules.cache
7f2532fa7000-7f2532fa9000 r--p 00000000 08:02 1051080                    /usr/lib/jvm/java-11-openjdk-amd64/lib/libzip.so
7f2532fa9000-7f2532fad000 r-xp 00002000 08:02 1051080                    /usr/lib/jvm/java-11-openjdk-amd64/lib/libzip.so
7f2532fad000-7f2532faf000 r--p 00006000 08:02 1051080                    /usr/lib/jvm/java-11-openjdk-amd64/lib/libzip.so
7f2532faf000-7f2532fb0000 r--p 00007000 08:02 1051080                    /usr/lib/jvm/java-11-openjdk-amd64/lib/libzip.so
7f2532fb0000-7f2532fb1000 rw-p 00008000 08:02 1051080                    /usr/lib/jvm/java-11-openjdk-amd64/lib/libzip.so
7f2532fb1000-7f2532fb9000 rw-s 00000000 08:02 6422563                    /tmp/hsperfdata_gambero/3366
7f2532fb9000-7f2532fc6000 r--p 00000000 08:02 1050802                    /usr/lib/jvm/java-11-openjdk-amd64/lib/libjava.so
7f2532fc6000-7f2532fdb000 r-xp 0000d000 08:02 1050802                    /usr/lib/jvm/java-11-openjdk-amd64/lib/libjava.so
7f2532fdb000-7f2532fe2000 r--p 00022000 08:02 1050802                    /usr/lib/jvm/java-11-openjdk-amd64/lib/libjava.so
7f2532fe2000-7f2532fe3000 r--p 00028000 08:02 1050802                    /usr/lib/jvm/java-11-openjdk-amd64/lib/libjava.so
7f2532fe3000-7f2532fe5000 rw-p 00029000 08:02 1050802                    /usr/lib/jvm/java-11-openjdk-amd64/lib/libjava.so
7f2532fe5000-7f2532fe7000 r--p 00000000 08:02 787131                     /usr/lib/x86_64-linux-gnu/librt-2.28.so
7f2532fe7000-7f2532feb000 r-xp 00002000 08:02 787131                     /usr/lib/x86_64-linux-gnu/librt-2.28.so
7f2532feb000-7f2532fed000 r--p 00006000 08:02 787131                     /usr/lib/x86_64-linux-gnu/librt-2.28.so
7f2532fed000-7f2532fee000 r--p 00007000 08:02 787131                     /usr/lib/x86_64-linux-gnu/librt-2.28.so
7f2532fee000-7f2532fef000 rw-p 00008000 08:02 787131                     /usr/lib/x86_64-linux-gnu/librt-2.28.so
7f2532fef000-7f2532ff3000 ---p 00000000 00:00 0 
7f2532ff3000-7f25330f0000 rw-p 00000000 00:00 0 
7f25330f0000-7f25330f3000 r--p 00000000 08:02 786446                     /usr/lib/x86_64-linux-gnu/libgcc_s.so.1
7f25330f3000-7f2533104000 r-xp 00003000 08:02 786446                     /usr/lib/x86_64-linux-gnu/libgcc_s.so.1
7f2533104000-7f2533107000 r--p 00014000 08:02 786446                     /usr/lib/x86_64-linux-gnu/libgcc_s.so.1
7f2533107000-7f2533108000 ---p 00017000 08:02 786446                     /usr/lib/x86_64-linux-gnu/libgcc_s.so.1
7f2533108000-7f2533109000 r--p 00017000 08:02 786446                     /usr/lib/x86_64-linux-gnu/libgcc_s.so.1
7f2533109000-7f253310a000 rw-p 00018000 08:02 786446                     /usr/lib/x86_64-linux-gnu/libgcc_s.so.1
7f253310a000-7f2533117000 r--p 00000000 08:02 787114                     /usr/lib/x86_64-linux-gnu/libm-2.28.so
7f2533117000-7f25331b6000 r-xp 0000d000 08:02 787114                     /usr/lib/x86_64-linux-gnu/libm-2.28.so
7f25331b6000-7f253328b000 r--p 000ac000 08:02 787114                     /usr/lib/x86_64-linux-gnu/libm-2.28.so
7f253328b000-7f253328c000 r--p 00180000 08:02 787114                     /usr/lib/x86_64-linux-gnu/libm-2.28.so
7f253328c000-7f253328d000 rw-p 00181000 08:02 787114                     /usr/lib/x86_64-linux-gnu/libm-2.28.so
7f253328d000-7f2533316000 r--p 00000000 08:02 786705                     /usr/lib/x86_64-linux-gnu/libstdc++.so.6.0.25
7f2533316000-7f25333c2000 r-xp 00089000 08:02 786705                     /usr/lib/x86_64-linux-gnu/libstdc++.so.6.0.25
7f25333c2000-7f2533400000 r--p 00135000 08:02 786705                     /usr/lib/x86_64-linux-gnu/libstdc++.so.6.0.25
7f2533400000-7f2533401000 ---p 00173000 08:02 786705                     /usr/lib/x86_64-linux-gnu/libstdc++.so.6.0.25
7f2533401000-7f253340b000 r--p 00173000 08:02 786705                     /usr/lib/x86_64-linux-gnu/libstdc++.so.6.0.25
7f253340b000-7f253340d000 rw-p 0017d000 08:02 786705                     /usr/lib/x86_64-linux-gnu/libstdc++.so.6.0.25
7f253340d000-7f2533411000 rw-p 00000000 00:00 0 
7f2533411000-7f253367e000 r--p 00000000 08:02 1579002                    /usr/lib/jvm/java-11-openjdk-amd64/lib/server/libjvm.so
7f253367e000-7f25341aa000 r-xp 0026d000 08:02 1579002                    /usr/lib/jvm/java-11-openjdk-amd64/lib/server/libjvm.so
7f25341aa000-7f25343e2000 r--p 00d99000 08:02 1579002                    /usr/lib/jvm/java-11-openjdk-amd64/lib/server/libjvm.so
7f25343e2000-7f253449f000 r--p 00fd0000 08:02 1579002                    /usr/lib/jvm/java-11-openjdk-amd64/lib/server/libjvm.so
7f253449f000-7f25344d9000 rw-p 0108d000 08:02 1579002                    /usr/lib/jvm/java-11-openjdk-amd64/lib/server/libjvm.so
7f25344d9000-7f2534531000 rw-p 00000000 00:00 0 
7f2534531000-7f2534553000 r--p 00000000 08:02 787111                     /usr/lib/x86_64-linux-gnu/libc-2.28.so
7f2534553000-7f253469b000 r-xp 00022000 08:02 787111                     /usr/lib/x86_64-linux-gnu/libc-2.28.so
7f253469b000-7f25346e7000 r--p 0016a000 08:02 787111                     /usr/lib/x86_64-linux-gnu/libc-2.28.so
7f25346e7000-7f25346e8000 ---p 001b6000 08:02 787111                     /usr/lib/x86_64-linux-gnu/libc-2.28.so
7f25346e8000-7f25346ec000 r--p 001b6000 08:02 787111                     /usr/lib/x86_64-linux-gnu/libc-2.28.so
7f25346ec000-7f25346ee000 rw-p 001ba000 08:02 787111                     /usr/lib/x86_64-linux-gnu/libc-2.28.so
7f25346ee000-7f25346f2000 rw-p 00000000 00:00 0 
7f25346f2000-7f25346f3000 r--p 00000000 08:02 787113                     /usr/lib/x86_64-linux-gnu/libdl-2.28.so
7f25346f3000-7f25346f4000 r-xp 00001000 08:02 787113                     /usr/lib/x86_64-linux-gnu/libdl-2.28.so
7f25346f4000-7f25346f5000 r--p 00002000 08:02 787113                     /usr/lib/x86_64-linux-gnu/libdl-2.28.so
7f25346f5000-7f25346f6000 r--p 00002000 08:02 787113                     /usr/lib/x86_64-linux-gnu/libdl-2.28.so
7f25346f6000-7f25346f7000 rw-p 00003000 08:02 787113                     /usr/lib/x86_64-linux-gnu/libdl-2.28.so
7f25346f7000-7f25346fa000 r--p 00000000 08:02 1578979                    /usr/lib/jvm/java-11-openjdk-amd64/lib/jli/libjli.so
7f25346fa000-7f2534704000 r-xp 00003000 08:02 1578979                    /usr/lib/jvm/java-11-openjdk-amd64/lib/jli/libjli.so
7f2534704000-7f2534707000 r--p 0000d000 08:02 1578979                    /usr/lib/jvm/java-11-openjdk-amd64/lib/jli/libjli.so
7f2534707000-7f2534708000 r--p 0000f000 08:02 1578979                    /usr/lib/jvm/java-11-openjdk-amd64/lib/jli/libjli.so
7f2534708000-7f2534709000 rw-p 00010000 08:02 1578979                    /usr/lib/jvm/java-11-openjdk-amd64/lib/jli/libjli.so
7f2534709000-7f253470f000 r--p 00000000 08:02 787129                     /usr/lib/x86_64-linux-gnu/libpthread-2.28.so
7f253470f000-7f253471e000 r-xp 00006000 08:02 787129                     /usr/lib/x86_64-linux-gnu/libpthread-2.28.so
7f253471e000-7f2534724000 r--p 00015000 08:02 787129                     /usr/lib/x86_64-linux-gnu/libpthread-2.28.so
7f2534724000-7f2534725000 r--p 0001a000 08:02 787129                     /usr/lib/x86_64-linux-gnu/libpthread-2.28.so
7f2534725000-7f2534726000 rw-p 0001b000 08:02 787129                     /usr/lib/x86_64-linux-gnu/libpthread-2.28.so
7f2534726000-7f253472a000 rw-p 00000000 00:00 0 
7f253472a000-7f2534746000 r-xp 00000000 08:02 788687                     /usr/lib/x86_64-linux-gnu/libz.so.1.2.11
7f2534746000-7f2534946000 ---p 0001c000 08:02 788687                     /usr/lib/x86_64-linux-gnu/libz.so.1.2.11
7f2534946000-7f2534947000 r--p 0001c000 08:02 788687                     /usr/lib/x86_64-linux-gnu/libz.so.1.2.11
7f2534947000-7f2534948000 rw-p 0001d000 08:02 788687                     /usr/lib/x86_64-linux-gnu/libz.so.1.2.11
7f2534948000-7f253494a000 rw-p 00000000 00:00 0 
7f253494d000-7f253494e000 r--p 00000000 08:02 6840480                    /home/gambero/.config/dconf/user
7f253494e000-7f253494f000 r--s 00000000 00:30 29150                      /run/user/1000/dconf/user
7f253494f000-7f2534951000 r--s 00007000 08:02 1446998                    /usr/share/java/java-atk-wrapper.jar
7f2534951000-7f2534952000 ---p 00000000 00:00 0 
7f2534952000-7f2534953000 r--p 00000000 00:00 0 
7f2534953000-7f2534958000 r--p 00000000 08:02 1051079                    /usr/lib/jvm/java-11-openjdk-amd64/lib/libverify.so
7f2534958000-7f253495f000 r-xp 00005000 08:02 1051079                    /usr/lib/jvm/java-11-openjdk-amd64/lib/libverify.so
7f253495f000-7f2534961000 r--p 0000c000 08:02 1051079                    /usr/lib/jvm/java-11-openjdk-amd64/lib/libverify.so
7f2534961000-7f2534963000 r--p 0000d000 08:02 1051079                    /usr/lib/jvm/java-11-openjdk-amd64/lib/libverify.so
7f2534963000-7f2534964000 rw-p 0000f000 08:02 1051079                    /usr/lib/jvm/java-11-openjdk-amd64/lib/libverify.so
7f2534964000-7f2534965000 r--p 00000000 08:02 786448                     /usr/lib/x86_64-linux-gnu/ld-2.28.so
7f2534965000-7f2534983000 r-xp 00001000 08:02 786448                     /usr/lib/x86_64-linux-gnu/ld-2.28.so
7f2534983000-7f253498b000 r--p 0001f000 08:02 786448                     /usr/lib/x86_64-linux-gnu/ld-2.28.so
7f253498b000-7f253498c000 r--p 00026000 08:02 786448                     /usr/lib/x86_64-linux-gnu/ld-2.28.so
7f253498c000-7f253498d000 rw-p 00027000 08:02 786448                     /usr/lib/x86_64-linux-gnu/ld-2.28.so
7f253498d000-7f253498e000 rw-p 00000000 00:00 0 
7ffe8412b000-7ffe8414c000 rw-p 00000000 00:00 0                          [stack]
7ffe8417c000-7ffe8417f000 r--p 00000000 00:00 0                          [vvar]
7ffe8417f000-7ffe84181000 r-xp 00000000 00:00 0                          [vdso]


VM Arguments:
jvm_args: -Dfile.encoding=UTF-8 
java_command: main
java_class_path (initial): /home/gambero/eclipse-workspace/FileSplitter/bin
Launcher Type: SUN_STANDARD

[Global flags]
     intx CICompilerCount                          = 3                                         {product} {ergonomic}
     uint ConcGCThreads                            = 1                                         {product} {ergonomic}
     uint G1ConcRefinementThreads                  = 4                                         {product} {ergonomic}
   size_t G1HeapRegionSize                         = 1048576                                   {product} {ergonomic}
    uintx GCDrainStackTargetSize                   = 64                                        {product} {ergonomic}
   size_t InitialHeapSize                          = 62914560                                  {product} {ergonomic}
   size_t MarkStackSize                            = 4194304                                   {product} {ergonomic}
   size_t MaxHeapSize                              = 1004535808                                {product} {ergonomic}
   size_t MaxNewSize                               = 601882624                                 {product} {ergonomic}
   size_t MinHeapDeltaBytes                        = 1048576                                   {product} {ergonomic}
    uintx NonNMethodCodeHeapSize                   = 5830732                                {pd product} {ergonomic}
    uintx NonProfiledCodeHeapSize                  = 122913754                              {pd product} {ergonomic}
    uintx ProfiledCodeHeapSize                     = 122913754                              {pd product} {ergonomic}
    uintx ReservedCodeCacheSize                    = 251658240                              {pd product} {ergonomic}
     bool SegmentedCodeCache                       = true                                      {product} {ergonomic}
     bool UseCompressedClassPointers               = true                                 {lp64_product} {ergonomic}
     bool UseCompressedOops                        = true                                 {lp64_product} {ergonomic}
     bool UseG1GC                                  = true                                      {product} {ergonomic}

Logging:
Log output configuration:
 #0: stdout all=warning uptime,level,tags
 #1: stderr all=off uptime,level,tags

Environment Variables:
PATH=/usr/local/bin:/usr/bin:/bin:/usr/local/games:/usr/games:/snap/bin
SHELL=/bin/bash
DISPLAY=:0

Signal Handlers:
SIGSEGV: [libjvm.so+0xd26680], sa_mask[0]=11111111011111111101111111111110, sa_flags=SA_RESTART|SA_SIGINFO
SIGBUS: [libjvm.so+0xd26680], sa_mask[0]=11111111011111111101111111111110, sa_flags=SA_RESTART|SA_SIGINFO
SIGFPE: [libjvm.so+0xd26680], sa_mask[0]=11111111011111111101111111111110, sa_flags=SA_RESTART|SA_SIGINFO
SIGPIPE: SIG_IGN, sa_mask[0]=00000000000010000000000000000000, sa_flags=SA_RESTART
SIGXFSZ: [libjvm.so+0xb2c8b0], sa_mask[0]=11111111011111111101111111111110, sa_flags=SA_RESTART|SA_SIGINFO
SIGILL: [libjvm.so+0xd26680], sa_mask[0]=11111111011111111101111111111110, sa_flags=SA_RESTART|SA_SIGINFO
SIGUSR2: [libjvm.so+0xb2c740], sa_mask[0]=00100000000000000000000000000000, sa_flags=SA_RESTART|SA_SIGINFO
SIGHUP: [libjvm.so+0xb2cbf0], sa_mask[0]=11111111011111111101111111111110, sa_flags=SA_RESTART|SA_SIGINFO
SIGINT: [libjvm.so+0xb2cbf0], sa_mask[0]=11111111011111111101111111111110, sa_flags=SA_RESTART|SA_SIGINFO
SIGTERM: [libjvm.so+0xb2cbf0], sa_mask[0]=11111111011111111101111111111110, sa_flags=SA_RESTART|SA_SIGINFO
SIGQUIT: [libjvm.so+0xb2cbf0], sa_mask[0]=11111111011111111101111111111110, sa_flags=SA_RESTART|SA_SIGINFO


---------------  S Y S T E M  ---------------

OS:PRETTY_NAME="Debian GNU/Linux 10 (buster)"
NAME="Debian GNU/Linux"
VERSION_ID="10"
VERSION="10 (buster)"
VERSION_CODENAME=buster
ID=debian
HOME_URL="https://www.debian.org/"
SUPPORT_URL="https://www.debian.org/support"
BUG_REPORT_URL="https://bugs.debian.org/"
uname:Linux 4.19.0-6-amd64 #1 SMP Debian 4.19.67-2+deb10u2 (2019-11-11) x86_64
libc:glibc 2.28 NPTL 2.28 
rlimit: STACK 8192k, CORE 0k, NPROC 14839, NOFILE 1048576, AS infinity, DATA infinity, FSIZE infinity
load average:0,20 0,41 0,31

/proc/meminfo:
MemTotal:        3916820 kB
MemFree:         1430160 kB
MemAvailable:    1568488 kB
Buffers:           27424 kB
Cached:           333448 kB
SwapCached:        43208 kB
Active:          1714508 kB
Inactive:         534624 kB
Active(anon):    1504904 kB
Inactive(anon):   424680 kB
Active(file):     209604 kB
Inactive(file):   109944 kB
Unevictable:          96 kB
Mlocked:              96 kB
SwapTotal:       4071420 kB
SwapFree:        3302652 kB
Dirty:               624 kB
Writeback:             0 kB
AnonPages:       1870652 kB
Mapped:            79984 kB
Shmem:             41228 kB
Slab:             123424 kB
SReclaimable:      44476 kB
SUnreclaim:        78948 kB
KernelStack:       21212 kB
PageTables:        22872 kB
NFS_Unstable:          0 kB
Bounce:                0 kB
WritebackTmp:          0 kB
CommitLimit:     6029828 kB
Committed_AS:    7766440 kB
VmallocTotal:   34359738367 kB
VmallocUsed:           0 kB
VmallocChunk:          0 kB
Percpu:             7168 kB
HardwareCorrupted:     0 kB
AnonHugePages:    440320 kB
ShmemHugePages:        0 kB
ShmemPmdMapped:        0 kB
HugePages_Total:       0
HugePages_Free:        0
HugePages_Rsvd:        0
HugePages_Surp:        0
Hugepagesize:       2048 kB
Hugetlb:               0 kB
DirectMap4k:      169024 kB
DirectMap2M:     3903488 kB


/proc/sys/kernel/threads-max (system-wide limit on the number of threads):
29678


/proc/sys/vm/max_map_count (maximum number of memory map areas a process may have):
65530


/proc/sys/kernel/pid_max (system-wide limit on number of process identifiers):
32768



container (cgroup) information:
container_type: cgroupv1
cpu_cpuset_cpus: 0-3
cpu_memory_nodes: 0
active_processor_count: 4
cpu_quota: -1
cpu_period: 100000
cpu_shares: -1
memory_limit_in_bytes: -1
memory_and_swap_limit_in_bytes: -2
memory_soft_limit_in_bytes: -1
memory_usage_in_bytes: 2171785216
memory_max_usage_in_bytes: 3602219008

Steal ticks since vm start: 0
Steal ticks percentage since vm start:  0,000

CPU:total 4 (initial active 4) (2 cores per cpu, 2 threads per core) family 6 model 42 stepping 7, cmov, cx8, fxsr, mmx, sse, sse2, sse3, ssse3, sse4.1, sse4.2, popcnt, avx, aes, clmul, ht, tsc, tscinvbit
CPU Model and flags from /proc/cpuinfo:
model name	: Intel(R) Core(TM) i5-2540M CPU @ 2.60GHz
flags		: fpu vme de pse tsc msr pae mce cx8 apic sep mtrr pge mca cmov pat pse36 clflush dts acpi mmx fxsr sse sse2 ss ht tm pbe syscall nx rdtscp lm constant_tsc arch_perfmon pebs bts rep_good nopl xtopology nonstop_tsc cpuid aperfmperf pni pclmulqdq dtes64 monitor ds_cpl vmx smx est tm2 ssse3 cx16 xtpr pdcm pcid sse4_1 sse4_2 x2apic popcnt tsc_deadline_timer aes xsave avx lahf_lm epb pti ssbd ibrs ibpb stibp tpr_shadow vnmi flexpriority ept vpid xsaveopt dtherm ida arat pln pts md_clear flush_l1d

Memory: 4k page, physical 3916820k(1430036k free), swap 4071420k(3302652k free)

vm_info: OpenJDK 64-Bit Server VM (11.0.6+10-post-Debian-1deb10u1) for linux-amd64 JRE (11.0.6+10-post-Debian-1deb10u1), built on Jan 17 2020 00:09:03 by "unknown" with gcc 8.3.0

END.
