#
# A fatal error has been detected by the Java Runtime Environment:
#
#  SIGSEGV (0xb) at pc=0x00007f7c98f4dea1, pid=2997, tid=9696
#
# JRE version: OpenJDK Runtime Environment (11.0.6+10) (build 11.0.6+10-post-Debian-1deb10u1)
# Java VM: OpenJDK 64-Bit Server VM (11.0.6+10-post-Debian-1deb10u1, mixed mode, sharing, tiered, compressed oops, g1 gc, linux-amd64)
# Problematic frame:
# C  [libjimage.so+0x2ea1]
#
# No core dump will be written. Core dumps have been disabled. To enable core dumping, try "ulimit -c unlimited" before starting Java again
#
# If you would like to submit a bug report, please visit:
#   https://bugs.debian.org/openjdk-11
#

---------------  S U M M A R Y ------------

Command Line: -Dfile.encoding=UTF-8 main

Host: Intel(R) Core(TM) i5-2540M CPU @ 2.60GHz, 4 cores, 3G, Debian GNU/Linux 10 (buster)
Time: Sat Aug 22 04:15:59 2020 CEST elapsed time: 39460 seconds (0d 10h 57m 40s)

---------------  T H R E A D  ---------------

Current thread (0x00007f7c04001800):  JavaThread "XToolkt-Shutdown-Thread" [_thread_in_vm, id=9696, stack(0x00007f7c328dd000,0x00007f7c329de000)]

Stack: [0x00007f7c328dd000,0x00007f7c329de000],  sp=0x00007f7c329dafc0,  free space=1015k
Native frames: (J=compiled Java code, A=aot compiled Java code, j=interpreted, Vv=VM code, C=native code)
C  [libjimage.so+0x2ea1]
C  [libjimage.so+0x3b1a]
C  [libjimage.so+0x3fe5]  JIMAGE_FindResource+0xd5
V  [libjvm.so+0x567def]
V  [libjvm.so+0x56a08b]
V  [libjvm.so+0xc8e62c]
V  [libjvm.so+0xc8d262]
V  [libjvm.so+0xc8f766]
V  [libjvm.so+0x60eacd]
V  [libjvm.so+0x60ef32]
V  [libjvm.so+0x9bb4d6]
V  [libjvm.so+0x9c1f6d]
V  [libjvm.so+0x7f22b6]
V  [libjvm.so+0x7f28ed]
j  sun.awt.X11.XToolkit.lambda$init$0()V+0 java.desktop@11.0.6
j  sun.awt.X11.XToolkit$$Lambda$10.run()V+4 java.desktop@11.0.6
j  java.lang.Thread.run()V+11 java.base@11.0.6
v  ~StubRoutines::call_stub
V  [libjvm.so+0x7f8991]
V  [libjvm.so+0x7f6e30]
V  [libjvm.so+0x7f6eeb]
V  [libjvm.so+0x8959dc]
V  [libjvm.so+0xcc48e4]
V  [libjvm.so+0xcc4be0]
V  [libjvm.so+0xcc0894]
V  [libjvm.so+0xb3511e]

Java frames: (J=compiled Java code, j=interpreted, Vv=VM code)
j  sun.awt.X11.XToolkit.lambda$init$0()V+0 java.desktop@11.0.6
j  sun.awt.X11.XToolkit$$Lambda$10.run()V+4 java.desktop@11.0.6
j  java.lang.Thread.run()V+11 java.base@11.0.6
v  ~StubRoutines::call_stub

siginfo: si_signo: 11 (SIGSEGV), si_code: 1 (SEGV_MAPERR), si_addr: 0x00007f7c8b926f28

Register to memory mapping:

RAX=0x0000000000005bc3 is an unknown value
RBX=0x00007f7c329db071 is pointing into the stack for thread: 0x00007f7c04001800
RCX=0x00007f7c8b91001c is an unknown value
RDX=0x0000000000005bc3 is an unknown value
RSP=0x00007f7c329dafc0 is pointing into the stack for thread: 0x00007f7c04001800
RBP=0x00007f7c329dafe0 is pointing into the stack for thread: 0x00007f7c04001800
RSI=0x00007f7c329db070 is pointing into the stack for thread: 0x00007f7c04001800
RDI=0x00007f7c98f53130: <offset 0x0000000000008130> in /usr/lib/jvm/java-11-openjdk-amd64/lib/libjimage.so at 0x00007f7c98f4b000
R8 =0x0 is NULL
R9 =
[error occurred during error reporting (printing register info), id 0xb, SIGSEGV (0xb) at pc=0x00007f7c99ac3be7]

Registers:
RAX=0x0000000000005bc3, RBX=0x00007f7c329db071, RCX=0x00007f7c8b91001c, RDX=0x0000000000005bc3
RSP=0x00007f7c329dafc0, RBP=0x00007f7c329dafe0, RSI=0x00007f7c329db070, RDI=0x00007f7c98f53130
R8 =0x0000000000000000, R9 =0x00000000ca0d71f0, R10=0x00007f7c329db094, R11=0x00007f7c9a677b60
R12=0x00007f7c329db070, R13=0x00000000000083a0, R14=0x00007f7c329dc108, R15=0x00007f7c5009e970
RIP=0x00007f7c98f4dea1, EFLAGS=0x0000000000010246, CSGSFS=0x002b000000000033, ERR=0x0000000000000004
  TRAPNO=0x000000000000000e

Top of Stack: (sp=0x00007f7c329dafc0)
0x00007f7c329dafc0:   0000000000000000 00007f7c94020ae0
0x00007f7c329dafd0:   0000000000000000 00007f7c329db070
0x00007f7c329dafe0:   00007f7c329db050 00007f7c98f4eb1a
0x00007f7c329daff0:   0000000000000000 0000000000000000 

Instructions: (pc=0x00007f7c98f4dea1)
0x00007f7c98f4dda1:   48 89 df 48 89 4d 88 e8 83 f3 ff ff 48 8b 4d 88
0x00007f7c98f4ddb1:   44 03 6d 90 e9 42 fd ff ff 66 0f 1f 44 00 00 8b
0x00007f7c98f4ddc1:   08 41 89 0e 44 89 c1 8b 74 08 fc 41 89 74 0e fc
0x00007f7c98f4ddd1:   e9 d8 fe ff ff 66 2e 0f 1f 84 00 00 00 00 00 b9
0x00007f7c98f4dde1:   0a 00 00 00 e9 95 fd ff ff 44 89 c1 0f b7 74 08
0x00007f7c98f4ddf1:   fe 66 41 89 74 0e fe e9 b1 fe ff ff 0f 1f 00 0f
0x00007f7c98f4de01:   b6 17 89 f1 4c 8d 47 01 84 d2 74 1a 0f 1f 00 69
0x00007f7c98f4de11:   c9 93 01 00 01 49 83 c0 01 31 d1 41 0f b6 50 ff
0x00007f7c98f4de21:   84 d2 75 eb 89 ce 89 f0 25 ff ff ff 7f c3 90 48
0x00007f7c98f4de31:   85 d2 0f 84 e1 00 00 00 85 c9 0f 84 d9 00 00 00
0x00007f7c98f4de41:   55 48 89 e5 41 55 41 54 53 48 8d 5e 01 48 83 ec
0x00007f7c98f4de51:   08 44 0f b6 06 45 84 c0 0f 84 b1 00 00 00 49 89
0x00007f7c98f4de61:   da b8 93 01 00 01 66 0f 1f 84 00 00 00 00 00 44
0x00007f7c98f4de71:   69 c8 93 01 00 01 49 83 c2 01 41 0f b6 c0 45 0f
0x00007f7c98f4de81:   b6 42 ff 44 31 c8 45 84 c0 75 e4 25 ff ff ff 7f
0x00007f7c98f4de91:   41 89 cd 48 89 d1 31 d2 49 89 f4 41 f7 f5 89 d0
0x00007f7c98f4dea1:   8b 34 81 48 8b 07 ff 50 20 85 c0 7f 22 ba ff ff
0x00007f7c98f4deb1:   ff ff 74 04 f7 d0 89 c2 48 83 c4 08 89 d0 5b 41
0x00007f7c98f4dec1:   5c 41 5d 5d c3 66 2e 0f 1f 84 00 00 00 00 00 41
0x00007f7c98f4ded1:   0f b6 34 24 89 c7 40 84 f6 74 1b 0f 1f 40 00 69
0x00007f7c98f4dee1:   ff 93 01 00 01 48 83 c3 01 31 f7 0f b6 73 ff 40
0x00007f7c98f4def1:   84 f6 75 eb 89 f8 25 ff ff ff 7f 31 d2 48 83 c4
0x00007f7c98f4df01:   08 41 f7 f5 5b 41 5c 41 5d 5d 89 d0 c3 66 90 b8
0x00007f7c98f4df11:   93 01 00 01 e9 77 ff ff ff 83 ca ff 89 d0 c3 0f
0x00007f7c98f4df21:   b6 17 48 89 f8 84 d2 75 19 eb 1e 0f 1f 40 00 38
0x00007f7c98f4df31:   ca 75 1c 48 83 c0 01 0f b6 10 48 83 c6 01 84 d2
0x00007f7c98f4df41:   74 15 0f b6 0e 84 c9 75 e6 c3 0f 1f 44 00 00 31
0x00007f7c98f4df51:   c0 c3 0f 1f 44 00 00 c3 90 66 0f 1f 44 00 00 48
0x00007f7c98f4df61:   85 f6 74 5a 0f b6 06 84 c0 74 54 0f 1f 40 00 0f
0x00007f7c98f4df71:   b6 d0 83 e0 07 c1 fa 03 44 8d 50 01 0f b6 c0 41
0x00007f7c98f4df81:   89 d1 4c 8d 44 06 02 48 8d 56 01 31 c0 66 90 0f
0x00007f7c98f4df91:   b6 0a 48 c1 e0 08 48 83 c2 01 48 09 c8 49 39 d0 


Stack slot to memory mapping:
stack at sp + 0 slots: 0x0 is NULL
stack at sp + 1 slots: 0x00007f7c94020ae0 points into unknown readable memory: 50 0f 00 24 7c 7f 00 00
stack at sp + 2 slots: 0x0 is NULL
stack at sp + 3 slots: 0x00007f7c329db070 is pointing into the stack for thread: 0x00007f7c04001800
stack at sp + 4 slots: 0x00007f7c329db050 is pointing into the stack for thread: 0x00007f7c04001800
stack at sp + 5 slots: 0x00007f7c98f4eb1a: <offset 0x0000000000003b1a> in /usr/lib/jvm/java-11-openjdk-amd64/lib/libjimage.so at 0x00007f7c98f4b000
stack at sp + 6 slots: 0x0 is NULL
stack at sp + 7 slots: 0x0 is NULL


---------------  P R O C E S S  ---------------

Threads class SMR info:
_java_thread_list=0x00007f7c04002ba0, length=17, elements={
0x00007f7c940bb800, 0x00007f7c940c5800, 0x00007f7c940cb000, 0x00007f7c940cd000,
0x00007f7c940cf000, 0x00007f7c940d1000, 0x00007f7c94100800, 0x00007f7c94105000,
0x00007f7c9420c000, 0x00007f7c942a7000, 0x00007f7c9441f800, 0x00007f7c94421000,
0x00007f7c94014000, 0x00007f7c100a8800, 0x00007f7c4c001000, 0x00007f7c4c002800,
0x00007f7c04001800
}

Java Threads: ( => current thread )
  0x00007f7c940bb800 JavaThread "Reference Handler" daemon [_thread_blocked, id=3010, stack(0x00007f7c7c029000,0x00007f7c7c12a000)]
  0x00007f7c940c5800 JavaThread "Finalizer" daemon [_thread_blocked, id=3011, stack(0x00007f7c7410f000,0x00007f7c74210000)]
  0x00007f7c940cb000 JavaThread "Signal Dispatcher" daemon [_thread_blocked, id=3012, stack(0x00007f7c7400e000,0x00007f7c7410f000)]
  0x00007f7c940cd000 JavaThread "C2 CompilerThread0" daemon [_thread_blocked, id=3013, stack(0x00007f7c6741a000,0x00007f7c6751b000)]
  0x00007f7c940cf000 JavaThread "C1 CompilerThread0" daemon [_thread_blocked, id=3014, stack(0x00007f7c67319000,0x00007f7c6741a000)]
  0x00007f7c940d1000 JavaThread "Sweeper thread" daemon [_thread_blocked, id=3015, stack(0x00007f7c67218000,0x00007f7c67319000)]
  0x00007f7c94100800 JavaThread "Service Thread" daemon [_thread_blocked, id=3016, stack(0x00007f7c67117000,0x00007f7c67218000)]
  0x00007f7c94105000 JavaThread "Common-Cleaner" daemon [_thread_blocked, id=3018, stack(0x00007f7c66f14000,0x00007f7c67015000)]
  0x00007f7c9420c000 JavaThread "Java2D Disposer" daemon [_thread_blocked, id=3022, stack(0x00007f7c643be000,0x00007f7c644bf000)]
  0x00007f7c942a7000 JavaThread "AWT-XAWT" daemon [_thread_in_native, id=3023, stack(0x00007f7c64090000,0x00007f7c64191000)]
  0x00007f7c9441f800 JavaThread "AWT-Shutdown" [_thread_blocked, id=3025, stack(0x00007f7c336fe000,0x00007f7c337ff000)]
  0x00007f7c94421000 JavaThread "AWT-EventQueue-0" [_thread_blocked, id=3026, stack(0x00007f7c335fd000,0x00007f7c336fe000)]
  0x00007f7c94014000 JavaThread "DestroyJavaVM" [_thread_blocked, id=3003, stack(0x00007f7c98fb9000,0x00007f7c990ba000)]
  0x00007f7c100a8800 JavaThread "TimerQueue" daemon [_thread_blocked, id=3033, stack(0x00007f7c32fe5000,0x00007f7c330e6000)]
  0x00007f7c4c001000 JavaThread "SIGTERM handler" daemon [_thread_blocked, id=9675, stack(0x00007f7c334e6000,0x00007f7c335e7000)]
  0x00007f7c4c002800 JavaThread "SIGHUP handler" daemon [_thread_blocked, id=9686, stack(0x00007f7c32bde000,0x00007f7c32cdf000)]
=>0x00007f7c04001800 JavaThread "XToolkt-Shutdown-Thread" [_thread_in_vm, id=9696, stack(0x00007f7c328dd000,0x00007f7c329de000)]

Other Threads:
  0x00007f7c940b8800 VMThread "VM Thread" [stack: 0x00007f7c7c12c000,0x00007f7c7c22c000] [id=3009]
  0x00007f7c94103000 WatcherThread [stack: 0x00007f7c67017000,0x00007f7c67117000] [id=3017]
  0x00007f7c9402c800 GCTaskThread "GC Thread#0" [stack: 0x00007f7c98c69000,0x00007f7c98d69000] [id=3004]
  0x00007f7c5c001000 GCTaskThread "GC Thread#1" [stack: 0x00007f7c32ee5000,0x00007f7c32fe5000] [id=3030]
  0x00007f7c5c002000 GCTaskThread "GC Thread#2" [stack: 0x00007f7c32de3000,0x00007f7c32ee3000] [id=3031]
  0x00007f7c5c003800 GCTaskThread "GC Thread#3" [stack: 0x00007f7c32ce1000,0x00007f7c32de1000] [id=3032]
  0x00007f7c94047000 ConcurrentGCThread "G1 Main Marker" [stack: 0x00007f7c981a6000,0x00007f7c982a6000] [id=3005]
  0x00007f7c94048800 ConcurrentGCThread "G1 Conc#0" [stack: 0x00007f7c980a4000,0x00007f7c981a4000] [id=3006]
  0x00007f7c9408a800 ConcurrentGCThread "G1 Refine#0" [stack: 0x00007f7c7c40c000,0x00007f7c7c50c000] [id=3007]
  0x00007f7c9408c000 ConcurrentGCThread "G1 Young RemSet Sampling" [stack: 0x00007f7c7c30a000,0x00007f7c7c40a000] [id=3008]

Threads with active compile tasks:

VM state:not at safepoint (normal execution)

VM Mutex/Monitor currently owned by a thread: None

Heap address: 0x00000000c4200000, size: 958 MB, Compressed Oops mode: 32-bit
Narrow klass base: 0x0000000800000000, Narrow klass shift: 3
Compressed class space size: 1073741824 Address: 0x0000000840000000

Heap:
 garbage-first heap   total 63488K, used 7386K [0x00000000c4200000, 0x0000000100000000)
  region size 1024K, 7 young (7168K), 2 survivors (2048K)
 Metaspace       used 13931K, capacity 14523K, committed 14848K, reserved 1062912K
  class space    used 1703K, capacity 1959K, committed 2048K, reserved 1048576K
Heap Regions: E=young(eden), S=young(survivor), O=old, HS=humongous(starts), HC=humongous(continues), CS=collection set, F=free, A=archive, TAMS=top-at-mark-start (previous, next)
|   0|0x00000000c4200000, 0x00000000c4285a00, 0x00000000c4300000| 52%| O|  |TAMS 0x00000000c4200000, 0x00000000c4200000| Untracked 
|   1|0x00000000c4300000, 0x00000000c4300000, 0x00000000c4400000|  0%| F|  |TAMS 0x00000000c4300000, 0x00000000c4300000| Untracked 
|   2|0x00000000c4400000, 0x00000000c4400000, 0x00000000c4500000|  0%| F|  |TAMS 0x00000000c4400000, 0x00000000c4400000| Untracked 
|   3|0x00000000c4500000, 0x00000000c4500000, 0x00000000c4600000|  0%| F|  |TAMS 0x00000000c4500000, 0x00000000c4500000| Untracked 
|   4|0x00000000c4600000, 0x00000000c4600000, 0x00000000c4700000|  0%| F|  |TAMS 0x00000000c4600000, 0x00000000c4600000| Untracked 
|   5|0x00000000c4700000, 0x00000000c4700000, 0x00000000c4800000|  0%| F|  |TAMS 0x00000000c4700000, 0x00000000c4700000| Untracked 
|   6|0x00000000c4800000, 0x00000000c4800000, 0x00000000c4900000|  0%| F|  |TAMS 0x00000000c4800000, 0x00000000c4800000| Untracked 
|   7|0x00000000c4900000, 0x00000000c4900000, 0x00000000c4a00000|  0%| F|  |TAMS 0x00000000c4900000, 0x00000000c4900000| Untracked 
|   8|0x00000000c4a00000, 0x00000000c4a00000, 0x00000000c4b00000|  0%| F|  |TAMS 0x00000000c4a00000, 0x00000000c4a00000| Untracked 
|   9|0x00000000c4b00000, 0x00000000c4b00000, 0x00000000c4c00000|  0%| F|  |TAMS 0x00000000c4b00000, 0x00000000c4b00000| Untracked 
|  10|0x00000000c4c00000, 0x00000000c4c00000, 0x00000000c4d00000|  0%| F|  |TAMS 0x00000000c4c00000, 0x00000000c4c00000| Untracked 
|  11|0x00000000c4d00000, 0x00000000c4d00000, 0x00000000c4e00000|  0%| F|  |TAMS 0x00000000c4d00000, 0x00000000c4d00000| Untracked 
|  12|0x00000000c4e00000, 0x00000000c4e00000, 0x00000000c4f00000|  0%| F|  |TAMS 0x00000000c4e00000, 0x00000000c4e00000| Untracked 
|  13|0x00000000c4f00000, 0x00000000c4f00000, 0x00000000c5000000|  0%| F|  |TAMS 0x00000000c4f00000, 0x00000000c4f00000| Untracked 
|  14|0x00000000c5000000, 0x00000000c5000000, 0x00000000c5100000|  0%| F|  |TAMS 0x00000000c5000000, 0x00000000c5000000| Untracked 
|  15|0x00000000c5100000, 0x00000000c5100000, 0x00000000c5200000|  0%| F|  |TAMS 0x00000000c5100000, 0x00000000c5100000| Untracked 
|  16|0x00000000c5200000, 0x00000000c5200000, 0x00000000c5300000|  0%| F|  |TAMS 0x00000000c5200000, 0x00000000c5200000| Untracked 
|  17|0x00000000c5300000, 0x00000000c5300000, 0x00000000c5400000|  0%| F|  |TAMS 0x00000000c5300000, 0x00000000c5300000| Untracked 
|  18|0x00000000c5400000, 0x00000000c5400000, 0x00000000c5500000|  0%| F|  |TAMS 0x00000000c5400000, 0x00000000c5400000| Untracked 
|  19|0x00000000c5500000, 0x00000000c5500000, 0x00000000c5600000|  0%| F|  |TAMS 0x00000000c5500000, 0x00000000c5500000| Untracked 
|  20|0x00000000c5600000, 0x00000000c5600000, 0x00000000c5700000|  0%| F|  |TAMS 0x00000000c5600000, 0x00000000c5600000| Untracked 
|  21|0x00000000c5700000, 0x00000000c5700000, 0x00000000c5800000|  0%| F|  |TAMS 0x00000000c5700000, 0x00000000c5700000| Untracked 
|  22|0x00000000c5800000, 0x00000000c5800000, 0x00000000c5900000|  0%| F|  |TAMS 0x00000000c5800000, 0x00000000c5800000| Untracked 
|  23|0x00000000c5900000, 0x00000000c5900000, 0x00000000c5a00000|  0%| F|  |TAMS 0x00000000c5900000, 0x00000000c5900000| Untracked 
|  24|0x00000000c5a00000, 0x00000000c5a00000, 0x00000000c5b00000|  0%| F|  |TAMS 0x00000000c5a00000, 0x00000000c5a00000| Untracked 
|  25|0x00000000c5b00000, 0x00000000c5b00000, 0x00000000c5c00000|  0%| F|  |TAMS 0x00000000c5b00000, 0x00000000c5b00000| Untracked 
|  26|0x00000000c5c00000, 0x00000000c5c00000, 0x00000000c5d00000|  0%| F|  |TAMS 0x00000000c5c00000, 0x00000000c5c00000| Untracked 
|  27|0x00000000c5d00000, 0x00000000c5d00000, 0x00000000c5e00000|  0%| F|  |TAMS 0x00000000c5d00000, 0x00000000c5d00000| Untracked 
|  28|0x00000000c5e00000, 0x00000000c5e00000, 0x00000000c5f00000|  0%| F|  |TAMS 0x00000000c5e00000, 0x00000000c5e00000| Untracked 
|  29|0x00000000c5f00000, 0x00000000c5f00000, 0x00000000c6000000|  0%| F|  |TAMS 0x00000000c5f00000, 0x00000000c5f00000| Untracked 
|  30|0x00000000c6000000, 0x00000000c6000000, 0x00000000c6100000|  0%| F|  |TAMS 0x00000000c6000000, 0x00000000c6000000| Untracked 
|  31|0x00000000c6100000, 0x00000000c6100000, 0x00000000c6200000|  0%| F|  |TAMS 0x00000000c6100000, 0x00000000c6100000| Untracked 
|  32|0x00000000c6200000, 0x00000000c6200000, 0x00000000c6300000|  0%| F|  |TAMS 0x00000000c6200000, 0x00000000c6200000| Untracked 
|  33|0x00000000c6300000, 0x00000000c6300000, 0x00000000c6400000|  0%| F|  |TAMS 0x00000000c6300000, 0x00000000c6300000| Untracked 
|  34|0x00000000c6400000, 0x00000000c6400000, 0x00000000c6500000|  0%| F|  |TAMS 0x00000000c6400000, 0x00000000c6400000| Untracked 
|  35|0x00000000c6500000, 0x00000000c6500000, 0x00000000c6600000|  0%| F|  |TAMS 0x00000000c6500000, 0x00000000c6500000| Untracked 
|  36|0x00000000c6600000, 0x00000000c6600000, 0x00000000c6700000|  0%| F|  |TAMS 0x00000000c6600000, 0x00000000c6600000| Untracked 
|  37|0x00000000c6700000, 0x00000000c6700000, 0x00000000c6800000|  0%| F|  |TAMS 0x00000000c6700000, 0x00000000c6700000| Untracked 
|  38|0x00000000c6800000, 0x00000000c6800000, 0x00000000c6900000|  0%| F|  |TAMS 0x00000000c6800000, 0x00000000c6800000| Untracked 
|  39|0x00000000c6900000, 0x00000000c6900000, 0x00000000c6a00000|  0%| F|  |TAMS 0x00000000c6900000, 0x00000000c6900000| Untracked 
|  40|0x00000000c6a00000, 0x00000000c6a00000, 0x00000000c6b00000|  0%| F|  |TAMS 0x00000000c6a00000, 0x00000000c6a00000| Untracked 
|  41|0x00000000c6b00000, 0x00000000c6b00000, 0x00000000c6c00000|  0%| F|  |TAMS 0x00000000c6b00000, 0x00000000c6b00000| Untracked 
|  42|0x00000000c6c00000, 0x00000000c6c00000, 0x00000000c6d00000|  0%| F|  |TAMS 0x00000000c6c00000, 0x00000000c6c00000| Untracked 
|  43|0x00000000c6d00000, 0x00000000c6d00000, 0x00000000c6e00000|  0%| F|  |TAMS 0x00000000c6d00000, 0x00000000c6d00000| Untracked 
|  44|0x00000000c6e00000, 0x00000000c6f00000, 0x00000000c6f00000|100%| S|CS|TAMS 0x00000000c6e00000, 0x00000000c6e00000| Complete 
|  45|0x00000000c6f00000, 0x00000000c7000000, 0x00000000c7000000|100%| S|CS|TAMS 0x00000000c6f00000, 0x00000000c6f00000| Complete 
|  46|0x00000000c7000000, 0x00000000c7000000, 0x00000000c7100000|  0%| F|  |TAMS 0x00000000c7000000, 0x00000000c7000000| Untracked 
|  47|0x00000000c7100000, 0x00000000c7100000, 0x00000000c7200000|  0%| F|  |TAMS 0x00000000c7100000, 0x00000000c7100000| Untracked 
|  48|0x00000000c7200000, 0x00000000c7200000, 0x00000000c7300000|  0%| F|  |TAMS 0x00000000c7200000, 0x00000000c7200000| Untracked 
|  49|0x00000000c7300000, 0x00000000c7300000, 0x00000000c7400000|  0%| F|  |TAMS 0x00000000c7300000, 0x00000000c7300000| Untracked 
|  50|0x00000000c7400000, 0x00000000c7400000, 0x00000000c7500000|  0%| F|  |TAMS 0x00000000c7400000, 0x00000000c7400000| Untracked 
|  51|0x00000000c7500000, 0x00000000c7500000, 0x00000000c7600000|  0%| F|  |TAMS 0x00000000c7500000, 0x00000000c7500000| Untracked 
|  52|0x00000000c7600000, 0x00000000c7600000, 0x00000000c7700000|  0%| F|  |TAMS 0x00000000c7600000, 0x00000000c7600000| Untracked 
|  53|0x00000000c7700000, 0x00000000c7700000, 0x00000000c7800000|  0%| F|  |TAMS 0x00000000c7700000, 0x00000000c7700000| Untracked 
|  54|0x00000000c7800000, 0x00000000c7800000, 0x00000000c7900000|  0%| F|  |TAMS 0x00000000c7800000, 0x00000000c7800000| Untracked 
|  55|0x00000000c7900000, 0x00000000c79a4580, 0x00000000c7a00000| 64%| E|  |TAMS 0x00000000c7900000, 0x00000000c7900000| Complete 
|  56|0x00000000c7a00000, 0x00000000c7b00000, 0x00000000c7b00000|100%| E|CS|TAMS 0x00000000c7a00000, 0x00000000c7a00000| Complete 
|  57|0x00000000c7b00000, 0x00000000c7c00000, 0x00000000c7c00000|100%| E|CS|TAMS 0x00000000c7b00000, 0x00000000c7b00000| Complete 
|  58|0x00000000c7c00000, 0x00000000c7d00000, 0x00000000c7d00000|100%| E|CS|TAMS 0x00000000c7c00000, 0x00000000c7c00000| Complete 
|  59|0x00000000c7d00000, 0x00000000c7e00000, 0x00000000c7e00000|100%| E|CS|TAMS 0x00000000c7d00000, 0x00000000c7d00000| Complete 
| 956|0x00000000ffe00000, 0x00000000ffe47000, 0x00000000fff00000| 27%|OA|  |TAMS 0x00000000ffe00000, 0x00000000ffe00000| Untracked 
| 957|0x00000000fff00000, 0x00000000fff6a000, 0x0000000100000000| 41%|CA|  |TAMS 0x00000000fff00000, 0x00000000fff00000| Untracked 

Card table byte_map: [0x00007f7c984a5000,0x00007f7c98684000] _byte_map_base: 0x00007f7c97e84000

Marking Bits (Prev, Next): (CMBitMap*) 0x00007f7c94042348, (CMBitMap*) 0x00007f7c94042380
 Prev Bits: [0x00007f7c77108000, 0x00007f7c78000000)
 Next Bits: [0x00007f7c76210000, 0x00007f7c77108000)

Polling page: 0x00007f7c9a91b000

Metaspace:

Usage:
  Non-class:     12,27 MB capacity,    11,94 MB ( 97%) used,   277,22 KB (  2%) free+waste,    59,06 KB ( <1%) overhead. 
      Class:      1,91 MB capacity,     1,66 MB ( 87%) used,   223,24 KB ( 11%) free+waste,    32,31 KB (  2%) overhead. 
       Both:     14,18 MB capacity,    13,60 MB ( 96%) used,   500,46 KB (  3%) free+waste,    91,38 KB ( <1%) overhead. 

Virtual space:
  Non-class space:       14,00 MB reserved,      12,50 MB ( 89%) committed 
      Class space:        1,00 GB reserved,       2,00 MB ( <1%) committed 
             Both:        1,01 GB reserved,      14,50 MB (  1%) committed 

Chunk freelists:
   Non-Class:  116,00 KB
       Class:  25,00 KB
        Both:  141,00 KB

MaxMetaspaceSize: unlimited
CompressedClassSpaceSize: 1,00 GB

CodeHeap 'non-profiled nmethods': size=120032Kb used=562Kb max_used=562Kb free=119470Kb
 bounds [0x00007f7c843d8000, 0x00007f7c84648000, 0x00007f7c8b910000]
CodeHeap 'profiled nmethods': size=120032Kb used=3929Kb max_used=3929Kb free=116102Kb
 bounds [0x00007f7c7cea0000, 0x00007f7c7d280000, 0x00007f7c843d8000]
CodeHeap 'non-nmethods': size=5696Kb used=1286Kb max_used=1299Kb free=4409Kb
 bounds [0x00007f7c7c910000, 0x00007f7c7cb80000, 0x00007f7c7cea0000]
 total_blobs=2819 nmethods=1799 adapters=611
 compilation: enabled
              stopped_count=0, restarted_count=0
 full_count=0

Compilation events (20 events):
Event: 1408,193 Thread 0x00007f7c940cd000 1789   !   4       sun.awt.X11.XToolkit::callTimeoutTasks (220 bytes)
Event: 1408,199 Thread 0x00007f7c940cd000 nmethod 1789 0x00007f7c84461f90 code [0x00007f7c84462140, 0x00007f7c84462288]
Event: 1818,782 Thread 0x00007f7c940cd000 1790       4       sun.awt.X11.XAnyEvent::get_window (20 bytes)
Event: 1818,786 Thread 0x00007f7c940cd000 nmethod 1790 0x00007f7c84462490 code [0x00007f7c84462660, 0x00007f7c84462848]
Event: 1929,931 Thread 0x00007f7c940cd000 1791   !   4       sun.awt.X11.XToolkit::getNextTaskTime (55 bytes)
Event: 1929,947 Thread 0x00007f7c940cd000 nmethod 1791 0x00007f7c84462b10 code [0x00007f7c84462d00, 0x00007f7c84463268]
Event: 2364,015 Thread 0x00007f7c940cd000 1792       4       java.util.TreeMap::getEntry (84 bytes)
Event: 2364,023 Thread 0x00007f7c940cd000 nmethod 1792 0x00007f7c84463590 code [0x00007f7c84463740, 0x00007f7c844638b8]
Event: 2882,072 Thread 0x00007f7c940cf000 1793   !   3       jdk.internal.ref.PhantomCleanable::isListEmpty (34 bytes)
Event: 2882,073 Thread 0x00007f7c940cf000 nmethod 1793 0x00007f7c7d261910 code [0x00007f7c7d261ac0, 0x00007f7c7d261e50]
Event: 2882,073 Thread 0x00007f7c940cf000 1794       3       jdk.internal.misc.InnocuousThread::eraseThreadLocals (23 bytes)
Event: 2882,073 Thread 0x00007f7c940cf000 nmethod 1794 0x00007f7c7d261f90 code [0x00007f7c7d262140, 0x00007f7c7d262390]
Event: 28436,081 Thread 0x00007f7c940cf000 1796 % !   3       sun.awt.X11.XToolkit::run @ 59 (384 bytes)
Event: 28436,094 Thread 0x00007f7c940cf000 nmethod 1796% 0x00007f7c7d262410 code [0x00007f7c7d262e20, 0x00007f7c7d269ea8]
Event: 28947,997 Thread 0x00007f7c940cf000 1797   !   3       sun.awt.X11.XToolkit::run (384 bytes)
Event: 28948,004 Thread 0x00007f7c940cf000 nmethod 1797 0x00007f7c7d26d090 code [0x00007f7c7d26da80, 0x00007f7c7d273728]
Event: 36805,598 Thread 0x00007f7c940cd000 1798       4       java.util.concurrent.locks.AbstractQueuedSynchronizer::acquire (27 bytes)
Event: 36805,603 Thread 0x00007f7c940cd000 nmethod 1798 0x00007f7c84463e90 code [0x00007f7c84464060, 0x00007f7c844643d8]
Event: 37747,328 Thread 0x00007f7c940cd000 1799       4       java.util.Vector$Itr::hasNext (20 bytes)
Event: 37747,330 Thread 0x00007f7c940cd000 nmethod 1799 0x00007f7c84464510 code [0x00007f7c844646a0, 0x00007f7c84464738]

GC Heap History (2 events):
Event: 2,050 GC heap before
{Heap before GC invocations=0 (full 0):
 garbage-first heap   total 63488K, used 15044K [0x00000000c4200000, 0x0000000100000000)
  region size 1024K, 14 young (14336K), 0 survivors (0K)
 Metaspace       used 12735K, capacity 13231K, committed 13440K, reserved 1060864K
  class space    used 1636K, capacity 1892K, committed 1920K, reserved 1048576K
}
Event: 2,060 GC heap after
{Heap after GC invocations=1 (full 0):
 garbage-first heap   total 63488K, used 3290K [0x00000000c4200000, 0x0000000100000000)
  region size 1024K, 2 young (2048K), 2 survivors (2048K)
 Metaspace       used 12735K, capacity 13231K, committed 13440K, reserved 1060864K
  class space    used 1636K, capacity 1892K, committed 1920K, reserved 1048576K
}

Deoptimization events (20 events):
Event: 2,007 Thread 0x00007f7c94421000 Uncommon trap: trap_request=0xffffffde fr.pc=0x00007f7c843f63d4 relative=0x00000000000001b4
Event: 2,007 Thread 0x00007f7c94421000 Uncommon trap: reason=class_check action=maybe_recompile pc=0x00007f7c843f63d4 method=java.lang.String.equals(Ljava/lang/Object;)Z @ 8 c2
Event: 2,007 Thread 0x00007f7c94421000 DEOPT PACKING pc=0x00007f7c843f63d4 sp=0x00007f7c336f7d00
Event: 2,007 Thread 0x00007f7c94421000 DEOPT UNPACKING pc=0x00007f7c7c9389a5 sp=0x00007f7c336f7cc8 mode 2
Event: 2,009 Thread 0x00007f7c94421000 Uncommon trap: trap_request=0xffffffde fr.pc=0x00007f7c843f63d4 relative=0x00000000000001b4
Event: 2,009 Thread 0x00007f7c94421000 Uncommon trap: reason=class_check action=maybe_recompile pc=0x00007f7c843f63d4 method=java.lang.String.equals(Ljava/lang/Object;)Z @ 8 c2
Event: 2,009 Thread 0x00007f7c94421000 DEOPT PACKING pc=0x00007f7c843f63d4 sp=0x00007f7c336f79a0
Event: 2,009 Thread 0x00007f7c94421000 DEOPT UNPACKING pc=0x00007f7c7c9389a5 sp=0x00007f7c336f7968 mode 2
Event: 2,009 Thread 0x00007f7c94421000 Uncommon trap: trap_request=0xffffffde fr.pc=0x00007f7c843f63d4 relative=0x00000000000001b4
Event: 2,009 Thread 0x00007f7c94421000 Uncommon trap: reason=class_check action=maybe_recompile pc=0x00007f7c843f63d4 method=java.lang.String.equals(Ljava/lang/Object;)Z @ 8 c2
Event: 2,009 Thread 0x00007f7c94421000 DEOPT PACKING pc=0x00007f7c843f63d4 sp=0x00007f7c336f79b0
Event: 2,009 Thread 0x00007f7c94421000 DEOPT UNPACKING pc=0x00007f7c7c9389a5 sp=0x00007f7c336f7978 mode 2
Event: 2,009 Thread 0x00007f7c94421000 Uncommon trap: trap_request=0xffffffde fr.pc=0x00007f7c843f63d4 relative=0x00000000000001b4
Event: 2,009 Thread 0x00007f7c94421000 Uncommon trap: reason=class_check action=maybe_recompile pc=0x00007f7c843f63d4 method=java.lang.String.equals(Ljava/lang/Object;)Z @ 8 c2
Event: 2,009 Thread 0x00007f7c94421000 DEOPT PACKING pc=0x00007f7c843f63d4 sp=0x00007f7c336f78d0
Event: 2,009 Thread 0x00007f7c94421000 DEOPT UNPACKING pc=0x00007f7c7c9389a5 sp=0x00007f7c336f7898 mode 2
Event: 2,074 Thread 0x00007f7c94421000 Uncommon trap: trap_request=0xffffff4d fr.pc=0x00007f7c84417b0c relative=0x0000000000000e4c
Event: 2,074 Thread 0x00007f7c94421000 Uncommon trap: reason=unstable_if action=reinterpret pc=0x00007f7c84417b0c method=java.lang.ref.ReferenceQueue.poll()Ljava/lang/ref/Reference; @ 4 c2
Event: 2,075 Thread 0x00007f7c94421000 DEOPT PACKING pc=0x00007f7c84417b0c sp=0x00007f7c336f2ea0
Event: 2,075 Thread 0x00007f7c94421000 DEOPT UNPACKING pc=0x00007f7c7c9389a5 sp=0x00007f7c336f2d50 mode 2

Classes redefined (0 events):
No events

Internal exceptions (20 events):
Event: 0,346 Thread 0x00007f7c94014000 Exception <a 'java/lang/NoSuchMethodError'{0x00000000c7ac66b8}: 'void java.lang.invoke.DirectMethodHandle$Holder.invokeSpecial(java.lang.Object, java.lang.Object)'> (0x00000000c7ac66b8) thrown at [/build/openjdk-11-11.0.6+10/src/hotspot/share/interpreter/
Event: 0,390 Thread 0x00007f7c94014000 Exception <a 'java/lang/NoSuchMethodError'{0x00000000c79d48a8}: 'java.lang.Object java.lang.invoke.DirectMethodHandle$Holder.invokeStatic(java.lang.Object, int, java.lang.Object, java.lang.Object, java.lang.Object, java.lang.Object)'> (0x00000000c79d48a8)
Event: 0,391 Thread 0x00007f7c94014000 Exception <a 'java/lang/NoSuchMethodError'{0x00000000c79dbbc0}: 'java.lang.Object java.lang.invoke.DirectMethodHandle$Holder.invokeStatic(java.lang.Object, int, java.lang.Object, java.lang.Object, java.lang.Object)'> (0x00000000c79dbbc0) thrown at [/build
Event: 0,392 Thread 0x00007f7c94014000 Exception <a 'java/lang/NoSuchMethodError'{0x00000000c79df708}: 'java.lang.Object java.lang.invoke.DirectMethodHandle$Holder.invokeSpecial(java.lang.Object, java.lang.Object, int, java.lang.Object, java.lang.Object, java.lang.Object)'> (0x00000000c79df708
Event: 0,395 Thread 0x00007f7c94014000 Exception <a 'java/lang/NoSuchMethodError'{0x00000000c79f6fb8}: 'java.lang.Object java.lang.invoke.DirectMethodHandle$Holder.invokeStatic(java.lang.Object, int, java.lang.Object)'> (0x00000000c79f6fb8) thrown at [/build/openjdk-11-11.0.6+10/src/hotspot/sh
Event: 0,433 Thread 0x00007f7c94014000 Exception <a 'java/lang/NoSuchMethodError'{0x00000000c78e8df8}: 'java.lang.Object java.lang.invoke.Invokers$Holder.linkToTargetMethod(java.lang.Object, int, java.lang.Object)'> (0x00000000c78e8df8) thrown at [/build/openjdk-11-11.0.6+10/src/hotspot/share/
Event: 0,437 Thread 0x00007f7c94014000 Exception <a 'java/lang/ClassNotFoundException'{0x00000000c78f1308}: com/sun/swing/internal/plaf/metal/resources/spi/metalProvider> (0x00000000c78f1308) thrown at [/build/openjdk-11-11.0.6+10/src/hotspot/share/classfile/systemDictionary.cpp, line 231]
Event: 0,438 Thread 0x00007f7c94014000 Exception <a 'java/lang/ClassNotFoundException'{0x00000000c78f6170}: com/sun/swing/internal/plaf/basic/resources/spi/basicProvider> (0x00000000c78f6170) thrown at [/build/openjdk-11-11.0.6+10/src/hotspot/share/classfile/systemDictionary.cpp, line 231]
Event: 0,509 Thread 0x00007f7c94014000 Exception <a 'java/lang/NoSuchMethodError'{0x00000000c77ba718}: 'void java.lang.invoke.DirectMethodHandle$Holder.invokeStaticInit(java.lang.Object)'> (0x00000000c77ba718) thrown at [/build/openjdk-11-11.0.6+10/src/hotspot/share/interpreter/linkResolver.cp
Event: 0,519 Thread 0x00007f7c94014000 Exception <a 'java/lang/NoSuchMethodError'{0x00000000c761f150}: 'java.lang.Object java.lang.invoke.DirectMethodHandle$Holder.invokeStatic(java.lang.Object, java.lang.Object, java.lang.Object, java.lang.Object, java.lang.Object, java.lang.Object, java.lang
Event: 0,520 Thread 0x00007f7c94014000 Exception <a 'java/lang/NoSuchMethodError'{0x00000000c762bb48}: 'java.lang.Object java.lang.invoke.DirectMethodHandle$Holder.invokeStatic(java.lang.Object, java.lang.Object, java.lang.Object, java.lang.Object, java.lang.Object, java.lang.Object, java.lang
Event: 0,576 Thread 0x00007f7c94014000 Exception <a 'java/lang/NoSuchMethodError'{0x00000000c752cd90}: 'java.lang.Object java.lang.invoke.DirectMethodHandle$Holder.invokeSpecial(java.lang.Object, java.lang.Object, int, int, java.lang.Object, java.lang.Object, java.lang.Object, java.lang.Object
Event: 0,576 Thread 0x00007f7c94014000 Exception <a 'java/lang/NoSuchMethodError'{0x00000000c7530a20}: 'java.lang.Object java.lang.invoke.DelegatingMethodHandle$Holder.reinvoke_L(java.lang.Object, int, int, java.lang.Object, java.lang.Object, java.lang.Object, java.lang.Object, java.lang.Objec
Event: 0,592 Thread 0x00007f7c94014000 Exception <a 'java/lang/NoSuchMethodError'{0x00000000c75d34f8}: 'java.lang.Object java.lang.invoke.Invokers$Holder.linkToTargetMethod(java.lang.Object, java.lang.Object, java.lang.Object, java.lang.Object, java.lang.Object, java.lang.Object)'> (0x00000000
Event: 0,601 Thread 0x00007f7c94014000 Exception <a 'java/lang/NoSuchMethodError'{0x00000000c74402f8}: 'java.lang.Object java.lang.invoke.DirectMethodHandle$Holder.invokeSpecial(java.lang.Object, java.lang.Object, int, int, java.lang.Object, java.lang.Object, java.lang.Object, java.lang.Object
Event: 0,601 Thread 0x00007f7c94014000 Exception <a 'java/lang/NoSuchMethodError'{0x00000000c7443cd8}: 'java.lang.Object java.lang.invoke.DelegatingMethodHandle$Holder.reinvoke_L(java.lang.Object, int, int, java.lang.Object, java.lang.Object, java.lang.Object, java.lang.Object)'> (0x00000000c7
Event: 0,663 Thread 0x00007f7c94014000 Exception <a 'java/lang/NoSuchMethodError'{0x00000000c7227490}: 'java.lang.Object java.lang.invoke.DirectMethodHandle$Holder.invokeStatic(java.lang.Object, java.lang.Object, java.lang.Object, java.lang.Object, java.lang.Object, java.lang.Object, java.lang
Event: 0,665 Thread 0x00007f7c94014000 Exception <a 'java/lang/NoSuchMethodError'{0x00000000c7245418}: 'java.lang.Object java.lang.invoke.DirectMethodHandle$Holder.invokeStatic(java.lang.Object, java.lang.Object, java.lang.Object, java.lang.Object, java.lang.Object, java.lang.Object, java.lang
Event: 0,667 Thread 0x00007f7c94014000 Exception <a 'java/lang/NoSuchMethodError'{0x00000000c7264540}: 'java.lang.Object java.lang.invoke.DirectMethodHandle$Holder.invokeStatic(java.lang.Object, java.lang.Object, java.lang.Object, java.lang.Object, java.lang.Object, java.lang.Object, java.lang
Event: 0,671 Thread 0x00007f7c94014000 Exception <a 'java/lang/NoSuchMethodError'{0x00000000c7284630}: 'java.lang.Object java.lang.invoke.DirectMethodHandle$Holder.invokeStatic(java.lang.Object, java.lang.Object, java.lang.Object, java.lang.Object, java.lang.Object, java.lang.Object, java.lang

Events (20 events):
Event: 11,993 loading class javax/swing/JTable$PrintMode done
Event: 11,993 Executing VM operation: RevokeBias
Event: 11,993 Executing VM operation: RevokeBias done
Event: 11,993 loading class javax/swing/table/DefaultTableCellRenderer$UIResource
Event: 11,993 loading class javax/swing/table/DefaultTableCellRenderer$UIResource done
Event: 14,455 Executing VM operation: RevokeBias
Event: 14,455 Executing VM operation: RevokeBias done
Event: 39460,681 loading class jdk/internal/misc/Signal$1
Event: 39460,772 loading class jdk/internal/misc/Signal$1 done
Event: 39460,846 Thread 0x00007f7c4c001000 Thread added: 0x00007f7c4c001000
Event: 39460,846 Protecting memory [0x00007f7c334e6000,0x00007f7c334ea000] with protection modes 0
Event: 39460,851 Thread 0x00007f7c4c002800 Thread added: 0x00007f7c4c002800
Event: 39460,851 Protecting memory [0x00007f7c32bde000,0x00007f7c32be2000] with protection modes 0
Event: 39460,858 Executing VM operation: RevokeBias
Event: 39460,858 Executing coalesced safepoint VM operation: RevokeBias
Event: 39460,858 Executing coalesced safepoint VM operation: RevokeBias done
Event: 39460,858 Executing VM operation: RevokeBias done
Event: 39460,896 Thread 0x00007f7c04001800 Thread added: 0x00007f7c04001800
Event: 39460,896 Protecting memory [0x00007f7c328dd000,0x00007f7c328e1000] with protection modes 0
Event: 39460,907 loading class sun/awt/X11/XSystemTrayPeer


Dynamic libraries:
c4200000-c7e00000 rw-p 00000000 00:00 0 
c7e00000-ffe00000 ---p 00000000 00:00 0 
ffe00000-ffe47000 rw-p 01105000 08:02 1578952                            /usr/lib/jvm/java-11-openjdk-amd64/lib/server/classes.jsa
ffe47000-fff00000 rw-p 00000000 00:00 0 
fff00000-fff6a000 rw-p 0109b000 08:02 1578952                            /usr/lib/jvm/java-11-openjdk-amd64/lib/server/classes.jsa
fff6a000-100000000 rw-p 00000000 00:00 0 
800000000-800002000 rwxp 00001000 08:02 1578952                          /usr/lib/jvm/java-11-openjdk-amd64/lib/server/classes.jsa
800002000-8003b8000 rw-p 00003000 08:02 1578952                          /usr/lib/jvm/java-11-openjdk-amd64/lib/server/classes.jsa
8003b8000-800a8d000 r--p 003b9000 08:02 1578952                          /usr/lib/jvm/java-11-openjdk-amd64/lib/server/classes.jsa
800a8d000-800a8e000 rw-p 00a8e000 08:02 1578952                          /usr/lib/jvm/java-11-openjdk-amd64/lib/server/classes.jsa
800a8e000-80109a000 r--p 00a8f000 08:02 1578952                          /usr/lib/jvm/java-11-openjdk-amd64/lib/server/classes.jsa
840000000-840200000 rw-p 00000000 00:00 0 
840200000-880000000 ---p 00000000 00:00 0 
55fa218a5000-55fa218a6000 r--p 00000000 08:02 921319                     /usr/lib/jvm/java-11-openjdk-amd64/bin/java
55fa218a6000-55fa218a7000 r-xp 00001000 08:02 921319                     /usr/lib/jvm/java-11-openjdk-amd64/bin/java
55fa218a7000-55fa218a8000 r--p 00002000 08:02 921319                     /usr/lib/jvm/java-11-openjdk-amd64/bin/java
55fa218a8000-55fa218a9000 r--p 00002000 08:02 921319                     /usr/lib/jvm/java-11-openjdk-amd64/bin/java
55fa218a9000-55fa218aa000 rw-p 00003000 08:02 921319                     /usr/lib/jvm/java-11-openjdk-amd64/bin/java
55fa22bfe000-55fa22c1f000 rw-p 00000000 00:00 0                          [heap]
7f7bf8000000-7f7bf8021000 rw-p 00000000 00:00 0 
7f7bf8021000-7f7bfc000000 ---p 00000000 00:00 0 
7f7c00000000-7f7c00021000 rw-p 00000000 00:00 0 
7f7c00021000-7f7c04000000 ---p 00000000 00:00 0 
7f7c04000000-7f7c04021000 rw-p 00000000 00:00 0 
7f7c04021000-7f7c08000000 ---p 00000000 00:00 0 
7f7c08000000-7f7c08021000 rw-p 00000000 00:00 0 
7f7c08021000-7f7c0c000000 ---p 00000000 00:00 0 
7f7c0c000000-7f7c0c021000 rw-p 00000000 00:00 0 
7f7c0c021000-7f7c10000000 ---p 00000000 00:00 0 
7f7c10000000-7f7c1029a000 rw-p 00000000 00:00 0 
7f7c1029a000-7f7c14000000 ---p 00000000 00:00 0 
7f7c14000000-7f7c14021000 rw-p 00000000 00:00 0 
7f7c14021000-7f7c18000000 ---p 00000000 00:00 0 
7f7c18000000-7f7c1822e000 rw-p 00000000 00:00 0 
7f7c1822e000-7f7c1c000000 ---p 00000000 00:00 0 
7f7c1c000000-7f7c1c021000 rw-p 00000000 00:00 0 
7f7c1c021000-7f7c20000000 ---p 00000000 00:00 0 
7f7c20000000-7f7c20021000 rw-p 00000000 00:00 0 
7f7c20021000-7f7c24000000 ---p 00000000 00:00 0 
7f7c24000000-7f7c24021000 rw-p 00000000 00:00 0 
7f7c24021000-7f7c28000000 ---p 00000000 00:00 0 
7f7c28000000-7f7c28021000 rw-p 00000000 00:00 0 
7f7c28021000-7f7c2c000000 ---p 00000000 00:00 0 
7f7c2c000000-7f7c2c021000 rw-p 00000000 00:00 0 
7f7c2c021000-7f7c30000000 ---p 00000000 00:00 0 
7f7c328dd000-7f7c328e1000 ---p 00000000 00:00 0 
7f7c328e1000-7f7c32a5e000 rw-p 00000000 00:00 0 
7f7c32a5e000-7f7c32bde000 ---p 00000000 00:00 0 
7f7c32bde000-7f7c32be2000 ---p 00000000 00:00 0 
7f7c32be2000-7f7c32cdf000 rw-p 00000000 00:00 0 
7f7c32cdf000-7f7c32ce0000 ---p 00000000 00:00 0 
7f7c32ce0000-7f7c32de1000 rw-p 00000000 00:00 0 
7f7c32de1000-7f7c32de2000 ---p 00000000 00:00 0 
7f7c32de2000-7f7c32ee3000 rw-p 00000000 00:00 0 
7f7c32ee3000-7f7c32ee4000 ---p 00000000 00:00 0 
7f7c32ee4000-7f7c32fe5000 rw-p 00000000 00:00 0 
7f7c32fe5000-7f7c32fe9000 ---p 00000000 00:00 0 
7f7c32fe9000-7f7c332e6000 rw-p 00000000 00:00 0 
7f7c332e6000-7f7c334e6000 rw-p 00000000 00:00 0 
7f7c334e6000-7f7c334ea000 ---p 00000000 00:00 0 
7f7c334ea000-7f7c335e7000 rw-p 00000000 00:00 0 
7f7c335fd000-7f7c33601000 ---p 00000000 00:00 0 
7f7c33601000-7f7c336fe000 rw-p 00000000 00:00 0 
7f7c336fe000-7f7c33702000 ---p 00000000 00:00 0 
7f7c33702000-7f7c337ff000 rw-p 00000000 00:00 0 
7f7c337ff000-7f7c33800000 ---p 00000000 00:00 0 
7f7c33800000-7f7c34000000 rw-p 00000000 00:00 0 
7f7c34000000-7f7c34021000 rw-p 00000000 00:00 0 
7f7c34021000-7f7c38000000 ---p 00000000 00:00 0 
7f7c38000000-7f7c38021000 rw-p 00000000 00:00 0 
7f7c38021000-7f7c3c000000 ---p 00000000 00:00 0 
7f7c3c000000-7f7c3c021000 rw-p 00000000 00:00 0 
7f7c3c021000-7f7c40000000 ---p 00000000 00:00 0 
7f7c40000000-7f7c40021000 rw-p 00000000 00:00 0 
7f7c40021000-7f7c44000000 ---p 00000000 00:00 0 
7f7c44000000-7f7c445d1000 rw-p 00000000 00:00 0 
7f7c445d1000-7f7c48000000 ---p 00000000 00:00 0 
7f7c48000000-7f7c48021000 rw-p 00000000 00:00 0 
7f7c48021000-7f7c4c000000 ---p 00000000 00:00 0 
7f7c4c000000-7f7c4c021000 rw-p 00000000 00:00 0 
7f7c4c021000-7f7c50000000 ---p 00000000 00:00 0 
7f7c50000000-7f7c50628000 rw-p 00000000 00:00 0 
7f7c50628000-7f7c54000000 ---p 00000000 00:00 0 
7f7c54000000-7f7c54021000 rw-p 00000000 00:00 0 
7f7c54021000-7f7c58000000 ---p 00000000 00:00 0 
7f7c58000000-7f7c58021000 rw-p 00000000 00:00 0 
7f7c58021000-7f7c5c000000 ---p 00000000 00:00 0 
7f7c5c000000-7f7c5c021000 rw-p 00000000 00:00 0 
7f7c5c021000-7f7c60000000 ---p 00000000 00:00 0 
7f7c60000000-7f7c60021000 rw-p 00000000 00:00 0 
7f7c60021000-7f7c64000000 ---p 00000000 00:00 0 
7f7c64090000-7f7c64094000 ---p 00000000 00:00 0 
7f7c64094000-7f7c64191000 rw-p 00000000 00:00 0 
7f7c64191000-7f7c64196000 r-xp 00000000 08:02 793173                     /usr/lib/x86_64-linux-gnu/libXfixes.so.3.1.0
7f7c64196000-7f7c64395000 ---p 00005000 08:02 793173                     /usr/lib/x86_64-linux-gnu/libXfixes.so.3.1.0
7f7c64395000-7f7c64396000 r--p 00004000 08:02 793173                     /usr/lib/x86_64-linux-gnu/libXfixes.so.3.1.0
7f7c64396000-7f7c64397000 rw-p 00005000 08:02 793173                     /usr/lib/x86_64-linux-gnu/libXfixes.so.3.1.0
7f7c64397000-7f7c6439a000 r--p 00000000 08:02 796589                     /usr/lib/x86_64-linux-gnu/libXcursor.so.1.0.2
7f7c6439a000-7f7c643a0000 r-xp 00003000 08:02 796589                     /usr/lib/x86_64-linux-gnu/libXcursor.so.1.0.2
7f7c643a0000-7f7c643a2000 r--p 00009000 08:02 796589                     /usr/lib/x86_64-linux-gnu/libXcursor.so.1.0.2
7f7c643a2000-7f7c643a3000 r--p 0000a000 08:02 796589                     /usr/lib/x86_64-linux-gnu/libXcursor.so.1.0.2
7f7c643a3000-7f7c643a4000 rw-p 0000b000 08:02 796589                     /usr/lib/x86_64-linux-gnu/libXcursor.so.1.0.2
7f7c643be000-7f7c643c2000 ---p 00000000 00:00 0 
7f7c643c2000-7f7c644bf000 rw-p 00000000 00:00 0 
7f7c644bf000-7f7c644c0000 ---p 00000000 00:00 0 
7f7c644c0000-7f7c64cc0000 rw-p 00000000 00:00 0 
7f7c64cc0000-7f7c64cc1000 ---p 00000000 00:00 0 
7f7c64cc1000-7f7c654c1000 rw-p 00000000 00:00 0 
7f7c654c1000-7f7c654c5000 r--p 00000000 08:02 1313752                    /usr/lib/x86_64-linux-gnu/gio/modules/libdconfsettings.so
7f7c654c5000-7f7c654cc000 r-xp 00004000 08:02 1313752                    /usr/lib/x86_64-linux-gnu/gio/modules/libdconfsettings.so
7f7c654cc000-7f7c654cf000 r--p 0000b000 08:02 1313752                    /usr/lib/x86_64-linux-gnu/gio/modules/libdconfsettings.so
7f7c654cf000-7f7c654d0000 ---p 0000e000 08:02 1313752                    /usr/lib/x86_64-linux-gnu/gio/modules/libdconfsettings.so
7f7c654d0000-7f7c654d1000 r--p 0000e000 08:02 1313752                    /usr/lib/x86_64-linux-gnu/gio/modules/libdconfsettings.so
7f7c654d1000-7f7c654d2000 rw-p 0000f000 08:02 1313752                    /usr/lib/x86_64-linux-gnu/gio/modules/libdconfsettings.so
7f7c654d2000-7f7c654f2000 r--p 00000000 08:02 790272                     /usr/share/locale/it/LC_MESSAGES/glib20.mo
7f7c654f2000-7f7c654f4000 r--p 00000000 08:02 786721                     /usr/lib/x86_64-linux-gnu/libuuid.so.1.3.0
7f7c654f4000-7f7c654f8000 r-xp 00002000 08:02 786721                     /usr/lib/x86_64-linux-gnu/libuuid.so.1.3.0
7f7c654f8000-7f7c654f9000 r--p 00006000 08:02 786721                     /usr/lib/x86_64-linux-gnu/libuuid.so.1.3.0
7f7c654f9000-7f7c654fa000 r--p 00006000 08:02 786721                     /usr/lib/x86_64-linux-gnu/libuuid.so.1.3.0
7f7c654fa000-7f7c654fb000 rw-p 00007000 08:02 786721                     /usr/lib/x86_64-linux-gnu/libuuid.so.1.3.0
7f7c654fb000-7f7c65505000 r--p 00000000 08:02 788196                     /usr/lib/x86_64-linux-gnu/libblkid.so.1.1.0
7f7c65505000-7f7c65539000 r-xp 0000a000 08:02 788196                     /usr/lib/x86_64-linux-gnu/libblkid.so.1.1.0
7f7c65539000-7f7c65549000 r--p 0003e000 08:02 788196                     /usr/lib/x86_64-linux-gnu/libblkid.so.1.1.0
7f7c65549000-7f7c6554a000 ---p 0004e000 08:02 788196                     /usr/lib/x86_64-linux-gnu/libblkid.so.1.1.0
7f7c6554a000-7f7c6554f000 r--p 0004e000 08:02 788196                     /usr/lib/x86_64-linux-gnu/libblkid.so.1.1.0
7f7c6554f000-7f7c65550000 rw-p 00053000 08:02 788196                     /usr/lib/x86_64-linux-gnu/libblkid.so.1.1.0
7f7c65550000-7f7c65552000 r--p 00000000 08:02 786839                     /usr/lib/x86_64-linux-gnu/libpcre.so.3.13.3
7f7c65552000-7f7c655a4000 r-xp 00002000 08:02 786839                     /usr/lib/x86_64-linux-gnu/libpcre.so.3.13.3
7f7c655a4000-7f7c655c2000 r--p 00054000 08:02 786839                     /usr/lib/x86_64-linux-gnu/libpcre.so.3.13.3
7f7c655c2000-7f7c655c3000 r--p 00071000 08:02 786839                     /usr/lib/x86_64-linux-gnu/libpcre.so.3.13.3
7f7c655c3000-7f7c655c4000 rw-p 00072000 08:02 786839                     /usr/lib/x86_64-linux-gnu/libpcre.so.3.13.3
7f7c655c4000-7f7c655c8000 r--p 00000000 08:02 787130                     /usr/lib/x86_64-linux-gnu/libresolv-2.28.so
7f7c655c8000-7f7c655d5000 r-xp 00004000 08:02 787130                     /usr/lib/x86_64-linux-gnu/libresolv-2.28.so
7f7c655d5000-7f7c655d9000 r--p 00011000 08:02 787130                     /usr/lib/x86_64-linux-gnu/libresolv-2.28.so
7f7c655d9000-7f7c655da000 ---p 00015000 08:02 787130                     /usr/lib/x86_64-linux-gnu/libresolv-2.28.so
7f7c655da000-7f7c655db000 r--p 00015000 08:02 787130                     /usr/lib/x86_64-linux-gnu/libresolv-2.28.so
7f7c655db000-7f7c655dc000 rw-p 00016000 08:02 787130                     /usr/lib/x86_64-linux-gnu/libresolv-2.28.so
7f7c655dc000-7f7c655de000 rw-p 00000000 00:00 0 
7f7c655de000-7f7c65603000 r-xp 00000000 08:02 788681                     /usr/lib/x86_64-linux-gnu/libselinux.so.1
7f7c65603000-7f7c65802000 ---p 00025000 08:02 788681                     /usr/lib/x86_64-linux-gnu/libselinux.so.1
7f7c65802000-7f7c65803000 r--p 00024000 08:02 788681                     /usr/lib/x86_64-linux-gnu/libselinux.so.1
7f7c65803000-7f7c65804000 rw-p 00025000 08:02 788681                     /usr/lib/x86_64-linux-gnu/libselinux.so.1
7f7c65804000-7f7c65806000 rw-p 00000000 00:00 0 
7f7c65806000-7f7c65812000 r--p 00000000 08:02 788270                     /usr/lib/x86_64-linux-gnu/libmount.so.1.1.0
7f7c65812000-7f7c6584e000 r-xp 0000c000 08:02 788270                     /usr/lib/x86_64-linux-gnu/libmount.so.1.1.0
7f7c6584e000-7f7c65860000 r--p 00048000 08:02 788270                     /usr/lib/x86_64-linux-gnu/libmount.so.1.1.0
7f7c65860000-7f7c65861000 ---p 0005a000 08:02 788270                     /usr/lib/x86_64-linux-gnu/libmount.so.1.1.0
7f7c65861000-7f7c65864000 r--p 0005a000 08:02 788270                     /usr/lib/x86_64-linux-gnu/libmount.so.1.1.0
7f7c65864000-7f7c65865000 rw-p 0005d000 08:02 788270                     /usr/lib/x86_64-linux-gnu/libmount.so.1.1.0
7f7c65865000-7f7c65870000 r--p 00000000 08:02 790340                     /usr/lib/x86_64-linux-gnu/libgobject-2.0.so.0.5800.3
7f7c65870000-7f7c658a2000 r-xp 0000b000 08:02 790340                     /usr/lib/x86_64-linux-gnu/libgobject-2.0.so.0.5800.3
7f7c658a2000-7f7c658b8000 r--p 0003d000 08:02 790340                     /usr/lib/x86_64-linux-gnu/libgobject-2.0.so.0.5800.3
7f7c658b8000-7f7c658b9000 r--p 00052000 08:02 790340                     /usr/lib/x86_64-linux-gnu/libgobject-2.0.so.0.5800.3
7f7c658b9000-7f7c658ba000 rw-p 00053000 08:02 790340                     /usr/lib/x86_64-linux-gnu/libgobject-2.0.so.0.5800.3
7f7c658ba000-7f7c658d5000 r--p 00000000 08:02 790338                     /usr/lib/x86_64-linux-gnu/libglib-2.0.so.0.5800.3
7f7c658d5000-7f7c65953000 r-xp 0001b000 08:02 790338                     /usr/lib/x86_64-linux-gnu/libglib-2.0.so.0.5800.3
7f7c65953000-7f7c659d5000 r--p 00099000 08:02 790338                     /usr/lib/x86_64-linux-gnu/libglib-2.0.so.0.5800.3
7f7c659d5000-7f7c659d6000 ---p 0011b000 08:02 790338                     /usr/lib/x86_64-linux-gnu/libglib-2.0.so.0.5800.3
7f7c659d6000-7f7c659d7000 r--p 0011b000 08:02 790338                     /usr/lib/x86_64-linux-gnu/libglib-2.0.so.0.5800.3
7f7c659d7000-7f7c659d8000 rw-p 0011c000 08:02 790338                     /usr/lib/x86_64-linux-gnu/libglib-2.0.so.0.5800.3
7f7c659d8000-7f7c659d9000 rw-p 00000000 00:00 0 
7f7c659d9000-7f7c65a10000 r--p 00000000 08:02 790336                     /usr/lib/x86_64-linux-gnu/libgio-2.0.so.0.5800.3
7f7c65a10000-7f7c65b09000 r-xp 00037000 08:02 790336                     /usr/lib/x86_64-linux-gnu/libgio-2.0.so.0.5800.3
7f7c65b09000-7f7c65b8b000 r--p 00130000 08:02 790336                     /usr/lib/x86_64-linux-gnu/libgio-2.0.so.0.5800.3
7f7c65b8b000-7f7c65b8c000 ---p 001b2000 08:02 790336                     /usr/lib/x86_64-linux-gnu/libgio-2.0.so.0.5800.3
7f7c65b8c000-7f7c65b94000 r--p 001b2000 08:02 790336                     /usr/lib/x86_64-linux-gnu/libgio-2.0.so.0.5800.3
7f7c65b94000-7f7c65b95000 rw-p 001ba000 08:02 790336                     /usr/lib/x86_64-linux-gnu/libgio-2.0.so.0.5800.3
7f7c65b95000-7f7c65b97000 rw-p 00000000 00:00 0 
7f7c65b97000-7f7c65ba1000 r-xp 00000000 08:02 796593                     /usr/lib/x86_64-linux-gnu/libXrandr.so.2.2.0
7f7c65ba1000-7f7c65da0000 ---p 0000a000 08:02 796593                     /usr/lib/x86_64-linux-gnu/libXrandr.so.2.2.0
7f7c65da0000-7f7c65da1000 r--p 00009000 08:02 796593                     /usr/lib/x86_64-linux-gnu/libXrandr.so.2.2.0
7f7c65da1000-7f7c65da2000 rw-p 0000a000 08:02 796593                     /usr/lib/x86_64-linux-gnu/libXrandr.so.2.2.0
7f7c65da2000-7f7c65da8000 r--p 00000000 08:02 793087                     /usr/lib/x86_64-linux-gnu/libpng16.so.16.36.0
7f7c65da8000-7f7c65dcd000 r-xp 00006000 08:02 793087                     /usr/lib/x86_64-linux-gnu/libpng16.so.16.36.0
7f7c65dcd000-7f7c65dd9000 r--p 0002b000 08:02 793087                     /usr/lib/x86_64-linux-gnu/libpng16.so.16.36.0
7f7c65dd9000-7f7c65dda000 r--p 00036000 08:02 793087                     /usr/lib/x86_64-linux-gnu/libpng16.so.16.36.0
7f7c65dda000-7f7c65ddb000 rw-p 00037000 08:02 793087                     /usr/lib/x86_64-linux-gnu/libpng16.so.16.36.0
7f7c65ddb000-7f7c65de8000 r--p 00000000 08:02 790798                     /usr/lib/x86_64-linux-gnu/libfreetype.so.6.16.1
7f7c65de8000-7f7c65e65000 r-xp 0000d000 08:02 790798                     /usr/lib/x86_64-linux-gnu/libfreetype.so.6.16.1
7f7c65e65000-7f7c65e8e000 r--p 0008a000 08:02 790798                     /usr/lib/x86_64-linux-gnu/libfreetype.so.6.16.1
7f7c65e8e000-7f7c65e8f000 ---p 000b3000 08:02 790798                     /usr/lib/x86_64-linux-gnu/libfreetype.so.6.16.1
7f7c65e8f000-7f7c65e96000 r--p 000b3000 08:02 790798                     /usr/lib/x86_64-linux-gnu/libfreetype.so.6.16.1
7f7c65e96000-7f7c65e97000 rw-p 000ba000 08:02 790798                     /usr/lib/x86_64-linux-gnu/libfreetype.so.6.16.1
7f7c65ea2000-7f7c65eb1000 r--p 00000000 08:02 1311871                    /usr/share/glib-2.0/schemas/gschemas.compiled
7f7c65eb1000-7f7c65eb5000 r--p 00000000 08:02 1050654                    /usr/lib/jvm/java-11-openjdk-amd64/lib/libfontmanager.so
7f7c65eb5000-7f7c65fa7000 r-xp 00004000 08:02 1050654                    /usr/lib/jvm/java-11-openjdk-amd64/lib/libfontmanager.so
7f7c65fa7000-7f7c65fe7000 r--p 000f6000 08:02 1050654                    /usr/lib/jvm/java-11-openjdk-amd64/lib/libfontmanager.so
7f7c65fe7000-7f7c65fe8000 r--p 00135000 08:02 1050654                    /usr/lib/jvm/java-11-openjdk-amd64/lib/libfontmanager.so
7f7c65fe8000-7f7c65fe9000 rw-p 00136000 08:02 1050654                    /usr/lib/jvm/java-11-openjdk-amd64/lib/libfontmanager.so
7f7c65fe9000-7f7c65fec000 rw-p 00000000 00:00 0 
7f7c65fec000-7f7c65ff0000 r--p 00000000 08:02 791299                     /usr/lib/x86_64-linux-gnu/libbsd.so.0.9.1
7f7c65ff0000-7f7c65fff000 r-xp 00004000 08:02 791299                     /usr/lib/x86_64-linux-gnu/libbsd.so.0.9.1
7f7c65fff000-7f7c66002000 r--p 00013000 08:02 791299                     /usr/lib/x86_64-linux-gnu/libbsd.so.0.9.1
7f7c66002000-7f7c66003000 ---p 00016000 08:02 791299                     /usr/lib/x86_64-linux-gnu/libbsd.so.0.9.1
7f7c66003000-7f7c66004000 r--p 00016000 08:02 791299                     /usr/lib/x86_64-linux-gnu/libbsd.so.0.9.1
7f7c66004000-7f7c66005000 rw-p 00017000 08:02 791299                     /usr/lib/x86_64-linux-gnu/libbsd.so.0.9.1
7f7c66005000-7f7c66006000 rw-p 00000000 00:00 0 
7f7c66006000-7f7c6600b000 r-xp 00000000 08:02 793144                     /usr/lib/x86_64-linux-gnu/libXdmcp.so.6.0.0
7f7c6600b000-7f7c6620a000 ---p 00005000 08:02 793144                     /usr/lib/x86_64-linux-gnu/libXdmcp.so.6.0.0
7f7c6620a000-7f7c6620b000 r--p 00004000 08:02 793144                     /usr/lib/x86_64-linux-gnu/libXdmcp.so.6.0.0
7f7c6620b000-7f7c6620c000 rw-p 00005000 08:02 793144                     /usr/lib/x86_64-linux-gnu/libXdmcp.so.6.0.0
7f7c6620c000-7f7c6620e000 r-xp 00000000 08:02 793142                     /usr/lib/x86_64-linux-gnu/libXau.so.6.0.0
7f7c6620e000-7f7c6640e000 ---p 00002000 08:02 793142                     /usr/lib/x86_64-linux-gnu/libXau.so.6.0.0
7f7c6640e000-7f7c6640f000 r--p 00002000 08:02 793142                     /usr/lib/x86_64-linux-gnu/libXau.so.6.0.0
7f7c6640f000-7f7c66410000 rw-p 00003000 08:02 793142                     /usr/lib/x86_64-linux-gnu/libXau.so.6.0.0
7f7c66410000-7f7c6641c000 r--p 00000000 08:02 793146                     /usr/lib/x86_64-linux-gnu/libxcb.so.1.1.0
7f7c6641c000-7f7c6642f000 r-xp 0000c000 08:02 793146                     /usr/lib/x86_64-linux-gnu/libxcb.so.1.1.0
7f7c6642f000-7f7c66438000 r--p 0001f000 08:02 793146                     /usr/lib/x86_64-linux-gnu/libxcb.so.1.1.0
7f7c66438000-7f7c66439000 r--p 00027000 08:02 793146                     /usr/lib/x86_64-linux-gnu/libxcb.so.1.1.0
7f7c66439000-7f7c6643a000 rw-p 00028000 08:02 793146                     /usr/lib/x86_64-linux-gnu/libxcb.so.1.1.0
7f7c6643a000-7f7c66449000 r-xp 00000000 08:02 793270                     /usr/lib/x86_64-linux-gnu/libXi.so.6.1.0
7f7c66449000-7f7c66648000 ---p 0000f000 08:02 793270                     /usr/lib/x86_64-linux-gnu/libXi.so.6.1.0
7f7c66648000-7f7c66649000 r--p 0000e000 08:02 793270                     /usr/lib/x86_64-linux-gnu/libXi.so.6.1.0
7f7c66649000-7f7c6664a000 rw-p 0000f000 08:02 793270                     /usr/lib/x86_64-linux-gnu/libXi.so.6.1.0
7f7c6664a000-7f7c6664f000 r-xp 00000000 08:02 796147                     /usr/lib/x86_64-linux-gnu/libXtst.so.6.1.0
7f7c6664f000-7f7c6684e000 ---p 00005000 08:02 796147                     /usr/lib/x86_64-linux-gnu/libXtst.so.6.1.0
7f7c6684e000-7f7c6684f000 r--p 00004000 08:02 796147                     /usr/lib/x86_64-linux-gnu/libXtst.so.6.1.0
7f7c6684f000-7f7c66850000 rw-p 00005000 08:02 796147                     /usr/lib/x86_64-linux-gnu/libXtst.so.6.1.0
7f7c66850000-7f7c66859000 r-xp 00000000 08:02 793276                     /usr/lib/x86_64-linux-gnu/libXrender.so.1.3.0
7f7c66859000-7f7c66a58000 ---p 00009000 08:02 793276                     /usr/lib/x86_64-linux-gnu/libXrender.so.1.3.0
7f7c66a58000-7f7c66a59000 r--p 00008000 08:02 793276                     /usr/lib/x86_64-linux-gnu/libXrender.so.1.3.0
7f7c66a59000-7f7c66a5a000 rw-p 00009000 08:02 793276                     /usr/lib/x86_64-linux-gnu/libXrender.so.1.3.0
7f7c66a5a000-7f7c66a76000 r--p 00000000 08:02 793166                     /usr/lib/x86_64-linux-gnu/libX11.so.6.3.0
7f7c66a76000-7f7c66b00000 r-xp 0001c000 08:02 793166                     /usr/lib/x86_64-linux-gnu/libX11.so.6.3.0
7f7c66b00000-7f7c66b94000 r--p 000a6000 08:02 793166                     /usr/lib/x86_64-linux-gnu/libX11.so.6.3.0
7f7c66b94000-7f7c66b95000 ---p 0013a000 08:02 793166                     /usr/lib/x86_64-linux-gnu/libX11.so.6.3.0
7f7c66b95000-7f7c66b96000 r--p 0013a000 08:02 793166                     /usr/lib/x86_64-linux-gnu/libX11.so.6.3.0
7f7c66b96000-7f7c66b9b000 rw-p 0013b000 08:02 793166                     /usr/lib/x86_64-linux-gnu/libX11.so.6.3.0
7f7c66b9b000-7f7c66bac000 r-xp 00000000 08:02 793169                     /usr/lib/x86_64-linux-gnu/libXext.so.6.4.0
7f7c66bac000-7f7c66dab000 ---p 00011000 08:02 793169                     /usr/lib/x86_64-linux-gnu/libXext.so.6.4.0
7f7c66dab000-7f7c66dac000 r--p 00010000 08:02 793169                     /usr/lib/x86_64-linux-gnu/libXext.so.6.4.0
7f7c66dac000-7f7c66dad000 rw-p 00011000 08:02 793169                     /usr/lib/x86_64-linux-gnu/libXext.so.6.4.0
7f7c66dad000-7f7c66dbd000 r--p 00000000 08:02 1050650                    /usr/lib/jvm/java-11-openjdk-amd64/lib/libawt_xawt.so
7f7c66dbd000-7f7c66dfa000 r-xp 00010000 08:02 1050650                    /usr/lib/jvm/java-11-openjdk-amd64/lib/libawt_xawt.so
7f7c66dfa000-7f7c66e0c000 r--p 0004d000 08:02 1050650                    /usr/lib/jvm/java-11-openjdk-amd64/lib/libawt_xawt.so
7f7c66e0c000-7f7c66e0d000 r--p 0005e000 08:02 1050650                    /usr/lib/jvm/java-11-openjdk-amd64/lib/libawt_xawt.so
7f7c66e0d000-7f7c66e10000 rw-p 0005f000 08:02 1050650                    /usr/lib/jvm/java-11-openjdk-amd64/lib/libawt_xawt.so
7f7c66e10000-7f7c66e12000 rw-p 00000000 00:00 0 
7f7c66e12000-7f7c66e3e000 r--p 00000000 08:02 1050645                    /usr/lib/jvm/java-11-openjdk-amd64/lib/libawt.so
7f7c66e3e000-7f7c66ea5000 r-xp 0002c000 08:02 1050645                    /usr/lib/jvm/java-11-openjdk-amd64/lib/libawt.so
7f7c66ea5000-7f7c66eb2000 r--p 00093000 08:02 1050645                    /usr/lib/jvm/java-11-openjdk-amd64/lib/libawt.so
7f7c66eb2000-7f7c66eb3000 r--p 0009f000 08:02 1050645                    /usr/lib/jvm/java-11-openjdk-amd64/lib/libawt.so
7f7c66eb3000-7f7c66ebe000 rw-p 000a0000 08:02 1050645                    /usr/lib/jvm/java-11-openjdk-amd64/lib/libawt.so
7f7c66ebe000-7f7c66f14000 rw-p 00000000 00:00 0 
7f7c66f14000-7f7c66f18000 ---p 00000000 00:00 0 
7f7c66f18000-7f7c67015000 rw-p 00000000 00:00 0 
7f7c67015000-7f7c67016000 ---p 00000000 00:00 0 
7f7c67016000-7f7c67117000 rw-p 00000000 00:00 0 
7f7c67117000-7f7c6711b000 ---p 00000000 00:00 0 
7f7c6711b000-7f7c67218000 rw-p 00000000 00:00 0 
7f7c67218000-7f7c6721c000 ---p 00000000 00:00 0 
7f7c6721c000-7f7c67319000 rw-p 00000000 00:00 0 
7f7c67319000-7f7c6731d000 ---p 00000000 00:00 0 
7f7c6731d000-7f7c6741a000 rw-p 00000000 00:00 0 
7f7c6741a000-7f7c6741e000 ---p 00000000 00:00 0 
7f7c6741e000-7f7c6751b000 rw-p 00000000 00:00 0 
7f7c6751b000-7f7c67800000 r--p 00000000 08:02 786879                     /usr/lib/locale/locale-archive
7f7c67800000-7f7c68000000 rw-p 00000000 00:00 0 
7f7c68000000-7f7c68021000 rw-p 00000000 00:00 0 
7f7c68021000-7f7c6c000000 ---p 00000000 00:00 0 
7f7c6c000000-7f7c6c021000 rw-p 00000000 00:00 0 
7f7c6c021000-7f7c70000000 ---p 00000000 00:00 0 
7f7c70000000-7f7c70021000 rw-p 00000000 00:00 0 
7f7c70021000-7f7c74000000 ---p 00000000 00:00 0 
7f7c74004000-7f7c74006000 r--p 00000000 08:02 787520                     /usr/lib/x86_64-linux-gnu/libffi.so.6.0.4
7f7c74006000-7f7c7400b000 r-xp 00002000 08:02 787520                     /usr/lib/x86_64-linux-gnu/libffi.so.6.0.4
7f7c7400b000-7f7c7400c000 r--p 00007000 08:02 787520                     /usr/lib/x86_64-linux-gnu/libffi.so.6.0.4
7f7c7400c000-7f7c7400d000 r--p 00007000 08:02 787520                     /usr/lib/x86_64-linux-gnu/libffi.so.6.0.4
7f7c7400d000-7f7c7400e000 rw-p 00008000 08:02 787520                     /usr/lib/x86_64-linux-gnu/libffi.so.6.0.4
7f7c7400e000-7f7c74012000 ---p 00000000 00:00 0 
7f7c74012000-7f7c7410f000 rw-p 00000000 00:00 0 
7f7c7410f000-7f7c74113000 ---p 00000000 00:00 0 
7f7c74113000-7f7c76300000 rw-p 00000000 00:00 0 
7f7c76300000-7f7c77100000 ---p 00000000 00:00 0 
7f7c77100000-7f7c771f8000 rw-p 00000000 00:00 0 
7f7c771f8000-7f7c77ff8000 ---p 00000000 00:00 0 
7f7c77ff8000-7f7c78000000 rw-p 00000000 00:00 0 
7f7c78000000-7f7c78021000 rw-p 00000000 00:00 0 
7f7c78021000-7f7c7c000000 ---p 00000000 00:00 0 
7f7c7c008000-7f7c7c029000 r--p 00000000 08:02 792185                     /usr/share/locale/it/LC_MESSAGES/libc.mo
7f7c7c029000-7f7c7c02d000 ---p 00000000 00:00 0 
7f7c7c02d000-7f7c7c12a000 rw-p 00000000 00:00 0 
7f7c7c12a000-7f7c7c12b000 ---p 00000000 00:00 0 
7f7c7c12b000-7f7c7c308000 rw-p 00000000 00:00 0 
7f7c7c308000-7f7c7c309000 ---p 00000000 00:00 0 
7f7c7c309000-7f7c7c40a000 rw-p 00000000 00:00 0 
7f7c7c40a000-7f7c7c40b000 ---p 00000000 00:00 0 
7f7c7c40b000-7f7c7c910000 rw-p 00000000 00:00 0 
7f7c7c910000-7f7c7cb80000 rwxp 00000000 00:00 0 
7f7c7cb80000-7f7c7cea0000 ---p 00000000 00:00 0 
7f7c7cea0000-7f7c7d280000 rwxp 00000000 00:00 0 
7f7c7d280000-7f7c843d8000 ---p 00000000 00:00 0 
7f7c843d8000-7f7c84648000 rwxp 00000000 00:00 0 
7f7c84648000-7f7c8b910000 ---p 00000000 00:00 0 
7f7c94000000-7f7c944be000 rw-p 00000000 00:00 0 
7f7c944be000-7f7c98000000 ---p 00000000 00:00 0 
7f7c98006000-7f7c98007000 r--p 00000000 08:02 790339                     /usr/lib/x86_64-linux-gnu/libgmodule-2.0.so.0.5800.3
7f7c98007000-7f7c98009000 r-xp 00001000 08:02 790339                     /usr/lib/x86_64-linux-gnu/libgmodule-2.0.so.0.5800.3
7f7c98009000-7f7c9800a000 r--p 00003000 08:02 790339                     /usr/lib/x86_64-linux-gnu/libgmodule-2.0.so.0.5800.3
7f7c9800a000-7f7c9800b000 r--p 00003000 08:02 790339                     /usr/lib/x86_64-linux-gnu/libgmodule-2.0.so.0.5800.3
7f7c9800b000-7f7c9800c000 rw-p 00004000 08:02 790339                     /usr/lib/x86_64-linux-gnu/libgmodule-2.0.so.0.5800.3
7f7c9800c000-7f7c98010000 r--p 00000000 08:02 1051068                    /usr/lib/jvm/java-11-openjdk-amd64/lib/libnet.so
7f7c98010000-7f7c9801f000 r-xp 00004000 08:02 1051068                    /usr/lib/jvm/java-11-openjdk-amd64/lib/libnet.so
7f7c9801f000-7f7c98023000 r--p 00013000 08:02 1051068                    /usr/lib/jvm/java-11-openjdk-amd64/lib/libnet.so
7f7c98023000-7f7c98024000 r--p 00016000 08:02 1051068                    /usr/lib/jvm/java-11-openjdk-amd64/lib/libnet.so
7f7c98024000-7f7c98025000 rw-p 00017000 08:02 1051068                    /usr/lib/jvm/java-11-openjdk-amd64/lib/libnet.so
7f7c98025000-7f7c9802c000 r--p 00000000 08:02 1051069                    /usr/lib/jvm/java-11-openjdk-amd64/lib/libnio.so
7f7c9802c000-7f7c98033000 r-xp 00007000 08:02 1051069                    /usr/lib/jvm/java-11-openjdk-amd64/lib/libnio.so
7f7c98033000-7f7c98036000 r--p 0000e000 08:02 1051069                    /usr/lib/jvm/java-11-openjdk-amd64/lib/libnio.so
7f7c98036000-7f7c98037000 r--p 00010000 08:02 1051069                    /usr/lib/jvm/java-11-openjdk-amd64/lib/libnio.so
7f7c98037000-7f7c98038000 rw-p 00011000 08:02 1051069                    /usr/lib/jvm/java-11-openjdk-amd64/lib/libnio.so
7f7c98038000-7f7c980a2000 rw-p 00000000 00:00 0 
7f7c980a2000-7f7c980a3000 ---p 00000000 00:00 0 
7f7c980a3000-7f7c981a4000 rw-p 00000000 00:00 0 
7f7c981a4000-7f7c981a5000 ---p 00000000 00:00 0 
7f7c981a5000-7f7c982e4000 rw-p 00000000 00:00 0 
7f7c982e4000-7f7c984a4000 ---p 00000000 00:00 0 
7f7c984a4000-7f7c984c3000 rw-p 00000000 00:00 0 
7f7c984c3000-7f7c98683000 ---p 00000000 00:00 0 
7f7c98683000-7f7c986a2000 rw-p 00000000 00:00 0 
7f7c986a2000-7f7c98862000 ---p 00000000 00:00 0 
7f7c98862000-7f7c98c67000 rw-p 00000000 00:00 0 
7f7c98c67000-7f7c98c68000 ---p 00000000 00:00 0 
7f7c98c68000-7f7c98d6e000 rw-p 00000000 00:00 0 
7f7c98d6e000-7f7c98e54000 ---p 00000000 00:00 0 
7f7c98e54000-7f7c98e5c000 rw-p 00000000 00:00 0 
7f7c98e5c000-7f7c98f3f000 ---p 00000000 00:00 0 
7f7c98f3f000-7f7c98f44000 rw-p 00000000 00:00 0 
7f7c98f44000-7f7c98f4b000 ---p 00000000 00:00 0 
7f7c98f4b000-7f7c98f4d000 r--p 00000000 08:02 1051055                    /usr/lib/jvm/java-11-openjdk-amd64/lib/libjimage.so
7f7c98f4d000-7f7c98f50000 r-xp 00002000 08:02 1051055                    /usr/lib/jvm/java-11-openjdk-amd64/lib/libjimage.so
7f7c98f50000-7f7c98f52000 r--p 00005000 08:02 1051055                    /usr/lib/jvm/java-11-openjdk-amd64/lib/libjimage.so
7f7c98f52000-7f7c98f53000 r--p 00006000 08:02 1051055                    /usr/lib/jvm/java-11-openjdk-amd64/lib/libjimage.so
7f7c98f53000-7f7c98f54000 rw-p 00007000 08:02 1051055                    /usr/lib/jvm/java-11-openjdk-amd64/lib/libjimage.so
7f7c98f54000-7f7c98f57000 r--p 00000000 08:02 787123                     /usr/lib/x86_64-linux-gnu/libnss_files-2.28.so
7f7c98f57000-7f7c98f5e000 r-xp 00003000 08:02 787123                     /usr/lib/x86_64-linux-gnu/libnss_files-2.28.so
7f7c98f5e000-7f7c98f60000 r--p 0000a000 08:02 787123                     /usr/lib/x86_64-linux-gnu/libnss_files-2.28.so
7f7c98f60000-7f7c98f61000 ---p 0000c000 08:02 787123                     /usr/lib/x86_64-linux-gnu/libnss_files-2.28.so
7f7c98f61000-7f7c98f62000 r--p 0000c000 08:02 787123                     /usr/lib/x86_64-linux-gnu/libnss_files-2.28.so
7f7c98f62000-7f7c98f63000 rw-p 0000d000 08:02 787123                     /usr/lib/x86_64-linux-gnu/libnss_files-2.28.so
7f7c98f63000-7f7c98f69000 rw-p 00000000 00:00 0 
7f7c98f6a000-7f7c98f71000 r--s 00000000 08:02 789458                     /usr/lib/x86_64-linux-gnu/gconv/gconv-modules.cache
7f7c98f71000-7f7c98f73000 r--p 00000000 08:02 1051080                    /usr/lib/jvm/java-11-openjdk-amd64/lib/libzip.so
7f7c98f73000-7f7c98f77000 r-xp 00002000 08:02 1051080                    /usr/lib/jvm/java-11-openjdk-amd64/lib/libzip.so
7f7c98f77000-7f7c98f79000 r--p 00006000 08:02 1051080                    /usr/lib/jvm/java-11-openjdk-amd64/lib/libzip.so
7f7c98f79000-7f7c98f7a000 r--p 00007000 08:02 1051080                    /usr/lib/jvm/java-11-openjdk-amd64/lib/libzip.so
7f7c98f7a000-7f7c98f7b000 rw-p 00008000 08:02 1051080                    /usr/lib/jvm/java-11-openjdk-amd64/lib/libzip.so
7f7c98f7b000-7f7c98f83000 rw-s 00000000 08:02 6422561                    /tmp/hsperfdata_gambero/2997
7f7c98f83000-7f7c98f90000 r--p 00000000 08:02 1050802                    /usr/lib/jvm/java-11-openjdk-amd64/lib/libjava.so
7f7c98f90000-7f7c98fa5000 r-xp 0000d000 08:02 1050802                    /usr/lib/jvm/java-11-openjdk-amd64/lib/libjava.so
7f7c98fa5000-7f7c98fac000 r--p 00022000 08:02 1050802                    /usr/lib/jvm/java-11-openjdk-amd64/lib/libjava.so
7f7c98fac000-7f7c98fad000 r--p 00028000 08:02 1050802                    /usr/lib/jvm/java-11-openjdk-amd64/lib/libjava.so
7f7c98fad000-7f7c98faf000 rw-p 00029000 08:02 1050802                    /usr/lib/jvm/java-11-openjdk-amd64/lib/libjava.so
7f7c98faf000-7f7c98fb1000 r--p 00000000 08:02 787131                     /usr/lib/x86_64-linux-gnu/librt-2.28.so
7f7c98fb1000-7f7c98fb5000 r-xp 00002000 08:02 787131                     /usr/lib/x86_64-linux-gnu/librt-2.28.so
7f7c98fb5000-7f7c98fb7000 r--p 00006000 08:02 787131                     /usr/lib/x86_64-linux-gnu/librt-2.28.so
7f7c98fb7000-7f7c98fb8000 r--p 00007000 08:02 787131                     /usr/lib/x86_64-linux-gnu/librt-2.28.so
7f7c98fb8000-7f7c98fb9000 rw-p 00008000 08:02 787131                     /usr/lib/x86_64-linux-gnu/librt-2.28.so
7f7c98fb9000-7f7c98fbd000 ---p 00000000 00:00 0 
7f7c98fbd000-7f7c990ba000 rw-p 00000000 00:00 0 
7f7c990ba000-7f7c990bd000 r--p 00000000 08:02 786446                     /usr/lib/x86_64-linux-gnu/libgcc_s.so.1
7f7c990bd000-7f7c990ce000 r-xp 00003000 08:02 786446                     /usr/lib/x86_64-linux-gnu/libgcc_s.so.1
7f7c990ce000-7f7c990d1000 r--p 00014000 08:02 786446                     /usr/lib/x86_64-linux-gnu/libgcc_s.so.1
7f7c990d1000-7f7c990d2000 ---p 00017000 08:02 786446                     /usr/lib/x86_64-linux-gnu/libgcc_s.so.1
7f7c990d2000-7f7c990d3000 r--p 00017000 08:02 786446                     /usr/lib/x86_64-linux-gnu/libgcc_s.so.1
7f7c990d3000-7f7c990d4000 rw-p 00018000 08:02 786446                     /usr/lib/x86_64-linux-gnu/libgcc_s.so.1
7f7c990d4000-7f7c990e1000 r--p 00000000 08:02 787114                     /usr/lib/x86_64-linux-gnu/libm-2.28.so
7f7c990e1000-7f7c99180000 r-xp 0000d000 08:02 787114                     /usr/lib/x86_64-linux-gnu/libm-2.28.so
7f7c99180000-7f7c99255000 r--p 000ac000 08:02 787114                     /usr/lib/x86_64-linux-gnu/libm-2.28.so
7f7c99255000-7f7c99256000 r--p 00180000 08:02 787114                     /usr/lib/x86_64-linux-gnu/libm-2.28.so
7f7c99256000-7f7c99257000 rw-p 00181000 08:02 787114                     /usr/lib/x86_64-linux-gnu/libm-2.28.so
7f7c99257000-7f7c992e0000 r--p 00000000 08:02 786705                     /usr/lib/x86_64-linux-gnu/libstdc++.so.6.0.25
7f7c992e0000-7f7c9938c000 r-xp 00089000 08:02 786705                     /usr/lib/x86_64-linux-gnu/libstdc++.so.6.0.25
7f7c9938c000-7f7c993ca000 r--p 00135000 08:02 786705                     /usr/lib/x86_64-linux-gnu/libstdc++.so.6.0.25
7f7c993ca000-7f7c993cb000 ---p 00173000 08:02 786705                     /usr/lib/x86_64-linux-gnu/libstdc++.so.6.0.25
7f7c993cb000-7f7c993d5000 r--p 00173000 08:02 786705                     /usr/lib/x86_64-linux-gnu/libstdc++.so.6.0.25
7f7c993d5000-7f7c993d7000 rw-p 0017d000 08:02 786705                     /usr/lib/x86_64-linux-gnu/libstdc++.so.6.0.25
7f7c993d7000-7f7c993db000 rw-p 00000000 00:00 0 
7f7c993db000-7f7c99648000 r--p 00000000 08:02 1579002                    /usr/lib/jvm/java-11-openjdk-amd64/lib/server/libjvm.so
7f7c99648000-7f7c9a174000 r-xp 0026d000 08:02 1579002                    /usr/lib/jvm/java-11-openjdk-amd64/lib/server/libjvm.so
7f7c9a174000-7f7c9a3ac000 r--p 00d99000 08:02 1579002                    /usr/lib/jvm/java-11-openjdk-amd64/lib/server/libjvm.so
7f7c9a3ac000-7f7c9a469000 r--p 00fd0000 08:02 1579002                    /usr/lib/jvm/java-11-openjdk-amd64/lib/server/libjvm.so
7f7c9a469000-7f7c9a4a3000 rw-p 0108d000 08:02 1579002                    /usr/lib/jvm/java-11-openjdk-amd64/lib/server/libjvm.so
7f7c9a4a3000-7f7c9a4fb000 rw-p 00000000 00:00 0 
7f7c9a4fb000-7f7c9a51d000 r--p 00000000 08:02 787111                     /usr/lib/x86_64-linux-gnu/libc-2.28.so
7f7c9a51d000-7f7c9a665000 r-xp 00022000 08:02 787111                     /usr/lib/x86_64-linux-gnu/libc-2.28.so
7f7c9a665000-7f7c9a6b1000 r--p 0016a000 08:02 787111                     /usr/lib/x86_64-linux-gnu/libc-2.28.so
7f7c9a6b1000-7f7c9a6b2000 ---p 001b6000 08:02 787111                     /usr/lib/x86_64-linux-gnu/libc-2.28.so
7f7c9a6b2000-7f7c9a6b6000 r--p 001b6000 08:02 787111                     /usr/lib/x86_64-linux-gnu/libc-2.28.so
7f7c9a6b6000-7f7c9a6b8000 rw-p 001ba000 08:02 787111                     /usr/lib/x86_64-linux-gnu/libc-2.28.so
7f7c9a6b8000-7f7c9a6bc000 rw-p 00000000 00:00 0 
7f7c9a6bc000-7f7c9a6bd000 r--p 00000000 08:02 787113                     /usr/lib/x86_64-linux-gnu/libdl-2.28.so
7f7c9a6bd000-7f7c9a6be000 r-xp 00001000 08:02 787113                     /usr/lib/x86_64-linux-gnu/libdl-2.28.so
7f7c9a6be000-7f7c9a6bf000 r--p 00002000 08:02 787113                     /usr/lib/x86_64-linux-gnu/libdl-2.28.so
7f7c9a6bf000-7f7c9a6c0000 r--p 00002000 08:02 787113                     /usr/lib/x86_64-linux-gnu/libdl-2.28.so
7f7c9a6c0000-7f7c9a6c1000 rw-p 00003000 08:02 787113                     /usr/lib/x86_64-linux-gnu/libdl-2.28.so
7f7c9a6c1000-7f7c9a6c4000 r--p 00000000 08:02 1578979                    /usr/lib/jvm/java-11-openjdk-amd64/lib/jli/libjli.so
7f7c9a6c4000-7f7c9a6ce000 r-xp 00003000 08:02 1578979                    /usr/lib/jvm/java-11-openjdk-amd64/lib/jli/libjli.so
7f7c9a6ce000-7f7c9a6d1000 r--p 0000d000 08:02 1578979                    /usr/lib/jvm/java-11-openjdk-amd64/lib/jli/libjli.so
7f7c9a6d1000-7f7c9a6d2000 r--p 0000f000 08:02 1578979                    /usr/lib/jvm/java-11-openjdk-amd64/lib/jli/libjli.so
7f7c9a6d2000-7f7c9a6d3000 rw-p 00010000 08:02 1578979                    /usr/lib/jvm/java-11-openjdk-amd64/lib/jli/libjli.so
7f7c9a6d3000-7f7c9a6d9000 r--p 00000000 08:02 787129                     /usr/lib/x86_64-linux-gnu/libpthread-2.28.so
7f7c9a6d9000-7f7c9a6e8000 r-xp 00006000 08:02 787129                     /usr/lib/x86_64-linux-gnu/libpthread-2.28.so
7f7c9a6e8000-7f7c9a6ee000 r--p 00015000 08:02 787129                     /usr/lib/x86_64-linux-gnu/libpthread-2.28.so
7f7c9a6ee000-7f7c9a6ef000 r--p 0001a000 08:02 787129                     /usr/lib/x86_64-linux-gnu/libpthread-2.28.so
7f7c9a6ef000-7f7c9a6f0000 rw-p 0001b000 08:02 787129                     /usr/lib/x86_64-linux-gnu/libpthread-2.28.so
7f7c9a6f0000-7f7c9a6f4000 rw-p 00000000 00:00 0 
7f7c9a6f4000-7f7c9a710000 r-xp 00000000 08:02 788687                     /usr/lib/x86_64-linux-gnu/libz.so.1.2.11
7f7c9a710000-7f7c9a910000 ---p 0001c000 08:02 788687                     /usr/lib/x86_64-linux-gnu/libz.so.1.2.11
7f7c9a910000-7f7c9a911000 r--p 0001c000 08:02 788687                     /usr/lib/x86_64-linux-gnu/libz.so.1.2.11
7f7c9a911000-7f7c9a912000 rw-p 0001d000 08:02 788687                     /usr/lib/x86_64-linux-gnu/libz.so.1.2.11
7f7c9a912000-7f7c9a914000 rw-p 00000000 00:00 0 
7f7c9a917000-7f7c9a918000 r--p 00000000 08:02 6840480                    /home/gambero/.config/dconf/user
7f7c9a918000-7f7c9a919000 r--s 00000000 00:30 29150                      /run/user/1000/dconf/user
7f7c9a919000-7f7c9a91b000 r--s 00007000 08:02 1446998                    /usr/share/java/java-atk-wrapper.jar
7f7c9a91b000-7f7c9a91c000 ---p 00000000 00:00 0 
7f7c9a91c000-7f7c9a91d000 r--p 00000000 00:00 0 
7f7c9a91d000-7f7c9a922000 r--p 00000000 08:02 1051079                    /usr/lib/jvm/java-11-openjdk-amd64/lib/libverify.so
7f7c9a922000-7f7c9a929000 r-xp 00005000 08:02 1051079                    /usr/lib/jvm/java-11-openjdk-amd64/lib/libverify.so
7f7c9a929000-7f7c9a92b000 r--p 0000c000 08:02 1051079                    /usr/lib/jvm/java-11-openjdk-amd64/lib/libverify.so
7f7c9a92b000-7f7c9a92d000 r--p 0000d000 08:02 1051079                    /usr/lib/jvm/java-11-openjdk-amd64/lib/libverify.so
7f7c9a92d000-7f7c9a92e000 rw-p 0000f000 08:02 1051079                    /usr/lib/jvm/java-11-openjdk-amd64/lib/libverify.so
7f7c9a92e000-7f7c9a92f000 r--p 00000000 08:02 786448                     /usr/lib/x86_64-linux-gnu/ld-2.28.so
7f7c9a92f000-7f7c9a94d000 r-xp 00001000 08:02 786448                     /usr/lib/x86_64-linux-gnu/ld-2.28.so
7f7c9a94d000-7f7c9a955000 r--p 0001f000 08:02 786448                     /usr/lib/x86_64-linux-gnu/ld-2.28.so
7f7c9a955000-7f7c9a956000 r--p 00026000 08:02 786448                     /usr/lib/x86_64-linux-gnu/ld-2.28.so
7f7c9a956000-7f7c9a957000 rw-p 00027000 08:02 786448                     /usr/lib/x86_64-linux-gnu/ld-2.28.so
7f7c9a957000-7f7c9a958000 rw-p 00000000 00:00 0 
7ffc8cbc7000-7ffc8cbe8000 rw-p 00000000 00:00 0                          [stack]
7ffc8cbf3000-7ffc8cbf6000 r--p 00000000 00:00 0                          [vvar]
7ffc8cbf6000-7ffc8cbf8000 r-xp 00000000 00:00 0                          [vdso]


VM Arguments:
jvm_args: -Dfile.encoding=UTF-8 
java_command: main
java_class_path (initial): /home/gambero/eclipse-workspace/FileSplitter/bin
Launcher Type: SUN_STANDARD

[Global flags]
     intx CICompilerCount                          = 3                                         {product} {ergonomic}
     uint ConcGCThreads                            = 1                                         {product} {ergonomic}
     uint G1ConcRefinementThreads                  = 4                                         {product} {ergonomic}
   size_t G1HeapRegionSize                         = 1048576                                   {product} {ergonomic}
    uintx GCDrainStackTargetSize                   = 64                                        {product} {ergonomic}
   size_t InitialHeapSize                          = 62914560                                  {product} {ergonomic}
   size_t MarkStackSize                            = 4194304                                   {product} {ergonomic}
   size_t MaxHeapSize                              = 1004535808                                {product} {ergonomic}
   size_t MaxNewSize                               = 601882624                                 {product} {ergonomic}
   size_t MinHeapDeltaBytes                        = 1048576                                   {product} {ergonomic}
    uintx NonNMethodCodeHeapSize                   = 5830732                                {pd product} {ergonomic}
    uintx NonProfiledCodeHeapSize                  = 122913754                              {pd product} {ergonomic}
    uintx ProfiledCodeHeapSize                     = 122913754                              {pd product} {ergonomic}
    uintx ReservedCodeCacheSize                    = 251658240                              {pd product} {ergonomic}
     bool SegmentedCodeCache                       = true                                      {product} {ergonomic}
     bool UseCompressedClassPointers               = true                                 {lp64_product} {ergonomic}
     bool UseCompressedOops                        = true                                 {lp64_product} {ergonomic}
     bool UseG1GC                                  = true                                      {product} {ergonomic}

Logging:
Log output configuration:
 #0: stdout all=warning uptime,level,tags
 #1: stderr all=off uptime,level,tags

Environment Variables:
PATH=/usr/local/bin:/usr/bin:/bin:/usr/local/games:/usr/games:/snap/bin
SHELL=/bin/bash
DISPLAY=:0

Signal Handlers:
SIGSEGV: [libjvm.so+0xd26680], sa_mask[0]=11111111011111111101111111111110, sa_flags=SA_RESTART|SA_SIGINFO
SIGBUS: [libjvm.so+0xd26680], sa_mask[0]=11111111011111111101111111111110, sa_flags=SA_RESTART|SA_SIGINFO
SIGFPE: [libjvm.so+0xd26680], sa_mask[0]=11111111011111111101111111111110, sa_flags=SA_RESTART|SA_SIGINFO
SIGPIPE: SIG_IGN, sa_mask[0]=00000000000010000000000000000000, sa_flags=SA_RESTART
SIGXFSZ: [libjvm.so+0xb2c8b0], sa_mask[0]=11111111011111111101111111111110, sa_flags=SA_RESTART|SA_SIGINFO
SIGILL: [libjvm.so+0xd26680], sa_mask[0]=11111111011111111101111111111110, sa_flags=SA_RESTART|SA_SIGINFO
SIGUSR2: [libjvm.so+0xb2c740], sa_mask[0]=00100000000000000000000000000000, sa_flags=SA_RESTART|SA_SIGINFO
SIGHUP: [libjvm.so+0xb2cbf0], sa_mask[0]=11111111011111111101111111111110, sa_flags=SA_RESTART|SA_SIGINFO
SIGINT: [libjvm.so+0xb2cbf0], sa_mask[0]=11111111011111111101111111111110, sa_flags=SA_RESTART|SA_SIGINFO
SIGTERM: [libjvm.so+0xb2cbf0], sa_mask[0]=11111111011111111101111111111110, sa_flags=SA_RESTART|SA_SIGINFO
SIGQUIT: [libjvm.so+0xb2cbf0], sa_mask[0]=11111111011111111101111111111110, sa_flags=SA_RESTART|SA_SIGINFO


---------------  S Y S T E M  ---------------

OS:PRETTY_NAME="Debian GNU/Linux 10 (buster)"
NAME="Debian GNU/Linux"
VERSION_ID="10"
VERSION="10 (buster)"
VERSION_CODENAME=buster
ID=debian
HOME_URL="https://www.debian.org/"
SUPPORT_URL="https://www.debian.org/support"
BUG_REPORT_URL="https://bugs.debian.org/"
uname:Linux 4.19.0-6-amd64 #1 SMP Debian 4.19.67-2+deb10u2 (2019-11-11) x86_64
libc:glibc 2.28 NPTL 2.28 
rlimit: STACK 8192k, CORE 0k, NPROC 14839, NOFILE 1048576, AS infinity, DATA infinity, FSIZE infinity
load average:0,20 0,41 0,31

/proc/meminfo:
MemTotal:        3916820 kB
MemFree:         1429464 kB
MemAvailable:    1568088 kB
Buffers:           27424 kB
Cached:           333936 kB
SwapCached:        43532 kB
Active:          1715100 kB
Inactive:         535068 kB
Active(anon):    1505496 kB
Inactive(anon):   424828 kB
Active(file):     209604 kB
Inactive(file):   110240 kB
Unevictable:          96 kB
Mlocked:              96 kB
SwapTotal:       4071420 kB
SwapFree:        3315196 kB
Dirty:               772 kB
Writeback:             0 kB
AnonPages:       1865116 kB
Mapped:            79984 kB
Shmem:             41228 kB
Slab:             123424 kB
SReclaimable:      44476 kB
SUnreclaim:        78948 kB
KernelStack:       20772 kB
PageTables:        22872 kB
NFS_Unstable:          0 kB
Bounce:                0 kB
WritebackTmp:          0 kB
CommitLimit:     6029828 kB
Committed_AS:    7766440 kB
VmallocTotal:   34359738367 kB
VmallocUsed:           0 kB
VmallocChunk:          0 kB
Percpu:             7168 kB
HardwareCorrupted:     0 kB
AnonHugePages:    440320 kB
ShmemHugePages:        0 kB
ShmemPmdMapped:        0 kB
HugePages_Total:       0
HugePages_Free:        0
HugePages_Rsvd:        0
HugePages_Surp:        0
Hugepagesize:       2048 kB
Hugetlb:               0 kB
DirectMap4k:      169024 kB
DirectMap2M:     3903488 kB


/proc/sys/kernel/threads-max (system-wide limit on the number of threads):
29678


/proc/sys/vm/max_map_count (maximum number of memory map areas a process may have):
65530


/proc/sys/kernel/pid_max (system-wide limit on number of process identifiers):
32768



container (cgroup) information:
container_type: cgroupv1
cpu_cpuset_cpus: 0-3
cpu_memory_nodes: 0
active_processor_count: 4
cpu_quota: -1
cpu_period: 100000
cpu_shares: -1
memory_limit_in_bytes: -1
memory_and_swap_limit_in_bytes: -2
memory_soft_limit_in_bytes: -1
memory_usage_in_bytes: 2171953152
memory_max_usage_in_bytes: 3602219008

Steal ticks since vm start: 0
Steal ticks percentage since vm start:  0,000

CPU:total 4 (initial active 4) (2 cores per cpu, 2 threads per core) family 6 model 42 stepping 7, cmov, cx8, fxsr, mmx, sse, sse2, sse3, ssse3, sse4.1, sse4.2, popcnt, avx, aes, clmul, ht, tsc, tscinvbit
CPU Model and flags from /proc/cpuinfo:
model name	: Intel(R) Core(TM) i5-2540M CPU @ 2.60GHz
flags		: fpu vme de pse tsc msr pae mce cx8 apic sep mtrr pge mca cmov pat pse36 clflush dts acpi mmx fxsr sse sse2 ss ht tm pbe syscall nx rdtscp lm constant_tsc arch_perfmon pebs bts rep_good nopl xtopology nonstop_tsc cpuid aperfmperf pni pclmulqdq dtes64 monitor ds_cpl vmx smx est tm2 ssse3 cx16 xtpr pdcm pcid sse4_1 sse4_2 x2apic popcnt tsc_deadline_timer aes xsave avx lahf_lm epb pti ssbd ibrs ibpb stibp tpr_shadow vnmi flexpriority ept vpid xsaveopt dtherm ida arat pln pts md_clear flush_l1d

Memory: 4k page, physical 3916820k(1429464k free), swap 4071420k(3330044k free)

vm_info: OpenJDK 64-Bit Server VM (11.0.6+10-post-Debian-1deb10u1) for linux-amd64 JRE (11.0.6+10-post-Debian-1deb10u1), built on Jan 17 2020 00:09:03 by "unknown" with gcc 8.3.0

END.
