#
# A fatal error has been detected by the Java Runtime Environment:
#
#  SIGSEGV (0xb) at pc=0x00007f8082183ea1, pid=4417, tid=9697
#
# JRE version: OpenJDK Runtime Environment (11.0.6+10) (build 11.0.6+10-post-Debian-1deb10u1)
# Java VM: OpenJDK 64-Bit Server VM (11.0.6+10-post-Debian-1deb10u1, mixed mode, sharing, tiered, compressed oops, g1 gc, linux-amd64)
# Problematic frame:
# C  [libjimage.so+0x2ea1]
#
# No core dump will be written. Core dumps have been disabled. To enable core dumping, try "ulimit -c unlimited" before starting Java again
#
# If you would like to submit a bug report, please visit:
#   https://bugs.debian.org/openjdk-11
#

---------------  S U M M A R Y ------------

Command Line: -Dfile.encoding=UTF-8 main

Host: Intel(R) Core(TM) i5-2540M CPU @ 2.60GHz, 4 cores, 3G, Debian GNU/Linux 10 (buster)
Time: Sat Aug 22 04:15:59 2020 CEST elapsed time: 37560 seconds (0d 10h 26m 0s)

---------------  T H R E A D  ---------------

Current thread (0x00007f8000006800):  JavaThread "XToolkt-Shutdown-Thread" [_thread_in_vm, id=9697, stack(0x00007f7ffbafb000,0x00007f7ffbbfc000)]

Stack: [0x00007f7ffbafb000,0x00007f7ffbbfc000],  sp=0x00007f7ffbbf8520,  free space=1013k
Native frames: (J=compiled Java code, A=aot compiled Java code, j=interpreted, Vv=VM code, C=native code)
C  [libjimage.so+0x2ea1]
C  [libjimage.so+0x3b1a]
C  [libjimage.so+0x3fe5]  JIMAGE_FindResource+0xd5
V  [libjvm.so+0x567def]
V  [libjvm.so+0x56a08b]
V  [libjvm.so+0xc8e62c]
V  [libjvm.so+0xc8d262]
V  [libjvm.so+0xc8d82e]
V  [libjvm.so+0x55b90c]
V  [libjvm.so+0x56411e]
V  [libjvm.so+0x564583]
V  [libjvm.so+0x992d06]
V  [libjvm.so+0x56a0d3]
V  [libjvm.so+0xc8e62c]
V  [libjvm.so+0xc8d262]
V  [libjvm.so+0xc8f766]
V  [libjvm.so+0x60eacd]
V  [libjvm.so+0x60ef32]
V  [libjvm.so+0x9bb4d6]
V  [libjvm.so+0x9c1f6d]
V  [libjvm.so+0x7f22b6]
V  [libjvm.so+0x7f28ed]
j  sun.awt.X11.XToolkit.lambda$init$0()V+0 java.desktop@11.0.6
j  sun.awt.X11.XToolkit$$Lambda$10.run()V+4 java.desktop@11.0.6
j  java.lang.Thread.run()V+11 java.base@11.0.6
v  ~StubRoutines::call_stub
V  [libjvm.so+0x7f8991]
V  [libjvm.so+0x7f6e30]
V  [libjvm.so+0x7f6eeb]
V  [libjvm.so+0x8959dc]
V  [libjvm.so+0xcc48e4]
V  [libjvm.so+0xcc4be0]
V  [libjvm.so+0xcc0894]
V  [libjvm.so+0xb3511e]

Java frames: (J=compiled Java code, j=interpreted, Vv=VM code)
j  sun.awt.X11.XToolkit.lambda$init$0()V+0 java.desktop@11.0.6
j  sun.awt.X11.XToolkit$$Lambda$10.run()V+4 java.desktop@11.0.6
j  java.lang.Thread.run()V+11 java.base@11.0.6
v  ~StubRoutines::call_stub

siginfo: si_signo: 11 (SIGSEGV), si_code: 1 (SEGV_MAPERR), si_addr: 0x00007f80739196b8

Register to memory mapping:

RAX=0x00000000000025a7 is an unknown value
RBX=0x00007f7ffbbf85d1 is pointing into the stack for thread: 0x00007f8000006800
RCX=0x00007f807391001c is an unknown value
RDX=0x00000000000025a7 is an unknown value
RSP=0x00007f7ffbbf8520 is pointing into the stack for thread: 0x00007f8000006800
RBP=0x00007f7ffbbf8540 is pointing into the stack for thread: 0x00007f8000006800
RSI=0x00007f7ffbbf85d0 is pointing into the stack for thread: 0x00007f8000006800
RDI=0x00007f8082189130: <offset 0x0000000000008130> in /usr/lib/jvm/java-11-openjdk-amd64/lib/libjimage.so at 0x00007f8082181000
R8 =0x0 is NULL
R9 =0x000000007a0da894 is an unknown value
R10=0x00007f7ffbbf85f5 is pointing into the stack for thread: 0x00007f8000006800
R11=0x00007f80838adb60: <offset 0x000000000017cb60> in /lib/x86_64-linux-gnu/libc.so.6 at 0x00007f8083731000
R12=0x00007f7ffbbf85d0 is pointing into the stack for thread: 0x00007f8000006800
R13=0x00000000000083a0 is an unknown value
R14=0x00007f7ffbbf9668 is pointing into the stack for thread: 0x00007f8000006800
R15=