#
# A fatal error has been detected by the Java Runtime Environment:
#
#  SIGSEGV (0xb) at pc=0x00007f6f76880ea1, pid=3212, tid=9699
#
# JRE version: OpenJDK Runtime Environment (11.0.6+10) (build 11.0.6+10-post-Debian-1deb10u1)
# Java VM: OpenJDK 64-Bit Server VM (11.0.6+10-post-Debian-1deb10u1, mixed mode, sharing, tiered, compressed oops, g1 gc, linux-amd64)
# Problematic frame:
# C  [libjimage.so+0x2ea1]
#
# No core dump will be written. Core dumps have been disabled. To enable core dumping, try "ulimit -c unlimited" before starting Java again
#
# If you would like to submit a bug report, please visit:
#   https://bugs.debian.org/openjdk-11
#

---------------  S U M M A R Y ------------

Command Line: -Dfile.encoding=UTF-8 main

Host: Intel(R) Core(TM) i5-2540M CPU @ 2.60GHz, 4 cores, 3G, Debian GNU/Linux 10 (buster)
Time: Sat Aug 22 04:15:59 2020 CEST elapsed time: 39047 seconds (0d 10h 50m 47s)

---------------  T H R E A D  ---------------

Current thread (0x00007f6ef8145000):  JavaThread "XToolkt-Shutdown-Thread" [_thread_in_vm, id=9699, stack(0x00007f6f6fdfe000,0x00007f6f6feff000)]

Stack: [0x00007f6f6fdfe000,0x00007f6f6feff000],  sp=0x00007f6f6fefbfc0,  free space=1015k
Native frames: (J=compiled Java code, A=aot compiled Java code, j=interpreted, Vv=VM code, C=native code)
C  [libjimage.so+0x2ea1]
C  [libjimage.so+0x3b1a]
C  [libjimage.so+0x3fe5]  JIMAGE_FindResource+0xd5
V  [libjvm.so+0x567def]
V  [libjvm.so+0x56a08b]
V  [libjvm.so+0xc8e62c]
V  [libjvm.so+0xc8d262]
V  [libjvm.so+0xc8f766]
V  [libjvm.so+0x60eacd]
V  [libjvm.so+0x60ef32]
V  [libjvm.so+0x9bb4d6]
V  [libjvm.so+0x9c1f6d]
V  [libjvm.so+0x7f22b6]
V  [libjvm.so+0x7f28ed]
j  sun.awt.X11.XToolkit.lambda$init$0()V+0 java.desktop@11.0.6
j  sun.awt.X11.XToolkit$$Lambda$10.run()V+4 java.desktop@11.0.6
j  java.lang.Thread.run()V+11 java.base@11.0.6
v  ~StubRoutines::call_stub
V  [libjvm.so+0x7f8991]
V  [libjvm.so+0x7f6e30]
V  [libjvm.so+0x7f6eeb]
V  [libjvm.so+0x8959dc]
V  [libjvm.so+0xcc48e4]
V  [libjvm.so+0xcc4be0]
V  [libjvm.so+0xcc0894]
V  [libjvm.so+0xb3511e]

Java frames: (J=compiled Java code, j=interpreted, Vv=VM code)
j  sun.awt.X11.XToolkit.lambda$init$0()V+0 java.desktop@11.0.6
j  sun.awt.X11.XToolkit$$Lambda$10.run()V+4 java.desktop@11.0.6
j  java.lang.Thread.run()V+11 java.base@11.0.6
v  ~StubRoutines::call_stub

siginfo: si_signo: 11 (SIGSEGV), si_code: 1 (SEGV_MAPERR), si_addr: 0x00007f6f67926f28

Register to memory mapping:

RAX=0x0000000000005bc3 is an unknown value
RBX=0x00007f6f6fefc071 is pointing into the stack for thread: 0x00007f6ef8145000
RCX=0x00007f6f6791001c is an unknown value
RDX=0x0000000000005bc3 is an unknown value
RSP=0x00007f6f6fefbfc0 is pointing into the stack for thread: 0x00007f6ef8145000
RBP=0x00007f6f6fefbfe0 is pointing into the stack for thread: 0x00007f6ef8145000
RSI=0x00007f6f6fefc070 is pointing into the stack for thread: 0x00007f6ef8145000
RDI=0x00007f6f76886130: <offset 0x0000000000008130> in /usr/lib/jvm/java-11-openjdk-amd64/lib/libjimage.so at 0x00007f6f7687e000
R8 =0x0 is NULL
R9 =
[error occurred during error reporting (printing register info), id 0xb, SIGSEGV (0xb) at pc=0x00007f6f773f6be7]

Registers:
RAX=0x0000000000005bc3, RBX=0x00007f6f6fefc071, RCX=0x00007f6f6791001c, RDX=0x0000000000005bc3
RSP=0x00007f6f6fefbfc0, RBP=0x00007f6f6fefbfe0, RSI=0x00007f6f6fefc070, RDI=0x00007f6f76886130
R8 =0x0000000000000000, R9 =0x00000000ca0d71f0, R10=0x00007f6f6fefc094, R11=0x00007f6f77faab60
R12=0x00007f6f6fefc070, R13=0x00000000000083a0, R14=0x00007f6f6fefd108, R15=0x00007f6f243b12c0
RIP=0x00007f6f76880ea1, EFLAGS=0x0000000000010246, CSGSFS=0x002b000000000033, ERR=0x0000000000000004
  TRAPNO=0x000000000000000e

Top of Stack: (sp=0x00007f6f6fefbfc0)
0x00007f6f6fefbfc0:   0000000000000000 00007f6f70020ae0
0x00007f6f6fefbfd0:   0000000000000000 00007f6f6fefc070
0x00007f6f6fefbfe0:   00007f6f6fefc050 00007f6f76881b1a
0x00007f6f6fefbff0:   0000000000000000 0000000000000000 

Instructions: (pc=0x00007f6f76880ea1)
0x00007f6f76880da1:   48 89 df 48 89 4d 88 e8 83 f3 ff ff 48 8b 4d 88
0x00007f6f76880db1:   44 03 6d 90 e9 42 fd ff ff 66 0f 1f 44 00 00 8b
0x00007f6f76880dc1:   08 41 89 0e 44 89 c1 8b 74 08 fc 41 89 74 0e fc
0x00007f6f76880dd1:   e9 d8 fe ff ff 66 2e 0f 1f 84 00 00 00 00 00 b9
0x00007f6f76880de1:   0a 00 00 00 e9 95 fd ff ff 44 89 c1 0f b7 74 08
0x00007f6f76880df1:   fe 66 41 89 74 0e fe e9 b1 fe ff ff 0f 1f 00 0f
0x00007f6f76880e01:   b6 17 89 f1 4c 8d 47 01 84 d2 74 1a 0f 1f 00 69
0x00007f6f76880e11:   c9 93 01 00 01 49 83 c0 01 31 d1 41 0f b6 50 ff
0x00007f6f76880e21:   84 d2 75 eb 89 ce 89 f0 25 ff ff ff 7f c3 90 48
0x00007f6f76880e31:   85 d2 0f 84 e1 00 00 00 85 c9 0f 84 d9 00 00 00
0x00007f6f76880e41:   55 48 89 e5 41 55 41 54 53 48 8d 5e 01 48 83 ec
0x00007f6f76880e51:   08 44 0f b6 06 45 84 c0 0f 84 b1 00 00 00 49 89
0x00007f6f76880e61:   da b8 93 01 00 01 66 0f 1f 84 00 00 00 00 00 44
0x00007f6f76880e71:   69 c8 93 01 00 01 49 83 c2 01 41 0f b6 c0 45 0f
0x00007f6f76880e81:   b6 42 ff 44 31 c8 45 84 c0 75 e4 25 ff ff ff 7f
0x00007f6f76880e91:   41 89 cd 48 89 d1 31 d2 49 89 f4 41 f7 f5 89 d0
0x00007f6f76880ea1:   8b 34 81 48 8b 07 ff 50 20 85 c0 7f 22 ba ff ff
0x00007f6f76880eb1:   ff ff 74 04 f7 d0 89 c2 48 83 c4 08 89 d0 5b 41
0x00007f6f76880ec1:   5c 41 5d 5d c3 66 2e 0f 1f 84 00 00 00 00 00 41
0x00007f6f76880ed1:   0f b6 34 24 89 c7 40 84 f6 74 1b 0f 1f 40 00 69
0x00007f6f76880ee1:   ff 93 01 00 01 48 83 c3 01 31 f7 0f b6 73 ff 40
0x00007f6f76880ef1:   84 f6 75 eb 89 f8 25 ff ff ff 7f 31 d2 48 83 c4
0x00007f6f76880f01:   08 41 f7 f5 5b 41 5c 41 5d 5d 89 d0 c3 66 90 b8
0x00007f6f76880f11:   93 01 00 01 e9 77 ff ff ff 83 ca ff 89 d0 c3 0f
0x00007f6f76880f21:   b6 17 48 89 f8 84 d2 75 19 eb 1e 0f 1f 40 00 38
0x00007f6f76880f31:   ca 75 1c 48 83 c0 01 0f b6 10 48 83 c6 01 84 d2
0x00007f6f76880f41:   74 15 0f b6 0e 84 c9 75 e6 c3 0f 1f 44 00 00 31
0x00007f6f76880f51:   c0 c3 0f 1f 44 00 00 c3 90 66 0f 1f 44 00 00 48
0x00007f6f76880f61:   85 f6 74 5a 0f b6 06 84 c0 74 54 0f 1f 40 00 0f
0x00007f6f76880f71:   b6 d0 83 e0 07 c1 fa 03 44 8d 50 01 0f b6 c0 41
0x00007f6f76880f81:   89 d1 4c 8d 44 06 02 48 8d 56 01 31 c0 66 90 0f
0x00007f6f76880f91:   b6 0a 48 c1 e0 08 48 83 c2 01 48 09 c8 49 39 d0 


Stack slot to memory mapping:
stack at sp + 0 slots: 0x0 is NULL
stack at sp + 1 slots: 0x00007f6f70020ae0 points into unknown readable memory: 50 0f 00 04 6f 7f 00 00
stack at sp + 2 slots: 0x0 is NULL
stack at sp + 3 slots: 0x00007f6f6fefc070 is pointing into the stack for thread: 0x00007f6ef8145000
stack at sp + 4 slots: 0x00007f6f6fefc050 is pointing into the stack for thread: 0x00007f6ef8145000
stack at sp + 5 slots: 0x00007f6f76881b1a: <offset 0x0000000000003b1a> in /usr/lib/jvm/java-11-openjdk-amd64/lib/libjimage.so at 0x00007f6f7687e000
stack at sp + 6 slots: 0x0 is NULL
stack at sp + 7 slots: 0x0 is NULL


---------------  P R O C E S S  ---------------

Threads class SMR info:
_java_thread_list=0x00007f6ef811cb60, length=17, elements={
0x00007f6f700bb800, 0x00007f6f700bd800, 0x00007f6f700c3000, 0x00007f6f700c5000,
0x00007f6f700c7000, 0x00007f6f700c9000, 0x00007f6f70100000, 0x00007f6f70105000,
0x00007f6f7020c000, 0x00007f6f70237800, 0x00007f6f70467800, 0x00007f6f70469800,
0x00007f6f70014000, 0x00007f6ef00a9800, 0x00007f6f2c001000, 0x00007f6f2c002800,
0x00007f6ef8145000
}

Java Threads: ( => current thread )
  0x00007f6f700bb800 JavaThread "Reference Handler" daemon [_thread_blocked, id=3225, stack(0x00007f6f7418c000,0x00007f6f7428d000)]
  0x00007f6f700bd800 JavaThread "Finalizer" daemon [_thread_blocked, id=3226, stack(0x00007f6f7408b000,0x00007f6f7418c000)]
  0x00007f6f700c3000 JavaThread "Signal Dispatcher" daemon [_thread_blocked, id=3227, stack(0x00007f6f5800f000,0x00007f6f58110000)]
  0x00007f6f700c5000 JavaThread "C2 CompilerThread0" daemon [_thread_blocked, id=3228, stack(0x00007f6f50d22000,0x00007f6f50e23000)]
  0x00007f6f700c7000 JavaThread "C1 CompilerThread0" daemon [_thread_blocked, id=3229, stack(0x00007f6f50c21000,0x00007f6f50d22000)]
  0x00007f6f700c9000 JavaThread "Sweeper thread" daemon [_thread_blocked, id=3230, stack(0x00007f6f50b20000,0x00007f6f50c21000)]
  0x00007f6f70100000 JavaThread "Service Thread" daemon [_thread_blocked, id=3231, stack(0x00007f6f50a1f000,0x00007f6f50b20000)]
  0x00007f6f70105000 JavaThread "Common-Cleaner" daemon [_thread_blocked, id=3233, stack(0x00007f6f5081c000,0x00007f6f5091d000)]
  0x00007f6f7020c000 JavaThread "Java2D Disposer" daemon [_thread_blocked, id=3237, stack(0x00007f6f194f5000,0x00007f6f195f6000)]
  0x00007f6f70237800 JavaThread "AWT-XAWT" daemon [_thread_in_native, id=3238, stack(0x00007f6f191c7000,0x00007f6f192c8000)]
  0x00007f6f70467800 JavaThread "AWT-Shutdown" [_thread_blocked, id=3240, stack(0x00007f6f18fc5000,0x00007f6f190c6000)]
  0x00007f6f70469800 JavaThread "AWT-EventQueue-0" [_thread_blocked, id=3241, stack(0x00007f6f18ec4000,0x00007f6f18fc5000)]
  0x00007f6f70014000 JavaThread "DestroyJavaVM" [_thread_blocked, id=3218, stack(0x00007f6f768ec000,0x00007f6f769ed000)]
  0x00007f6ef00a9800 JavaThread "TimerQueue" daemon [_thread_blocked, id=3248, stack(0x00007f6f189c3000,0x00007f6f18ac4000)]
  0x00007f6f2c001000 JavaThread "SIGTERM handler" daemon [_thread_blocked, id=9668, stack(0x00007f6f190c6000,0x00007f6f191c7000)]
  0x00007f6f2c002800 JavaThread "SIGHUP handler" daemon [_thread_blocked, id=9680, stack(0x00007f6f6feff000,0x00007f6f70000000)]
=>0x00007f6ef8145000 JavaThread "XToolkt-Shutdown-Thread" [_thread_in_vm, id=9699, stack(0x00007f6f6fdfe000,0x00007f6f6feff000)]

Other Threads:
  0x00007f6f700b8800 VMThread "VM Thread" [stack: 0x00007f6f7428f000,0x00007f6f7438f000] [id=3224]
  0x00007f6f70102800 WatcherThread [stack: 0x00007f6f5091f000,0x00007f6f50a1f000] [id=3232]
  0x00007f6f7002c800 GCTaskThread "GC Thread#0" [stack: 0x00007f6f7659c000,0x00007f6f7669c000] [id=3219]
  0x00007f6f40039000 GCTaskThread "GC Thread#1" [stack: 0x00007f6f188c3000,0x00007f6f189c3000] [id=3245]
  0x00007f6f4003a000 GCTaskThread "GC Thread#2" [stack: 0x00007f6f187c1000,0x00007f6f188c1000] [id=3246]
  0x00007f6f4003b800 GCTaskThread "GC Thread#3" [stack: 0x00007f6f186bf000,0x00007f6f187bf000] [id=3247]
  0x00007f6f70047000 ConcurrentGCThread "G1 Main Marker" [stack: 0x00007f6f74be1000,0x00007f6f74ce1000] [id=3220]
  0x00007f6f70048800 ConcurrentGCThread "G1 Conc#0" [stack: 0x00007f6f74adf000,0x00007f6f74bdf000] [id=3221]
  0x00007f6f7008a800 ConcurrentGCThread "G1 Refine#0" [stack: 0x00007f6f745d9000,0x00007f6f746d9000] [id=3222]
  0x00007f6f7008c000 ConcurrentGCThread "G1 Young RemSet Sampling" [stack: 0x00007f6f744d7000,0x00007f6f745d7000] [id=3223]

Threads with active compile tasks:

VM state:not at safepoint (normal execution)

VM Mutex/Monitor currently owned by a thread: None

Heap address: 0x00000000c4200000, size: 958 MB, Compressed Oops mode: 32-bit
Narrow klass base: 0x0000000800000000, Narrow klass shift: 3
Compressed class space size: 1073741824 Address: 0x0000000840000000

Heap:
 garbage-first heap   total 63488K, used 7393K [0x00000000c4200000, 0x0000000100000000)
  region size 1024K, 7 young (7168K), 2 survivors (2048K)
 Metaspace       used 13993K, capacity 14591K, committed 14848K, reserved 1062912K
  class space    used 1703K, capacity 1959K, committed 2048K, reserved 1048576K
Heap Regions: E=young(eden), S=young(survivor), O=old, HS=humongous(starts), HC=humongous(continues), CS=collection set, F=free, A=archive, TAMS=top-at-mark-start (previous, next)
|   0|0x00000000c4200000, 0x00000000c4287600, 0x00000000c4300000| 52%| O|  |TAMS 0x00000000c4200000, 0x00000000c4200000| Untracked 
|   1|0x00000000c4300000, 0x00000000c4300000, 0x00000000c4400000|  0%| F|  |TAMS 0x00000000c4300000, 0x00000000c4300000| Untracked 
|   2|0x00000000c4400000, 0x00000000c4400000, 0x00000000c4500000|  0%| F|  |TAMS 0x00000000c4400000, 0x00000000c4400000| Untracked 
|   3|0x00000000c4500000, 0x00000000c4500000, 0x00000000c4600000|  0%| F|  |TAMS 0x00000000c4500000, 0x00000000c4500000| Untracked 
|   4|0x00000000c4600000, 0x00000000c4600000, 0x00000000c4700000|  0%| F|  |TAMS 0x00000000c4600000, 0x00000000c4600000| Untracked 
|   5|0x00000000c4700000, 0x00000000c4700000, 0x00000000c4800000|  0%| F