#
# A fatal error has been detected by the Java Runtime Environment:
#
#  SIGSEGV (0xb) at pc=0x00007f5448593ea1, pid=4805, tid=9700
#
# JRE version: OpenJDK Runtime Environment (11.0.6+10) (build 11.0.6+10-post-Debian-1deb10u1)
# Java VM: OpenJDK 64-Bit Server VM (11.0.6+10-post-Debian-1deb10u1, mixed mode, sharing, tiered, compressed oops, g1 gc, linux-amd64)
# Problematic frame:
# C  [libjimage.so+0x2ea1]
#
# No core dump will be written. Core dumps have been disabled. To enable core dumping, try "ulimit -c unlimited" before starting Java again
#
# If you would like to submit a bug report, please visit:
#   https://bugs.debian.org/openjdk-11
#

---------------  S U M M A R Y ------------

Command Line: -Dfile.encoding=UTF-8 main

Host: Intel(R) Core(TM) i5-2540M CPU @ 2.60GHz, 4 cores, 3G, Debian GNU/Linux 10 (buster)
Time: Sat Aug 22 04:15:59 2020 CEST elapsed time: 37119 seconds (0d 10h 18m 39s)

---------------  T H R E A D  ---------------

Current thread (0x00007f53c8010000):  JavaThread "XToolkt-Shutdown-Thread" [_thread_in_vm, id=9700, stack(0x00007f53e1eec000,0x00007f53e1fed000)]

Stack: [0x00007f53e1eec000,0x00007f53e1fed000],  sp=0x00007f53e1fe9520,  free space=1013k
Native frames: (J=compiled Java code, A=aot compiled Java code, j=interpreted, Vv=VM code, C=native code)
C  [libjimage.so+0x2ea1]
C  [libjimage.so+0x3b1a]
C  [libjimage.so+0x3fe5]  JIMAGE_FindResource+0xd5
V  [libjvm.so+0x567def]
V  [libjvm.so+0x56a08b]
V  [libjvm.so+0xc8e62c]
V  [libjvm.so+0xc8d262]
V  [libjvm.so+0xc8d82e]
V  [libjvm.so+0x55b90c]
V  [libjvm.so+0x56411e]
V  [libjvm.so+0x564583]
V  [libjvm.so+0x992d06]
V  [libjvm.so+0x56a0d3]
V  [libjvm.so+0xc8e62c]
V  [libjvm.so+0xc8d262]
V  [libjvm.so+0xc8f766]
V  [libjvm.so+0x60eacd]
V  [libjvm.so+0x60ef32]
V  [libjvm.so+0x9bb4d6]
V  [libjvm.so+0x9c1f6d]
V  [libjvm.so+0x7f22b6]
V  [libjvm.so+0x7f28ed]
j  sun.awt.X11.XToolkit.lambda$init$0()V+0 java.desktop@11.0.6
j  sun.awt.X11.XToolkit$$Lambda$10.run()V+4 java.desktop@11.0.6
j  java.lang.Thread.run()V+11 java.base@11.0.6
v  ~StubRoutines::call_stub
V  [libjvm.so+0x7f8991]
V  [libjvm.so+0x7f6e30]
V  [libjvm.so+0x7f6eeb]
V  [libjvm.so+0x8959dc]
V  [libjvm.so+0xcc48e4]
V  [libjvm.so+0xcc4be0]
V  [libjvm.so+0xcc0894]
V  [libjvm.so+0xb3511e]

Java frames: (J=compiled Java code, j=interpreted, Vv=VM code)
j  sun.awt.X11.XToolkit.lambda$init$0()V+0 java.desktop@11.0.6
j  sun.awt.X11.XToolkit$$Lambda$10.run()V+4 java.desktop@11.0.6
j  java.lang.Thread.run()V+11 java.base@11.0.6
v  ~StubRoutines::call_stub

siginfo: si_signo: 11 (SIGSEGV), si_code: 1 (SEGV_MAPERR), si_addr: 0x00007f543b9196b8

Register to memory mapping:

RAX=0x00000000000025a7 is an unknown value
RBX=0x00007f53e1fe95d1 is pointing into the stack for thread: 0x00007f53c8010000
RCX=0x00007f543b91001c is an unknown value
RDX=0x00000000000025a7 is an unknown value
RSP=0x00007f53e1fe9520 is pointing into the stack for thread: 0x00007f53c8010000
RBP=0x00007f53e1fe9540 is pointing into the stack for thread: 0x00007f53c8010000
RSI=0x00007f53e1fe95d0 is pointing into the stack for thread: 0x00007f53c8010000
RDI=0x00007f5448599130: <offset 0x0000000000008130> in /usr/lib/jvm/java-11-openjdk-amd64/lib/libjimage.so at 0x00007f5448591000
R8 =0x0 is NULL
R9 =0x000000007a0da894 is an unknown value
R10=0x00007f53e1fe95f5 is pointing into the stack for thread: 0x00007f53c8010000
R11=0x00007f5449cbdb60: <offset 0x000000000017cb60> in /lib/x86_64-linux-gnu/libc.so.6 at 0x00007f5449b41000
R12=0x00007f53e1fe95d0 is pointing into the stack for thread: 0x00007f53c8010000
R13=0x00000000000083a0 is an unknown value
R14=0x00007f53e1fea668 is pointing into the stack for thread: 0x00007f53c8010000
R15=0x00007f540041a300 points into unknown readable memory: 6a 61 76 61 2f 61 77 74


Registers:
RAX=0x00000000000025a7, RBX=0x00007f53e1fe95d1, RCX=0x00007f543b91001c, RDX=0x00000000000025a7
RSP=0x00007f53e1fe9520, RBP=0x00007f53e1fe9540, RSI=0x00007f53e1fe95d0, RDI=0x00007f5448599130
R8 =0x0000000000000000, R9 =0x000000007a0da894, R10=0x00007f53e1fe95f5, R11=0x00007f5449cbdb60
R12=0x00007f53e1fe95d0, R13=0x00000000000083a0, R14=0x00007f53e1fea668, R15=0x00007f540041a300
RIP=0x00007f5448593ea1, EFLAGS=0x0000000000010246, CSGSFS=0x002b000000000033, ERR=0x0000000000000004
  TRAPNO=0x000000000000000e

Top of Stack: (sp=0x00007f53e1fe9520)
0x00007f53e1fe9520:   0000000000000000 00007f5444020ae0
0x00007f53e1fe9530:   0000000000000000 00007f53e1fe95d0
0x00007f53e1fe9540:   00007f53e1fe95b0 00007f5448594b1a
0x00007f53e1fe9550:   0000000000000000 0000000000000000 

Instructions: (pc=0x00007f5448593ea1)
0x00007f5448593da1:   48 89 df 48 89 4d 88 e8 83 f3 ff ff 48 8b 4d 88
0x00007f5448593db1:   44 03 6d 90 e9 42 fd ff ff 66 0f 1f 44 00 00 8b
0x00007f5448593dc1:   08 41 89 0e 44 89 c1 8b 74 08 fc 41 89 74 0e fc
0x00007f5448593dd1:   e9 d8 fe ff ff 66 2e 0f 1f 84 00 00 00 00 00 b9
0x00007f5448593de1:   0a 00 00 00 e9 95 fd ff ff 44 89 c1 0f b7 74 08
0x00007f5448593df1:   fe 66 41 89 74 0e fe e9 b1 fe ff ff 0f 1f 00 0f
0x00007f5448593e01:   b6 17 89 f1 4c 8d 47 01 84 d2 74 1a 0f 1f 00 69
0x00007f5448593e11:   c9 93 01 00 01 49 83 c0 01 31 d1 41 0f b6 50 ff
0x00007f5448593e21:   84 d2 75 eb 89 ce 89 f0 25 ff ff ff 7f c3 90 48
0x00007f5448593e31:   85 d2 0f 84 e1 00 00 00 85 c9 0f 84 d9 00 00 00
0x00007f5448593e41:   55 48 89 e5 41 55 41 54 53 48 8d 5e 01 48 83 ec
0x00007f5448593e51:   08 44 0f b6 06 45 84 c0 0f 84 b1 00 00 00 49 89
0x00007f5448593e61:   da b8 93 01 00 01 66 0f 1f 84 00 00 00 00 00 44
0x00007f5448593e71:   69 c8 93 01 00 01 49 83 c2 01 41 0f b6 c0 45 0f
0x00007f5448593e81:   b6 42 ff 44 31 c8 45 84 c0 75 e4 25 ff ff ff 7f
0x00007f5448593e91:   41 89 cd 48 89 d1 31 d2 49 89 f4 41 f7 f5 89 d0
0x00007f5448593ea1:   8b 34 81 48 8b 07 ff 50 20 85 c0 7f 22 ba ff ff
0x00007f5448593eb1:   ff ff 74 04 f7 d0 89 c2 48 83 c4 08 89 d0 5b 41
0x00007f5448593ec1:   5c 41 5d 5d c3 66 2e 0f 1f 84 00 00 00 00 00 41
0x00007f5448593ed1:   0f b6 34 24 89 c7 40 84 f6 74 1b 0f 1f 40 00 69
0x00007f5448593ee1:   ff 93 01 00 01 48 83 c3 01 31 f7 0f b6 73 ff 40
0x00007f5448593ef1:   84 f6 75 eb 89 f8 25 ff ff ff 7f 31 d2 48 83 c4
0x00007f5448593f01:   08 41 f7 f5 5b 41 5c 41 5d 5d 89 d0 c3 66 90 b8
0x00007f5448593f11:   93 01 00 01 e9 77 ff ff ff 83 ca ff 89 d0 c3 0f
0x00007f5448593f21:   b6 17 48 89 f8 84 d2 75 19 eb 1e 0f 1f 40 00 38
0x00007f5448593f31:   ca 75 1c 48 83 c0 01 0f b6 10 48 83 c6 01 84 d2
0x00007f5448593f41:   74 15 0f b6 0e 84 c9 75 e6 c3 0f 1f 44 00 00 31
0x00007f5448593f51:   c0 c3 0f 1f 44 00 00 c3 90 66 0f 1f 44 00 00 48
0x00007f5448593f61:   85 f6 74 5a 0f b6 06 84 c0 74 54 0f 1f 40 00 0f
0x00007f5448593f71:   b6 d0 83 e0 07 c1 fa 03 44 8d 50 01 0f b6 c0 41
0x00007f5448593f81:   89 d1 4c 8d 44 06 02 48 8d 56 01 31 c0 66 90 0f
0x00007f5448593f91:   b6 0a 48 c1 e0 08 48 83 c2 01 48 09 c8 49 39 d0 


Stack slot to memory mapping:
stack at sp + 0 slots: 0x0 is NULL
stack at sp + 1 slots: 0x00007f5444020ae0 points into unknown readable memory: 00 00 00 00 00 00 00 00
stack at sp + 2 slots: 0x0 is NULL
stack at sp + 3 slots: 0x00007f53e1fe95d0 is pointing into the stack for thread: 0x00007f53c8010000
stack at sp + 4 slots: 0x00007f53e1fe95b0 is pointing into the stack for thread: 0x00007f53c8010000
stack at sp + 5 slots: 0x00007f5448594b1a: <offset 0x0000000000003b1a> in /usr/lib/jvm/java-11-openjdk-amd64/lib/libjimage.so at 0x00007f5448591000
stack at sp + 6 slots: 0x0 is NULL
stack at sp + 7 slots: 0x0 is NULL


---------------  P R O C E S S  ---------------

Threads class SMR info:
_java_thread_list=0x00007f53c80029c0, length=17, elements={
0x00007f54440bb800, 0x00007f54440bd800, 0x00007f54440c3000, 0x00007f54440c5000,
0x00007f54440c7000, 0x00007f54440c9000, 0x00007f5444108000, 0x00007f544410d000,
0x00007f54441fb800, 0x00007f5444276800, 0x00007f54443ef000, 0x00007f54443f1000,
0x00007f5444014000, 0x00007f53c41e7800, 0x00007f53fc001000, 0x00007f53fc002800,
0x00007f53c8010000
}

Java Threads: ( => current thread )
  0x00007f54440bb800 JavaThread "Reference Handler" daemon [_thread_blocked, id=4819, stack(0x00007f541f075000,0x00007f541f176000)]
  0x00007f54440bd800 JavaThread "Finalizer" daemon [_thread_blocked, id=4820, stack(0x00007f541ef74000,0x00007f541f075000)]
  0x00007f54440c3000 JavaThread "Signal Dispatcher" daemon [_thread_blocked, id=4821, stack(0x00007f541eb8e000,0x00007f541ec8f000)]
  0x00007f54440c5000 JavaThread "C2 CompilerThread0" daemon [_thread_blocked, id=4822, stack(0x00007f541ea8d000,0x00007f541eb8e000)]
  0x00007f54440c7000 JavaThread "C1 CompilerThread0" daemon [_thread_blocked, id=4823, stack(0x00007f541e98c000,0x00007f541ea8d000)]
  0x00007f54440c9000 JavaThread "Sweeper thread" daemon [_thread_blocked, id=4824, stack(0x00007f541e88b000,0x00007f541e98c000)]
  0x00007f5444108000 JavaThread "Service Thread" daemon [_thread_blocked, id=4825, stack(0x00007f541e78a000,0x00007f541e88b000)]
  0x00007f544410d000 JavaThread "Common-Cleaner" daemon [_thread_blocked, id=4827, stack(0x00007f541e587000,0x00007f541e688000)]
  0x00007f54441fb800 JavaThread "Java2D Disposer" daemon [_thread_blocked, id=4831, stack(0x00007f541c201000,0x00007f541c302000)]
  0x00007f5444276800 JavaThread "AWT-XAWT" daemon [_thread_in_native, id=4832, stack(0x00007f541c100000,0x00007f541c201000)]
  0x00007f54443ef000 JavaThread "AWT-Shutdown" [_thread_blocked, id=4833, stack(0x00007f53e2cf7000,0x00007f53e2df8000)]
  0x00007f54443f1000 JavaThread "AWT-EventQueue-0" [_thread_blocked, id=4834, stack(0x00007f53e2bf6000,0x00007f53e2cf7000)]
  0x00007f5444014000 JavaThread "DestroyJavaVM" [_thread_blocked, id=4811, stack(0x00007f54485ff000,0x00007f5448700000)]
  0x00007f53c41e7800 JavaThread "TimerQueue" daemon [_thread_blocked, id=4841, stack(0x00007f53e25f4000,0x00007f53e26f5000)]
  0x00007f53fc001000 JavaThread "SIGTERM handler" daemon [_thread_blocked, id=9678, stack(0x00007f53e28f5000,0x00007f53e29f6000)]
  0x00007f53fc002800 JavaThread "SIGHUP handler" daemon [_thread_blocked, id=9688, stack(0x00007f53e21ed000,0x00007f53e22ee000)]
=>0x00007f53c8010000 JavaThread "XToolkt-Shutdown-Thread" [_thread_in_vm, id=9700, stack(0x00007f53e1eec000,0x00007f53e1fed000)]

Other Threads:
  0x00007f54440b8800 VMThread "VM Thread" [stack: 0x00007f541f178000,0x00007f541f278000] [id=4818]
  0x00007f544410a800 WatcherThread [stack: 0x00007f541e68a000,0x00007f541e78a000] [id=4826]
  0x00007f544402c800 GCTaskThread "GC Thread#0" [stack: 0x00007f54482af000,0x00007f54483af000] [id=4813]
  0x00007f5410019000 GCTaskThread "GC Thread#1" [stack: 0x00007f53e24f4000,0x00007f53e25f4000] [id=4838]
  0x00007f541001a000 GCTaskThread "GC Thread#2" [stack: 0x00007f53e23f2000,0x00007f53e24f2000] [id=4839]
  0x00007f541001b800 GCTaskThread "GC Thread#3" [stack: 0x00007f53e22f0000,0x00007f53e23f0000] [id=4840]
  0x00007f5444047000 ConcurrentGCThread "G1 Main Marker" [stack: 0x00007f542c071000,0x00007f542c171000] [id=4814]
  0x00007f5444048800 ConcurrentGCThread "G1 Conc#0" [stack: 0x00007f5426110000,0x00007f5426210000] [id=4815]
  0x00007f544408a800 ConcurrentGCThread "G1 Refine#0" [stack: 0x00007f541fbfd000,0x00007f541fcfd000] [id=4816]
  0x00007f544408c000 ConcurrentGCThread "G1 Young RemSet Sampling" [stack: 0x00007f541fafb000,0x00007f541fbfb000] [id=4817]

Threads with active compile tasks:

VM state:not at safepoint (normal execution)

VM Mutex/Monitor currently owned by a thread: None

Heap address: 0x00000000c4200000, size: 958 MB, Compressed Oops mode: 32-bit
Narrow klass base: 0x0000000800000000, Narrow klass shift: 3
Compressed class space size: 1073741824 Address: 0x0000000840000000

Heap:
 garbage-first heap   total 63488K, used 7389K [0x00000000c4200000, 0x0000000100000000)
  region size 1024K, 7 young (7168K), 2 survivors (2048K)
 Metaspace       used 14250K, capacity 14864K, committed 15104K, reserved 1062912K
  class space    used 1742K, capacity 2007K, committed 2048K, reserved 1048576K
Heap Regions: E=young(eden), S=young(survivor), O=old, HS=humongous(starts), HC=humongous(continues), CS=collection set, F=free, A=archive, TAMS=top-at-mark-start (previous, next)
|   0|0x00000000c4200000, 0x00000000c4286400, 0x00000000c4300000| 52%| O|  |TAMS 0x00000000c4200000, 0x00000000c4200000| Untracked 
|   1|0x00000000c4300000, 0x00000000c4300000, 0x00000000c4400000|  0%| F|  |TAMS 0x00000000c4300000, 0x00000000c4300000| Untracked 
|   2|0x00000000c4400000, 0x00000000c4400000, 0x00000000c4500000|  0%| F|  |TAMS 0x00000000c4400000, 0x00000000c4400000| Untracked 
|   3|0x00000000c4500000, 0x00000000c4500000, 0x00000000c4600000|  0%| F|  |TAMS 0x00000000c4500000, 0x00000000c4500000| Untracked 
|   4|0x00000000c4600000, 0x00000000c4600000, 0x00000000c4700000|  0%| F|  |TAMS 0x00000000c4600000, 0x00000000c4600000| Untracked 
|   5|0x00000000c4700000, 0x00000000c4700000, 0x00000000c4800000|  0%| F|  |TAMS 0x00000000c4700000, 0x00000000c4700000| Untracked 
|   6|0x00000000c4800000, 0x00000000c4800000, 0x00000000c4900000|  0%| F|  |TAMS 0x00000000c4800000, 0x00000000c4800000| Untracked 
|   7|0x00000000c4900000, 0x00000000c4900000, 0x00000000c4a00000|  0%| F|  |TAMS 0x00000000c4900000, 0x00000000c4900000| Untracked 
|   8|0x00000000c4a00000, 0x00000000c4a00000, 0x00000000c4b00000|  0%| F|  |TAMS 0x00000000c4a00000, 0x00000000c4a00000| Untracked 
|   9|0x00000000c4b00000, 0x00000000c4b00000, 0x00000000c4c00000|  0%| F|  |TAMS 0x00000000c4b00000, 0x00000000c4b00000| Untracked 
|  10|0x00000000c4c00000, 0x00000000c4c00000, 0x00000000c4d00000|  0%| F|  |TAMS 0x00000000c4c00000, 0x00000000c4c00000| Untracked 
|  11|0x00000000c4d00000, 0x00000000c4d00000, 0x00000000c4e00000|  0%| F|  |TAMS 0x00000000c4d00000, 0x00000000c4d00000| Untracked 
|  12|0x00000000c4e00000, 0x00000000c4e00000, 0x00000000c4f00000|  0%| F|  |TAMS 0x00000000c4e00000, 0x00000000c4e00000| Untracked 
|  13|0x00000000c4f00000, 0x00000000c4f00000, 0x00000000c5000000|  0%| F|  |TAMS 0x00000000c4f00000, 0x00000000c4f00000| Untracked 
|  14|0x00000000c5000000, 0x00000000c5000000, 0x00000000c5100000|  0%| F|  |TAMS 0x00000000c5000000, 0x00000000c5000000| Untracked 
|  15|0x00000000c5100000, 0x00000000c5100000, 0x00000000c5200000|  0%| F|  |TAMS 0x00000000c5100000, 0x00000000c5100000| Untracked 
|  16|0x00000000c5200000, 0x00000000c5200000, 0x00000000c5300000|  0%| F|  |TAMS 0x00000000c5200000, 0x00000000c5200000| Untracked 
|  17|0x00000000c5300000, 0x00000000c5300000, 0x00000000c5400000|  0%| F|  |TAMS 0x00000000c5300000, 0x00000000c5300000| Untracked 
|  18|0x00000000c5400000, 0x00000000c5400000, 0x00000000c5500000|  0%| F|  |TAMS 0x00000000c5400000, 0x00000000c5400000| Untracked 
|  19|0x00000000c5500000, 0x00000000c5500000, 0x00000000c5600000|  0%| F|  |TAMS 0x00000000c5500000, 0x00000000c5500000| Untracked 
|  20|0x00000000c5600000, 0x00000000c5600000, 0x00000000c5700000|  0%| F|  |TAMS 0x00000000c5600000, 0x00000000c5600000| Untracked 
|  21|0x00000000c5700000, 0x00000000c5700000, 0x00000000c5800000|  0%| F|  |TAMS 0x00000000c5700000, 0x00000000c5700000| Untracked 
|  22|0x00000000c5800000, 0x00000000c5800000, 0x00000000c5900000|  0%| F|  |TAMS 0x00000000c5800000, 0x00000000c5800000| Untracked 
|  23|0x00000000c5900000, 0x00000000c5900000, 0x00000000c5a00000|  0%| F|  |TAMS 0x00000000c5900000, 0x00000000c5900000| Untracked 
|  24|0x00000000c5a00000, 0x00000000c5a00000, 0x00000000c5b00000|  0%| F|  |TAMS 0x00000000c5a00000, 0x00000000c5a00000| Untracked 
|  25|0x00000000c5b00000, 0x00000000c5b00000, 0x00000000c5c00000|  0%| F|  |TAMS 0x00000000c5b00000, 0x00000000c5b00000| Untracked 
|  26|0x00000000c5c00000, 0x00000000c5c00000, 0x00000000c5d00000|  0%| F|  |TAMS 0x00000000c5c00000, 0x00000000c5c00000| Untracked 
|  27|0x00000000c5d00000, 0x00000000c5d00000, 0x00000000c5e00000|  0%| F|  |TAMS 0x00000000c5d00000, 0x00000000c5d00000| Untracked 
|  28|0x00000000c5e00000, 0x00000000c5e00000, 0x00000000c5f00000|  0%| F|  |TAMS 0x00000000c5e00000, 0x00000000c5e00000| Untracked 
|  29|0x00000000c5f00000, 0x00000000c5f00000, 0x00000000c6000000|  0%| F|  |TAMS 0x00000000c5f00000, 0x00000000c5f00000| Untracked 
|  30|0x00000000c6000000, 0x00000000c6000000, 0x00000000c6100000|  0%| F|  |TAMS 0x00000000c6000000, 0x00000000c6000000| Untracked 
|  31|0x00000000c6100000, 0x00000000c6100000, 0x00000000c6200000|  0%| F|  |TAMS 0x00000000c6100000, 0x00000000c6100000| Untracked 
|  32|0x00000000c6200000, 0x00000000c6200000, 0x00000000c6300000|  0%| F|  |TAMS 0x00000000c6200000, 0x00000000c6200000| Untracked 
|  33|0x00000000c6300000, 0x00000000c6300000, 0x00000000c6400000|  0%| F|  |TAMS 0x00000000c6300000, 0x00000000c6300000| Untracked 
|  34|0x00000000c6400000, 0x00000000c6400000, 0x00000000c6500000|  0%| F|  |TAMS 0x00000000c6400000, 0x00000000c6400000| Untracked 
|  35|0x00000000c6500000, 0x00000000c6500000, 0x00000000c6600000|  0%| F|  |TAMS 0x00000000c6500000, 0x00000000c6500000| Untracked 
|  36|0x00000000c6600000, 0x00000000c6600000, 0x00000000c6700000|  0%| F|  |TAMS 0x00000000c6600000, 0x00000000c6600000| Untracked 
|  37|0x00000000c6700000, 0x00000000c6700000, 0x00000000c6800000|  0%| F|  