#
# A fatal error has been detected by the Java Runtime Environment:
#
#  SIGSEGV (0xb) at pc=0x00007f96ab19eea1, pid=2919, tid=9698
#
# JRE version: OpenJDK Runtime Environment (11.0.6+10) (build 11.0.6+10-post-Debian-1deb10u1)
# Java VM: OpenJDK 64-Bit Server VM (11.0.6+10-post-Debian-1deb10u1, mixed mode, sharing, tiered, compressed oops, g1 gc, linux-amd64)
# Problematic frame:
# C  [libjimage.so+0x2ea1]
#
# No core dump will be written. Core dumps have been disabled. To enable core dumping, try "ulimit -c unlimited" before starting Java again
#
# If you would like to submit a bug report, please visit:
#   https://bugs.debian.org/openjdk-11
#

---------------  S U M M A R Y ------------

Command Line: -Dfile.encoding=UTF-8 main

Host: Intel(R) Core(TM) i5-2540M CPU @ 2.60GHz, 4 cores, 3G, Debian GNU/Linux 10 (buster)
Time: Sat Aug 22 04:15:59 2020 CEST elapsed time: 39579 seconds (0d 10h 59m 39s)

---------------  T H R E A D  ---------------

Current thread (0x00007f962c134800):  JavaThread "XToolkt-Shutdown-Thread" [_thread_in_vm, id=9698, stack(0x00007f96a3eff000,0x00007f96a4000000)]

Stack: [0x00007f96a3eff000,0x00007f96a4000000],  sp=0x00007f96a3ffcfc0,  free space=1015k
Native frames: (J=compiled Java code, A=aot compiled Java code, j=interpreted, Vv=VM code, C=native code)
C  [libjimage.so+0x2ea1]
C  [libjimage.so+0x3b1a]
C  [libjimage.so+0x3fe5]  JIMAGE_FindResource+0xd5
V  [libjvm.so+0x567def]
V  [libjvm.so+0x56a08b]
V  [libjvm.so+0xc8e62c]
V  [libjvm.so+0xc8d262]
V  [libjvm.so+0xc8f766]
V  [libjvm.so+0x60eacd]
V  [libjvm.so+0x60ef32]
V  [libjvm.so+0x9bb4d6]
V  [libjvm.so+0x9c1f6d]
V  [libjvm.so+0x7f22b6]
V  [libjvm.so+0x7f28ed]
j  sun.awt.X11.XToolkit.lambda$init$0()V+0 java.desktop@11.0.6
j  sun.awt.X11.XToolkit$$Lambda$10.run()V+4 java.desktop@11.0.6
j  java.lang.Thread.run()V+11 java.base@11.0.6
v  ~StubRoutines::call_stub
V  [libjvm.so+0x7f8991]
V  [libjvm.so+0x7f6e30]
V  [libjvm.so+0x7f6eeb]
V  [libjvm.so+0x8959dc]
V  [libjvm.so+0xcc48e4]
V  [libjvm.so+0xcc4be0]
V  [libjvm.so+0xcc0894]
V  [libjvm.so+0xb3511e]

Java frames: (J=compiled Java code, j=interpreted, Vv=VM code)
j  sun.awt.X11.XToolkit.lambda$init$0()V+0 java.desktop@11.0.6
j  sun.awt.X11.XToolkit$$Lambda$10.run()V+4 java.desktop@11.0.6
j  java.lang.Thread.run()V+11 java.base@11.0.6
v  ~StubRoutines::call_stub

siginfo: si_signo: 11 (SIGSEGV), si_code: 1 (SEGV_MAPERR), si_addr: 0x00007f969b926f28

Register to memory mapping:

RAX=0x0000000000005bc3 is an unknown value
RBX=0x00007f96a3ffd071 is pointing into the stack for thread: 0x00007f962c134800
RCX=0x00007f969b91001c is an unknown value
RDX=0x0000000000005bc3 is an unknown value
RSP=0x00007f96a3ffcfc0 is pointing into the stack for thread: 0x00007f962c134800
RBP=0x00007f96a3ffcfe0 is pointing into the stack for thread: 0x00007f962c134800
RSI=0x00007f96a3ffd070 is pointing into the stack for thread: 0x00007f962c134800
RDI=0x00007f96ab1a4130: <offset 0x0000000000008130> in /usr/lib/jvm/java-11-openjdk-amd64/lib/libjimage.so at 0x00007f96ab19c000
R8 =0x0 is NULL
R9 =
[error occurred during error reporting (printing register info), id 0xb, SIGSEGV (0xb) at pc=0x00007f96abd14be7]

Registers:
RAX=0x0000000000005bc3, RBX=0x00007f96a3ffd071, RCX=0x00007f969b91001c, RDX=0x0000000000005bc3
RSP=0x00007f96a3ffcfc0, RBP=0x00007f96a3ffcfe0, RSI=0x00007f96a3ffd070, RDI=0x00007f96ab1a4130
R8 =0x0000000000000000, R9 =0x00000000ca0d71f0, R10=0x00007f96a3ffd094, R11=0x00007f96ac8c8b60
R12=0x00007f96a3ffd070, R13=0x00000000000083a0, R14=0x00007f96a3ffe108, R15=0x00007f962c01d370
RIP=0x00007f96ab19eea1, EFLAGS=0x0000000000010246, CSGSFS=0x002b000000000033, ERR=0x0000000000000004
  TRAPNO=0x000000000000000e

Top of Stack: (sp=0x00007f96a3ffcfc0)
0x00007f96a3ffcfc0:   0000000000000000 00007f96a4020ae0
0x00007f96a3ffcfd0:   0000000000000000 00007f96a3ffd070
0x00007f96a3ffcfe0:   00007f96a3ffd050 00007f96ab19fb1a
0x00007f96a3ffcff0:   0000000000000000 0000000000000000 

Instructions: (pc=0x00007f96ab19eea1)
0x00007f96ab19eda1:   48 89 df 48 89 4d 88 e8 83 f3 ff ff 48 8b 4d 88
0x00007f96ab19edb1:   44 03 6d 90 e9 42 fd ff ff 66 0f 1f 44 00 00 8b
0x00007f96ab19edc1:   08 41 89 0e 44 89 c1 8b 74 08 fc 41 89 74 0e fc
0x00007f96ab19edd1:   e9 d8 fe ff ff 66 2e 0f 1f 84 00 00 00 00 00 b9
0x00007f96ab19ede1:   0a 00 00 00 e9 95 fd ff ff 44 89 c1 0f b7 74 08
0x00007f96ab19edf1:   fe 66 41 89 74 0e fe e9 b1 fe ff ff 0f 1f 00 0f
0x00007f96ab19ee01:   b6 17 89 f1 4c 8d 47 01 84 d2 74 1a 0f 1f 00 69
0x00007f96ab19ee11:   c9 93 01 00 01 49 83 c0 01 31 d1 41 0f b6 50 ff
0x00007f96ab19ee21:   84 d2 75 eb 89 ce 89 f0 25 ff ff ff 7f c3 90 48
0x00007f96ab19ee31:   85 d2 0f 84 e1 00 00 00 85 c9 0f 84 d9 00 00 00
0x00007f96ab19ee41:   55 48 89 e5 41 55 41 54 53 48 8d 5e 01 48 83 ec
0x00007f96ab19ee51:   08 44 0f b6 06 45 84 c0 0f 84 b1 00 00 00 49 89
0x00007f96ab19ee61:   da b8 93 01 00 01 66 0f 1f 84 00 00 00 00 00 44
0x00007f96ab19ee71:   69 c8 93 01 00 01 49 83 c2 01 41 0f b6 c0 45 0f
0x00007f96ab19ee81:   b6 42 ff 44 31 c8 45 84 c0 75 e4 25 ff ff ff 7f
0x00007f96ab19ee91:   41 89 cd 48 89 d1 31 d2 49 89 f4 41 f7 f5 89 d0
0x00007f96ab19eea1:   8b 34 81 48 8b 07 ff 50 20 85 c0 7f 22 ba ff ff
0x00007f96ab19eeb1:   ff ff 74 04 f7 d0 89 c2 48 83 c4 08 89 d0 5b 41
0x00007f96ab19eec1:   5c 41 5d 5d c3 66 2e 0f 1f 84 00 00 00 00 00 41
0x00007f96ab19eed1:   0f b6 34 24 89 c7 40 84 f6 74 1b 0f 1f 40 00 69
0x00007f96ab19eee1:   ff 93 01 00 01 48 83 c3 01 31 f7 0f b6 73 ff 40
0x00007f96ab19eef1:   84 f6 75 eb 89 f8 25 ff ff ff 7f 31 d2 48 83 c4
0x00007f96ab19ef01:   08 41 f7 f5 5b 41 5c 41 5d 5d 89 d0 c3 66 90 b8
0x00007f96ab19ef11:   93 01 00 01 e9 77 ff ff ff 83 ca ff 89 d0 c3 0f
0x00007f96ab19ef21:   b6 17 48 89 f8 84 d2 75 19 eb 1e 0f 1f 40 00 38
0x00007f96ab19ef31:   ca 75 1c 48 83 c0 01 0f b6 10 48 83 c6 01 84 d2
0x00007f96ab19ef41:   74 15 0f b6 0e 84 c9 75 e6 c3 0f 1f 44 00 00 31
0x00007f96ab19ef51:   c0 c3 0f 1f 44 00 00 c3 90 66 0f 1f 44 00 00 48
0x00007f96ab19ef61:   85 f6 74 5a 0f b6 06 84 c0 74 54 0f 1f 40 00 0f
0x00007f96ab19ef71:   b6 d0 83 e0 07 c1 fa 03 44 8d 50 01 0f b6 c0 41
0x00007f96ab19ef81:   89 d1 4c 8d 44 06 02 48 8d 56 01 31 c0 66 90 0f
0x00007f96ab19ef91:   b6 0a 48 c1 e0 08 48 83 c2 01 48 09 c8 49 39 d0 


Stack slot to memory mapping:
stack at sp + 0 slots: 0x0 is NULL
stack at sp + 1 slots: 0x00007f96a4020ae0 points into unknown readable memory: 50 0f 00 38 96 7f 00 00
stack at sp + 2 slots: 0x0 is NULL
stack at sp + 3 slots: 0x00007f96a3ffd070 is pointing into the stack for thread: 0x00007f962c134800
stack at sp + 4 slots: 0x00007f96a3ffd050 is pointing into the stack for thread: 0x00007f962c134800
stack at sp + 5 slots: 0x00007f96ab19fb1a: <offset 0x0000000000003b1a> in /usr/lib/jvm/java-11-openjdk-amd64/lib/libjimage.so at 0x00007f96ab19c000
stack at sp + 6 slots: 0x0 is NULL
stack at sp + 7 slots: 0x0 is NULL


---------------  P R O C E S S  ---------------

Threads class SMR info:
_java_thread_list=0x00007f962c021cf0, length=17, elements={
0x00007f96a40bb800, 0x00007f96a40c5800, 0x00007f96a40cb000, 0x00007f96a40cd000,
0x00007f96a40cf000, 0x00007f96a40d1000, 0x00007f96a4100000, 0x00007f96a4104800,
0x00007f96a41fc000, 0x00007f96a426f000, 0x00007f96a43e7800, 0x00007f96a43e9000,
0x00007f96a4014000, 0x00007f96240aa000, 0x00007f9660001000, 0x00007f9660002800,
0x00007f962c134800
}

Java Threads: ( => current thread )
  0x00007f96a40bb800 JavaThread "Reference Handler" daemon [_thread_blocked, id=2932, stack(0x00007f968c488000,0x00007f968c589000)]
  0x00007f96a40c5800 JavaThread "Finalizer" daemon [_thread_blocked, id=2933, stack(0x00007f968c387000,0x00007f968c488000)]
  0x00007f96a40cb000 JavaThread "Signal Dispatcher" daemon [_thread_blocked, id=2934, stack(0x00007f967d6ff000,0x00007f967d800000)]
  0x00007f96a40cd000 JavaThread "C2 CompilerThread0" daemon [_thread_blocked, id=2935, stack(0x00007f967d5fe000,0x00007f967d6ff000)]
  0x00007f96a40cf000 JavaThread "C1 CompilerThread0" daemon [_thread_blocked, id=2936, stack(0x00007f967d4fd000,0x00007f967d5fe000)]
  0x00007f96a40d1000 JavaThread "Sweeper thread" daemon [_thread_blocked, id=2937, stack(0x00007f967d3fc000,0x00007f967d4fd000)]
  0x00007f96a4100000 JavaThread "Service Thread" daemon [_thread_blocked, id=2938, stack(0x00007f967d2fb000,0x00007f967d3fc000)]
  0x00007f96a4104800 JavaThread "Common-Cleaner" daemon [_thread_blocked, id=2940, stack(0x00007f967d0f8000,0x00007f967d1f9000)]
  0x00007f96a41fc000 JavaThread "Java2D Disposer" daemon [_thread_blocked, id=2944, stack(0x00007f964de16000,0x00007f964df17000)]
  0x00007f96a426f000 JavaThread "AWT-XAWT" daemon [_thread_in_native, id=2945, stack(0x00007f964dae8000,0x00007f964dbe9000)]
  0x00007f96a43e7800 JavaThread "AWT-Shutdown" [_thread_blocked, id=2947, stack(0x00007f964d8e6000,0x00007f964d9e7000)]
  0x00007f96a43e9000 JavaThread "AWT-EventQueue-0" [_thread_blocked, id=2948, stack(0x00007f964d7e5000,0x00007f964d8e6000)]
  0x00007f96a4014000 JavaThread "DestroyJavaVM" [_thread_blocked, id=2922, stack(0x00007f96ab20a000,0x00007f96ab30b000)]
  0x00007f96240aa000 JavaThread "TimerQueue" daemon [_thread_blocked, id=2958, stack(0x00007f964d2e4000,0x00007f964d3e5000)]
  0x00007f9660001000 JavaThread "SIGTERM handler" daemon [_thread_blocked, id=9674, stack(0x00007f964d9e7000,0x00007f964dae8000)]
  0x00007f9660002800 JavaThread "SIGHUP handler" daemon [_thread_blocked, id=9681, stack(0x00007f964ccdd000,0x00007f964cdde000)]
=>0x00007f962c134800 JavaThread "XToolkt-Shutdown-Thread" [_thread_in_vm, id=9698, stack(0x00007f96a3eff000,0x00007f96a4000000)]

Other Threads:
  0x00007f96a40b8800 VMThread "VM Thread" [stack: 0x00007f968c58b000,0x00007f968c68b000] [id=2931]
  0x00007f96a4102800 WatcherThread [stack: 0x00007f967d1fb000,0x00007f967d2fb000] [id=2939]
  0x00007f96a402c800 GCTaskThread "GC Thread#0" [stack: 0x00007f96aaeba000,0x00007f96aafba000] [id=2926]
  0x00007f9674009000 GCTaskThread "GC Thread#1" [stack: 0x00007f964d1e4000,0x00007f964d2e4000] [id=2955]
  0x00007f967400a000 GCTaskThread "GC Thread#2" [stack: 0x00007f964d0e2000,0x00007f964d1e2000] [id=2956]
  0x00007f967400b800 GCTaskThread "GC Thread#3" [stack: 0x00007f964cfe0000,0x00007f964d0e0000] [id=2957]
  0x00007f96a4047000 ConcurrentGCThread "G1 Main Marker" [stack: 0x00007f96a8607000,0x00007f96a8707000] [id=2927]
  0x00007f96a4048800 ConcurrentGCThread "G1 Conc#0" [stack: 0x00007f96a8505000,0x00007f96a8605000] [id=2928]
  0x00007f96a408a800 ConcurrentGCThread "G1 Refine#0" [stack: 0x00007f968c810000,0x00007f968c910000] [id=2929]
  0x00007f96a408c000 ConcurrentGCThread "G1 Young RemSet Sampling" [stack: 0x00007f968c70e000,0x00007f968c80e000] [id=2930]

Threads with active compile tasks:

VM state:not at safepoint (normal execution)

VM Mutex/Monitor currently owned by a thread: None

Heap address: 0x00000000c4200000, size: 958 MB, Compressed Oops mode: 32-bit
Narrow klass base: 0x0000000800000000, Narrow klass shift: 3
Compressed class space size: 1073741824 Address: 0x0000000840000000

Heap:
 garbage-first heap   total 63488K, used 7386K [0x00000000c4200000, 0x0000000100000000)
  region size 1024K, 7 young (7168K), 2 survivors (2048K)
 Metaspace       used 13939K, capacity 14519K, committed 14848K, reserved 1062912K
  class space    used 1703K, capacity 1959K, committed 2048K, reserved 1048576K
Heap Regions: E=young(eden), S=young(survivor), O=old, HS=humongous(starts), HC=humongous(continues), CS=collection set, F=free, A=archive, TAMS=top-at-mark-start (previous, next)
|   0|0x00000000c4200000, 0x00000000c4285a00, 0x00000000c4300000| 52%| O|  |TAMS 0x00000000c4200000, 0x00000000c4200000| Untracked 
|   1|0x00000000c4300000, 0x00000000c4300000, 0x00000000c4400000|  0%| F|  |TAMS 0x00000000c4300000, 0x00000000c4300000| Untracked 
|   2|0x00000000c4400000, 0x00000000c4400000, 0x00000000c4500000|  0%| F|  |TAMS 0x00000000c4400000, 0x00000000c4400000| Untracked 
|   3|0x00000000c4500000, 0x00000000c4500000, 0x00000000c4600000|  0%| F|  |TAMS 0x00000000c4500000, 0x00000000c4500000| Untracked 
|   4|0x00000000c4600000, 0x00000000c4600000, 0x00000000c4700000|  0%| F|  |TAMS 0x00000000c4600000, 0x00000000c4600000| Untracked 
|   5|0x00000000c4700000, 0x00000000c4700000, 0x00000000c4800000|  0%| F|  |TAMS 0x00000000c4700000, 0x00000000c4700000| Untracked 
|   6|0x00000000c4800000, 0x00000000c4800000, 0x00000000c4900000|  0%| F|  |TAMS 0x00000000c4800000, 0x00000000c4800000| Untracked 
|   7|0x00000000c4900000, 0x00000000c4900000, 0x00000000c4a00000|  0%| F|  |TAMS 0x00000000c4900000, 0x00000000c4900000| Untracked 
|   8|0x00000000c4a00000, 0x00000000c4a00000, 0x00000000c4b00000|  0%| F|  |TAMS 0x00000000c4a00000, 0x00000000c4a00000| Untracked 
|   9|0x00000000c4b00000, 0x00000000c4b00000, 0x00000000c4c00000|  0%| F|  |TAMS 0x00000000c4b00000, 0x00000000c4b00000| Untracked 
|  10|0x00000000c4c00000, 0x00000000c4c00000, 0x00000000c4d00000|  0%| F|  |TAMS 0x00000000c4c00000, 0x00000000c4c00000| Untracked 
|  11|0x00000000c4d00000, 0x00000000c4d00000, 0x00000000c4e00000|  0%| F|  |TAMS 0x00000000c4d00000, 0x00000000c4d00000| Untracked 
|  12|0x00000000c4e00000, 0x00000000c4e00000, 0x00000000c4f00000|  0%| F|  |TAMS 0x00000000c4e00000, 0x00000000c4e00000| Untracked 
|  13|0x00000000c4f00000, 0x00000000c4f00000, 0x00000000c5000000|  0%| F|  |TAMS 0x00000000c4f00000, 0x00000000c4f00000| Untracked 
|  14|0x00000000c5000000, 0x00000000c5000000, 0x00000000c5100000|  0%| F|  |TAMS 0x00000000c5000000, 0x00000000c5000000| Untracked 
|  15|0x00000000c5100000, 0x00000000c5100000, 0x00000000c5200000|  0%| F|  |TAMS 0x00000000c5100000, 0x00000000c5100000| Untracked 
|  16|0x00000000c5200000, 0x00000000c5200000, 0x00000000c5300000|  0%| F|  |TAMS 0x00000000c5200000, 0x00000000c5200000| Untracked 
|  17|0x00000000c5300000, 0x00000000c5300000, 0x00000000c5400000|  0%| F|  |TAMS 0x00000000c5300000, 0x00000000c5300000| Untracked 
|  18|0x00000000c5400000, 0x00000000c5400000, 0x00000000c5500000|  0%| F|  |TAMS 0x00000000c5400000, 0x00000000c5400000| Untracked 
|  19|0x00000000c5500000, 0x00000000c5500000, 0x00000000c5600000|  0%| F|  |TAMS 0x00000000c5500000, 0x00000000c5500000| Untracked 
|  20|0x00000000c5600000, 0x00000000c5600000, 0x00000000c5700000|  0%| F|  |TAMS 0x00000000c5600000, 0x00000000c5600000| Untracked 
|  21|0x00000000c5700000, 0x00000000c5700000, 0x00000000c5800000|  0%| F|  |TAMS 0x00000000c5700000, 0x00000000c5700000| Untracked 
|  22|0x00000000c5800000, 0x00000000c5800000, 0x00000000c5900000|  0%| F|  |TAMS 0x00000000c5800000, 0x00000000c5800000| Untracked 
|  23|0x00000000c5900000, 0x00000000c5900000, 0x00000000c5a00000|  0%| F|  |TAMS 0x00000000c5900000, 0x00000000c5900000| Untracked 
|  24|0x00000000c5a00000, 0x00000000c5a00000, 0x00000000c5b00000|  0%| F|  |TAMS 0x00000000c5a00000, 0x00000000c5a00000| Untracked 
|  25|0x00000000c5b00000, 0x00000000c5b00000, 0x00000000c5c00000|  0%| F|  |TAMS 0x00000000c5b00000, 0x00000000c5b00000| Untracked 
|  26|0x00000000c5c00000, 0x00000000c5c00000, 0x00000000c5d00000|  0%| F|  |TAMS 0x00000000c5c00000, 0x00000000c5c00000| Untracked 
|  27|0x00000000c5d00000, 0x00000000c5d00000, 0x00000000c5e00000|  0%| F|  |TAMS 0x00000000c5d00000, 0x00000000c5d00000| Untracked 
|  28|0x00000000c5e00000, 0x00000000c5e00000, 0x00000000c5f00000|  0%| F|  |TAMS 0x00000000c5e00000, 0x00000000c5e00000| Untracked 
|  29|0x00000000c5f00000, 0x00000000c5f00000, 0x00000000c6000000|  0%| F|  |TAMS 0x00000000c5f00000, 0x00000000c5f00000| Untracked 
|  30|0x00000000c6000000, 0x00000000c6000000, 0x00000000c6100000|  0%| F|  |TAMS 0x00000000c6000000, 0x00000000c6000000| Untracked 
|  31|0x00000000c6100000, 0x00000000c6100000, 0x00000000c6200000|  0%| F|  |TAMS 0x00000000c6100000, 0x00000000c6100000| Untracked 
|  32|0x00000000c6200000, 0x00000000c6200000, 0x00000000c6300000|  0%| F|  |TAMS 0x00000000c6200000, 0x00000000c6200000| Untracked 
|  33|0x00000000c6300000, 0x00000000c6300000, 0x00000000c6400000|  0%| F|  |TAMS 0x00000000c6300000, 0x00000000c6300000| Untracked 
|  34|0x00000000c6400000, 0x00000000c6400000, 0x00000000c6500000|  0%| F|  |TAMS 0x00000000c6400000, 0x00000000c6400000| Untracked 
|  35|0x00000000c6500000, 0x00000000c6500000, 0x00000000c6600000|  0%| F|  |TAMS 0x00000000c6500000, 0x00000000c6500000| Untracked 
|  36|0x00000000c6600000, 0x00000000c6600000, 0x00000000c6700000|  0%| F|  |TAMS 0x00000000c6600000, 0x00000000c6600000| Untracked 
|  37|0x00000000c6700000, 0x00000000c6700000, 0x00000000c6800000|  0%| F|  |TAMS 0x00000000c6700000, 0x00000000c6700000| Untracked 
|  38|0x00000000c6800000, 0x00000000c6800000, 0x00000000c6900000|  0%| F|  |TAMS 0x00000000c6800000, 0x00000000c6800000| Untracked 
|  39|0x00000000c6900000, 0x00000000c6900000, 0x00000000c6a00000|  0%| F|  |TAMS 0x00000000c6900000, 0x00000000c6900000| Untracked 
|  40|0x00000000c6a00000, 0x00000000c6a00000, 0x00000000c6b00000|  0%| F|  |TAMS 0x00000000c6a00000, 0x00000000c6a00000| Untracked 
|  41|0x00000000c6b00000, 0x00000000c6b00000, 0x00000000c6c00000|  0%| F|  |TAMS 0x00000000c6b00000, 0x00000000c6b00000| Untracked 
|  42|0x00000000c6c00000, 0x00000000c6c00000, 0x00000000c6d00000|  0%| F|  |TAMS 0x00000000c6c00000, 0x00000000c6c00000| Untracked 
|  43|0x00000000c6d00000, 0x00000000c6d00000, 0x00000000c6e00000|  0%| F|  |TAMS 0x00000000c6d00000, 0x00000000c6d00000| Untracked 
|  44|0x00000000c6e00000, 0x00000000c6f00000, 0x00000000c6f00000|100%| S|CS|TAMS 0x00000000c6e00000, 0x00000000c6e00000| Complete 
|  45|0x00000000c6f00000, 0x00000000c7000000, 0x00000000c7000000|100%| S|CS|TAMS 0x00000000c6f00000, 0x00000000c6f00000| Complete 
|  46|0x00000000c7000000, 0x00000000c7000000, 0x00000000c7100000|  0%| F|  |TAMS 0x00000000c7000000, 0x00000000c7000000| Untracked 
|  47|0x00000000c7100000, 0x00000000c7100000, 0x00000000c7200000|  0%| F|  |TAMS 0x00000000c7100000, 0x00000000c7100000| Untracked 
|  48|0x00000000c7200000, 0x00000000c7200000, 0x00000000c7300000|  0%| F|  |TAMS 0x00000000c7200000, 0x00000000c7200000| Untracked 
|  49|0x00000000c7300000, 0x00000000c7300000, 0x00000000c7400000|  0%| F|  |TAMS 0x00000000c7300000, 0x00000000c7300000| Untracked 
|  50|0x00000000c7400000, 0x00000000c7400000, 0x00000000c7500000|  0%| F|  |TAMS 0x00000000c7400000, 0x00000000c7400000| Untracked 
|  51|0x00000000c7500000, 0x00000000c7500000, 0x00000000c7600000|  0%| F|  |TAMS 0x00000000c7500000, 0x00000000c7500000| Untracked 
|  52|0x00000000c7600000, 0x00000000c7600000, 0x00000000c7700000|  0%| F|  |TAMS 0x00000000c7600000, 0x00000000c7600000| Untracked 
|  53|0x00000000c7700000, 0x00000000c7700000, 0x00000000c7800000|  0%| F|  |TAMS 0x00000000c7700000, 0x00000000c7700000| Untracked 
|  54|0x00000000c7800000, 0x00000000c7800000, 0x00000000c7900000|  0%| F|  |TAMS 0x00000000c7800000, 0x00000000c7800000| Untracked 
|  55|0x00000000c7900000, 0x00000000c79e5a10, 0x00000000c7a00000| 89%| E|  |TAMS 0x00000000c7900000, 0x00000000c7900000| Complete 
|  56|0x00000000c7a00000, 0x00000000c7b00000, 0x00000000c7b00000|100%| E|CS|TAMS 0x00000000c7a00000, 0x00000000c7a00000| Complete 
|  57|0x00000000c7b00000, 0x00000000c7c00000, 0x00000000c7c00000|100%| E|CS|TAMS 0x00000000c7b00000, 0x00000000c7b00000| Complete 
|  58|0x00000000c7c00000, 0x00000000c7d00000, 0x00000000c7d00000|100%| E|CS|TAMS 0x00000000c7c00000, 0x00000000c7c00000| Complete 
|  59|0x00000000c7d00000, 0x00000000c7e00000, 0x00000000c7e00000|100%| E|CS|TAMS 0x00000000c7d00000, 0x00000000c7d00000| Complete 
| 956|0x00000000ffe00000, 0x00000000ffe47000, 0x00000000fff00000| 27%|OA|  |TAMS 0x00000000ffe00000, 0x00000000ffe00000| Untracked 
| 957|0x00000000fff00000, 0x00000000fff6a000, 0x0000000100000000| 41%|CA|  |TAMS 0x00000000fff00000, 0x00000000fff00000| Untracked 

Card table byte_map: [0x00007f96aa6f6000,0x00007f96aa8d5000] _byte_map_base: 0x00007f96aa0d5000

Marking Bits (Prev, Next): (CMBitMap*) 0x00007f96a4042348, (CMBitMap*) 0x00007f96a4042380
 Prev Bits: [0x00007f96a961f000, 0x00007f96aa517000)
 Next Bits: [0x00007f96a8727000, 0x00007f96a961f000)

Polling page: 0x00007f96acb6c000

Metaspace:

Usage:
  Non-class:     12,27 MB capacity,    11,95 MB ( 97%) used,   265,41 KB (  2%) free+waste,    59,00 KB ( <1%) overhead. 
      Class:      1,91 MB capacity,     1,66 MB ( 87%) used,   223,24 KB ( 11%) free+waste,    32,31 KB (  2%) overhead. 
       Both:     14,18 MB capacity,    13,61 MB ( 96%) used,   488,66 KB (  3%) free+waste,    91,31 KB ( <1%) overhead. 

Virtual space:
  Non-class space:       14,00 MB reserved,      12,50 MB ( 89%) committed 
      Class space:        1,00 GB reserved,       2,00 MB ( <1%) committed 
             Both:        1,01 GB reserved,      14,50 MB (  1%) committed 

Chunk freelists:
   Non-Class:  120,00 KB
       Class:  25,00 KB
        Both:  145,00 KB

MaxMetaspaceSize: unlimited
CompressedClassSpaceSize: 1,00 GB

CodeHeap 'non-profiled nmethods': size=120032Kb used=615Kb max_used=615Kb free=119416Kb
 bounds [0x00007f96943d8000, 0x00007f9694648000, 0x00007f969b910000]
CodeHeap 'profiled nmethods': size=120032Kb used=3936Kb max_used=3936Kb free=116095Kb
 bounds [0x00007f968cea0000, 0x00007f968d280000, 0x00007f96943d8000]
CodeHeap 'non-nmethods': size=5696Kb used=1289Kb max_used=1306Kb free=4406Kb
 bounds [0x00007f968c910000, 0x00007f968cb80000, 0x00007f968cea0000]
 total_blobs=2863 nmethods=1830 adapters=611
 compilation: enabled
              stopped_count=0, restarted_count=0
 full_count=0

Compilation events (20 events):
Event: 1026,114 Thread 0x00007f96a40cd000 1820   !   4       sun.awt.X11.XToolkit::callTimeoutTasks (220 bytes)
Event: 1026,120 Thread 0x00007f96a40cd000 nmethod 1820 0x00007f969446f310 code [0x00007f969446f4c0, 0x00007f969446f608]
Event: 1668,577 Thread 0x00007f96a40cd000 1821   !   4       sun.awt.X11.XToolkit::getNextTaskTime (55 bytes)
Event: 1668,591 Thread 0x00007f96a40cd000 nmethod 1821 0x00007f969446f810 code [0x00007f969446fa00, 0x00007f969446ff68]
Event: 2094,743 Thread 0x00007f96a40cd000 1822       4       java.util.TreeMap::getEntry (84 bytes)
Event: 2094,745 Thread 0x00007f96a40cd000 nmethod 1822 0x00007f9694470290 code [0x00007f9694470440, 0x00007f96944705b8]
Event: 2094,770 Thread 0x00007f96a40cd000 1823   !   4       sun.awt.X11.XToolkit::windowToXWindow (27 bytes)
Event: 2094,776 Thread 0x00007f96a40cd000 nmethod 1823 0x00007f9694470710 code [0x00007f96944708e0, 0x00007f9694470e58]
Event: 2882,140 Thread 0x00007f96a40cf000 1824   !   3       jdk.internal.ref.PhantomCleanable::isListEmpty (34 bytes)
Event: 2882,141 Thread 0x00007f96a40cf000 nmethod 1824 0x00007f968d263690 code [0x00007f968d263840, 0x00007f968d263bd0]
Event: 2882,141 Thread 0x00007f96a40cf000 1825       3       jdk.internal.misc.InnocuousThread::eraseThreadLocals (23 bytes)
Event: 2882,142 Thread 0x00007f96a40cf000 nmethod 1825 0x00007f968d263d10 code [0x00007f968d263ec0, 0x00007f968d264110]
Event: 28012,535 Thread 0x00007f96a40cf000 1827 % !   3       sun.awt.X11.XToolkit::run @ 59 (384 bytes)
Event: 28012,548 Thread 0x00007f96a40cf000 nmethod 1827% 0x00007f968d264190 code [0x00007f968d264ba0, 0x00007f968d26bc28]
Event: 28524,449 Thread 0x00007f96a40cf000 1828   !   3       sun.awt.X11.XToolkit::run (384 bytes)
Event: 28524,462 Thread 0x00007f96a40cf000 nmethod 1828 0x00007f968d26ee10 code [0x00007f968d26f800, 0x00007f968d2754a8]
Event: 36156,923 Thread 0x00007f96a40cd000 1829       4       java.util.concurrent.locks.AbstractQueuedSynchronizer::acquire (27 bytes)
Event: 36156,931 Thread 0x00007f96a40cd000 nmethod 1829 0x00007f9694471510 code [0x00007f96944716e0, 0x00007f9694471a58]
Event: 36924,753 Thread 0x00007f96a40cd000 1830       4       java.util.Vector$Itr::hasNext (20 bytes)
Event: 36924,776 Thread 0x00007f96a40cd000 nmethod 1830 0x00007f9694471b90 code [0x00007f9694471d20, 0x00007f9694471db8]

GC Heap History (2 events):
Event: 2,119 GC heap before
{Heap before GC invocations=0 (full 0):
 garbage-first heap   total 63488K, used 15044K [0x00000000c4200000, 0x0000000100000000)
  region size 1024K, 14 young (14336K), 0 survivors (0K)
 Metaspace       used 12728K, capacity 13227K, committed 13440K, reserved 1060864K
  class space    used 1636K, capacity 1892K, committed 1920K, reserved 1048576K
}
Event: 2,129 GC heap after
{Heap after GC invocations=1 (full 0):
 garbage-first heap   total 63488K, used 3290K [0x00000000c4200000, 0x0000000100000000)
  region size 1024K, 2 young (2048K), 2 survivors (2048K)
 Metaspace       used 12728K, capacity 13227K, committed 13440K, reserved 1060864K
  class space    used 1636K, capacity 1892K, committed 1920K, reserved 1048576K
}

Deoptimization events (20 events):
Event: 2,075 Thread 0x00007f96a43e9000 Uncommon trap: trap_request=0xffffffde fr.pc=0x00007f96943f64d4 relative=0x00000000000001b4
Event: 2,075 Thread 0x00007f96a43e9000 Uncommon trap: reason=class_check action=maybe_recompile pc=0x00007f96943f64d4 method=java.lang.String.equals(Ljava/lang/Object;)Z @ 8 c2
Event: 2,075 Thread 0x00007f96a43e9000 DEOPT PACKING pc=0x00007f96943f64d4 sp=0x00007f964d8df910
Event: 2,075 Thread 0x00007f96a43e9000 DEOPT UNPACKING pc=0x00007f968c9389a5 sp=0x00007f964d8df8c8 mode 2
Event: 2,150 Thread 0x00007f96a43e9000 Uncommon trap: trap_request=0xffffff4d fr.pc=0x00007f96944167c4 relative=0x0000000000000e84
Event: 2,150 Thread 0x00007f96a43e9000 Uncommon trap: reason=unstable_if action=reinterpret pc=0x00007f96944167c4 method=java.lang.ref.ReferenceQueue.poll()Ljava/lang/ref/Reference; @ 4 c2
Event: 2,150 Thread 0x00007f96a43e9000 DEOPT PACKING pc=0x00007f96944167c4 sp=0x00007f964d8dae80
Event: 2,150 Thread 0x00007f96a43e9000 DEOPT UNPACKING pc=0x00007f968c9389a5 sp=0x00007f964d8dad30 mode 2
Event: 9,793 Thread 0x00007f96a426f000 Uncommon trap: trap_request=0xffffff4d fr.pc=0x00007f96944581b0 relative=0x0000000000000250
Event: 9,793 Thread 0x00007f96a426f000 Uncommon trap: reason=unstable_if action=reinterpret pc=0x00007f96944581b0 method=java.util.concurrent.locks.ReentrantLock$Sync.nonfairTryAcquire(I)Z @ 19 c2
Event: 9,793 Thread 0x00007f96a426f000 DEOPT PACKING pc=0x00007f96944581b0 sp=0x00007f964dbe7330
Event: 9,793 Thread 0x00007f96a426f000 DEOPT UNPACKING pc=0x00007f968c9389a5 sp=0x00007f964dbe7140 mode 2
Event: 9,849 Thread 0x00007f96a43e9000 Uncommon trap: trap_request=0xffffff4d fr.pc=0x00007f9694451068 relative=0x0000000000000228
Event: 9,849 Thread 0x00007f96a43e9000 Uncommon trap: reason=unstable_if action=reinterpret pc=0x00007f9694451068 method=java.util.concurrent.locks.ReentrantLock$Sync.nonfairTryAcquire(I)Z @ 19 c2
Event: 9,849 Thread 0x00007f96a43e9000 DEOPT PACKING pc=0x00007f9694451068 sp=0x00007f964d8e0960
Event: 9,849 Thread 0x00007f96a43e9000 DEOPT UNPACKING pc=0x00007f968c9389a5 sp=0x00007f964d8e0890 mode 2
Event: 13,778 Thread 0x00007f96a43e9000 Uncommon trap: trap_request=0xffffff4d fr.pc=0x00007f9694463520 relative=0x0000000000000c80
Event: 13,778 Thread 0x00007f96a43e9000 Uncommon trap: reason=unstable_if action=reinterpret pc=0x00007f9694463520 method=java.awt.Container.findComponentAtImpl(IIZ)Ljava/awt/Component; @ 24 c2
Event: 13,778 Thread 0x00007f96a43e9000 DEOPT PACKING pc=0x00007f9694463520 sp=0x00007f964d8e12b0
Event: 13,778 Thread 0x00007f96a43e9000 DEOPT UNPACKING pc=0x00007f968c9389a5 sp=0x00007f964d8e1160 mode 2

Classes redefined (0 events):
No events

Internal exceptions (20 events):
Event: 0,321 Thread 0x00007f96a4014000 Exception <a 'java/lang/NoSuchMethodError'{0x00000000c7ac5528}: 'void java.lang.invoke.DirectMethodHandle$Holder.invokeSpecial(java.lang.Object, java.lang.Object)'> (0x00000000c7ac5528) thrown at [/build/openjdk-11-11.0.6+10/src/hotspot/share/interpreter/
Event: 0,366 Thread 0x00007f96a4014000 Exception <a 'java/lang/NoSuchMethodError'{0x00000000c79d38c8}: 'java.lang.Object java.lang.invoke.DirectMethodHandle$Holder.invokeStatic(java.lang.Object, int, java.lang.Object, java.lang.Object, java.lang.Object, java.lang.Object)'> (0x00000000c79d38c8)
Event: 0,367 Thread 0x00007f96a4014000 Exception <a 'java/lang/NoSuchMethodError'{0x00000000c79dae78}: 'java.lang.Object java.lang.invoke.DirectMethodHandle$Holder.invokeStatic(java.lang.Object, int, java.lang.Object, java.lang.Object, java.lang.Object)'> (0x00000000c79dae78) thrown at [/build
Event: 0,368 Thread 0x00007f96a4014000 Exception <a 'java/lang/NoSuchMethodError'{0x00000000c79de9c0}: 'java.lang.Object java.lang.invoke.DirectMethodHandle$Holder.invokeSpecial(java.lang.Object, java.lang.Object, int, java.lang.Object, java.lang.Object, java.lang.Object)'> (0x00000000c79de9c0
Event: 0,372 Thread 0x00007f96a4014000 Exception <a 'java/lang/NoSuchMethodError'{0x00000000c79f6270}: 'java.lang.Object java.lang.invoke.DirectMethodHandle$Holder.invokeStatic(java.lang.Object, int, java.lang.Object)'> (0x00000000c79f6270) thrown at [/build/openjdk-11-11.0.6+10/src/hotspot/sh
Event: 0,411 Thread 0x00007f96a4014000 Exception <a 'java/lang/NoSuchMethodError'{0x00000000c78e8528}: 'java.lang.Object java.lang.invoke.Invokers$Holder.linkToTargetMethod(java.lang.Object, int, java.lang.Object)'> (0x00000000c78e8528) thrown at [/build/openjdk-11-11.0.6+10/src/hotspot/share/
Event: 0,414 Thread 0x00007f96a4014000 Exception <a 'java/lang/ClassNotFoundException'{0x00000000c78f0a38}: com/sun/swing/internal/plaf/metal/resources/spi/metalProvider> (0x00000000c78f0a38) thrown at [/build/openjdk-11-11.0.6+10/src/hotspot/share/classfile/systemDictionary.cpp, line 231]
Event: 0,416 Thread 0x00007f96a4014000 Exception <a 'java/lang/ClassNotFoundException'{0x00000000c78f58a0}: com/sun/swing/internal/plaf/basic/resources/spi/basicProvider> (0x00000000c78f58a0) thrown at [/build/openjdk-11-11.0.6+10/src/hotspot/share/classfile/systemDictionary.cpp, line 231]
Event: 0,486 Thread 0x00007f96a4014000 Exception <a 'java/lang/NoSuchMethodError'{0x00000000c77ba160}: 'void java.lang.invoke.DirectMethodHandle$Holder.invokeStaticInit(java.lang.Object)'> (0x00000000c77ba160) thrown at [/build/openjdk-11-11.0.6+10/src/hotspot/share/interpreter/linkResolver.cp
Event: 0,495 Thread 0x00007f96a4014000 Exception <a 'java/lang/NoSuchMethodError'{0x00000000c761ec88}: 'java.lang.Object java.lang.invoke.DirectMethodHandle$Holder.invokeStatic(java.lang.Object, java.lang.Object, java.lang.Object, java.lang.Object, java.lang.Object, java.lang.Object, java.lang
Event: 0,497 Thread 0x00007f96a4014000 Exception <a 'java/lang/NoSuchMethodError'{0x00000000c762b680}: 'java.lang.Object java.lang.invoke.DirectMethodHandle$Holder.invokeStatic(java.lang.Object, java.lang.Object, java.lang.Object, java.lang.Object, java.lang.Object, java.lang.Object, java.lang
Event: 0,550 Thread 0x00007f96a4014000 Exception <a 'java/lang/NoSuchMethodError'{0x00000000c752bd50}: 'java.lang.Object java.lang.invoke.DirectMethodHandle$Holder.invokeSpecial(java.lang.Object, java.lang.Object, int, int, java.lang.Object, java.lang.Object, java.lang.Object, java.lang.Object
Event: 0,550 Thread 0x00007f96a4014000 Exception <a 'java/lang/NoSuchMethodError'{0x00000000c752f9e0}: 'java.lang.Object java.lang.invoke.DelegatingMethodHandle$Holder.reinvoke_L(java.lang.Object, int, int, java.lang.Object, java.lang.Object, java.lang.Object, java.lang.Object, java.lang.Objec
Event: 0,567 Thread 0x00007f96a4014000 Exception <a 'java/lang/NoSuchMethodError'{0x00000000c75d26f0}: 'java.lang.Object java.lang.invoke.Invokers$Holder.linkToTargetMethod(java.lang.Object, java.lang.Object, java.lang.Object, java.lang.Object, java.lang.Object, java.lang.Object)'> (0x00000000
Event: 0,575 Thread 0x00007f96a4014000 Exception <a 'java/lang/NoSuchMethodError'{0x00000000c743fb60}: 'java.lang.Object java.lang.invoke.DirectMethodHandle$Holder.invokeSpecial(java.lang.Object, java.lang.Object, int, int, java.lang.Object, java.lang.Object, java.lang.Object, java.lang.Object
Event: 0,576 Thread 0x00007f96a4014000 Exception <a 'java/lang/NoSuchMethodError'{0x00000000c7443540}: 'java.lang.Object java.lang.invoke.DelegatingMethodHandle$Holder.reinvoke_L(java.lang.Object, int, int, java.lang.Object, java.lang.Object, java.lang.Object, java.lang.Object)'> (0x00000000c7
Event: 0,636 Thread 0x00007f96a4014000 Exception <a 'java/lang/NoSuchMethodError'{0x00000000c7226e58}: 'java.lang.Object java.lang.invoke.DirectMethodHandle$Holder.invokeStatic(java.lang.Object, java.lang.Object, java.lang.Object, java.lang.Object, java.lang.Object, java.lang.Object, java.lang
Event: 0,638 Thread 0x00007f96a4014000 Exception <a 'java/lang/NoSuchMethodError'{0x00000000c7244de0}: 'java.lang.Object java.lang.invoke.DirectMethodHandle$Holder.invokeStatic(java.lang.Object, java.lang.Object, java.lang.Object, java.lang.Object, java.lang.Object, java.lang.Object, java.lang
Event: 0,640 Thread 0x00007f96a4014000 Exception <a 'java/lang/NoSuchMethodError'{0x00000000c7263ae0}: 'java.lang.Object java.lang.invoke.DirectMethodHandle$Holder.invokeStatic(java.lang.Object, java.lang.Object, java.lang.Object, java.lang.Object, java.lang.Object, java.lang.Object, java.lang
Event: 0,643 Thread 0x00007f96a4014000 Exception <a 'java/lang/NoSuchMethodError'{0x00000000c7283bd0}: 'java.lang.Object java.lang.invoke.DirectMethodHandle$Holder.invokeStatic(java.lang.Object, java.lang.Object, java.lang.Object, java.lang.Object, java.lang.Object, java.lang.Object, java.lang

Events (20 events):
Event: 14,279 Executing VM operation: RevokeBias done
Event: 14,279 loading class javax/swing/table/DefaultTableCellRenderer$UIResource
Event: 14,279 loading class javax/swing/table/DefaultTableCellRenderer$UIResource done
Event: 15,920 Executing VM operation: RevokeBias
Event: 15,920 Executing VM operation: RevokeBias done
Event: 19,547 Executing VM operation: RevokeBias
Event: 19,547 Executing VM operation: RevokeBias done
Event: 39579,090 loading class jdk/internal/misc/Signal$1
Event: 39579,161 loading class jdk/internal/misc/Signal$1 done
Event: 39579,248 Thread 0x00007f9660001000 Thread added: 0x00007f9660001000
Event: 39579,248 Protecting memory [0x00007f964d9e7000,0x00007f964d9eb000] with protection modes 0
Event: 39579,251 Thread 0x00007f9660002800 Thread added: 0x00007f9660002800
Event: 39579,251 Protecting memory [0x00007f964ccdd000,0x00007f964cce1000] with protection modes 0
Event: 39579,258 Executing VM operation: RevokeBias
Event: 39579,259 Executing coalesced safepoint VM operation: RevokeBias
Event: 39579,259 Executing coalesced safepoint VM operation: RevokeBias done
Event: 39579,259 Executing VM operation: RevokeBias done
Event: 39579,310 Thread 0x00007f962c134800 Thread added: 0x00007f962c134800
Event: 39579,310 Protecting memory [0x00007f96a3eff000,0x00007f96a3f03000] with protection modes 0
Event: 39579,324 loading class sun/awt/X11/XSystemTrayPeer


Dynamic libraries:
c4200000-c7e00000 rw-p 00000000 00:00 0 
c7e00000-ffe00000 ---p 00000000 00:00 0 
ffe00000-ffe47000 rw-p 01105000 08:02 1578952                            /usr/lib/jvm/java-11-openjdk-amd64/lib/server/classes.jsa
ffe47000-fff00000 rw-p 00000000 00:00 0 
fff00000-fff6a000 rw-p 0109b000 08:02 1578952                            /usr/lib/jvm/java-11-openjdk-amd64/lib/server/classes.jsa
fff6a000-100000000 rw-p 00000000 00:00 0 
800000000-800002000 rwxp 00001000 08:02 1578952                          /usr/lib/jvm/java-11-openjdk-amd64/lib/server/classes.jsa
800002000-8003b8000 rw-p 00003000 08:02 1578952                          /usr/lib/jvm/java-11-openjdk-amd64/lib/server/classes.jsa
8003b8000-800a8d000 r--p 003b9000 08:02 1578952                          /usr/lib/jvm/java-11-openjdk-amd64/lib/server/classes.jsa
800a8d000-800a8e000 rw-p 00a8e000 08:02 1578952                          /usr/lib/jvm/java-11-openjdk-amd64/lib/server/classes.jsa
800a8e000-80109a000 r--p 00a8f000 08:02 1578952                          /usr/lib/jvm/java-11-openjdk-amd64/lib/server/classes.jsa
840000000-840200000 rw-p 00000000 00:00 0 
840200000-880000000 ---p 00000000 00:00 0 
56029eb3a000-56029eb3b000 r--p 00000000 08:02 921319                     /usr/lib/jvm/java-11-openjdk-amd64/bin/java
56029eb3b000-56029eb3c000 r-xp 00001000 08:02 921319                     /usr/lib/jvm/java-11-openjdk-amd64/bin/java
56029eb3c000-56029eb3d000 r--p 00002000 08:02 921319                     /usr/lib/jvm/java-11-openjdk-amd64/bin/java
56029eb3d000-56029eb3e000 r--p 00002000 08:02 921319                     /usr/lib/jvm/java-11-openjdk-amd64/bin/java
56029eb3e000-56029eb3f000 rw-p 00003000 08:02 921319                     /usr/lib/jvm/java-11-openjdk-amd64/bin/java
56029f463000-56029f484000 rw-p 00000000 00:00 0                          [heap]
7f9614000000-7f9614021000 rw-p 00000000 00:00 0 
7f9614021000-7f9618000000 ---p 00000000 00:00 0 
7f9618000000-7f9618021000 rw-p 00000000 00:00 0 
7f9618021000-7f961c000000 ---p 00000000 00:00 0 
7f961c000000-7f961c021000 rw-p 00000000 00:00 0 
7f961c021000-7f9620000000 ---p 00000000 00:00 0 
7f9620000000-7f9620021000 rw-p 00000000 00:00 0 
7f9620021000-7f9624000000 ---p 00000000 00:00 0 
7f9624000000-7f962429c000 rw-p 00000000 00:00 0 
7f962429c000-7f9628000000 ---p 00000000 00:00 0 
7f9628000000-7f9628021000 rw-p 00000000 00:00 0 
7f9628021000-7f962c000000 ---p 00000000 00:00 0 
7f962c000000-7f962c636000 rw-p 00000000 00:00 0 
7f962c636000-7f9630000000 ---p 00000000 00:00 0 
7f9630000000-7f9630021000 rw-p 00000000 00:00 0 
7f9630021000-7f9634000000 ---p 00000000 00:00 0 
7f9634000000-7f9634021000 rw-p 00000000 00:00 0 
7f9634021000-7f9638000000 ---p 00000000 00:00 0 
7f9638000000-7f9638021000 rw-p 00000000 00:00 0 
7f9638021000-7f963c000000 ---p 00000000 00:00 0 
7f963c000000-7f963c021000 rw-p 00000000 00:00 0 
7f963c021000-7f9640000000 ---p 00000000 00:00 0 
7f9640000000-7f9640021000 rw-p 00000000 00:00 0 
7f9640021000-7f9644000000 ---p 00000000 00:00 0 
7f9644000000-7f9644021000 rw-p 00000000 00:00 0 
7f9644021000-7f9648000000 ---p 00000000 00:00 0 
7f9648000000-7f9648021000 rw-p 00000000 00:00 0 
7f9648021000-7f964c000000 ---p 00000000 00:00 0 
7f964ccdd000-7f964cce1000 ---p 00000000 00:00 0 
7f964cce1000-7f964ce5e000 rw-p 00000000 00:00 0 
7f964ce5e000-7f964cfde000 ---p 00000000 00:00 0 
7f964cfde000-7f964cfdf000 ---p 00000000 00:00 0 
7f964cfdf000-7f964d0e0000 rw-p 00000000 00:00 0 
7f964d0e0000-7f964d0e1000 ---p 00000000 00:00 0 
7f964d0e1000-7f964d1e2000 rw-p 00000000 00:00 0 
7f964d1e2000-7f964d1e3000 ---p 00000000 00:00 0 
7f964d1e3000-7f964d2e4000 rw-p 00000000 00:00 0 
7f964d2e4000-7f964d2e8000 ---p 00000000 00:00 0 
7f964d2e8000-7f964d5e5000 rw-p 00000000 00:00 0 
7f964d5e5000-7f964d7e5000 rw-p 00000000 00:00 0 
7f964d7e5000-7f964d7e9000 ---p 00000000 00:00 0 
7f964d7e9000-7f964d8e6000 rw-p 00000000 00:00 0 
7f964d8e6000-7f964d8ea000 ---p 00000000 00:00 0 
7f964d8ea000-7f964d9e7000 rw-p 00000000 00:00 0 
7f964d9e7000-7f964d9eb000 ---p 00000000 00:00 0 
7f964d9eb000-7f964dae8000 rw-p 00000000 00:00 0 
7f964dae8000-7f964daec000 ---p 00000000 00:00 0 
7f964daec000-7f964dbe9000 rw-p 00000000 00:00 0 
7f964dbe9000-7f964dbee000 r-xp 00000000 08:02 793173                     /usr/lib/x86_64-linux-gnu/libXfixes.so.3.1.0
7f964dbee000-7f964dded000 ---p 00005000 08:02 793173                     /usr/lib/x86_64-linux-gnu/libXfixes.so.3.1.0
7f964dded000-7f964ddee000 r--p 00004000 08:02 793173                     /usr/lib/x86_64-linux-gnu/libXfixes.so.3.1.0
7f964ddee000-7f964ddef000 rw-p 00005000 08:02 793173                     /usr/lib/x86_64-linux-gnu/libXfixes.so.3.1.0
7f964ddef000-7f964ddf2000 r--p 00000000 08:02 796589                     /usr/lib/x86_64-linux-gnu/libXcursor.so.1.0.2
7f964ddf2000-7f964ddf8000 r-xp 00003000 08:02 796589                     /usr/lib/x86_64-linux-gnu/libXcursor.so.1.0.2
7f964ddf8000-7f964ddfa000 r--p 00009000 08:02 796589                     /usr/lib/x86_64-linux-gnu/libXcursor.so.1.0.2
7f964ddfa000-7f964ddfb000 r--p 0000a000 08:02 796589                     /usr/lib/x86_64-linux-gnu/libXcursor.so.1.0.2
7f964ddfb000-7f964ddfc000 rw-p 0000b000 08:02 796589                     /usr/lib/x86_64-linux-gnu/libXcursor.so.1.0.2
7f964de16000-7f964de1a000 ---p 00000000 00:00 0 
7f964de1a000-7f964df17000 rw-p 00000000 00:00 0 
7f964df17000-7f964df18000 ---p 00000000 00:00 0 
7f964df18000-7f964e718000 rw-p 00000000 00:00 0 
7f964e718000-7f964e719000 ---p 00000000 00:00 0 
7f964e719000-7f964ef19000 rw-p 00000000 00:00 0 
7f964ef19000-7f964ef1a000 ---p 00000000 00:00 0 
7f964ef1a000-7f964f71a000 rw-p 00000000 00:00 0 
7f964f71a000-7f964f73a000 r--p 00000000 08:02 790272                     /usr/share/locale/it/LC_MESSAGES/glib20.mo
7f964f73a000-7f964f744000 r--p 00000000 08:02 788196                     /usr/lib/x86_64-linux-gnu/libblkid.so.1.1.0
7f964f744000-7f964f778000 r-xp 0000a000 08:02 788196                     /usr/lib/x86_64-linux-gnu/libblkid.so.1.1.0
7f964f778000-7f964f788000 r--p 0003e000 08:02 788196                     /usr/lib/x86_64-linux-gnu/libblkid.so.1.1.0
7f964f788000-7f964f789000 ---p 0004e000 08:02 788196                     /usr/lib/x86_64-linux-gnu/libblkid.so.1.1.0
7f964f789000-7f964f78e000 r--p 0004e000 08:02 788196                     /usr/lib/x86_64-linux-gnu/libblkid.so.1.1.0
7f964f78e000-7f964f78f000 rw-p 00053000 08:02 788196                     /usr/lib/x86_64-linux-gnu/libblkid.so.1.1.0
7f964f78f000-7f964f791000 r--p 00000000 08:02 786839                     /usr/lib/x86_64-linux-gnu/libpcre.so.3.13.3
7f964f791000-7f964f7e3000 r-xp 00002000 08:02 786839                     /usr/lib/x86_64-linux-gnu/libpcre.so.3.13.3
7f964f7e3000-7f964f801000 r--p 00054000 08:02 786839                     /usr/lib/x86_64-linux-gnu/libpcre.so.3.13.3
7f964f801000-7f964f802000 r--p 00071000 08:02 786839                     /usr/lib/x86_64-linux-gnu/libpcre.so.3.13.3
7f964f802000-7f964f803000 rw-p 00072000 08:02 786839                     /usr/lib/x86_64-linux-gnu/libpcre.so.3.13.3
7f964f803000-7f964f828000 r-xp 00000000 08:02 788681                     /usr/lib/x86_64-linux-gnu/libselinux.so.1
7f964f828000-7f964fa27000 ---p 00025000 08:02 788681                     /usr/lib/x86_64-linux-gnu/libselinux.so.1
7f964fa27000-7f964fa28000 r--p 00024000 08:02 788681                     /usr/lib/x86_64-linux-gnu/libselinux.so.1
7f964fa28000-7f964fa29000 rw-p 00025000 08:02 788681                     /usr/lib/x86_64-linux-gnu/libselinux.so.1
7f964fa29000-7f964fa2b000 rw-p 00000000 00:00 0 
7f964fa2b000-7f964fa37000 r--p 00000000 08:02 788270                     /usr/lib/x86_64-linux-gnu/libmount.so.1.1.0
7f964fa37000-7f964fa73000 r-xp 0000c000 08:02 788270                     /usr/lib/x86_64-linux-gnu/libmount.so.1.1.0
7f964fa73000-7f964fa85000 r--p 00048000 08:02 788270                     /usr/lib/x86_64-linux-gnu/libmount.so.1.1.0
7f964fa85000-7f964fa86000 ---p 0005a000 08:02 788270                     /usr/lib/x86_64-linux-gnu/libmount.so.1.1.0
7f964fa86000-7f964fa89000 r--p 0005a000 08:02 788270                     /usr/lib/x86_64-linux-gnu/libmount.so.1.1.0
7f964fa89000-7f964fa8a000 rw-p 0005d000 08:02 788270                     /usr/lib/x86_64-linux-gnu/libmount.so.1.1.0
7f964fa8a000-7f964fa95000 r--p 00000000 08:02 790340                     /usr/lib/x86_64-linux-gnu/libgobject-2.0.so.0.5800.3
7f964fa95000-7f964fac7000 r-xp 0000b000 08:02 790340                     /usr/lib/x86_64-linux-gnu/libgobject-2.0.so.0.5800.3
7f964fac7000-7f964fadd000 r--p 0003d000 08:02 790340                     /usr/lib/x86_64-linux-gnu/libgobject-2.0.so.0.5800.3
7f964fadd000-7f964fade000 r--p 00052000 08:02 790340                     /usr/lib/x86_64-linux-gnu/libgobject-2.0.so.0.5800.3
7f964fade000-7f964fadf000 rw-p 00053000 08:02 790340                     /usr/lib/x86_64-linux-gnu/libgobject-2.0.so.0.5800.3
7f964fadf000-7f964fafa000 r--p 00000000 08:02 790338                     /usr/lib/x86_64-linux-gnu/libglib-2.0.so.0.5800.3
7f964fafa000-7f964fb78000 r-xp 0001b000 08:02 790338                     /usr/lib/x86_64-linux-gnu/libglib-2.0.so.0.5800.3
7f964fb78000-7f964fbfa000 r--p 00099000 08:02 790338                     /usr/lib/x86_64-linux-gnu/libglib-2.0.so.0.5800.3
7f964fbfa000-7f964fbfb000 ---p 0011b000 08:02 790338                     /usr/lib/x86_64-linux-gnu/libglib-2.0.so.0.5800.3
7f964fbfb000-7f964fbfc000 r--p 0011b000 08:02 790338                     /usr/lib/x86_64-linux-gnu/libglib-2.0.so.0.5800.3
7f964fbfc000-7f964fbfd000 rw-p 0011c000 08:02 790338                     /usr/lib/x86_64-linux-gnu/libglib-2.0.so.0.5800.3
7f964fbfd000-7f964fbfe000 rw-p 00000000 00:00 0 
7f964fbfe000-7f964fc35000 r--p 00000000 08:02 790336                     /usr/lib/x86_64-linux-gnu/libgio-2.0.so.0.5800.3
7f964fc35000-7f964fd2e000 r-xp 00037000 08:02 790336                     /usr/lib/x86_64-linux-gnu/libgio-2.0.so.0.5800.3
7f964fd2e000-7f964fdb0000 r--p 00130000 08:02 790336                     /usr/lib/x86_64-linux-gnu/libgio-2.0.so.0.5800.3
7f964fdb0000-7f964fdb1000 ---p 001b2000 08:02 790336                     /usr/lib/x86_64-linux-gnu/libgio-2.0.so.0.5800.3
7f964fdb1000-7f964fdb9000 r--p 001b2000 08:02 790336                     /usr/lib/x86_64-linux-gnu/libgio-2.0.so.0.5800.3
7f964fdb9000-7f964fdba000 rw-p 001ba000 08:02 790336                     /usr/lib/x86_64-linux-gnu/libgio-2.0.so.0.5800.3
7f964fdba000-7f964fdbc000 rw-p 00000000 00:00 0 
7f964fdbc000-7f964fdc6000 r-xp 00000000 08:02 796593                     /usr/lib/x86_64-linux-gnu/libXrandr.so.2.2.0
7f964fdc6000-7f964ffc5000 ---p 0000a000 08:02 796593                     /usr/lib/x86_64-linux-gnu/libXrandr.so.2.2.0
7f964ffc5000-7f964ffc6000 r--p 00009000 08:02 796593                     /usr/lib/x86_64-linux-gnu/libXrandr.so.2.2.0
7f964ffc6000-7f964ffc7000 rw-p 0000a000 08:02 796593                     /usr/lib/x86_64-linux-gnu/libXrandr.so.2.2.0
7f964ffc7000-7f964ffcd000 r--p 00000000 08:02 793087                     /usr/lib/x86_64-linux-gnu/libpng16.so.16.36.0
7f964ffcd000-7f964fff2000 r-xp 00006000 08:02 793087                     /usr/lib/x86_64-linux-gnu/libpng16.so.16.36.0
7f964fff2000-7f964fffe000 r--p 0002b000 08:02 793087                     /usr/lib/x86_64-linux-gnu/libpng16.so.16.36.0
7f964fffe000-7f964ffff000 r--p 00036000 08:02 793087                     /usr/lib/x86_64-linux-gnu/libpng16.so.16.36.0
7f964ffff000-7f9650000000 rw-p 00037000 08:02 793087                     /usr/lib/x86_64-linux-gnu/libpng16.so.16.36.0
7f9650000000-7f9650021000 rw-p 00000000 00:00 0 
7f9650021000-7f9654000000 ---p 00000000 00:00 0 
7f9654000000-7f9654021000 rw-p 00000000 00:00 0 
7f9654021000-7f9658000000 ---p 00000000 00:00 0 
7f9658000000-7f9658708000 rw-p 00000000 00:00 0 
7f9658708000-7f965c000000 ---p 00000000 00:00 0 
7f965c000000-7f965c021000 rw-p 00000000 00:00 0 
7f965c021000-7f9660000000 ---p 00000000 00:00 0 
7f9660000000-7f9660021000 rw-p 00000000 00:00 0 
7f9660021000-7f9664000000 ---p 00000000 00:00 0 
7f9664000000-7f9664547000 rw-p 00000000 00:00 0 
7f9664547000-7f9668000000 ---p 00000000 00:00 0 
7f9668000000-7f9668021000 rw-p 00000000 00:00 0 
7f9668021000-7f966c000000 ---p 00000000 00:00 0 
7f966c000000-7f966c021000 rw-p 00000000 00:00 0 
7f966c021000-7f9670000000 ---p 00000000 00:00 0 
7f9670000000-7f9670021000 rw-p 00000000 00:00 0 
7f9670021000-7f9674000000 ---p 00000000 00:00 0 
7f9674000000-7f9674021000 rw-p 00000000 00:00 0 
7f9674021000-7f9678000000 ---p 00000000 00:00 0 
7f9678000000-7f9678021000 rw-p 00000000 00:00 0 
7f9678021000-7f967c000000 ---p 00000000 00:00 0 
7f967c000000-7f967c004000 r--p 00000000 08:02 1313752                    /usr/lib/x86_64-linux-gnu/gio/modules/libdconfsettings.so
7f967c004000-7f967c00b000 r-xp 00004000 08:02 1313752                    /usr/lib/x86_64-linux-gnu/gio/modules/libdconfsettings.so
7f967c00b000-7f967c00e000 r--p 0000b000 08:02 1313752                    /usr/lib/x86_64-linux-gnu/gio/modules/libdconfsettings.so
7f967c00e000-7f967c00f000 ---p 0000e000 08:02 1313752                    /usr/lib/x86_64-linux-gnu/gio/modules/libdconfsettings.so
7f967c00f000-7f967c010000 r--p 0000e000 08:02 1313752                    /usr/lib/x86_64-linux-gnu/gio/modules/libdconfsettings.so
7f967c010000-7f967c011000 rw-p 0000f000 08:02 1313752                    /usr/lib/x86_64-linux-gnu/gio/modules/libdconfsettings.so
7f967c011000-7f967c013000 r--p 00000000 08:02 786721                     /usr/lib/x86_64-linux-gnu/libuuid.so.1.3.0
7f967c013000-7f967c017000 r-xp 00002000 08:02 786721                     /usr/lib/x86_64-linux-gnu/libuuid.so.1.3.0
7f967c017000-7f967c018000 r--p 00006000 08:02 786721                     /usr/lib/x86_64-linux-gnu/libuuid.so.1.3.0
7f967c018000-7f967c019000 r--p 00006000 08:02 786721                     /usr/lib/x86_64-linux-gnu/libuuid.so.1.3.0
7f967c019000-7f967c01a000 rw-p 00007000 08:02 786721                     /usr/lib/x86_64-linux-gnu/libuuid.so.1.3.0
7f967c01a000-7f967c01e000 r--p 00000000 08:02 787130                     /usr/lib/x86_64-linux-gnu/libresolv-2.28.so
7f967c01e000-7f967c02b000 r-xp 00004000 08:02 787130                     /usr/lib/x86_64-linux-gnu/libresolv-2.28.so
7f967c02b000-7f967c02f000 r--p 00011000 08:02 787130                     /usr/lib/x86_64-linux-gnu/libresolv-2.28.so
7f967c02f000-7f967c030000 ---p 00015000 08:02 787130                     /usr/lib/x86_64-linux-gnu/libresolv-2.28.so
7f967c030000-7f967c031000 r--p 00015000 08:02 787130                     /usr/lib/x86_64-linux-gnu/libresolv-2.28.so
7f967c031000-7f967c032000 rw-p 00016000 08:02 787130                     /usr/lib/x86_64-linux-gnu/libresolv-2.28.so
7f967c032000-7f967c034000 rw-p 00000000 00:00 0 
7f967c034000-7f967c041000 r--p 00000000 08:02 790798                     /usr/lib/x86_64-linux-gnu/libfreetype.so.6.16.1
7f967c041000-7f967c0be000 r-xp 0000d000 08:02 790798                     /usr/lib/x86_64-linux-gnu/libfreetype.so.6.16.1
7f967c0be000-7f967c0e7000 r--p 0008a000 08:02 790798                     /usr/lib/x86_64-linux-gnu/libfreetype.so.6.16.1
7f967c0e7000-7f967c0e8000 ---p 000b3000 08:02 790798                     /usr/lib/x86_64-linux-gnu/libfreetype.so.6.16.1
7f967c0e8000-7f967c0ef000 r--p 000b3000 08:02 790798                     /usr/lib/x86_64-linux-gnu/libfreetype.so.6.16.1
7f967c0ef000-7f967c0f0000 rw-p 000ba000 08:02 790798                     /usr/lib/x86_64-linux-gnu/libfreetype.so.6.16.1
7f967c0f0000-7f967c0f4000 r--p 00000000 08:02 1050654                    /usr/lib/jvm/java-11-openjdk-amd64/lib/libfontmanager.so
7f967c0f4000-7f967c1e6000 r-xp 00004000 08:02 1050654                    /usr/lib/jvm/java-11-openjdk-amd64/lib/libfontmanager.so
7f967c1e6000-7f967c226000 r--p 000f6000 08:02 1050654                    /usr/lib/jvm/java-11-openjdk-amd64/lib/libfontmanager.so
7f967c226000-7f967c227000 r--p 00135000 08:02 1050654                    /usr/lib/jvm/java-11-openjdk-amd64/lib/libfontmanager.so
7f967c227000-7f967c228000 rw-p 00136000 08:02 1050654                    /usr/lib/jvm/java-11-openjdk-amd64/lib/libfontmanager.so
7f967c228000-7f967c22b000 rw-p 00000000 00:00 0 
7f967c22b000-7f967c24c000 r--p 00000000 08:02 792185                     /usr/share/locale/it/LC_MESSAGES/libc.mo
7f967c24c000-7f967c250000 r--p 00000000 08:02 791299                     /usr/lib/x86_64-linux-gnu/libbsd.so.0.9.1
7f967c250000-7f967c25f000 r-xp 00004000 08:02 791299                     /usr/lib/x86_64-linux-gnu/libbsd.so.0.9.1
7f967c25f000-7f967c262000 r--p 00013000 08:02 791299                     /usr/lib/x86_64-linux-gnu/libbsd.so.0.9.1
7f967c262000-7f967c263000 ---p 00016000 08:02 791299                     /usr/lib/x86_64-linux-gnu/libbsd.so.0.9.1
7f967c263000-7f967c264000 r--p 00016000 08:02 791299                     /usr/lib/x86_64-linux-gnu/libbsd.so.0.9.1
7f967c264000-7f967c265000 rw-p 00017000 08:02 791299                     /usr/lib/x86_64-linux-gnu/libbsd.so.0.9.1
7f967c265000-7f967c266000 rw-p 00000000 00:00 0 
7f967c266000-7f967c26b000 r-xp 00000000 08:02 793144                     /usr/lib/x86_64-linux-gnu/libXdmcp.so.6.0.0
7f967c26b000-7f967c46a000 ---p 00005000 08:02 793144                     /usr/lib/x86_64-linux-gnu/libXdmcp.so.6.0.0
7f967c46a000-7f967c46b000 r--p 00004000 08:02 793144                     /usr/lib/x86_64-linux-gnu/libXdmcp.so.6.0.0
7f967c46b000-7f967c46c000 rw-p 00005000 08:02 793144                     /usr/lib/x86_64-linux-gnu/libXdmcp.so.6.0.0
7f967c46c000-7f967c46e000 r-xp 00000000 08:02 793142                     /usr/lib/x86_64-linux-gnu/libXau.so.6.0.0
7f967c46e000-7f967c66e000 ---p 00002000 08:02 793142                     /usr/lib/x86_64-linux-gnu/libXau.so.6.0.0
7f967c66e000-7f967c66f000 r--p 00002000 08:02 793142                     /usr/lib/x86_64-linux-gnu/libXau.so.6.0.0
7f967c66f000-7f967c670000 rw-p 00003000 08:02 793142                     /usr/lib/x86_64-linux-gnu/libXau.so.6.0.0
7f967c670000-7f967c67c000 r--p 00000000 08:02 793146                     /usr/lib/x86_64-linux-gnu/libxcb.so.1.1.0
7f967c67c000-7f967c68f000 r-xp 0000c000 08:02 793146                     /usr/lib/x86_64-linux-gnu/libxcb.so.1.1.0
7f967c68f000-7f967c698000 r--p 0001f000 08:02 793146                     /usr/lib/x86_64-linux-gnu/libxcb.so.1.1.0
7f967c698000-7f967c699000 r--p 00027000 08:02 793146                     /usr/lib/x86_64-linux-gnu/libxcb.so.1.1.0
7f967c699000-7f967c69a000 rw-p 00028000 08:02 793146                     /usr/lib/x86_64-linux-gnu/libxcb.so.1.1.0
7f967c69a000-7f967c6a9000 r-xp 00000000 08:02 793270                     /usr/lib/x86_64-linux-gnu/libXi.so.6.1.0
7f967c6a9000-7f967c8a8000 ---p 0000f000 08:02 793270                     /usr/lib/x86_64-linux-gnu/libXi.so.6.1.0
7f967c8a8000-7f967c8a9000 r--p 0000e000 08:02 793270                     /usr/lib/x86_64-linux-gnu/libXi.so.6.1.0
7f967c8a9000-7f967c8aa000 rw-p 0000f000 08:02 793270                     /usr/lib/x86_64-linux-gnu/libXi.so.6.1.0
7f967c8aa000-7f967c8af000 r-xp 00000000 08:02 796147                     /usr/lib/x86_64-linux-gnu/libXtst.so.6.1.0
7f967c8af000-7f967caae000 ---p 00005000 08:02 796147                     /usr/lib/x86_64-linux-gnu/libXtst.so.6.1.0
7f967caae000-7f967caaf000 r--p 00004000 08:02 796147                     /usr/lib/x86_64-linux-gnu/libXtst.so.6.1.0
7f967caaf000-7f967cab0000 rw-p 00005000 08:02 796147                     /usr/lib/x86_64-linux-gnu/libXtst.so.6.1.0
7f967cab0000-7f967cab9000 r-xp 00000000 08:02 793276                     /usr/lib/x86_64-linux-gnu/libXrender.so.1.3.0
7f967cab9000-7f967ccb8000 ---p 00009000 08:02 793276                     /usr/lib/x86_64-linux-gnu/libXrender.so.1.3.0
7f967ccb8000-7f967ccb9000 r--p 00008000 08:02 793276                     /usr/lib/x86_64-linux-gnu/libXrender.so.1.3.0
7f967ccb9000-7f967ccba000 rw-p 00009000 08:02 793276                     /usr/lib/x86_64-linux-gnu/libXrender.so.1.3.0
7f967ccba000-7f967ccd6000 r--p 00000000 08:02 793166                     /usr/lib/x86_64-linux-gnu/libX11.so.6.3.0
7f967ccd6000-7f967cd60000 r-xp 0001c000 08:02 793166                     /usr/lib/x86_64-linux-gnu/libX11.so.6.3.0
7f967cd60000-7f967cdf4000 r--p 000a6000 08:02 793166                     /usr/lib/x86_64-linux-gnu/libX11.so.6.3.0
7f967cdf4000-7f967cdf5000 ---p 0013a000 08:02 793166                     /usr/lib/x86_64-linux-gnu/libX11.so.6.3.0
7f967cdf5000-7f967cdf6000 r--p 0013a000 08:02 793166                     /usr/lib/x86_64-linux-gnu/libX11.so.6.3.0
7f967cdf6000-7f967cdfb000 rw-p 0013b000 08:02 793166                     /usr/lib/x86_64-linux-gnu/libX11.so.6.3.0
7f967cdfb000-7f967ce0c000 r-xp 00000000 08:02 793169                     /usr/lib/x86_64-linux-gnu/libXext.so.6.4.0
7f967ce0c000-7f967d00b000 ---p 00011000 08:02 793169                     /usr/lib/x86_64-linux-gnu/libXext.so.6.4.0
7f967d00b000-7f967d00c000 r--p 00010000 08:02 793169                     /usr/lib/x86_64-linux-gnu/libXext.so.6.4.0
7f967d00c000-7f967d00d000 rw-p 00011000 08:02 793169                     /usr/lib/x86_64-linux-gnu/libXext.so.6.4.0
7f967d018000-7f967d027000 r--p 00000000 08:02 1311871                    /usr/share/glib-2.0/schemas/gschemas.compiled
7f967d027000-7f967d053000 r--p 00000000 08:02 1050645                    /usr/lib/jvm/java-11-openjdk-amd64/lib/libawt.so
7f967d053000-7f967d0ba000 r-xp 0002c000 08:02 1050645                    /usr/lib/jvm/java-11-openjdk-amd64/lib/libawt.so
7f967d0ba000-7f967d0c7000 r--p 00093000 08:02 1050645                    /usr/lib/jvm/java-11-openjdk-amd64/lib/libawt.so
7f967d0c7000-7f967d0c8000 r--p 0009f000 08:02 1050645                    /usr/lib/jvm/java-11-openjdk-amd64/lib/libawt.so
7f967d0c8000-7f967d0d3000 rw-p 000a0000 08:02 1050645                    /usr/lib/jvm/java-11-openjdk-amd64/lib/libawt.so
7f967d0d3000-7f967d0f8000 rw-p 00000000 00:00 0 
7f967d0f8000-7f967d0fc000 ---p 00000000 00:00 0 
7f967d0fc000-7f967d1f9000 rw-p 00000000 00:00 0 
7f967d1f9000-7f967d1fa000 ---p 00000000 00:00 0 
7f967d1fa000-7f967d2fb000 rw-p 00000000 00:00 0 
7f967d2fb000-7f967d2ff000 ---p 00000000 00:00 0 
7f967d2ff000-7f967d3fc000 rw-p 00000000 00:00 0 
7f967d3fc000-7f967d400000 ---p 00000000 00:00 0 
7f967d400000-7f967d4fd000 rw-p 00000000 00:00 0 
7f967d4fd000-7f967d501000 ---p 00000000 00:00 0 
7f967d501000-7f967d5fe000 rw-p 00000000 00:00 0 
7f967d5fe000-7f967d602000 ---p 00000000 00:00 0 
7f967d602000-7f967d6ff000 rw-p 00000000 00:00 0 
7f967d6ff000-7f967d703000 ---p 00000000 00:00 0 
7f967d703000-7f9680000000 rw-p 00000000 00:00 0 
7f9680000000-7f9680021000 rw-p 00000000 00:00 0 
7f9680021000-7f9684000000 ---p 00000000 00:00 0 
7f9684000000-7f9684021000 rw-p 00000000 00:00 0 
7f9684021000-7f9688000000 ---p 00000000 00:00 0 
7f9688000000-7f9688021000 rw-p 00000000 00:00 0 
7f9688021000-7f968c000000 ---p 00000000 00:00 0 
7f968c002000-7f968c004000 r--p 00000000 08:02 787520                     /usr/lib/x86_64-linux-gnu/libffi.so.6.0.4
7f968c004000-7f968c009000 r-xp 00002000 08:02 787520                     /usr/lib/x86_64-linux-gnu/libffi.so.6.0.4
7f968c009000-7f968c00a000 r--p 00007000 08:02 787520                     /usr/lib/x86_64-linux-gnu/libffi.so.6.0.4
7f968c00a000-7f968c00b000 r--p 00007000 08:02 787520                     /usr/lib/x86_64-linux-gnu/libffi.so.6.0.4
7f968c00b000-7f968c00c000 rw-p 00008000 08:02 787520                     /usr/lib/x86_64-linux-gnu/libffi.so.6.0.4
7f968c00c000-7f968c01c000 r--p 00000000 08:02 1050650                    /usr/lib/jvm/java-11-openjdk-amd64/lib/libawt_xawt.so
7f968c01c000-7f968c059000 r-xp 00010000 08:02 1050650                    /usr/lib/jvm/java-11-openjdk-amd64/lib/libawt_xawt.so
7f968c059000-7f968c06b000 r--p 0004d000 08:02 1050650                    /usr/lib/jvm/java-11-openjdk-amd64/lib/libawt_xawt.so
7f968c06b000-7f968c06c000 r--p 0005e000 08:02 1050650                    /usr/lib/jvm/java-11-openjdk-amd64/lib/libawt_xawt.so
7f968c06c000-7f968c06f000 rw-p 0005f000 08:02 1050650                    /usr/lib/jvm/java-11-openjdk-amd64/lib/libawt_xawt.so
7f968c06f000-7f968c0a2000 rw-p 00000000 00:00 0 
7f968c0a2000-7f968c387000 r--p 00000000 08:02 786879                     /usr/lib/locale/locale-archive
7f968c387000-7f968c38b000 ---p 00000000 00:00 0 
7f968c38b000-7f968c488000 rw-p 00000000 00:00 0 
7f968c488000-7f968c48c000 ---p 00000000 00:00 0 
7f968c48c000-7f968c589000 rw-p 00000000 00:00 0 
7f968c589000-7f968c58a000 ---p 00000000 00:00 0 
7f968c58a000-7f968c70c000 rw-p 00000000 00:00 0 
7f968c70c000-7f968c70d000 ---p 00000000 00:00 0 
7f968c70d000-7f968c80e000 rw-p 00000000 00:00 0 
7f968c80e000-7f968c80f000 ---p 00000000 00:00 0 
7f968c80f000-7f968c910000 rw-p 00000000 00:00 0 
7f968c910000-7f968cb80000 rwxp 00000000 00:00 0 
7f968cb80000-7f968cea0000 ---p 00000000 00:00 0 
7f968cea0000-7f968d280000 rwxp 00000000 00:00 0 
7f968d280000-7f96943d8000 ---p 00000000 00:00 0 
7f96943d8000-7f9694648000 rwxp 00000000 00:00 0 
7f9694648000-7f969b910000 ---p 00000000 00:00 0 
7f969c000000-7f969c021000 rw-p 00000000 00:00 0 
7f969c021000-7f96a0000000 ---p 00000000 00:00 0 
7f96a3eff000-7f96a3f03000 ---p 00000000 00:00 0 
7f96a3f03000-7f96a4000000 rw-p 00000000 00:00 0 
7f96a4000000-7f96a4493000 rw-p 00000000 00:00 0 
7f96a4493000-7f96a8000000 ---p 00000000 00:00 0 
7f96a8008000-7f96a8009000 r--p 00000000 08:02 790339                     /usr/lib/x86_64-linux-gnu/libgmodule-2.0.so.0.5800.3
7f96a8009000-7f96a800b000 r-xp 00001000 08:02 790339                     /usr/lib/x86_64-linux-gnu/libgmodule-2.0.so.0.5800.3
7f96a800b000-7f96a800c000 r--p 00003000 08:02 790339                     /usr/lib/x86_64-linux-gnu/libgmodule-2.0.so.0.5800.3
7f96a800c000-7f96a800d000 r--p 00003000 08:02 790339                     /usr/lib/x86_64-linux-gnu/libgmodule-2.0.so.0.5800.3
7f96a800d000-7f96a800e000 rw-p 00004000 08:02 790339                     /usr/lib/x86_64-linux-gnu/libgmodule-2.0.so.0.5800.3
7f96a800e000-7f96a8012000 r--p 00000000 08:02 1051068                    /usr/lib/jvm/java-11-openjdk-amd64/lib/libnet.so
7f96a8012000-7f96a8021000 r-xp 00004000 08:02 1051068                    /usr/lib/jvm/java-11-openjdk-amd64/lib/libnet.so
7f96a8021000-7f96a8025000 r--p 00013000 08:02 1051068                    /usr/lib/jvm/java-11-openjdk-amd64/lib/libnet.so
7f96a8025000-7f96a8026000 r--p 00016000 08:02 1051068                    /usr/lib/jvm/java-11-openjdk-amd64/lib/libnet.so
7f96a8026000-7f96a8027000 rw-p 00017000 08:02 1051068                    /usr/lib/jvm/java-11-openjdk-amd64/lib/libnet.so
7f96a8027000-7f96a802e000 r--p 00000000 08:02 1051069                    /usr/lib/jvm/java-11-openjdk-amd64/lib/libnio.so
7f96a802e000-7f96a8035000 r-xp 00007000 08:02 1051069                    /usr/lib/jvm/java-11-openjdk-amd64/lib/libnio.so
7f96a8035000-7f96a8038000 r--p 0000e000 08:02 1051069                    /usr/lib/jvm/java-11-openjdk-amd64/lib/libnio.so
7f96a8038000-7f96a8039000 r--p 00010000 08:02 1051069                    /usr/lib/jvm/java-11-openjdk-amd64/lib/libnio.so
7f96a8039000-7f96a803a000 rw-p 00011000 08:02 1051069                    /usr/lib/jvm/java-11-openjdk-amd64/lib/libnio.so
7f96a803a000-7f96a8503000 rw-p 00000000 00:00 0 
7f96a8503000-7f96a8504000 ---p 00000000 00:00 0 
7f96a8504000-7f96a8605000 rw-p 00000000 00:00 0 
7f96a8605000-7f96a8606000 ---p 00000000 00:00 0 
7f96a8606000-7f96a8817000 rw-p 00000000 00:00 0 
7f96a8817000-7f96a9617000 ---p 00000000 00:00 0 
7f96a9617000-7f96a970f000 rw-p 00000000 00:00 0 
7f96a970f000-7f96aa50f000 ---p 00000000 00:00 0 
7f96aa50f000-7f96aa535000 rw-p 00000000 00:00 0 
7f96aa535000-7f96aa6f5000 ---p 00000000 00:00 0 
7f96aa6f5000-7f96aa714000 rw-p 00000000 00:00 0 
7f96aa714000-7f96aa8d4000 ---p 00000000 00:00 0 
7f96aa8d4000-7f96aa8f3000 rw-p 00000000 00:00 0 
7f96aa8f3000-7f96aaab3000 ---p 00000000 00:00 0 
7f96aaab3000-7f96aaeb8000 rw-p 00000000 00:00 0 
7f96aaeb8000-7f96aaeb9000 ---p 00000000 00:00 0 
7f96aaeb9000-7f96aafbf000 rw-p 00000000 00:00 0 
7f96aafbf000-7f96ab0a5000 ---p 00000000 00:00 0 
7f96ab0a5000-7f96ab0ad000 rw-p 00000000 00:00 0 
7f96ab0ad000-7f96ab190000 ---p 00000000 00:00 0 
7f96ab190000-7f96ab195000 rw-p 00000000 00:00 0 
7f96ab195000-7f96ab19c000 ---p 00000000 00:00 0 
7f96ab19c000-7f96ab19e000 r--p 00000000 08:02 1051055                    /usr/lib/jvm/java-11-openjdk-amd64/lib/libjimage.so
7f96ab19e000-7f96ab1a1000 r-xp 00002000 08:02 1051055                    /usr/lib/jvm/java-11-openjdk-amd64/lib/libjimage.so
7f96ab1a1000-7f96ab1a3000 r--p 00005000 08:02 1051055                    /usr/lib/jvm/java-11-openjdk-amd64/lib/libjimage.so
7f96ab1a3000-7f96ab1a4000 r--p 00006000 08:02 1051055                    /usr/lib/jvm/java-11-openjdk-amd64/lib/libjimage.so
7f96ab1a4000-7f96ab1a5000 rw-p 00007000 08:02 1051055                    /usr/lib/jvm/java-11-openjdk-amd64/lib/libjimage.so
7f96ab1a5000-7f96ab1a8000 r--p 00000000 08:02 787123                     /usr/lib/x86_64-linux-gnu/libnss_files-2.28.so
7f96ab1a8000-7f96ab1af000 r-xp 00003000 08:02 787123                     /usr/lib/x86_64-linux-gnu/libnss_files-2.28.so
7f96ab1af000-7f96ab1b1000 r--p 0000a000 08:02 787123                     /usr/lib/x86_64-linux-gnu/libnss_files-2.28.so
7f96ab1b1000-7f96ab1b2000 ---p 0000c000 08:02 787123                     /usr/lib/x86_64-linux-gnu/libnss_files-2.28.so
7f96ab1b2000-7f96ab1b3000 r--p 0000c000 08:02 787123                     /usr/lib/x86_64-linux-gnu/libnss_files-2.28.so
7f96ab1b3000-7f96ab1b4000 rw-p 0000d000 08:02 787123                     /usr/lib/x86_64-linux-gnu/libnss_files-2.28.so
7f96ab1b4000-7f96ab1ba000 rw-p 00000000 00:00 0 
7f96ab1bb000-7f96ab1c2000 r--s 00000000 08:02 789458                     /usr/lib/x86_64-linux-gnu/gconv/gconv-modules.cache
7f96ab1c2000-7f96ab1c4000 r--p 00000000 08:02 1051080                    /usr/lib/jvm/java-11-openjdk-amd64/lib/libzip.so
7f96ab1c4000-7f96ab1c8000 r-xp 00002000 08:02 1051080                    /usr/lib/jvm/java-11-openjdk-amd64/lib/libzip.so
7f96ab1c8000-7f96ab1ca000 r--p 00006000 08:02 1051080                    /usr/lib/jvm/java-11-openjdk-amd64/lib/libzip.so
7f96ab1ca000-7f96ab1cb000 r--p 00007000 08:02 1051080                    /usr/lib/jvm/java-11-openjdk-amd64/lib/libzip.so
7f96ab1cb000-7f96ab1cc000 rw-p 00008000 08:02 1051080                    /usr/lib/jvm/java-11-openjdk-amd64/lib/libzip.so
7f96ab1cc000-7f96ab1d4000 rw-s 00000000 08:02 6422560                    /tmp/hsperfdata_gambero/2919
7f96ab1d4000-7f96ab1e1000 r--p 00000000 08:02 1050802                    /usr/lib/jvm/java-11-openjdk-amd64/lib/libjava.so
7f96ab1e1000-7f96ab1f6000 r-xp 0000d000 08:02 1050802                    /usr/lib/jvm/java-11-openjdk-amd64/lib/libjava.so
7f96ab1f6000-7f96ab1fd000 r--p 00022000 08:02 1050802                    /usr/lib/jvm/java-11-openjdk-amd64/lib/libjava.so
7f96ab1fd000-7f96ab1fe000 r--p 00028000 08:02 1050802                    /usr/lib/jvm/java-11-openjdk-amd64/lib/libjava.so
7f96ab1fe000-7f96ab200000 rw-p 00029000 08:02 1050802                    /usr/lib/jvm/java-11-openjdk-amd64/lib/libjava.so
7f96ab200000-7f96ab202000 r--p 00000000 08:02 787131                     /usr/lib/x86_64-linux-gnu/librt-2.28.so
7f96ab202000-7f96ab206000 r-xp 00002000 08:02 787131                     /usr/lib/x86_64-linux-gnu/librt-2.28.so
7f96ab206000-7f96ab208000 r--p 00006000 08:02 787131                     /usr/lib/x86_64-linux-gnu/librt-2.28.so
7f96ab208000-7f96ab209000 r--p 00007000 08:02 787131                     /usr/lib/x86_64-linux-gnu/librt-2.28.so
7f96ab209000-7f96ab20a000 rw-p 00008000 08:02 787131                     /usr/lib/x86_64-linux-gnu/librt-2.28.so
7f96ab20a000-7f96ab20e000 ---p 00000000 00:00 0 
7f96ab20e000-7f96ab30b000 rw-p 00000000 00:00 0 
7f96ab30b000-7f96ab30e000 r--p 00000000 08:02 786446                     /usr/lib/x86_64-linux-gnu/libgcc_s.so.1
7f96ab30e000-7f96ab31f000 r-xp 00003000 08:02 786446                     /usr/lib/x86_64-linux-gnu/libgcc_s.so.1
7f96ab31f000-7f96ab322000 r--p 00014000 08:02 786446                     /usr/lib/x86_64-linux-gnu/libgcc_s.so.1
7f96ab322000-7f96ab323000 ---p 00017000 08:02 786446                     /usr/lib/x86_64-linux-gnu/libgcc_s.so.1
7f96ab323000-7f96ab324000 r--p 00017000 08:02 786446                     /usr/lib/x86_64-linux-gnu/libgcc_s.so.1
7f96ab324000-7f96ab325000 rw-p 00018000 08:02 786446                     /usr/lib/x86_64-linux-gnu/libgcc_s.so.1
7f96ab325000-7f96ab332000 r--p 00000000 08:02 787114                     /usr/lib/x86_64-linux-gnu/libm-2.28.so
7f96ab332000-7f96ab3d1000 r-xp 0000d000 08:02 787114                     /usr/lib/x86_64-linux-gnu/libm-2.28.so
7f96ab3d1000-7f96ab4a6000 r--p 000ac000 08:02 787114                     /usr/lib/x86_64-linux-gnu/libm-2.28.so
7f96ab4a6000-7f96ab4a7000 r--p 00180000 08:02 787114                     /usr/lib/x86_64-linux-gnu/libm-2.28.so
7f96ab4a7000-7f96ab4a8000 rw-p 00181000 08:02 787114                     /usr/lib/x86_64-linux-gnu/libm-2.28.so
7f96ab4a8000-7f96ab531000 r--p 00000000 08:02 786705                     /usr/lib/x86_64-linux-gnu/libstdc++.so.6.0.25
7f96ab531000-7f96ab5dd000 r-xp 00089000 08:02 786705                     /usr/lib/x86_64-linux-gnu/libstdc++.so.6.0.25
7f96ab5dd000-7f96ab61b000 r--p 00135000 08:02 786705                     /usr/lib/x86_64-linux-gnu/libstdc++.so.6.0.25
7f96ab61b000-7f96ab61c000 ---p 00173000 08:02 786705                     /usr/lib/x86_64-linux-gnu/libstdc++.so.6.0.25
7f96ab61c000-7f96ab626000 r--p 00173000 08:02 786705                     /usr/lib/x86_64-linux-gnu/libstdc++.so.6.0.25
7f96ab626000-7f96ab628000 rw-p 0017d000 08:02 786705                     /usr/lib/x86_64-linux-gnu/libstdc++.so.6.0.25
7f96ab628000-7f96ab62c000 rw-p 00000000 00:00 0 
7f96ab62c000-7f96ab899000 r--p 00000000 08:02 1579002                    /usr/lib/jvm/java-11-openjdk-amd64/lib/server/libjvm.so
7f96ab899000-7f96ac3c5000 r-xp 0026d000 08:02 1579002                    /usr/lib/jvm/java-11-openjdk-amd64/lib/server/libjvm.so
7f96ac3c5000-7f96ac5fd000 r--p 00d99000 08:02 1579002                    /usr/lib/jvm/java-11-openjdk-amd64/lib/server/libjvm.so
7f96ac5fd000-7f96ac6ba000 r--p 00fd0000 08:02 1579002                    /usr/lib/jvm/java-11-openjdk-amd64/lib/server/libjvm.so
7f96ac6ba000-7f96ac6f4000 rw-p 0108d000 08:02 1579002                    /usr/lib/jvm/java-11-openjdk-amd64/lib/server/libjvm.so
7f96ac6f4000-7f96ac74c000 rw-p 00000000 00:00 0 
7f96ac74c000-7f96ac76e000 r--p 00000000 08:02 787111                     /usr/lib/x86_64-linux-gnu/libc-2.28.so
7f96ac76e000-7f96ac8b6000 r-xp 00022000 08:02 787111                     /usr/lib/x86_64-linux-gnu/libc-2.28.so
7f96ac8b6000-7f96ac902000 r--p 0016a000 08:02 787111                     /usr/lib/x86_64-linux-gnu/libc-2.28.so
7f96ac902000-7f96ac903000 ---p 001b6000 08:02 787111                     /usr/lib/x86_64-linux-gnu/libc-2.28.so
7f96ac903000-7f96ac907000 r--p 001b6000 08:02 787111                     /usr/lib/x86_64-linux-gnu/libc-2.28.so
7f96ac907000-7f96ac909000 rw-p 001ba000 08:02 787111                     /usr/lib/x86_64-linux-gnu/libc-2.28.so
7f96ac909000-7f96ac90d000 rw-p 00000000 00:00 0 
7f96ac90d000-7f96ac90e000 r--p 00000000 08:02 787113                     /usr/lib/x86_64-linux-gnu/libdl-2.28.so
7f96ac90e000-7f96ac90f000 r-xp 00001000 08:02 787113                     /usr/lib/x86_64-linux-gnu/libdl-2.28.so
7f96ac90f000-7f96ac910000 r--p 00002000 08:02 787113                     /usr/lib/x86_64-linux-gnu/libdl-2.28.so
7f96ac910000-7f96ac911000 r--p 00002000 08:02 787113                     /usr/lib/x86_64-linux-gnu/libdl-2.28.so
7f96ac911000-7f96ac912000 rw-p 00003000 08:02 787113                     /usr/lib/x86_64-linux-gnu/libdl-2.28.so
7f96ac912000-7f96ac915000 r--p 00000000 08:02 1578979                    /usr/lib/jvm/java-11-openjdk-amd64/lib/jli/libjli.so
7f96ac915000-7f96ac91f000 r-xp 00003000 08:02 1578979                    /usr/lib/jvm/java-11-openjdk-amd64/lib/jli/libjli.so
7f96ac91f000-7f96ac922000 r--p 0000d000 08:02 1578979                    /usr/lib/jvm/java-11-openjdk-amd64/lib/jli/libjli.so
7f96ac922000-7f96ac923000 r--p 0000f000 08:02 1578979                    /usr/lib/jvm/java-11-openjdk-amd64/lib/jli/libjli.so
7f96ac923000-7f96ac924000 rw-p 00010000 08:02 1578979                    /usr/lib/jvm/java-11-openjdk-amd64/lib/jli/libjli.so
7f96ac924000-7f96ac92a000 r--p 00000000 08:02 787129                     /usr/lib/x86_64-linux-gnu/libpthread-2.28.so
7f96ac92a000-7f96ac939000 r-xp 00006000 08:02 787129                     /usr/lib/x86_64-linux-gnu/libpthread-2.28.so
7f96ac939000-7f96ac93f000 r--p 00015000 08:02 787129                     /usr/lib/x86_64-linux-gnu/libpthread-2.28.so
7f96ac93f000-7f96ac940000 r--p 0001a000 08:02 787129                     /usr/lib/x86_64-linux-gnu/libpthread-2.28.so
7f96ac940000-7f96ac941000 rw-p 0001b000 08:02 787129                     /usr/lib/x86_64-linux-gnu/libpthread-2.28.so
7f96ac941000-7f96ac945000 rw-p 00000000 00:00 0 
7f96ac945000-7f96ac961000 r-xp 00000000 08:02 788687                     /usr/lib/x86_64-linux-gnu/libz.so.1.2.11
7f96ac961000-7f96acb61000 ---p 0001c000 08:02 788687                     /usr/lib/x86_64-linux-gnu/libz.so.1.2.11
7f96acb61000-7f96acb62000 r--p 0001c000 08:02 788687                     /usr/lib/x86_64-linux-gnu/libz.so.1.2.11
7f96acb62000-7f96acb63000 rw-p 0001d000 08:02 788687                     /usr/lib/x86_64-linux-gnu/libz.so.1.2.11
7f96acb63000-7f96acb65000 rw-p 00000000 00:00 0 
7f96acb68000-7f96acb69000 r--p 00000000 08:02 6840480                    /home/gambero/.config/dconf/user
7f96acb69000-7f96acb6a000 r--s 00000000 00:30 29150                      /run/user/1000/dconf/user
7f96acb6a000-7f96acb6c000 r--s 00007000 08:02 1446998                    /usr/share/java/java-atk-wrapper.jar
7f96acb6c000-7f96acb6d000 ---p 00000000 00:00 0 
7f96acb6d000-7f96acb6e000 r--p 00000000 00:00 0 
7f96acb6e000-7f96acb73000 r--p 00000000 08:02 1051079                    /usr/lib/jvm/java-11-openjdk-amd64/lib/libverify.so
7f96acb73000-7f96acb7a000 r-xp 00005000 08:02 1051079                    /usr/lib/jvm/java-11-openjdk-amd64/lib/libverify.so
7f96acb7a000-7f96acb7c000 r--p 0000c000 08:02 1051079                    /usr/lib/jvm/java-11-openjdk-amd64/lib/libverify.so
7f96acb7c000-7f96acb7e000 r--p 0000d000 08:02 1051079                    /usr/lib/jvm/java-11-openjdk-amd64/lib/libverify.so
7f96acb7e000-7f96acb7f000 rw-p 0000f000 08:02 1051079                    /usr/lib/jvm/java-11-openjdk-amd64/lib/libverify.so
7f96acb7f000-7f96acb80000 r--p 00000000 08:02 786448                     /usr/lib/x86_64-linux-gnu/ld-2.28.so
7f96acb80000-7f96acb9e000 r-xp 00001000 08:02 786448                     /usr/lib/x86_64-linux-gnu/ld-2.28.so
7f96acb9e000-7f96acba6000 r--p 0001f000 08:02 786448                     /usr/lib/x86_64-linux-gnu/ld-2.28.so
7f96acba6000-7f96acba7000 r--p 00026000 08:02 786448                     /usr/lib/x86_64-linux-gnu/ld-2.28.so
7f96acba7000-7f96acba8000 rw-p 00027000 08:02 786448                     /usr/lib/x86_64-linux-gnu/ld-2.28.so
7f96acba8000-7f96acba9000 rw-p 00000000 00:00 0 
7ffc96470000-7ffc96491000 rw-p 00000000 00:00 0                          [stack]
7ffc965e0000-7ffc965e3000 r--p 00000000 00:00 0                          [vvar]
7ffc965e3000-7ffc965e5000 r-xp 00000000 00:00 0                          [vdso]


VM Arguments:
jvm_args: -Dfile.encoding=UTF-8 
java_command: main
java_class_path (initial): /home/gambero/eclipse-workspace/FileSplitter/bin
Launcher Type: SUN_STANDARD

[Global flags]
     intx CICompilerCount                          = 3                                         {product} {ergonomic}
     uint ConcGCThreads                            = 1                                         {product} {ergonomic}
     uint G1ConcRefinementThreads                  = 4                                         {product} {ergonomic}
   size_t G1HeapRegionSize                         = 1048576                                   {product} {ergonomic}
    uintx GCDrainStackTargetSize                   = 64                                        {product} {ergonomic}
   size_t InitialHeapSize                          = 62914560                                  {product} {ergonomic}
   size_t MarkStackSize                            = 4194304                                   {product} {ergonomic}
   size_t MaxHeapSize                              = 1004535808                                {product} {ergonomic}
   size_t MaxNewSize                               = 601882624                                 {product} {ergonomic}
   size_t MinHeapDeltaBytes                        = 1048576                                   {product} {ergonomic}
    uintx NonNMethodCodeHeapSize                   = 5830732                                {pd product} {ergonomic}
    uintx NonProfiledCodeHeapSize                  = 122913754                              {pd product} {ergonomic}
    uintx ProfiledCodeHeapSize                     = 122913754                              {pd product} {ergonomic}
    uintx ReservedCodeCacheSize                    = 251658240                              {pd product} {ergonomic}
     bool SegmentedCodeCache                       = true                                      {product} {ergonomic}
     bool UseCompressedClassPointers               = true                                 {lp64_product} {ergonomic}
     bool UseCompressedOops                        = true                                 {lp64_product} {ergonomic}
     bool UseG1GC                                  = true                                      {product} {ergonomic}

Logging:
Log output configuration:
 #0: stdout all=warning uptime,level,tags
 #1: stderr all=off uptime,level,tags

Environment Variables:
PATH=/usr/local/bin:/usr/bin:/bin:/usr/local/games:/usr/games:/snap/bin
SHELL=/bin/bash
DISPLAY=:0

Signal Handlers:
SIGSEGV: [libjvm.so+0xd26680], sa_mask[0]=11111111011111111101111111111110, sa_flags=SA_RESTART|SA_SIGINFO
SIGBUS: [libjvm.so+0xd26680], sa_mask[0]=11111111011111111101111111111110, sa_flags=SA_RESTART|SA_SIGINFO
SIGFPE: [libjvm.so+0xd26680], sa_mask[0]=11111111011111111101111111111110, sa_flags=SA_RESTART|SA_SIGINFO
SIGPIPE: SIG_IGN, sa_mask[0]=00000000000010000000000000000000, sa_flags=SA_RESTART
SIGXFSZ: [libjvm.so+0xb2c8b0], sa_mask[0]=11111111011111111101111111111110, sa_flags=SA_RESTART|SA_SIGINFO
SIGILL: [libjvm.so+0xd26680], sa_mask[0]=11111111011111111101111111111110, sa_flags=SA_RESTART|SA_SIGINFO
SIGUSR2: [libjvm.so+0xb2c740], sa_mask[0]=00100000000000000000000000000000, sa_flags=SA_RESTART|SA_SIGINFO
SIGHUP: [libjvm.so+0xb2cbf0], sa_mask[0]=11111111011111111101111111111110, sa_flags=SA_RESTART|SA_SIGINFO
SIGINT: [libjvm.so+0xb2cbf0], sa_mask[0]=11111111011111111101111111111110, sa_flags=SA_RESTART|SA_SIGINFO
SIGTERM: [libjvm.so+0xb2cbf0], sa_mask[0]=11111111011111111101111111111110, sa_flags=SA_RESTART|SA_SIGINFO
SIGQUIT: [libjvm.so+0xb2cbf0], sa_mask[0]=11111111011111111101111111111110, sa_flags=SA_RESTART|SA_SIGINFO


---------------  S Y S T E M  ---------------

OS:PRETTY_NAME="Debian GNU/Linux 10 (buster)"
NAME="Debian GNU/Linux"
VERSION_ID="10"
VERSION="10 (buster)"
VERSION_CODENAME=buster
ID=debian
HOME_URL="https://www.debian.org/"
SUPPORT_URL="https://www.debian.org/support"
BUG_REPORT_URL="https://bugs.debian.org/"
uname:Linux 4.19.0-6-amd64 #1 SMP Debian 4.19.67-2+deb10u2 (2019-11-11) x86_64
libc:glibc 2.28 NPTL 2.28 
rlimit: STACK 8192k, CORE 0k, NPROC 14839, NOFILE 1048576, AS infinity, DATA infinity, FSIZE infinity
load average:0,20 0,41 0,31

/proc/meminfo:
MemTotal:        3916820 kB
MemFree:         1512756 kB
MemAvailable:    1653008 kB
Buffers:           27556 kB
Cached:           335408 kB
SwapCached:        34068 kB
Active:          1640180 kB
Inactive:         531220 kB
Active(anon):    1429984 kB
Inactive(anon):   419944 kB
Active(file):     210196 kB
Inactive(file):   111276 kB
Unevictable:          96 kB
Mlocked:              96 kB
SwapTotal:       4071420 kB
SwapFree:        3522044 kB
Dirty:               772 kB
Writeback:             0 kB
AnonPages:       1793568 kB
Mapped:            70216 kB
Shmem:             41228 kB
Slab:             122652 kB
SReclaimable:      44476 kB
SUnreclaim:        78176 kB
KernelStack:       19228 kB
PageTables:        20596 kB
NFS_Unstable:          0 kB
Bounce:                0 kB
WritebackTmp:          0 kB
CommitLimit:     6029828 kB
Committed_AS:    6913736 kB
VmallocTotal:   34359738367 kB
VmallocUsed:           0 kB
VmallocChunk:          0 kB
Percpu:             7168 kB
HardwareCorrupted:     0 kB
AnonHugePages:    440320 kB
ShmemHugePages:        0 kB
ShmemPmdMapped:        0 kB
HugePages_Total:       0
HugePages_Free:        0
HugePages_Rsvd:        0
HugePages_Surp:        0
Hugepagesize:       2048 kB
Hugetlb:               0 kB
DirectMap4k:      169024 kB
DirectMap2M:     3903488 kB


/proc/sys/kernel/threads-max (system-wide limit on the number of threads):
29678


/proc/sys/vm/max_map_count (maximum number of memory map areas a process may have):
65530


/proc/sys/kernel/pid_max (system-wide limit on number of process identifiers):
32768



container (cgroup) information:
container_type: cgroupv1
cpu_cpuset_cpus: 0-3
cpu_memory_nodes: 0
active_processor_count: 4
cpu_quota: -1
cpu_period: 100000
cpu_shares: -1
memory_limit_in_bytes: -1
memory_and_swap_limit_in_bytes: -2
memory_soft_limit_in_bytes: -1
memory_usage_in_bytes: 2089934848
memory_max_usage_in_bytes: 3602219008

Steal ticks since vm start: 0
Steal ticks percentage since vm start:  0,000

CPU:total 4 (initial active 4) (2 cores per cpu, 2 threads per core) family 6 model 42 stepping 7, cmov, cx8, fxsr, mmx, sse, sse2, sse3, ssse3, sse4.1, sse4.2, popcnt, avx, aes, clmul, ht, tsc, tscinvbit
CPU Model and flags from /proc/cpuinfo:
model name	: Intel(R) Core(TM) i5-2540M CPU @ 2.60GHz
flags		: fpu vme de pse tsc msr pae mce cx8 apic sep mtrr pge mca cmov pat pse36 clflush dts acpi mmx fxsr sse sse2 ss ht tm pbe syscall nx rdtscp lm constant_tsc arch_perfmon pebs bts rep_good nopl xtopology nonstop_tsc cpuid aperfmperf pni pclmulqdq dtes64 monitor ds_cpl vmx smx est tm2 ssse3 cx16 xtpr pdcm pcid sse4_1 sse4_2 x2apic popcnt tsc_deadline_timer aes xsave avx lahf_lm epb pti ssbd ibrs ibpb stibp tpr_shadow vnmi flexpriority ept vpid xsaveopt dtherm ida arat pln pts md_clear flush_l1d

Memory: 4k page, physical 3916820k(1513188k free), swap 4071420k(3522044k free)

vm_info: OpenJDK 64-Bit Server VM (11.0.6+10-post-Debian-1deb10u1) for linux-amd64 JRE (11.0.6+10-post-Debian-1deb10u1), built on Jan 17 2020 00:09:03 by "unknown" with gcc 8.3.0

END.
