#
# A fatal error has been detected by the Java Runtime Environment:
#
#  SIGSEGV (0xb) at pc=0x00007fd199048ea1, pid=2780, tid=9692
#
# JRE version: OpenJDK Runtime Environment (11.0.6+10) (build 11.0.6+10-post-Debian-1deb10u1)
# Java VM: OpenJDK 64-Bit Server VM (11.0.6+10-post-Debian-1deb10u1, mixed mode, sharing, tiered, compressed oops, g1 gc, linux-amd64)
# Problematic frame:
# C  [libjimage.so+0x2ea1]
#
# No core dump will be written. Core dumps have been disabled. To enable core dumping, try "ulimit -c unlimited" before starting Java again
#
# If you would like to submit a bug report, please visit:
#   https://bugs.debian.org/openjdk-11
#

---------------  S U M M A R Y ------------

Command Line: -Dfile.encoding=UTF-8 main

Host: Intel(R) Core(TM) i5-2540M CPU @ 2.60GHz, 4 cores, 3G, Debian GNU/Linux 10 (buster)
Time: Sat Aug 22 04:15:59 2020 CEST elapsed time: 39861 seconds (0d 11h 4m 21s)

---------------  T H R E A D  ---------------

Current thread (0x00007fd1180d5800):  JavaThread "XToolkt-Shutdown-Thread" [_thread_in_vm, id=9692, stack(0x00007fd1331fb000,0x00007fd1332fc000)]

Stack: [0x00007fd1331fb000,0x00007fd1332fc000],  sp=0x00007fd1332f8fc0,  free space=1015k
Native frames: (J=compiled Java code, A=aot compiled Java code, j=interpreted, Vv=VM code, C=native code)
C  [libjimage.so+0x2ea1]
C  [libjimage.so+0x3b1a]
C  [libjimage.so+0x3fe5]  JIMAGE_FindResource+0xd5
V  [libjvm.so+0x567def]
V  [libjvm.so+0x56a08b]
V  [libjvm.so+0xc8e62c]
V  [libjvm.so+0xc8d262]
V  [libjvm.so+0xc8f766]
V  [libjvm.so+0x60eacd]
V  [libjvm.so+0x60ef32]
V  [libjvm.so+0x9bb4d6]
V  [libjvm.so+0x9c1f6d]
V  [libjvm.so+0x7f22b6]
V  [libjvm.so+0x7f28ed]
j  sun.awt.X11.XToolkit.lambda$init$0()V+0 java.desktop@11.0.6
j  sun.awt.X11.XToolkit$$Lambda$10.run()V+4 java.desktop@11.0.6
j  java.lang.Thread.run()V+11 java.base@11.0.6
v  ~StubRoutines::call_stub
V  [libjvm.so+0x7f8991]
V  [libjvm.so+0x7f6e30]
V  [libjvm.so+0x7f6eeb]
V  [libjvm.so+0x8959dc]
V  [libjvm.so+0xcc48e4]
V  [libjvm.so+0xcc4be0]
V  [libjvm.so+0xcc0894]
V  [libjvm.so+0xb3511e]

Java frames: (J=compiled Java code, j=interpreted, Vv=VM code)
j  sun.awt.X11.XToolkit.lambda$init$0()V+0 java.desktop@11.0.6
j  sun.awt.X11.XToolkit$$Lambda$10.run()V+4 java.desktop@11.0.6
j  java.lang.Thread.run()V+11 java.base@11.0.6
v  ~StubRoutines::call_stub

siginfo: si_signo: 11 (SIGSEGV), si_code: 1 (SEGV_MAPERR), si_addr: 0x00007fd18b926f28

Register to memory mapping:

RAX=0x0000000000005bc3 is an unknown value
RBX=0x00007fd1332f9071 is pointing into the stack for thread: 0x00007fd1180d5800
RCX=0x00007fd18b91001c is an unknown value
RDX=0x0000000000005bc3 is an unknown value
RSP=0x00007fd1332f8fc0 is pointing into the stack for thread: 0x00007fd1180d5800
RBP=0x00007fd1332f8fe0 is pointing into the stack for thread: 0x00007fd1180d5800
RSI=0x00007fd1332f9070 is pointing into the stack for thread: 0x00007fd1180d5800
RDI=0x00007fd19904e130: <offset 0x0000000000008130> in /usr/lib/jvm/java-11-openjdk-amd64/lib/libjimage.so at 0x00007fd199046000
R8 =0x0 is NULL
R9 =
[error occurred during error reporting (printing register info), id 0xb, SIGSEGV (0xb) at pc=0x00007fd199bbebe7]

Registers:
RAX=0x0000000000005bc3, RBX=0x00007fd1332f9071, RCX=0x00007fd18b91001c, RDX=0x0000000000005bc3
RSP=0x00007fd1332f8fc0, RBP=0x00007fd1332f8fe0, RSI=0x00007fd1332f9070, RDI=0x00007fd19904e130
R8 =0x0000000000000000, R9 =0x00000000ca0d71f0, R10=0x00007fd1332f9094, R11=0x00007fd19a772b60
R12=0x00007fd1332f9070, R13=0x00000000000083a0, R14=0x00007fd1332fa108, R15=0x00007fd1440751a0
RIP=0x00007fd199048ea1, EFLAGS=0x0000000000010246, CSGSFS=0x002b000000000033, ERR=0x0000000000000004
  TRAPNO=0x000000000000000e

Top of Stack: (sp=0x00007fd1332f8fc0)
0x00007fd1332f8fc0:   0000000000000000 00007fd194020ae0
0x00007fd1332f8fd0:   0000000000000000 00007fd1332f9070
0x00007fd1332f8fe0:   00007fd1332f9050 00007fd199049b1a
0x00007fd1332f8ff0:   0000000000000000 0000000000000000 

Instructions: (pc=0x00007fd199048ea1)
0x00007fd199048da1:   48 89 df 48 89 4d 88 e8 83 f3 ff ff 48 8b 4d 88
0x00007fd199048db1:   44 03 6d 90 e9 42 fd ff ff 66 0f 1f 44 00 00 8b
0x00007fd199048dc1:   08 41 89 0e 44 89 c1 8b 74 08 fc 41 89 74 0e fc
0x00007fd199048dd1:   e9 d8 fe ff ff 66 2e 0f 1f 84 00 00 00 00 00 b9
0x00007fd199048de1:   0a 00 00 00 e9 95 fd ff ff 44 89 c1 0f b7 74 08
0x00007fd199048df1:   fe 66 41 89 74 0e fe e9 b1 fe ff ff 0f 1f 00 0f
0x00007fd199048e01:   b6 17 89 f1 4c 8d 47 01 84 d2 74 1a 0f 1f 00 69
0x00007fd199048e11:   c9 93 01 00 01 49 83 c0 01 31 d1 41 0f b6 50 ff
0x00007fd199048e21:   84 d2 75 eb 89 ce 89 f0 25 ff ff ff 7f c3 90 48
0x00007fd199048e31:   85 d2 0f 84 e1 00 00 00 85 c9 0f 84 d9 00 00 00
0x00007fd199048e41:   55 48 89 e5 41 55 41 54 53 48 8d 5e 01 48 83 ec
0x00007fd199048e51:   08 44 0f b6 06 45 84 c0 0f 84 b1 00 00 00 49 89
0x00007fd199048e61:   da b8 93 01 00 01 66 0f 1f 84 00 00 00 00 00 44
0x00007fd199048e71:   69 c8 93 01 00 01 49 83 c2 01 41 0f b6 c0 45 0f
0x00007fd199048e81:   b6 42 ff 44 31 c8 45 84 c0 75 e4 25 ff ff ff 7f
0x00007fd199048e91:   41 89 cd 48 89 d1 31 d2 49 89 f4 41 f7 f5 89 d0
0x00007fd199048ea1:   8b 34 81 48 8b 07 ff 50 20 85 c0 7f 22 ba ff ff
0x00007fd199048eb1:   ff ff 74 04 f7 d0 89 c2 48 83 c4 08 89 d0 5b 41
0x00007fd199048ec1:   5c 41 5d 5d c3 66 2e 0f 1f 84 00 00 00 00 00 41
0x00007fd199048ed1:   0f b6 34 24 89 c7 40 84 f6 74 1b 0f 1f 40 00 69
0x00007fd199048ee1:   ff 93 01 00 01 48 83 c3 01 31 f7 0f b6 73 ff 40
0x00007fd199048ef1:   84 f6 75 eb 89 f8 25 ff ff ff 7f 31 d2 48 83 c4
0x00007fd199048f01:   08 41 f7 f5 5b 41 5c 41 5d 5d 89 d0 c3 66 90 b8
0x00007fd199048f11:   93 01 00 01 e9 77 ff ff ff 83 ca ff 89 d0 c3 0f
0x00007fd199048f21:   b6 17 48 89 f8 84 d2 75 19 eb 1e 0f 1f 40 00 38
0x00007fd199048f31:   ca 75 1c 48 83 c0 01 0f b6 10 48 83 c6 01 84 d2
0x00007fd199048f41:   74 15 0f b6 0e 84 c9 75 e6 c3 0f 1f 44 00 00 31
0x00007fd199048f51:   c0 c3 0f 1f 44 00 00 c3 90 66 0f 1f 44 00 00 48
0x00007fd199048f61:   85 f6 74 5a 0f b6 06 84 c0 74 54 0f 1f 40 00 0f
0x00007fd199048f71:   b6 d0 83 e0 07 c1 fa 03 44 8d 50 01 0f b6 c0 41
0x00007fd199048f81:   89 d1 4c 8d 44 06 02 48 8d 56 01 31 c0 66 90 0f
0x00007fd199048f91:   b6 0a 48 c1 e0 08 48 83 c2 01 48 09 c8 49 39 d0 


Stack slot to memory mapping:
stack at sp + 0 slots: 0x0 is NULL
stack at sp + 1 slots: 0x00007fd194020ae0 points into unknown readable memory: 50 0f 00 24 d1 7f 00 00
stack at sp + 2 slots: 0x0 is NULL
stack at sp + 3 slots: 0x00007fd1332f9070 is pointing into the stack for thread: 0x00007fd1180d5800
stack at sp + 4 slots: 0x00007fd1332f9050 is pointing into the stack for thread: 0x00007fd1180d5800
stack at sp + 5 slots: 0x00007fd199049b1a: <offset 0x0000000000003b1a> in /usr/lib/jvm/java-11-openjdk-amd64/lib/libjimage.so at 0x00007fd199046000
stack at sp + 6 slots: 0x0 is NULL
stack at sp + 7 slots: 0x0 is NULL


---------------  P R O C E S S  ---------------

Threads class SMR info:
_java_thread_list=0x00007fd1180d6b50, length=16, elements={
0x00007fd1940bb800, 0x00007fd1940bd800, 0x00007fd1940c3000, 0x00007fd1940c5000,
0x00007fd1940c7000, 0x00007fd1940c9000, 0x00007fd194100000, 0x00007fd194105000,
0x00007fd19420e000, 0x00007fd194259000, 0x00007fd1943a1800, 0x00007fd1943a3000,
0x00007fd194014000, 0x00007fd14c001000, 0x00007fd14c002800, 0x00007fd1180d5800
}

Java Threads: ( => current thread )
  0x00007fd1940bb800 JavaThread "Reference Handler" daemon [_thread_blocked, id=2793, stack(0x00007fd17c12a000,0x00007fd17c22b000)]
  0x00007fd1940bd800 JavaThread "Finalizer" daemon [_thread_blocked, id=2794, stack(0x00007fd17c029000,0x00007fd17c12a000)]
  0x00007fd1940c3000 JavaThread "Signal Dispatcher" daemon [_thread_blocked, id=2795, stack(0x00007fd17410f000,0x00007fd174210000)]
  0x00007fd1940c5000 JavaThread "C2 CompilerThread0" daemon [_thread_blocked, id=2796, stack(0x00007fd17400e000,0x00007fd17410f000)]
  0x00007fd1940c7000 JavaThread "C1 CompilerThread0" daemon [_thread_blocked, id=2797, stack(0x00007fd16741a000,0x00007fd16751b000)]
  0x00007fd1940c9000 JavaThread "Sweeper thread" daemon [_thread_blocked, id=2798, stack(0x00007fd167319000,0x00007fd16741a000)]
  0x00007fd194100000 JavaThread "Service Thread" daemon [_thread_blocked, id=2799, stack(0x00007fd167218000,0x00007fd167319000)]
  0x00007fd194105000 JavaThread "Common-Cleaner" daemon [_thread_blocked, id=2801, stack(0x00007fd167015000,0x00007fd167116000)]
  0x00007fd19420e000 JavaThread "Java2D Disposer" daemon [_thread_blocked, id=2805, stack(0x00007fd1644bf000,0x00007fd1645c0000)]
  0x00007fd194259000 JavaThread "AWT-XAWT" daemon [_thread_in_native, id=2806, stack(0x00007fd164191000,0x00007fd164292000)]
  0x00007fd1943a1800 JavaThread "AWT-Shutdown" [_thread_blocked, id=2808, stack(0x00007fd1336fe000,0x00007fd1337ff000)]
  0x00007fd1943a3000 JavaThread "AWT-EventQueue-0" [_thread_blocked, id=2809, stack(0x00007fd1335fd000,0x00007fd1336fe000)]
  0x00007fd194014000 JavaThread "DestroyJavaVM" [_thread_blocked, id=2783, stack(0x00007fd1990b4000,0x00007fd1991b5000)]
  0x00007fd14c001000 JavaThread "SIGTERM handler" daemon [_thread_blocked, id=9659, stack(0x00007fd164090000,0x00007fd164191000)]
  0x00007fd14c002800 JavaThread "SIGHUP handler" daemon [_thread_blocked, id=9669, stack(0x00007fd1332fc000,0x00007fd1333fd000)]
=>0x00007fd1180d5800 JavaThread "XToolkt-Shutdown-Thread" [_thread_in_vm, id=9692, stack(0x00007fd1331fb000,0x00007fd1332fc000)]

Other Threads:
  0x00007fd1940b8800 VMThread "VM Thread" [stack: 0x00007fd17c22d000,0x00007fd17c32d000] [id=2792]
  0x00007fd194102800 WatcherThread [stack: 0x00007fd167118000,0x00007fd167218000] [id=2800]
  0x00007fd19402c800 GCTaskThread "GC Thread#0" [stack: 0x00007fd198d64000,0x00007fd198e64000] [id=2785]
  0x00007fd194047000 ConcurrentGCThread "G1 Main Marker" [stack: 0x00007fd1982a1000,0x00007fd1983a1000] [id=2788]
  0x00007fd194048800 ConcurrentGCThread "G1 Conc#0" [stack: 0x00007fd19819f000,0x00007fd19829f000] [id=2789]
  0x00007fd19408a800 ConcurrentGCThread "G1 Refine#0" [stack: 0x00007fd17c50d000,0x00007fd17c60d000] [id=2790]
  0x00007fd19408c000 ConcurrentGCThread "G1 Young RemSet Sampling" [stack: 0x00007fd17c40b000,0x00007fd17c50b000] [id=2791]

Threads with active compile tasks:

VM state:not at safepoint (normal execution)

VM Mutex/Monitor currently owned by a thread: None

Heap address: 0x00000000c4200000, size: 958 MB, Compressed Oops mode: 32-bit
Narrow klass base: 0x0000000800000000, Narrow klass shift: 3
Compressed class space size: 1073741824 Address: 0x0000000840000000

Heap:
 garbage-first heap   total 63488K, used 12996K [0x00000000c4200000, 0x0000000100000000)
  region size 1024K, 13 young (13312K), 0 survivors (0K)
 Metaspace       used 9573K, capacity 10079K, committed 10368K, reserved 1058816K
  class space    used 1141K, capacity 1400K, committed 1408K, reserved 1048576K
Heap Regions: E=young(eden), S=young(survivor), O=old, HS=humongous(starts), HC=humongous(continues), CS=collection set, F=free, A=archive, TAMS=top-at-mark-start (previous, next)
|   0|0x00000000c4200000, 0x00000000c4200000, 0x00000000c4300000|  0%| F|  |TAMS 0x00000000c4200000, 0x00000000c4200000| Untracked 
|   1|0x00000000c4300000, 0x00000000c4300000, 0x00000000c4400000|  0%| F|  |TAMS 0x00000000c4300000, 0x00000000c4300000| Untracked 
|   2|0x00000000c4400000, 0x00000000c4400000, 0x00000000c4500000|  0%| F|  |TAMS 0x00000000c4400000, 0x00000000c4400000| Untracked 
|   3|0x00000000c4500000, 0x00000000c4500000, 0x00000000c4600000|  0%| F|  |TAMS 0x00000000c4500000, 0x00000000c4500000| Untracked 
|   4|0x00000000c4600000, 0x00000000c4600000, 0x00000000c4700000|  0%| F|  |TAMS 0x00000000c4600000, 0x00000000c4600000| Untracked 
|   5|0x00000000c4700000, 0x00000000c4700000, 0x00000000c4800000|  0%| F|  |TAMS 0x00000000c4700000, 0x00000000c4700000| Untracked 
|   6|0x00000000c4800000, 0x00000000c4800000, 0x00000000c4900000|  0%| F|  |TAMS 0x00000000c4800000, 0x00000000c4800000| Untracked 
|   7|0x00000000c4900000, 0x00000000c4900000, 0x00000000c4a00000|  0%| F|  |TAMS 0x00000000c4900000, 0x00000000c4900000| Untracked 
|   8|0x00000000c4a00000, 0x00000000c4a00000, 0x00000000c4b00000|  0%| F|  |TAMS 0x00000000c4a00000, 0x00000000c4a00000| Untracked 
|   9|0x00000000c4b00000, 0x00000000c4b00000, 0x00000000c4c00000|  0%| F|  |TAMS 0x00000000c4b00000, 0x00000000c4b00000| Untracked 
|  10|0x00000000c4c00000, 0x00000000c4c00000, 0x00000000c4d00000|  0%| F|  |TAMS 0x00000000c4c00000, 0x00000000c4c00000| Untracked 
|  11|0x00000000c4d00000, 0x00000000c4d00000, 0x00000000c4e00000|  0%| F|  |TAMS 0x00000000c4d00000, 0x00000000c4d00000| Untracked 
|  12|0x00000000c4e00000, 0x00000000c4e00000, 0x00000000c4f00000|  0%| F|  |TAMS 0x00000000c4e00000, 0x00000000c4e00000| Untracked 
|  13|0x00000000c4f00000, 0x00000000c4f00000, 0x00000000c5000000|  0%| F|  |TAMS 0x00000000c4f00000, 0x00000000c4f00000| Untracked 
|  14|0x00000000c5000000, 0x00000000c5000000, 0x00000000c5100000|  0%| F|  |TAMS 0x00000000c5000000, 0x00000000c5000000| Untracked 
|  15|0x00000000c5100000, 0x00000000c5100000, 0x00000000c5200000|  0%| F|  |TAMS 0x00000000c5100000, 0x00000000c5100000| Untracked 
|  16|0x00000000c5200000, 0x00000000c5200000, 0x00000000c5300000|  0%| F|  |TAMS 0x00000000c5200000, 0x00000000c5200000| Untracked 
|  17|0x00000000c5300000, 0x00000000c5300000, 0x00000000c5400000|  0%| F|  |TAMS 0x00000000c5300000, 0x00000000c5300000| Untracked 
|  18|0x00000000c5400000, 0x00000000c5400000, 0x00000000c5500000|  0%| F|  |TAMS 0x00000000c5400000, 0x00000000c5400000| Untracked 
|  19|0x00000000c5500000, 0x00000000c5500000, 0x00000000c5600000|  0%| F|  |TAMS 0x00000000c5500000, 0x00000000c5500000| Untracked 
|  20|0x00000000c5600000, 0x00000000c5600000, 0x00000000c5700000|  0%| F|  |TAMS 0x00000000c5600000, 0x00000000c5600000| Untracked 
|  21|0x00000000c5700000, 0x00000000c5700000, 0x00000000c5800000|  0%| F|  |TAMS 0x00000000c5700000, 0x00000000c5700000| Untracked 
|  22|0x00000000c5800000, 0x00000000c5800000, 0x00000000c5900000|  0%| F|  |TAMS 0x00000000c5800000, 0x00000000c5800000| Untracked 
|  23|0x00000000c5900000, 0x00000000c5900000, 0x00000000c5a00000|  0%| F|  |TAMS 0x00000000c5900000, 0x00000000c5900000| Untracked 
|  24|0x00000000c5a00000, 0x00000000c5a00000, 0x00000000c5b00000|  0%| F|  |TAMS 0x00000000c5a00000, 0x00000000c5a00000| Untracked 
|  25|0x00000000c5b00000, 0x00000000c5b00000, 0x00000000c5c00000|  0%| F|  |TAMS 0x00000000c5b00000, 0x00000000c5b00000| Untracked 
|  26|0x00000000c5c00000, 0x00000000c5c00000, 0x00000000c5d00000|  0%| F|  |TAMS 0x00000000c5c00000, 0x00000000c5c00000| Untracked 
|  27|0x00000000c5d00000, 0x00000000c5d00000, 0x00000000c5e00000|  0%| F|  |TAMS 0x00000000c5d00000, 0x00000000c5d00000| Untracked 
|  28|0x00000000c5e00000, 0x00000000c5e00000, 0x00000000c5f00000|  0%| F|  |TAMS 0x00000000c5e00000, 0x00000000c5e00000| Untracked 
|  29|0x00000000c5f00000, 0x00000000c5f00000, 0x00000000c6000000|  0%| F|  |TAMS 0x00000000c5f00000, 0x00000000c5f00000| Untracked 
|  30|0x00000000c6000000, 0x00000000c6000000, 0x00000000c6100000|  0%| F|  |TAMS 0x00000000c6000000, 0x00000000c6000000| Untracked 
|  31|0x00000000c6100000, 0x00000000c6100000, 0x00000000c6200000|  0%| F|  |TAMS 0x00000000c6100000, 0x00000000c6100000| Untracked 
|  32|0x00000000c6200000, 0x00000000c6200000, 0x00000000c6300000|  0%| F|  |TAMS 0x00000000c6200000, 0x00000000c6200000| Untracked 
|  33|0x00000000c6300000, 0x00000000c6300000, 0x00000000c6400000|  0%| F|  |TAMS 0x00000000c6300000, 0x00000000c6300000| Untracked 
|  34|0x00000000c6400000, 0x00000000c6400000, 0x00000000c6500000|  0%| F|  |TAMS 0x00000000c6400000, 0x00000000c6400000| Untracked 
|  35|0x00000000c6500000, 0x00000000c6500000, 0x00000000c6600000|  0%| F|  |TAMS 0x00000000c6500000, 0x00000000c6500000| Untracked 
|  36|0x00000000c6600000, 0x00000000c6600000, 0x00000000c6700000|  0%| F|  |TAMS 0x00000000c6600000, 0x00000000c6600000| Untracked 
|  37|0x00000000c6700000, 0x00000000c6700000, 0x00000000c6800000|  0%| F|  |TAMS 0x00000000c6700000, 0x00000000c6700000| Untracked 
|  38|0x00000000c6800000, 0x00000000c6800000, 0x00000000c6900000|  0%| F|  |TAMS 0x00000000c6800000, 0x00000000c6800000| Untracked 
|  39|0x00000000c6900000, 0x00000000c6900000, 0x00000000c6a00000|  0%| F|  |TAMS 0x00000000c6900000, 0x00000000c6900000| Untracked 
|  40|0x00000000c6a00000, 0x00000000c6a00000, 0x00000000c6b00000|  0%| F|  |TAMS 0x00000000c6a00000, 0x00000000c6a00000| Untracked 
|  41|0x00000000c6b00000, 0x00000000c6b00000, 0x00000000c6c00000|  0%| F|  |TAMS 0x00000000c6b00000, 0x00000000c6b00000| Untracked 
|  42|0x00000000c6c00000, 0x00000000c6c00000, 0x00000000c6d00000|  0%| F|  |TAMS 0x00000000c6c00000, 0x00000000c6c00000| Untracked 
|  43|0x00000000c6d00000, 0x00000000c6d00000, 0x00000000c6e00000|  0%| F|  |TAMS 0x00000000c6d00000, 0x00000000c6d00000| Untracked 
|  44|0x00000000c6e00000, 0x00000000c6e00000, 0x00000000c6f00000|  0%| F|  |TAMS 0x00000000c6e00000, 0x00000000c6e00000| Untracked 
|  45|0x00000000c6f00000, 0x00000000c6f00000, 0x00000000c7000000|  0%| F|  |TAMS 0x00000000c6f00000, 0x00000000c6f00000| Untracked 
|  46|0x00000000c7000000, 0x00000000c7000000, 0x00000000c7100000|  0%| F|  |TAMS 0x00000000c7000000, 0x00000000c7000000| Untracked 
|  47|0x00000000c7100000, 0x00000000c7200000, 0x00000000c7200000|100%| E|  |TAMS 0x00000000c7100000, 0x00000000c7100000| Complete 
|  48|0x00000000c7200000, 0x00000000c7300000, 0x00000000c7300000|100%| E|CS|TAMS 0x00000000c7200000, 0x00000000c7200000| Complete 
|  49|0x00000000c7300000, 0x00000000c7400000, 0x00000000c7400000|100%| E|CS|TAMS 0x00000000c7300000, 0x00000000c7300000| Complete 
|  50|0x00000000c7400000, 0x00000000c7500000, 0x00000000c7500000|100%| E|CS|TAMS 0x00000000c7400000, 0x00000000c7400000| Complete 
|  51|0x00000000c7500000, 0x00000000c7600000, 0x00000000c7600000|100%| E|CS|TAMS 0x00000000c7500000, 0x00000000c7500000| Complete 
|  52|0x00000000c7600000, 0x00000000c7700000, 0x00000000c7700000|100%| E|CS|TAMS 0x00000000c7600000, 0x00000000c7600000| Complete 
|  53|0x00000000c7700000, 0x00000000c7800000, 0x00000000c7800000|100%| E|CS|TAMS 0x00000000c7700000, 0x00000000c7700000| Complete 
|  54|0x00000000c7800000, 0x00000000c7900000, 0x00000000c7900000|100%| E|CS|TAMS 0x00000000c7800000, 0x00000000c7800000| Complete 
|  55|0x00000000c7900000, 0x00000000c7a00000, 0x00000000c7a00000|100%| E|CS|TAMS 0x00000000c7900000, 0x00000000c7900000| Complete 
|  56|0x00000000c7a00000, 0x00000000c7b00000, 0x00000000c7b00000|100%| E|CS|TAMS 0x00000000c7a00000, 0x00000000c7a00000| Complete 
|  57|0x00000000c7b00000, 0x00000000c7c00000, 0x00000000c7c00000|100%| E|CS|TAMS 0x00000000c7b00000, 0x00000000c7b00000| Complete 
|  58|0x00000000c7c00000, 0x00000000c7d00000, 0x00000000c7d00000|100%| E|CS|TAMS 0x00000000c7c00000, 0x00000000c7c00000| Complete 
|  59|0x00000000c7d00000, 0x00000000c7e00000, 0x00000000c7e00000|100%| E|CS|TAMS 0x00000000c7d00000, 0x00000000c7d00000| Complete 
| 956|0x00000000ffe00000, 0x00000000ffe47000, 0x00000000fff00000| 27%|OA|  |TAMS 0x00000000ffe00000, 0x00000000ffe00000| Untracked 
| 957|0x00000000fff00000, 0x00000000fff6a000, 0x0000000100000000| 41%|CA|  |TAMS 0x00000000fff00000, 0x00000000fff00000| Untracked 

Card table byte_map: [0x00007fd1985a0000,0x00007fd19877f000] _byte_map_base: 0x00007fd197f7f000

Marking Bits (Prev, Next): (CMBitMap*) 0x00007fd194042348, (CMBitMap*) 0x00007fd194042380
 Prev Bits: [0x00007fd177108000, 0x00007fd178000000)
 Next Bits: [0x00007fd176210000, 0x00007fd177108000)

Polling page: 0x00007fd19aa16000

Metaspace:

Usage:
  Non-class:      8,48 MB capacity,     8,23 MB ( 97%) used,   194,67 KB (  2%) free+waste,    52,88 KB ( <1%) overhead. 
      Class:      1,37 MB capacity,     1,11 MB ( 82%) used,   228,09 KB ( 16%) free+waste,    30,31 KB (  2%) overhead. 
       Both:      9,84 MB capacity,     9,35 MB ( 95%) used,   422,77 KB (  4%) free+waste,    83,19 KB ( <1%) overhead. 

Virtual space:
  Non-class space:       10,00 MB reserved,       8,75 MB ( 88%) committed 
      Class space:        1,00 GB reserved,       1,38 MB ( <1%) committed 
             Both:        1,01 GB reserved,      10,12 MB ( <1%) committed 

Chunk freelists:
   Non-Class:  37,00 KB
       Class:  8,00 KB
        Both:  45,00 KB

MaxMetaspaceSize: unlimited
CompressedClassSpaceSize: 1,00 GB

CodeHeap 'non-profiled nmethods': size=120032Kb used=377Kb max_used=377Kb free=119654Kb
 bounds [0x00007fd1843d8000, 0x00007fd184648000, 0x00007fd18b910000]
CodeHeap 'profiled nmethods': size=120032Kb used=1793Kb max_used=1793Kb free=118238Kb
 bounds [0x00007fd17cea0000, 0x00007fd17d110000, 0x00007fd1843d8000]
CodeHeap 'non-nmethods': size=5696Kb used=1239Kb max_used=1265Kb free=4456Kb
 bounds [0x00007fd17c910000, 0x00007fd17cb80000, 0x00007fd17cea0000]
 total_blobs=1819 nmethods=972 adapters=541
 compilation: enabled
              stopped_count=0, restarted_count=0
 full_count=0

Compilation events (20 events):
Event: 15300,120 Thread 0x00007fd1940c7000  963       3       jdk.internal.misc.InnocuousThread::eraseThreadLocals (23 bytes)
Event: 15300,121 Thread 0x00007fd1940c7000 nmethod 963 0x00007fd17d04b710 code [0x00007fd17d04b8c0, 0x00007fd17d04bb10]
Event: 29398,840 Thread 0x00007fd1940c7000  964 % !   3       sun.awt.X11.XToolkit::run @ 59 (384 bytes)
Event: 29398,853 Thread 0x00007fd1940c7000 nmethod 964% 0x00007fd17d04bb90 code [0x00007fd17d04c5a0, 0x00007fd17d053628]
Event: 29911,473 Thread 0x00007fd1940c7000  965   !   3       sun.awt.X11.XToolkit::run (384 bytes)
Event: 29911,483 Thread 0x00007fd1940c7000 nmethod 965 0x00007fd17d056810 code [0x00007fd17d057200, 0x00007fd17d05cea8]
Event: 36392,830 Thread 0x00007fd1940c5000  966       4       java.lang.Long::valueOf (40 bytes)
Event: 36392,832 Thread 0x00007fd1940c5000 nmethod 966 0x00007fd184434790 code [0x00007fd184434940, 0x00007fd184434a78]
Event: 36972,643 Thread 0x00007fd1940c5000  967       4       java.util.HashMap::getNode (148 bytes)
Event: 36972,646 Thread 0x00007fd1940c5000 nmethod 967 0x00007fd184434b90 code [0x00007fd184434d40, 0x00007fd184434f78]
Event: 37077,495 Thread 0x00007fd1940c5000  968       4       java.util.TreeMap::getEntry (84 bytes)
Event: 37077,498 Thread 0x00007fd1940c5000 nmethod 968 0x00007fd184435190 code [0x00007fd184435340, 0x00007fd1844354b8]
Event: 37205,067 Thread 0x00007fd1940c5000  969       4       java.util.Vector$Itr::hasNext (20 bytes)
Event: 37205,070 Thread 0x00007fd1940c5000 nmethod 969 0x00007fd184435690 code [0x00007fd184435820, 0x00007fd1844358b8]
Event: 38199,877 Thread 0x00007fd1940c5000  970       4       java.util.concurrent.locks.AbstractQueuedSynchronizer::acquire (27 bytes)
Event: 38199,907 Thread 0x00007fd1940c5000 nmethod 970 0x00007fd184435990 code [0x00007fd184435b80, 0x00007fd184435f08]
Event: 39418,065 Thread 0x00007fd1940c7000  971       3       java.util.TreeMap::getEntry (84 bytes)
Event: 39418,070 Thread 0x00007fd1940c7000 nmethod 971 0x00007fd17d05fd10 code [0x00007fd17d05ff20, 0x00007fd17d060588]
Event: 39421,840 Thread 0x00007fd1940c5000  972       4       java.util.HashMap::get (23 bytes)
Event: 39421,849 Thread 0x00007fd1940c5000 nmethod 972 0x00007fd184436090 code [0x00007fd184436240, 0x00007fd184436518]

GC Heap History (0 events):
No events

Deoptimization events (4 events):
Event: 39207,380 Thread 0x00007fd194259000 Uncommon trap: trap_request=0xffffff4d fr.pc=0x00007fd184435414 relative=0x00000000000000d4
Event: 39207,381 Thread 0x00007fd194259000 Uncommon trap: reason=unstable_if action=reinterpret pc=0x00007fd184435414 method=java.util.TreeMap.getEntry(Ljava/lang/Object;)Ljava/util/TreeMap$Entry; @ 53 c2
Event: 39207,381 Thread 0x00007fd194259000 DEOPT PACKING pc=0x00007fd184435414 sp=0x00007fd1642906f0
Event: 39207,381 Thread 0x00007fd194259000 DEOPT UNPACKING pc=0x00007fd17c9389a5 sp=0x00007fd164290698 mode 2

Classes redefined (0 events):
No events

Internal exceptions (20 events):
Event: 0,305 Thread 0x00007fd194014000 Exception <a 'java/lang/NoSuchMethodError'{0x00000000c7ac5938}: 'void java.lang.invoke.DirectMethodHandle$Holder.invokeSpecial(java.lang.Object, java.lang.Object)'> (0x00000000c7ac5938) thrown at [/build/openjdk-11-11.0.6+10/src/hotspot/share/interpreter/
Event: 0,352 Thread 0x00007fd194014000 Exception <a 'java/lang/NoSuchMethodError'{0x00000000c79d3c20}: 'java.lang.Object java.lang.invoke.DirectMethodHandle$Holder.invokeStatic(java.lang.Object, int, java.lang.Object, java.lang.Object, java.lang.Object, java.lang.Object)'> (0x00000000c79d3c20)
Event: 0,353 Thread 0x00007fd194014000 Exception <a 'java/lang/NoSuchMethodError'{0x00000000c79daf30}: 'java.lang.Object java.lang.invoke.DirectMethodHandle$Holder.invokeStatic(java.lang.Object, int, java.lang.Object, java.lang.Object, java.lang.Object)'> (0x00000000c79daf30) thrown at [/build
Event: 0,354 Thread 0x00007fd194014000 Exception <a 'java/lang/NoSuchMethodError'{0x00000000c79dea78}: 'java.lang.Object java.lang.invoke.DirectMethodHandle$Holder.invokeSpecial(java.lang.Object, java.lang.Object, int, java.lang.Object, java.lang.Object, java.lang.Object)'> (0x00000000c79dea78
Event: 0,357 Thread 0x00007fd194014000 Exception <a 'java/lang/NoSuchMethodError'{0x00000000c79f6328}: 'java.lang.Object java.lang.invoke.DirectMethodHandle$Holder.invokeStatic(java.lang.Object, int, java.lang.Object)'> (0x00000000c79f6328) thrown at [/build/openjdk-11-11.0.6+10/src/hotspot/sh
Event: 0,397 Thread 0x00007fd194014000 Exception <a 'java/lang/NoSuchMethodError'{0x00000000c78e8528}: 'java.lang.Object java.lang.invoke.Invokers$Holder.linkToTargetMethod(java.lang.Object, int, java.lang.Object)'> (0x00000000c78e8528) thrown at [/build/openjdk-11-11.0.6+10/src/hotspot/share/
Event: 0,402 Thread 0x00007fd194014000 Exception <a 'java/lang/ClassNotFoundException'{0x00000000c78f0a38}: com/sun/swing/internal/plaf/metal/resources/spi/metalProvider> (0x00000000c78f0a38) thrown at [/build/openjdk-11-11.0.6+10/src/hotspot/share/classfile/systemDictionary.cpp, line 231]
Event: 0,403 Thread 0x00007fd194014000 Exception <a 'java/lang/ClassNotFoundException'{0x00000000c78f58a0}: com/sun/swing/internal/plaf/basic/resources/spi/basicProvider> (0x00000000c78f58a0) thrown at [/build/openjdk-11-11.0.6+10/src/hotspot/share/classfile/systemDictionary.cpp, line 231]
Event: 0,481 Thread 0x00007fd194014000 Exception <a 'java/lang/NoSuchMethodError'{0x00000000c77b9fb0}: 'void java.lang.invoke.DirectMethodHandle$Holder.invokeStaticInit(java.lang.Object)'> (0x00000000c77b9fb0) thrown at [/build/openjdk-11-11.0.6+10/src/hotspot/share/interpreter/linkResolver.cp
Event: 0,490 Thread 0x00007fd194014000 Exception <a 'java/lang/NoSuchMethodError'{0x00000000c761eb98}: 'java.lang.Object java.lang.invoke.DirectMethodHandle$Holder.invokeStatic(java.lang.Object, java.lang.Object, java.lang.Object, java.lang.Object, java.lang.Object, java.lang.Object, java.lang
Event: 0,492 Thread 0x00007fd194014000 Exception <a 'java/lang/NoSuchMethodError'{0x00000000c762b590}: 'java.lang.Object java.lang.invoke.DirectMethodHandle$Holder.invokeStatic(java.lang.Object, java.lang.Object, java.lang.Object, java.lang.Object, java.lang.Object, java.lang.Object, java.lang
Event: 0,547 Thread 0x00007fd194014000 Exception <a 'java/lang/NoSuchMethodError'{0x00000000c752bc80}: 'java.lang.Object java.lang.invoke.DirectMethodHandle$Holder.invokeSpecial(java.lang.Object, java.lang.Object, int, int, java.lang.Object, java.lang.Object, java.lang.Object, java.lang.Object
Event: 0,547 Thread 0x00007fd194014000 Exception <a 'java/lang/NoSuchMethodError'{0x00000000c752f910}: 'java.lang.Object java.lang.invoke.DelegatingMethodHandle$Holder.reinvoke_L(java.lang.Object, int, int, java.lang.Object, java.lang.Object, java.lang.Object, java.lang.Object, java.lang.Objec
Event: 0,563 Thread 0x00007fd194014000 Exception <a 'java/lang/NoSuchMethodError'{0x00000000c75d26e0}: 'java.lang.Object java.lang.invoke.Invokers$Holder.linkToTargetMethod(java.lang.Object, java.lang.Object, java.lang.Object, java.lang.Object, java.lang.Object, java.lang.Object)'> (0x00000000
Event: 0,572 Thread 0x00007fd194014000 Exception <a 'java/lang/NoSuchMethodError'{0x00000000c743fb60}: 'java.lang.Object java.lang.invoke.DirectMethodHandle$Holder.invokeSpecial(java.lang.Object, java.lang.Object, int, int, java.lang.Object, java.lang.Object, java.lang.Object, java.lang.Object
Event: 0,573 Thread 0x00007fd194014000 Exception <a 'java/lang/NoSuchMethodError'{0x00000000c7443540}: 'java.lang.Object java.lang.invoke.DelegatingMethodHandle$Holder.reinvoke_L(java.lang.Object, int, int, java.lang.Object, java.lang.Object, java.lang.Object, java.lang.Object)'> (0x00000000c7
Event: 0,637 Thread 0x00007fd194014000 Exception <a 'java/lang/NoSuchMethodError'{0x00000000c7226e58}: 'java.lang.Object java.lang.invoke.DirectMethodHandle$Holder.invokeStatic(java.lang.Object, java.lang.Object, java.lang.Object, java.lang.Object, java.lang.Object, java.lang.Object, java.lang
Event: 0,639 Thread 0x00007fd194014000 Exception <a 'java/lang/NoSuchMethodError'{0x00000000c7244de0}: 'java.lang.Object java.lang.invoke.DirectMethodHandle$Holder.invokeStatic(java.lang.Object, java.lang.Object, java.lang.Object, java.lang.Object, java.lang.Object, java.lang.Object, java.lang
Event: 0,641 Thread 0x00007fd194014000 Exception <a 'java/lang/NoSuchMethodError'{0x00000000c7263ae0}: 'java.lang.Object java.lang.invoke.DirectMethodHandle$Holder.invokeStatic(java.lang.Object, java.lang.Object, java.lang.Object, java.lang.Object, java.lang.Object, java.lang.Object, java.lang
Event: 0,644 Thread 0x00007fd194014000 Exception <a 'java/lang/NoSuchMethodError'{0x00000000c7283bd0}: 'java.lang.Object java.lang.invoke.DirectMethodHandle$Holder.invokeStatic(java.lang.Object, java.lang.Object, java.lang.Object, java.lang.Object, java.lang.Object, java.lang.Object, java.lang

Events (20 events):
Event: 1236,386 Loaded shared library /usr/lib/jvm/java-11-openjdk-amd64/lib/libawt_xawt.so
Event: 1236,387 Loaded shared library /usr/lib/jvm/java-11-openjdk-amd64/lib/libawt_xawt.so
Event: 1236,387 Loaded shared library /usr/lib/jvm/java-11-openjdk-amd64/lib/libawt_xawt.so
Event: 7200,094 Loaded shared library /usr/lib/jvm/java-11-openjdk-amd64/lib/server/libjvm.so
Event: 7200,094 Loaded shared library /usr/lib/jvm/java-11-openjdk-amd64/lib/server/libjvm.so
Event: 7200,094 Loaded shared library /usr/lib/jvm/java-11-openjdk-amd64/lib/server/libjvm.so
Event: 7200,094 Loaded shared library /usr/lib/jvm/java-11-openjdk-amd64/lib/server/libjvm.so
Event: 39861,435 loading class jdk/internal/misc/Signal$1
Event: 39861,474 loading class jdk/internal/misc/Signal$1 done
Event: 39861,610 Thread 0x00007fd14c001000 Thread added: 0x00007fd14c001000
Event: 39861,613 Protecting memory [0x00007fd164090000,0x00007fd164094000] with protection modes 0
Event: 39861,613 Thread 0x00007fd14c002800 Thread added: 0x00007fd14c002800
Event: 39861,613 Protecting memory [0x00007fd1332fc000,0x00007fd133300000] with protection modes 0
Event: 39861,623 Executing VM operation: RevokeBias
Event: 39861,626 Executing coalesced safepoint VM operation: RevokeBias
Event: 39861,626 Executing coalesced safepoint VM operation: RevokeBias done
Event: 39861,626 Executing VM operation: RevokeBias done
Event: 39861,670 Thread 0x00007fd1180d5800 Thread added: 0x00007fd1180d5800
Event: 39861,670 Protecting memory [0x00007fd1331fb000,0x00007fd1331ff000] with protection modes 0
Event: 39861,685 loading class sun/awt/X11/XSystemTrayPeer


Dynamic libraries:
c4200000-c7e00000 rw-p 00000000 00:00 0 
c7e00000-ffe00000 ---p 00000000 00:00 0 
ffe00000-ffe47000 rw-p 01105000 08:02 1578952                            /usr/lib/jvm/java-11-openjdk-amd64/lib/server/classes.jsa
ffe47000-fff00000 rw-p 00000000 00:00 0 
fff00000-fff6a000 rw-p 0109b000 08:02 1578952                            /usr/lib/jvm/java-11-openjdk-amd64/lib/server/classes.jsa
fff6a000-100000000 rw-p 00000000 00:00 0 
800000000-800002000 rwxp 00001000 08:02 1578952                          /usr/lib/jvm/java-11-openjdk-amd64/lib/server/classes.jsa
800002000-8003b8000 rw-p 00003000 08:02 1578952                          /usr/lib/jvm/java-11-openjdk-amd64/lib/server/classes.jsa
8003b8000-800a8d000 r--p 003b9000 08:02 1578952                          /usr/lib/jvm/java-11-openjdk-amd64/lib/server/classes.jsa
800a8d000-800a8e000 rw-p 00a8e000 08:02 1578952                          /usr/lib/jvm/java-11-openjdk-amd64/lib/server/classes.jsa
800a8e000-80109a000 r--p 00a8f000 08:02 1578952                          /usr/lib/jvm/java-11-openjdk-amd64/lib/server/classes.jsa
840000000-840160000 rw-p 00000000 00:00 0 
840160000-880000000 ---p 00000000 00:00 0 
562327729000-56232772a000 r--p 00000000 08:02 921319                     /usr/lib/jvm/java-11-openjdk-amd64/bin/java
56232772a000-56232772b000 r-xp 00001000 08:02 921319                     /usr/lib/jvm/java-11-openjdk-amd64/bin/java
56232772b000-56232772c000 r--p 00002000 08:02 921319                     /usr/lib/jvm/java-11-openjdk-amd64/bin/java
56232772c000-56232772d000 r--p 00002000 08:02 921319                     /usr/lib/jvm/java-11-openjdk-amd64/bin/java
56232772d000-56232772e000 rw-p 00003000 08:02 921319                     /usr/lib/jvm/java-11-openjdk-amd64/bin/java
562329278000-562329299000 rw-p 00000000 00:00 0                          [heap]
7fd108000000-7fd108021000 rw-p 00000000 00:00 0 
7fd108021000-7fd10c000000 ---p 00000000 00:00 0 
7fd110000000-7fd11019d000 rw-p 00000000 00:00 0 
7fd11019d000-7fd114000000 ---p 00000000 00:00 0 
7fd114000000-7fd114021000 rw-p 00000000 00:00 0 
7fd114021000-7fd118000000 ---p 00000000 00:00 0 
7fd118000000-7fd11849f000 rw-p 00000000 00:00 0 
7fd11849f000-7fd11c000000 ---p 00000000 00:00 0 
7fd11c000000-7fd11c021000 rw-p 00000000 00:00 0 
7fd11c021000-7fd120000000 ---p 00000000 00:00 0 
7fd120000000-7fd120021000 rw-p 00000000 00:00 0 
7fd120021000-7fd124000000 ---p 00000000 00:00 0 
7fd124000000-7fd124021000 rw-p 00000000 00:00 0 
7fd124021000-7fd128000000 ---p 00000000 00:00 0 
7fd128000000-7fd128021000 rw-p 00000000 00:00 0 
7fd128021000-7fd12c000000 ---p 00000000 00:00 0 
7fd12c000000-7fd12c021000 rw-p 00000000 00:00 0 
7fd12c021000-7fd130000000 ---p 00000000 00:00 0 
7fd1331fb000-7fd1331ff000 ---p 00000000 00:00 0 
7fd1331ff000-7fd1332fc000 rw-p 00000000 00:00 0 
7fd1332fc000-7fd133300000 ---p 00000000 00:00 0 
7fd133300000-7fd1334bd000 rw-p 00000000 00:00 0 
7fd1334bd000-7fd1335fd000 ---p 00000000 00:00 0 
7fd1335fd000-7fd133601000 ---p 00000000 00:00 0 
7fd133601000-7fd1336fe000 rw-p 00000000 00:00 0 
7fd1336fe000-7fd133702000 ---p 00000000 00:00 0 
7fd133702000-7fd1337ff000 rw-p 00000000 00:00 0 
7fd1337ff000-7fd133800000 ---p 00000000 00:00 0 
7fd133800000-7fd134000000 rw-p 00000000 00:00 0 
7fd134000000-7fd134021000 rw-p 00000000 00:00 0 
7fd134021000-7fd138000000 ---p 00000000 00:00 0 
7fd138000000-7fd138021000 rw-p 00000000 00:00 0 
7fd138021000-7fd13c000000 ---p 00000000 00:00 0 
7fd13c000000-7fd13c021000 rw-p 00000000 00:00 0 
7fd13c021000-7fd140000000 ---p 00000000 00:00 0 
7fd140000000-7fd140021000 rw-p 00000000 00:00 0 
7fd140021000-7fd144000000 ---p 00000000 00:00 0 
7fd144000000-7fd1443ad000 rw-p 00000000 00:00 0 
7fd1443ad000-7fd148000000 ---p 00000000 00:00 0 
7fd148000000-7fd148021000 rw-p 00000000 00:00 0 
7fd148021000-7fd14c000000 ---p 00000000 00:00 0 
7fd14c000000-7fd14c021000 rw-p 00000000 00:00 0 
7fd14c021000-7fd150000000 ---p 00000000 00:00 0 
7fd150000000-7fd15079f000 rw-p 00000000 00:00 0 
7fd15079f000-7fd154000000 ---p 00000000 00:00 0 
7fd154000000-7fd154021000 rw-p 00000000 00:00 0 
7fd154021000-7fd158000000 ---p 00000000 00:00 0 
7fd158000000-7fd158021000 rw-p 00000000 00:00 0 
7fd158021000-7fd15c000000 ---p 00000000 00:00 0 
7fd15c000000-7fd15c021000 rw-p 00000000 00:00 0 
7fd15c021000-7fd160000000 ---p 00000000 00:00 0 
7fd160000000-7fd160021000 rw-p 00000000 00:00 0 
7fd160021000-7fd164000000 ---p 00000000 00:00 0 
7fd164090000-7fd164094000 ---p 00000000 00:00 0 
7fd164094000-7fd164191000 rw-p 00000000 00:00 0 
7fd164191000-7fd164195000 ---p 00000000 00:00 0 
7fd164195000-7fd164292000 rw-p 00000000 00:00 0 
7fd164292000-7fd164297000 r-xp 00000000 08:02 793173                     /usr/lib/x86_64-linux-gnu/libXfixes.so.3.1.0
7fd164297000-7fd164496000 ---p 00005000 08:02 793173                     /usr/lib/x86_64-linux-gnu/libXfixes.so.3.1.0
7fd164496000-7fd164497000 r--p 00004000 08:02 793173                     /usr/lib/x86_64-linux-gnu/libXfixes.so.3.1.0
7fd164497000-7fd164498000 rw-p 00005000 08:02 793173                     /usr/lib/x86_64-linux-gnu/libXfixes.so.3.1.0
7fd164498000-7fd16449b000 r--p 00000000 08:02 796589                     /usr/lib/x86_64-linux-gnu/libXcursor.so.1.0.2
7fd16449b000-7fd1644a1000 r-xp 00003000 08:02 796589                     /usr/lib/x86_64-linux-gnu/libXcursor.so.1.0.2
7fd1644a1000-7fd1644a3000 r--p 00009000 08:02 796589                     /usr/lib/x86_64-linux-gnu/libXcursor.so.1.0.2
7fd1644a3000-7fd1644a4000 r--p 0000a000 08:02 796589                     /usr/lib/x86_64-linux-gnu/libXcursor.so.1.0.2
7fd1644a4000-7fd1644a5000 rw-p 0000b000 08:02 796589                     /usr/lib/x86_64-linux-gnu/libXcursor.so.1.0.2
7fd1644bf000-7fd1644c3000 ---p 00000000 00:00 0 
7fd1644c3000-7fd1645c0000 rw-p 00000000 00:00 0 
7fd1645c0000-7fd1645c1000 ---p 00000000 00:00 0 
7fd1645c1000-7fd164dc1000 rw-p 00000000 00:00 0 
7fd164dc1000-7fd164dc2000 ---p 00000000 00:00 0 
7fd164dc2000-7fd1655c2000 rw-p 00000000 00:00 0 
7fd1655c2000-7fd1655c6000 r--p 00000000 08:02 1313752                    /usr/lib/x86_64-linux-gnu/gio/modules/libdconfsettings.so
7fd1655c6000-7fd1655cd000 r-xp 00004000 08:02 1313752                    /usr/lib/x86_64-linux-gnu/gio/modules/libdconfsettings.so
7fd1655cd000-7fd1655d0000 r--p 0000b000 08:02 1313752                    /usr/lib/x86_64-linux-gnu/gio/modules/libdconfsettings.so
7fd1655d0000-7fd1655d1000 ---p 0000e000 08:02 1313752                    /usr/lib/x86_64-linux-gnu/gio/modules/libdconfsettings.so
7fd1655d1000-7fd1655d2000 r--p 0000e000 08:02 1313752                    /usr/lib/x86_64-linux-gnu/gio/modules/libdconfsettings.so
7fd1655d2000-7fd1655d3000 rw-p 0000f000 08:02 1313752                    /usr/lib/x86_64-linux-gnu/gio/modules/libdconfsettings.so
7fd1655d3000-7fd1655f3000 r--p 00000000 08:02 790272                     /usr/share/locale/it/LC_MESSAGES/glib20.mo
7fd1655f3000-7fd1655f5000 r--p 00000000 08:02 786721                     /usr/lib/x86_64-linux-gnu/libuuid.so.1.3.0
7fd1655f5000-7fd1655f9000 r-xp 00002000 08:02 786721                     /usr/lib/x86_64-linux-gnu/libuuid.so.1.3.0
7fd1655f9000-7fd1655fa000 r--p 00006000 08:02 786721                     /usr/lib/x86_64-linux-gnu/libuuid.so.1.3.0
7fd1655fa000-7fd1655fb000 r--p 00006000 08:02 786721                     /usr/lib/x86_64-linux-gnu/libuuid.so.1.3.0
7fd1655fb000-7fd1655fc000 rw-p 00007000 08:02 786721                     /usr/lib/x86_64-linux-gnu/libuuid.so.1.3.0
7fd1655fc000-7fd165606000 r--p 00000000 08:02 788196                     /usr/lib/x86_64-linux-gnu/libblkid.so.1.1.0
7fd165606000-7fd16563a000 r-xp 0000a000 08:02 788196                     /usr/lib/x86_64-linux-gnu/libblkid.so.1.1.0
7fd16563a000-7fd16564a000 r--p 0003e000 08:02 788196                     /usr/lib/x86_64-linux-gnu/libblkid.so.1.1.0
7fd16564a000-7fd16564b000 ---p 0004e000 08:02 788196                     /usr/lib/x86_64-linux-gnu/libblkid.so.1.1.0
7fd16564b000-7fd165650000 r--p 0004e000 08:02 788196                     /usr/lib/x86_64-linux-gnu/libblkid.so.1.1.0
7fd165650000-7fd165651000 rw-p 00053000 08:02 788196                     /usr/lib/x86_64-linux-gnu/libblkid.so.1.1.0
7fd165651000-7fd165653000 r--p 00000000 08:02 786839                     /usr/lib/x86_64-linux-gnu/libpcre.so.3.13.3
7fd165653000-7fd1656a5000 r-xp 00002000 08:02 786839                     /usr/lib/x86_64-linux-gnu/libpcre.so.3.13.3
7fd1656a5000-7fd1656c3000 r--p 00054000 08:02 786839                     /usr/lib/x86_64-linux-gnu/libpcre.so.3.13.3
7fd1656c3000-7fd1656c4000 r--p 00071000 08:02 786839                     /usr/lib/x86_64-linux-gnu/libpcre.so.3.13.3
7fd1656c4000-7fd1656c5000 rw-p 00072000 08:02 786839                     /usr/lib/x86_64-linux-gnu/libpcre.so.3.13.3
7fd1656c5000-7fd1656c9000 r--p 00000000 08:02 787130                     /usr/lib/x86_64-linux-gnu/libresolv-2.28.so
7fd1656c9000-7fd1656d6000 r-xp 00004000 08:02 787130                     /usr/lib/x86_64-linux-gnu/libresolv-2.28.so
7fd1656d6000-7fd1656da000 r--p 00011000 08:02 787130                     /usr/lib/x86_64-linux-gnu/libresolv-2.28.so
7fd1656da000-7fd1656db000 ---p 00015000 08:02 787130                     /usr/lib/x86_64-linux-gnu/libresolv-2.28.so
7fd1656db000-7fd1656dc000 r--p 00015000 08:02 787130                     /usr/lib/x86_64-linux-gnu/libresolv-2.28.so
7fd1656dc000-7fd1656dd000 rw-p 00016000 08:02 787130                     /usr/lib/x86_64-linux-gnu/libresolv-2.28.so
7fd1656dd000-7fd1656df000 rw-p 00000000 00:00 0 
7fd1656df000-7fd165704000 r-xp 00000000 08:02 788681                     /usr/lib/x86_64-linux-gnu/libselinux.so.1
7fd165704000-7fd165903000 ---p 00025000 08:02 788681                     /usr/lib/x86_64-linux-gnu/libselinux.so.1
7fd165903000-7fd165904000 r--p 00024000 08:02 788681                     /usr/lib/x86_64-linux-gnu/libselinux.so.1
7fd165904000-7fd165905000 rw-p 00025000 08:02 788681                     /usr/lib/x86_64-linux-gnu/libselinux.so.1
7fd165905000-7fd165907000 rw-p 00000000 00:00 0 
7fd165907000-7fd165913000 r--p 00000000 08:02 788270                     /usr/lib/x86_64-linux-gnu/libmount.so.1.1.0
7fd165913000-7fd16594f000 r-xp 0000c000 08:02 788270                     /usr/lib/x86_64-linux-gnu/libmount.so.1.1.0
7fd16594f000-7fd165961000 r--p 00048000 08:02 788270                     /usr/lib/x86_64-linux-gnu/libmount.so.1.1.0
7fd165961000-7fd165962000 ---p 0005a000 08:02 788270                     /usr/lib/x86_64-linux-gnu/libmount.so.1.1.0
7fd165962000-7fd165965000 r--p 0005a000 08:02 788270                     /usr/lib/x86_64-linux-gnu/libmount.so.1.1.0
7fd165965000-7fd165966000 rw-p 0005d000 08:02 788270                     /usr/lib/x86_64-linux-gnu/libmount.so.1.1.0
7fd165966000-7fd165971000 r--p 00000000 08:02 790340                     /usr/lib/x86_64-linux-gnu/libgobject-2.0.so.0.5800.3
7fd165971000-7fd1659a3000 r-xp 0000b000 08:02 790340                     /usr/lib/x86_64-linux-gnu/libgobject-2.0.so.0.5800.3
7fd1659a3000-7fd1659b9000 r--p 0003d000 08:02 790340                     /usr/lib/x86_64-linux-gnu/libgobject-2.0.so.0.5800.3
7fd1659b9000-7fd1659ba000 r--p 00052000 08:02 790340                     /usr/lib/x86_64-linux-gnu/libgobject-2.0.so.0.5800.3
7fd1659ba000-7fd1659bb000 rw-p 00053000 08:02 790340                     /usr/lib/x86_64-linux-gnu/libgobject-2.0.so.0.5800.3
7fd1659bb000-7fd1659d6000 r--p 00000000 08:02 790338                     /usr/lib/x86_64-linux-gnu/libglib-2.0.so.0.5800.3
7fd1659d6000-7fd165a54000 r-xp 0001b000 08:02 790338                     /usr/lib/x86_64-linux-gnu/libglib-2.0.so.0.5800.3
7fd165a54000-7fd165ad6000 r--p 00099000 08:02 790338                     /usr/lib/x86_64-linux-gnu/libglib-2.0.so.0.5800.3
7fd165ad6000-7fd165ad7000 ---p 0011b000 08:02 790338                     /usr/lib/x86_64-linux-gnu/libglib-2.0.so.0.5800.3
7fd165ad7000-7fd165ad8000 r--p 0011b000 08:02 790338                     /usr/lib/x86_64-linux-gnu/libglib-2.0.so.0.5800.3
7fd165ad8000-7fd165ad9000 rw-p 0011c000 08:02 790338                     /usr/lib/x86_64-linux-gnu/libglib-2.0.so.0.5800.3
7fd165ad9000-7fd165ada000 rw-p 00000000 00:00 0 
7fd165ada000-7fd165b11000 r--p 00000000 08:02 790336                     /usr/lib/x86_64-linux-gnu/libgio-2.0.so.0.5800.3
7fd165b11000-7fd165c0a000 r-xp 00037000 08:02 790336                     /usr/lib/x86_64-linux-gnu/libgio-2.0.so.0.5800.3
7fd165c0a000-7fd165c8c000 r--p 00130000 08:02 790336                     /usr/lib/x86_64-linux-gnu/libgio-2.0.so.0.5800.3
7fd165c8c000-7fd165c8d000 ---p 001b2000 08:02 790336                     /usr/lib/x86_64-linux-gnu/libgio-2.0.so.0.5800.3
7fd165c8d000-7fd165c95000 r--p 001b2000 08:02 790336                     /usr/lib/x86_64-linux-gnu/libgio-2.0.so.0.5800.3
7fd165c95000-7fd165c96000 rw-p 001ba000 08:02 790336                     /usr/lib/x86_64-linux-gnu/libgio-2.0.so.0.5800.3
7fd165c96000-7fd165c98000 rw-p 00000000 00:00 0 
7fd165c98000-7fd165ca2000 r-xp 00000000 08:02 796593                     /usr/lib/x86_64-linux-gnu/libXrandr.so.2.2.0
7fd165ca2000-7fd165ea1000 ---p 0000a000 08:02 796593                     /usr/lib/x86_64-linux-gnu/libXrandr.so.2.2.0
7fd165ea1000-7fd165ea2000 r--p 00009000 08:02 796593                     /usr/lib/x86_64-linux-gnu/libXrandr.so.2.2.0
7fd165ea2000-7fd165ea3000 rw-p 0000a000 08:02 796593                     /usr/lib/x86_64-linux-gnu/libXrandr.so.2.2.0
7fd165ea3000-7fd165ea9000 r--p 00000000 08:02 793087                     /usr/lib/x86_64-linux-gnu/libpng16.so.16.36.0
7fd165ea9000-7fd165ece000 r-xp 00006000 08:02 793087                     /usr/lib/x86_64-linux-gnu/libpng16.so.16.36.0
7fd165ece000-7fd165eda000 r--p 0002b000 08:02 793087                     /usr/lib/x86_64-linux-gnu/libpng16.so.16.36.0
7fd165eda000-7fd165edb000 r--p 00036000 08:02 793087                     /usr/lib/x86_64-linux-gnu/libpng16.so.16.36.0
7fd165edb000-7fd165edc000 rw-p 00037000 08:02 793087                     /usr/lib/x86_64-linux-gnu/libpng16.so.16.36.0
7fd165edc000-7fd165ee9000 r--p 00000000 08:02 790798                     /usr/lib/x86_64-linux-gnu/libfreetype.so.6.16.1
7fd165ee9000-7fd165f66000 r-xp 0000d000 08:02 790798                     /usr/lib/x86_64-linux-gnu/libfreetype.so.6.16.1
7fd165f66000-7fd165f8f000 r--p 0008a000 08:02 790798                     /usr/lib/x86_64-linux-gnu/libfreetype.so.6.16.1
7fd165f8f000-7fd165f90000 ---p 000b3000 08:02 790798                     /usr/lib/x86_64-linux-gnu/libfreetype.so.6.16.1
7fd165f90000-7fd165f97000 r--p 000b3000 08:02 790798                     /usr/lib/x86_64-linux-gnu/libfreetype.so.6.16.1
7fd165f97000-7fd165f98000 rw-p 000ba000 08:02 790798                     /usr/lib/x86_64-linux-gnu/libfreetype.so.6.16.1
7fd165fa3000-7fd165fb2000 r--p 00000000 08:02 1311871                    /usr/share/glib-2.0/schemas/gschemas.compiled
7fd165fb2000-7fd165fb6000 r--p 00000000 08:02 1050654                    /usr/lib/jvm/java-11-openjdk-amd64/lib/libfontmanager.so
7fd165fb6000-7fd1660a8000 r-xp 00004000 08:02 1050654                    /usr/lib/jvm/java-11-openjdk-amd64/lib/libfontmanager.so
7fd1660a8000-7fd1660e8000 r--p 000f6000 08:02 1050654                    /usr/lib/jvm/java-11-openjdk-amd64/lib/libfontmanager.so
7fd1660e8000-7fd1660e9000 r--p 00135000 08:02 1050654                    /usr/lib/jvm/java-11-openjdk-amd64/lib/libfontmanager.so
7fd1660e9000-7fd1660ea000 rw-p 00136000 08:02 1050654                    /usr/lib/jvm/java-11-openjdk-amd64/lib/libfontmanager.so
7fd1660ea000-7fd1660ed000 rw-p 00000000 00:00 0 
7fd1660ed000-7fd1660f1000 r--p 00000000 08:02 791299                     /usr/lib/x86_64-linux-gnu/libbsd.so.0.9.1
7fd1660f1000-7fd166100000 r-xp 00004000 08:02 791299                     /usr/lib/x86_64-linux-gnu/libbsd.so.0.9.1
7fd166100000-7fd166103000 r--p 00013000 08:02 791299                     /usr/lib/x86_64-linux-gnu/libbsd.so.0.9.1
7fd166103000-7fd166104000 ---p 00016000 08:02 791299                     /usr/lib/x86_64-linux-gnu/libbsd.so.0.9.1
7fd166104000-7fd166105000 r--p 00016000 08:02 791299                     /usr/lib/x86_64-linux-gnu/libbsd.so.0.9.1
7fd166105000-7fd166106000 rw-p 00017000 08:02 791299                     /usr/lib/x86_64-linux-gnu/libbsd.so.0.9.1
7fd166106000-7fd166107000 rw-p 00000000 00:00 0 
7fd166107000-7fd16610c000 r-xp 00000000 08:02 793144                     /usr/lib/x86_64-linux-gnu/libXdmcp.so.6.0.0
7fd16610c000-7fd16630b000 ---p 00005000 08:02 793144                     /usr/lib/x86_64-linux-gnu/libXdmcp.so.6.0.0
7fd16630b000-7fd16630c000 r--p 00004000 08:02 793144                     /usr/lib/x86_64-linux-gnu/libXdmcp.so.6.0.0
7fd16630c000-7fd16630d000 rw-p 00005000 08:02 793144                     /usr/lib/x86_64-linux-gnu/libXdmcp.so.6.0.0
7fd16630d000-7fd16630f000 r-xp 00000000 08:02 793142                     /usr/lib/x86_64-linux-gnu/libXau.so.6.0.0
7fd16630f000-7fd16650f000 ---p 00002000 08:02 793142                     /usr/lib/x86_64-linux-gnu/libXau.so.6.0.0
7fd16650f000-7fd166510000 r--p 00002000 08:02 793142                     /usr/lib/x86_64-linux-gnu/libXau.so.6.0.0
7fd166510000-7fd166511000 rw-p 00003000 08:02 793142                     /usr/lib/x86_64-linux-gnu/libXau.so.6.0.0
7fd166511000-7fd16651d000 r--p 00000000 08:02 793146                     /usr/lib/x86_64-linux-gnu/libxcb.so.1.1.0
7fd16651d000-7fd166530000 r-xp 0000c000 08:02 793146                     /usr/lib/x86_64-linux-gnu/libxcb.so.1.1.0
7fd166530000-7fd166539000 r--p 0001f000 08:02 793146                     /usr/lib/x86_64-linux-gnu/libxcb.so.1.1.0
7fd166539000-7fd16653a000 r--p 00027000 08:02 793146                     /usr/lib/x86_64-linux-gnu/libxcb.so.1.1.0
7fd16653a000-7fd16653b000 rw-p 00028000 08:02 793146                     /usr/lib/x86_64-linux-gnu/libxcb.so.1.1.0
7fd16653b000-7fd16654a000 r-xp 00000000 08:02 793270                     /usr/lib/x86_64-linux-gnu/libXi.so.6.1.0
7fd16654a000-7fd166749000 ---p 0000f000 08:02 793270                     /usr/lib/x86_64-linux-gnu/libXi.so.6.1.0
7fd166749000-7fd16674a000 r--p 0000e000 08:02 793270                     /usr/lib/x86_64-linux-gnu/libXi.so.6.1.0
7fd16674a000-7fd16674b000 rw-p 0000f000 08:02 793270                     /usr/lib/x86_64-linux-gnu/libXi.so.6.1.0
7fd16674b000-7fd166750000 r-xp 00000000 08:02 796147                     /usr/lib/x86_64-linux-gnu/libXtst.so.6.1.0
7fd166750000-7fd16694f000 ---p 00005000 08:02 796147                     /usr/lib/x86_64-linux-gnu/libXtst.so.6.1.0
7fd16694f000-7fd166950000 r--p 00004000 08:02 796147                     /usr/lib/x86_64-linux-gnu/libXtst.so.6.1.0
7fd166950000-7fd166951000 rw-p 00005000 08:02 796147                     /usr/lib/x86_64-linux-gnu/libXtst.so.6.1.0
7fd166951000-7fd16695a000 r-xp 00000000 08:02 793276                     /usr/lib/x86_64-linux-gnu/libXrender.so.1.3.0
7fd16695a000-7fd166b59000 ---p 00009000 08:02 793276                     /usr/lib/x86_64-linux-gnu/libXrender.so.1.3.0
7fd166b59000-7fd166b5a000 r--p 00008000 08:02 793276                     /usr/lib/x86_64-linux-gnu/libXrender.so.1.3.0
7fd166b5a000-7fd166b5b000 rw-p 00009000 08:02 793276                     /usr/lib/x86_64-linux-gnu/libXrender.so.1.3.0
7fd166b5b000-7fd166b77000 r--p 00000000 08:02 793166                     /usr/lib/x86_64-linux-gnu/libX11.so.6.3.0
7fd166b77000-7fd166c01000 r-xp 0001c000 08:02 793166                     /usr/lib/x86_64-linux-gnu/libX11.so.6.3.0
7fd166c01000-7fd166c95000 r--p 000a6000 08:02 793166                     /usr/lib/x86_64-linux-gnu/libX11.so.6.3.0
7fd166c95000-7fd166c96000 ---p 0013a000 08:02 793166                     /usr/lib/x86_64-linux-gnu/libX11.so.6.3.0
7fd166c96000-7fd166c97000 r--p 0013a000 08:02 793166                     /usr/lib/x86_64-linux-gnu/libX11.so.6.3.0
7fd166c97000-7fd166c9c000 rw-p 0013b000 08:02 793166                     /usr/lib/x86_64-linux-gnu/libX11.so.6.3.0
7fd166c9c000-7fd166cad000 r-xp 00000000 08:02 793169                     /usr/lib/x86_64-linux-gnu/libXext.so.6.4.0
7fd166cad000-7fd166eac000 ---p 00011000 08:02 793169                     /usr/lib/x86_64-linux-gnu/libXext.so.6.4.0
7fd166eac000-7fd166ead000 r--p 00010000 08:02 793169                     /usr/lib/x86_64-linux-gnu/libXext.so.6.4.0
7fd166ead000-7fd166eae000 rw-p 00011000 08:02 793169                     /usr/lib/x86_64-linux-gnu/libXext.so.6.4.0
7fd166eae000-7fd166ebe000 r--p 00000000 08:02 1050650                    /usr/lib/jvm/java-11-openjdk-amd64/lib/libawt_xawt.so
7fd166ebe000-7fd166efb000 r-xp 00010000 08:02 1050650                    /usr/lib/jvm/java-11-openjdk-amd64/lib/libawt_xawt.so
7fd166efb000-7fd166f0d000 r--p 0004d000 08:02 1050650                    /usr/lib/jvm/java-11-openjdk-amd64/lib/libawt_xawt.so
7fd166f0d000-7fd166f0e000 r--p 0005e000 08:02 1050650                    /usr/lib/jvm/java-11-openjdk-amd64/lib/libawt_xawt.so
7fd166f0e000-7fd166f11000 rw-p 0005f000 08:02 1050650                    /usr/lib/jvm/java-11-openjdk-amd64/lib/libawt_xawt.so
7fd166f11000-7fd166f13000 rw-p 00000000 00:00 0 
7fd166f13000-7fd166f3f000 r--p 00000000 08:02 1050645                    /usr/lib/jvm/java-11-openjdk-amd64/lib/libawt.so
7fd166f3f000-7fd166fa6000 r-xp 0002c000 08:02 1050645                    /usr/lib/jvm/java-11-openjdk-amd64/lib/libawt.so
7fd166fa6000-7fd166fb3000 r--p 00093000 08:02 1050645                    /usr/lib/jvm/java-11-openjdk-amd64/lib/libawt.so
7fd166fb3000-7fd166fb4000 r--p 0009f000 08:02 1050645                    /usr/lib/jvm/java-11-openjdk-amd64/lib/libawt.so
7fd166fb4000-7fd166fbf000 rw-p 000a0000 08:02 1050645                    /usr/lib/jvm/java-11-openjdk-amd64/lib/libawt.so
7fd166fbf000-7fd167015000 rw-p 00000000 00:00 0 
7fd167015000-7fd167019000 ---p 00000000 00:00 0 
7fd167019000-7fd167116000 rw-p 00000000 00:00 0 
7fd167116000-7fd167117000 ---p 00000000 00:00 0 
7fd167117000-7fd167218000 rw-p 00000000 00:00 0 
7fd167218000-7fd16721c000 ---p 00000000 00:00 0 
7fd16721c000-7fd167319000 rw-p 00000000 00:00 0 
7fd167319000-7fd16731d000 ---p 00000000 00:00 0 
7fd16731d000-7fd16741a000 rw-p 00000000 00:00 0 
7fd16741a000-7fd16741e000 ---p 00000000 00:00 0 
7fd16741e000-7fd16751b000 rw-p 00000000 00:00 0 
7fd16751b000-7fd167800000 r--p 00000000 08:02 786879                     /usr/lib/locale/locale-archive
7fd167800000-7fd168000000 rw-p 00000000 00:00 0 
7fd168000000-7fd168021000 rw-p 00000000 00:00 0 
7fd168021000-7fd16c000000 ---p 00000000 00:00 0 
7fd16c000000-7fd16c021000 rw-p 00000000 00:00 0 
7fd16c021000-7fd170000000 ---p 00000000 00:00 0 
7fd170000000-7fd170021000 rw-p 00000000 00:00 0 
7fd170021000-7fd174000000 ---p 00000000 00:00 0 
7fd174004000-7fd174006000 r--p 00000000 08:02 787520                     /usr/lib/x86_64-linux-gnu/libffi.so.6.0.4
7fd174006000-7fd17400b000 r-xp 00002000 08:02 787520                     /usr/lib/x86_64-linux-gnu/libffi.so.6.0.4
7fd17400b000-7fd17400c000 r--p 00007000 08:02 787520                     /usr/lib/x86_64-linux-gnu/libffi.so.6.0.4
7fd17400c000-7fd17400d000 r--p 00007000 08:02 787520                     /usr/lib/x86_64-linux-gnu/libffi.so.6.0.4
7fd17400d000-7fd17400e000 rw-p 00008000 08:02 787520                     /usr/lib/x86_64-linux-gnu/libffi.so.6.0.4
7fd17400e000-7fd174012000 ---p 00000000 00:00 0 
7fd174012000-7fd17410f000 rw-p 00000000 00:00 0 
7fd17410f000-7fd174113000 ---p 00000000 00:00 0 
7fd174113000-7fd176300000 rw-p 00000000 00:00 0 
7fd176300000-7fd177100000 ---p 00000000 00:00 0 
7fd177100000-7fd1771f8000 rw-p 00000000 00:00 0 
7fd1771f8000-7fd177ff8000 ---p 00000000 00:00 0 
7fd177ff8000-7fd178000000 rw-p 00000000 00:00 0 
7fd178000000-7fd178021000 rw-p 00000000 00:00 0 
7fd178021000-7fd17c000000 ---p 00000000 00:00 0 
7fd17c008000-7fd17c029000 r--p 00000000 08:02 792185                     /usr/share/locale/it/LC_MESSAGES/libc.mo
7fd17c029000-7fd17c02d000 ---p 00000000 00:00 0 
7fd17c02d000-7fd17c12a000 rw-p 00000000 00:00 0 
7fd17c12a000-7fd17c12e000 ---p 00000000 00:00 0 
7fd17c12e000-7fd17c22b000 rw-p 00000000 00:00 0 
7fd17c22b000-7fd17c22c000 ---p 00000000 00:00 0 
7fd17c22c000-7fd17c409000 rw-p 00000000 00:00 0 
7fd17c409000-7fd17c40a000 ---p 00000000 00:00 0 
7fd17c40a000-7fd17c50b000 rw-p 00000000 00:00 0 
7fd17c50b000-7fd17c50c000 ---p 00000000 00:00 0 
7fd17c50c000-7fd17c910000 rw-p 00000000 00:00 0 
7fd17c910000-7fd17cb80000 rwxp 00000000 00:00 0 
7fd17cb80000-7fd17cea0000 ---p 00000000 00:00 0 
7fd17cea0000-7fd17d110000 rwxp 00000000 00:00 0 
7fd17d110000-7fd1843d8000 ---p 00000000 00:00 0 
7fd1843d8000-7fd184648000 rwxp 00000000 00:00 0 
7fd184648000-7fd18b910000 ---p 00000000 00:00 0 
7fd194000000-7fd1944c5000 rw-p 00000000 00:00 0 
7fd1944c5000-7fd198000000 ---p 00000000 00:00 0 
7fd198000000-7fd198001000 r--p 00000000 08:02 790339                     /usr/lib/x86_64-linux-gnu/libgmodule-2.0.so.0.5800.3
7fd198001000-7fd198003000 r-xp 00001000 08:02 790339                     /usr/lib/x86_64-linux-gnu/libgmodule-2.0.so.0.5800.3
7fd198003000-7fd198004000 r--p 00003000 08:02 790339                     /usr/lib/x86_64-linux-gnu/libgmodule-2.0.so.0.5800.3
7fd198004000-7fd198005000 r--p 00003000 08:02 790339                     /usr/lib/x86_64-linux-gnu/libgmodule-2.0.so.0.5800.3
7fd198005000-7fd198006000 rw-p 00004000 08:02 790339                     /usr/lib/x86_64-linux-gnu/libgmodule-2.0.so.0.5800.3
7fd198006000-7fd19800a000 r--p 00000000 08:02 1051068                    /usr/lib/jvm/java-11-openjdk-amd64/lib/libnet.so
7fd19800a000-7fd198019000 r-xp 00004000 08:02 1051068                    /usr/lib/jvm/java-11-openjdk-amd64/lib/libnet.so
7fd198019000-7fd19801d000 r--p 00013000 08:02 1051068                    /usr/lib/jvm/java-11-openjdk-amd64/lib/libnet.so
7fd19801d000-7fd19801e000 r--p 00016000 08:02 1051068                    /usr/lib/jvm/java-11-openjdk-amd64/lib/libnet.so
7fd19801e000-7fd19801f000 rw-p 00017000 08:02 1051068                    /usr/lib/jvm/java-11-openjdk-amd64/lib/libnet.so
7fd19801f000-7fd198026000 r--p 00000000 08:02 1051069                    /usr/lib/jvm/java-11-openjdk-amd64/lib/libnio.so
7fd198026000-7fd19802d000 r-xp 00007000 08:02 1051069                    /usr/lib/jvm/java-11-openjdk-amd64/lib/libnio.so
7fd19802d000-7fd198030000 r--p 0000e000 08:02 1051069                    /usr/lib/jvm/java-11-openjdk-amd64/lib/libnio.so
7fd198030000-7fd198031000 r--p 00010000 08:02 1051069                    /usr/lib/jvm/java-11-openjdk-amd64/lib/libnio.so
7fd198031000-7fd198032000 rw-p 00011000 08:02 1051069                    /usr/lib/jvm/java-11-openjdk-amd64/lib/libnio.so
7fd198032000-7fd19819d000 rw-p 00000000 00:00 0 
7fd19819d000-7fd19819e000 ---p 00000000 00:00 0 
7fd19819e000-7fd19829f000 rw-p 00000000 00:00 0 
7fd19829f000-7fd1982a0000 ---p 00000000 00:00 0 
7fd1982a0000-7fd1983df000 rw-p 00000000 00:00 0 
7fd1983df000-7fd19859f000 ---p 00000000 00:00 0 
7fd19859f000-7fd1985be000 rw-p 00000000 00:00 0 
7fd1985be000-7fd19877e000 ---p 00000000 00:00 0 
7fd19877e000-7fd19879d000 rw-p 00000000 00:00 0 
7fd19879d000-7fd19895d000 ---p 00000000 00:00 0 
7fd19895d000-7fd198d62000 rw-p 00000000 00:00 0 
7fd198d62000-7fd198d63000 ---p 00000000 00:00 0 
7fd198d63000-7fd198e69000 rw-p 00000000 00:00 0 
7fd198e69000-7fd198f4f000 ---p 00000000 00:00 0 
7fd198f4f000-7fd198f54000 rw-p 00000000 00:00 0 
7fd198f54000-7fd19903a000 ---p 00000000 00:00 0 
7fd19903a000-7fd19903f000 rw-p 00000000 00:00 0 
7fd19903f000-7fd199046000 ---p 00000000 00:00 0 
7fd199046000-7fd199048000 r--p 00000000 08:02 1051055                    /usr/lib/jvm/java-11-openjdk-amd64/lib/libjimage.so
7fd199048000-7fd19904b000 r-xp 00002000 08:02 1051055                    /usr/lib/jvm/java-11-openjdk-amd64/lib/libjimage.so
7fd19904b000-7fd19904d000 r--p 00005000 08:02 1051055                    /usr/lib/jvm/java-11-openjdk-amd64/lib/libjimage.so
7fd19904d000-7fd19904e000 r--p 00006000 08:02 1051055                    /usr/lib/jvm/java-11-openjdk-amd64/lib/libjimage.so
7fd19904e000-7fd19904f000 rw-p 00007000 08:02 1051055                    /usr/lib/jvm/java-11-openjdk-amd64/lib/libjimage.so
7fd19904f000-7fd199052000 r--p 00000000 08:02 787123                     /usr/lib/x86_64-linux-gnu/libnss_files-2.28.so
7fd199052000-7fd199059000 r-xp 00003000 08:02 787123                     /usr/lib/x86_64-linux-gnu/libnss_files-2.28.so
7fd199059000-7fd19905b000 r--p 0000a000 08:02 787123                     /usr/lib/x86_64-linux-gnu/libnss_files-2.28.so
7fd19905b000-7fd19905c000 ---p 0000c000 08:02 787123                     /usr/lib/x86_64-linux-gnu/libnss_files-2.28.so
7fd19905c000-7fd19905d000 r--p 0000c000 08:02 787123                     /usr/lib/x86_64-linux-gnu/libnss_files-2.28.so
7fd19905d000-7fd19905e000 rw-p 0000d000 08:02 787123                     /usr/lib/x86_64-linux-gnu/libnss_files-2.28.so
7fd19905e000-7fd199064000 rw-p 00000000 00:00 0 
7fd199065000-7fd19906c000 r--s 00000000 08:02 789458                     /usr/lib/x86_64-linux-gnu/gconv/gconv-modules.cache
7fd19906c000-7fd19906e000 r--p 00000000 08:02 1051080                    /usr/lib/jvm/java-11-openjdk-amd64/lib/libzip.so
7fd19906e000-7fd199072000 r-xp 00002000 08:02 1051080                    /usr/lib/jvm/java-11-openjdk-amd64/lib/libzip.so
7fd199072000-7fd199074000 r--p 00006000 08:02 1051080                    /usr/lib/jvm/java-11-openjdk-amd64/lib/libzip.so
7fd199074000-7fd199075000 r--p 00007000 08:02 1051080                    /usr/lib/jvm/java-11-openjdk-amd64/lib/libzip.so
7fd199075000-7fd199076000 rw-p 00008000 08:02 1051080                    /usr/lib/jvm/java-11-openjdk-amd64/lib/libzip.so
7fd199076000-7fd19907e000 rw-s 00000000 08:02 6422555                    /tmp/hsperfdata_gambero/2780
7fd19907e000-7fd19908b000 r--p 00000000 08:02 1050802                    /usr/lib/jvm/java-11-openjdk-amd64/lib/libjava.so
7fd19908b000-7fd1990a0000 r-xp 0000d000 08:02 1050802                    /usr/lib/jvm/java-11-openjdk-amd64/lib/libjava.so
7fd1990a0000-7fd1990a7000 r--p 00022000 08:02 1050802                    /usr/lib/jvm/java-11-openjdk-amd64/lib/libjava.so
7fd1990a7000-7fd1990a8000 r--p 00028000 08:02 1050802                    /usr/lib/jvm/java-11-openjdk-amd64/lib/libjava.so
7fd1990a8000-7fd1990aa000 rw-p 00029000 08:02 1050802                    /usr/lib/jvm/java-11-openjdk-amd64/lib/libjava.so
7fd1990aa000-7fd1990ac000 r--p 00000000 08:02 787131                     /usr/lib/x86_64-linux-gnu/librt-2.28.so
7fd1990ac000-7fd1990b0000 r-xp 00002000 08:02 787131                     /usr/lib/x86_64-linux-gnu/librt-2.28.so
7fd1990b0000-7fd1990b2000 r--p 00006000 08:02 787131                     /usr/lib/x86_64-linux-gnu/librt-2.28.so
7fd1990b2000-7fd1990b3000 r--p 00007000 08:02 787131                     /usr/lib/x86_64-linux-gnu/librt-2.28.so
7fd1990b3000-7fd1990b4000 rw-p 00008000 08:02 787131                     /usr/lib/x86_64-linux-gnu/librt-2.28.so
7fd1990b4000-7fd1990b8000 ---p 00000000 00:00 0 
7fd1990b8000-7fd1991b5000 rw-p 00000000 00:00 0 
7fd1991b5000-7fd1991b8000 r--p 00000000 08:02 786446                     /usr/lib/x86_64-linux-gnu/libgcc_s.so.1
7fd1991b8000-7fd1991c9000 r-xp 00003000 08:02 786446                     /usr/lib/x86_64-linux-gnu/libgcc_s.so.1
7fd1991c9000-7fd1991cc000 r--p 00014000 08:02 786446                     /usr/lib/x86_64-linux-gnu/libgcc_s.so.1
7fd1991cc000-7fd1991cd000 ---p 00017000 08:02 786446                     /usr/lib/x86_64-linux-gnu/libgcc_s.so.1
7fd1991cd000-7fd1991ce000 r--p 00017000 08:02 786446                     /usr/lib/x86_64-linux-gnu/libgcc_s.so.1
7fd1991ce000-7fd1991cf000 rw-p 00018000 08:02 786446                     /usr/lib/x86_64-linux-gnu/libgcc_s.so.1
7fd1991cf000-7fd1991dc000 r--p 00000000 08:02 787114                     /usr/lib/x86_64-linux-gnu/libm-2.28.so
7fd1991dc000-7fd19927b000 r-xp 0000d000 08:02 787114                     /usr/lib/x86_64-linux-gnu/libm-2.28.so
7fd19927b000-7fd199350000 r--p 000ac000 08:02 787114                     /usr/lib/x86_64-linux-gnu/libm-2.28.so
7fd199350000-7fd199351000 r--p 00180000 08:02 787114                     /usr/lib/x86_64-linux-gnu/libm-2.28.so
7fd199351000-7fd199352000 rw-p 00181000 08:02 787114                     /usr/lib/x86_64-linux-gnu/libm-2.28.so
7fd199352000-7fd1993db000 r--p 00000000 08:02 786705                     /usr/lib/x86_64-linux-gnu/libstdc++.so.6.0.25
7fd1993db000-7fd199487000 r-xp 00089000 08:02 786705                     /usr/lib/x86_64-linux-gnu/libstdc++.so.6.0.25
7fd199487000-7fd1994c5000 r--p 00135000 08:02 786705                     /usr/lib/x86_64-linux-gnu/libstdc++.so.6.0.25
7fd1994c5000-7fd1994c6000 ---p 00173000 08:02 786705                     /usr/lib/x86_64-linux-gnu/libstdc++.so.6.0.25
7fd1994c6000-7fd1994d0000 r--p 00173000 08:02 786705                     /usr/lib/x86_64-linux-gnu/libstdc++.so.6.0.25
7fd1994d0000-7fd1994d2000 rw-p 0017d000 08:02 786705                     /usr/lib/x86_64-linux-gnu/libstdc++.so.6.0.25
7fd1994d2000-7fd1994d6000 rw-p 00000000 00:00 0 
7fd1994d6000-7fd199743000 r--p 00000000 08:02 1579002                    /usr/lib/jvm/java-11-openjdk-amd64/lib/server/libjvm.so
7fd199743000-7fd19a26f000 r-xp 0026d000 08:02 1579002                    /usr/lib/jvm/java-11-openjdk-amd64/lib/server/libjvm.so
7fd19a26f000-7fd19a4a7000 r--p 00d99000 08:02 1579002                    /usr/lib/jvm/java-11-openjdk-amd64/lib/server/libjvm.so
7fd19a4a7000-7fd19a564000 r--p 00fd0000 08:02 1579002                    /usr/lib/jvm/java-11-openjdk-amd64/lib/server/libjvm.so
7fd19a564000-7fd19a59e000 rw-p 0108d000 08:02 1579002                    /usr/lib/jvm/java-11-openjdk-amd64/lib/server/libjvm.so
7fd19a59e000-7fd19a5f6000 rw-p 00000000 00:00 0 
7fd19a5f6000-7fd19a618000 r--p 00000000 08:02 787111                     /usr/lib/x86_64-linux-gnu/libc-2.28.so
7fd19a618000-7fd19a760000 r-xp 00022000 08:02 787111                     /usr/lib/x86_64-linux-gnu/libc-2.28.so
7fd19a760000-7fd19a7ac000 r--p 0016a000 08:02 787111                     /usr/lib/x86_64-linux-gnu/libc-2.28.so
7fd19a7ac000-7fd19a7ad000 ---p 001b6000 08:02 787111                     /usr/lib/x86_64-linux-gnu/libc-2.28.so
7fd19a7ad000-7fd19a7b1000 r--p 001b6000 08:02 787111                     /usr/lib/x86_64-linux-gnu/libc-2.28.so
7fd19a7b1000-7fd19a7b3000 rw-p 001ba000 08:02 787111                     /usr/lib/x86_64-linux-gnu/libc-2.28.so
7fd19a7b3000-7fd19a7b7000 rw-p 00000000 00:00 0 
7fd19a7b7000-7fd19a7b8000 r--p 00000000 08:02 787113                     /usr/lib/x86_64-linux-gnu/libdl-2.28.so
7fd19a7b8000-7fd19a7b9000 r-xp 00001000 08:02 787113                     /usr/lib/x86_64-linux-gnu/libdl-2.28.so
7fd19a7b9000-7fd19a7ba000 r--p 00002000 08:02 787113                     /usr/lib/x86_64-linux-gnu/libdl-2.28.so
7fd19a7ba000-7fd19a7bb000 r--p 00002000 08:02 787113                     /usr/lib/x86_64-linux-gnu/libdl-2.28.so
7fd19a7bb000-7fd19a7bc000 rw-p 00003000 08:02 787113                     /usr/lib/x86_64-linux-gnu/libdl-2.28.so
7fd19a7bc000-7fd19a7bf000 r--p 00000000 08:02 1578979                    /usr/lib/jvm/java-11-openjdk-amd64/lib/jli/libjli.so
7fd19a7bf000-7fd19a7c9000 r-xp 00003000 08:02 1578979                    /usr/lib/jvm/java-11-openjdk-amd64/lib/jli/libjli.so
7fd19a7c9000-7fd19a7cc000 r--p 0000d000 08:02 1578979                    /usr/lib/jvm/java-11-openjdk-amd64/lib/jli/libjli.so
7fd19a7cc000-7fd19a7cd000 r--p 0000f000 08:02 1578979                    /usr/lib/jvm/java-11-openjdk-amd64/lib/jli/libjli.so
7fd19a7cd000-7fd19a7ce000 rw-p 00010000 08:02 1578979                    /usr/lib/jvm/java-11-openjdk-amd64/lib/jli/libjli.so
7fd19a7ce000-7fd19a7d4000 r--p 00000000 08:02 787129                     /usr/lib/x86_64-linux-gnu/libpthread-2.28.so
7fd19a7d4000-7fd19a7e3000 r-xp 00006000 08:02 787129                     /usr/lib/x86_64-linux-gnu/libpthread-2.28.so
7fd19a7e3000-7fd19a7e9000 r--p 00015000 08:02 787129                     /usr/lib/x86_64-linux-gnu/libpthread-2.28.so
7fd19a7e9000-7fd19a7ea000 r--p 0001a000 08:02 787129                     /usr/lib/x86_64-linux-gnu/libpthread-2.28.so
7fd19a7ea000-7fd19a7eb000 rw-p 0001b000 08:02 787129                     /usr/lib/x86_64-linux-gnu/libpthread-2.28.so
7fd19a7eb000-7fd19a7ef000 rw-p 00000000 00:00 0 
7fd19a7ef000-7fd19a80b000 r-xp 00000000 08:02 788687                     /usr/lib/x86_64-linux-gnu/libz.so.1.2.11
7fd19a80b000-7fd19aa0b000 ---p 0001c000 08:02 788687                     /usr/lib/x86_64-linux-gnu/libz.so.1.2.11
7fd19aa0b000-7fd19aa0c000 r--p 0001c000 08:02 788687                     /usr/lib/x86_64-linux-gnu/libz.so.1.2.11
7fd19aa0c000-7fd19aa0d000 rw-p 0001d000 08:02 788687                     /usr/lib/x86_64-linux-gnu/libz.so.1.2.11
7fd19aa0d000-7fd19aa0f000 rw-p 00000000 00:00 0 
7fd19aa12000-7fd19aa13000 r--p 00000000 08:02 6840480                    /home/gambero/.config/dconf/user
7fd19aa13000-7fd19aa14000 r--s 00000000 00:30 29150                      /run/user/1000/dconf/user
7fd19aa14000-7fd19aa16000 r--s 00007000 08:02 1446998                    /usr/share/java/java-atk-wrapper.jar
7fd19aa16000-7fd19aa17000 ---p 00000000 00:00 0 
7fd19aa17000-7fd19aa18000 r--p 00000000 00:00 0 
7fd19aa18000-7fd19aa1d000 r--p 00000000 08:02 1051079                    /usr/lib/jvm/java-11-openjdk-amd64/lib/libverify.so
7fd19aa1d000-7fd19aa24000 r-xp 00005000 08:02 1051079                    /usr/lib/jvm/java-11-openjdk-amd64/lib/libverify.so
7fd19aa24000-7fd19aa26000 r--p 0000c000 08:02 1051079                    /usr/lib/jvm/java-11-openjdk-amd64/lib/libverify.so
7fd19aa26000-7fd19aa28000 r--p 0000d000 08:02 1051079                    /usr/lib/jvm/java-11-openjdk-amd64/lib/libverify.so
7fd19aa28000-7fd19aa29000 rw-p 0000f000 08:02 1051079                    /usr/lib/jvm/java-11-openjdk-amd64/lib/libverify.so
7fd19aa29000-7fd19aa2a000 r--p 00000000 08:02 786448                     /usr/lib/x86_64-linux-gnu/ld-2.28.so
7fd19aa2a000-7fd19aa48000 r-xp 00001000 08:02 786448                     /usr/lib/x86_64-linux-gnu/ld-2.28.so
7fd19aa48000-7fd19aa50000 r--p 0001f000 08:02 786448                     /usr/lib/x86_64-linux-gnu/ld-2.28.so
7fd19aa50000-7fd19aa51000 r--p 00026000 08:02 786448                     /usr/lib/x86_64-linux-gnu/ld-2.28.so
7fd19aa51000-7fd19aa52000 rw-p 00027000 08:02 786448                     /usr/lib/x86_64-linux-gnu/ld-2.28.so
7fd19aa52000-7fd19aa53000 rw-p 00000000 00:00 0 
7ffd80b54000-7ffd80b75000 rw-p 00000000 00:00 0                          [stack]
7ffd80bc5000-7ffd80bc8000 r--p 00000000 00:00 0                          [vvar]
7ffd80bc8000-7ffd80bca000 r-xp 00000000 00:00 0                          [vdso]


VM Arguments:
jvm_args: -Dfile.encoding=UTF-8 
java_command: main
java_class_path (initial): /home/gambero/eclipse-workspace/FileSplitter/bin
Launcher Type: SUN_STANDARD

[Global flags]
     intx CICompilerCount                          = 3                                         {product} {ergonomic}
     uint ConcGCThreads                            = 1                                         {product} {ergonomic}
     uint G1ConcRefinementThreads                  = 4                                         {product} {ergonomic}
   size_t G1HeapRegionSize                         = 1048576                                   {product} {ergonomic}
    uintx GCDrainStackTargetSize                   = 64                                        {product} {ergonomic}
   size_t InitialHeapSize                          = 62914560                                  {product} {ergonomic}
   size_t MarkStackSize                            = 4194304                                   {product} {ergonomic}
   size_t MaxHeapSize                              = 1004535808                                {product} {ergonomic}
   size_t MaxNewSize                               = 601882624                                 {product} {ergonomic}
   size_t MinHeapDeltaBytes                        = 1048576                                   {product} {ergonomic}
    uintx NonNMethodCodeHeapSize                   = 5830732                                {pd product} {ergonomic}
    uintx NonProfiledCodeHeapSize                  = 122913754                              {pd product} {ergonomic}
    uintx ProfiledCodeHeapSize                     = 122913754                              {pd product} {ergonomic}
    uintx ReservedCodeCacheSize                    = 251658240                              {pd product} {ergonomic}
     bool SegmentedCodeCache                       = true                                      {product} {ergonomic}
     bool UseCompressedClassPointers               = true                                 {lp64_product} {ergonomic}
     bool UseCompressedOops                        = true                                 {lp64_product} {ergonomic}
     bool UseG1GC                                  = true                                      {product} {ergonomic}

Logging:
Log output configuration:
 #0: stdout all=warning uptime,level,tags
 #1: stderr all=off uptime,level,tags

Environment Variables:
PATH=/usr/local/bin:/usr/bin:/bin:/usr/local/games:/usr/games:/snap/bin
SHELL=/bin/bash
DISPLAY=:0

Signal Handlers:
SIGSEGV: [libjvm.so+0xd26680], sa_mask[0]=11111111011111111101111111111110, sa_flags=SA_RESTART|SA_SIGINFO
SIGBUS: [libjvm.so+0xd26680], sa_mask[0]=11111111011111111101111111111110, sa_flags=SA_RESTART|SA_SIGINFO
SIGFPE: [libjvm.so+0xd26680], sa_mask[0]=11111111011111111101111111111110, sa_flags=SA_RESTART|SA_SIGINFO
SIGPIPE: SIG_IGN, sa_mask[0]=00000000000010000000000000000000, sa_flags=SA_RESTART
SIGXFSZ: [libjvm.so+0xb2c8b0], sa_mask[0]=11111111011111111101111111111110, sa_flags=SA_RESTART|SA_SIGINFO
SIGILL: [libjvm.so+0xd26680], sa_mask[0]=11111111011111111101111111111110, sa_flags=SA_RESTART|SA_SIGINFO
SIGUSR2: [libjvm.so+0xb2c740], sa_mask[0]=00100000000000000000000000000000, sa_flags=SA_RESTART|SA_SIGINFO
SIGHUP: [libjvm.so+0xb2cbf0], sa_mask[0]=11111111011111111101111111111110, sa_flags=SA_RESTART|SA_SIGINFO
SIGINT: [libjvm.so+0xb2cbf0], sa_mask[0]=11111111011111111101111111111110, sa_flags=SA_RESTART|SA_SIGINFO
SIGTERM: [libjvm.so+0xb2cbf0], sa_mask[0]=11111111011111111101111111111110, sa_flags=SA_RESTART|SA_SIGINFO
SIGQUIT: [libjvm.so+0xb2cbf0], sa_mask[0]=11111111011111111101111111111110, sa_flags=SA_RESTART|SA_SIGINFO


---------------  S Y S T E M  ---------------

OS:PRETTY_NAME="Debian GNU/Linux 10 (buster)"
NAME="Debian GNU/Linux"
VERSION_ID="10"
VERSION="10 (buster)"
VERSION_CODENAME=buster
ID=debian
HOME_URL="https://www.debian.org/"
SUPPORT_URL="https://www.debian.org/support"
BUG_REPORT_URL="https://bugs.debian.org/"
uname:Linux 4.19.0-6-amd64 #1 SMP Debian 4.19.67-2+deb10u2 (2019-11-11) x86_64
libc:glibc 2.28 NPTL 2.28 
rlimit: STACK 8192k, CORE 0k, NPROC 14839, NOFILE 1048576, AS infinity, DATA infinity, FSIZE infinity
load average:0,20 0,41 0,31

/proc/meminfo:
MemTotal:        3916820 kB
MemFree:         1429664 kB
MemAvailable:    1567992 kB
Buffers:           27424 kB
Cached:           333596 kB
SwapCached:        43504 kB
Active:          1714656 kB
Inactive:         534772 kB
Active(anon):    1505052 kB
Inactive(anon):   424828 kB
Active(file):     209604 kB
Inactive(file):   109944 kB
Unevictable:          96 kB
Mlocked:              96 kB
SwapTotal:       4071420 kB
SwapFree:        3302652 kB
Dirty:               772 kB
Writeback:             0 kB
AnonPages:       1870948 kB
Mapped:            79984 kB
Shmem:             41228 kB
Slab:             123424 kB
SReclaimable:      44476 kB
SUnreclaim:        78948 kB
KernelStack:       21212 kB
PageTables:        22872 kB
NFS_Unstable:          0 kB
Bounce:                0 kB
WritebackTmp:          0 kB
CommitLimit:     6029828 kB
Committed_AS:    7766440 kB
VmallocTotal:   34359738367 kB
VmallocUsed:           0 kB
VmallocChunk:          0 kB
Percpu:             7168 kB
HardwareCorrupted:     0 kB
AnonHugePages:    440320 kB
ShmemHugePages:        0 kB
ShmemPmdMapped:        0 kB
HugePages_Total:       0
HugePages_Free:        0
HugePages_Rsvd:        0
HugePages_Surp:        0
Hugepagesize:       2048 kB
Hugetlb:               0 kB
DirectMap4k:      169024 kB
DirectMap2M:     3903488 kB


/proc/sys/kernel/threads-max (system-wide limit on the number of threads):
29678


/proc/sys/vm/max_map_count (maximum number of memory map areas a process may have):
65530


/proc/sys/kernel/pid_max (system-wide limit on number of process identifiers):
32768



container (cgroup) information:
container_type: cgroupv1
cpu_cpuset_cpus: 0-3
cpu_memory_nodes: 0
active_processor_count: 4
cpu_quota: -1
cpu_period: 100000
cpu_shares: -1
memory_limit_in_bytes: -1
memory_and_swap_limit_in_bytes: -2
memory_soft_limit_in_bytes: -1
memory_usage_in_bytes: 2171826176
memory_max_usage_in_bytes: 3602219008

Steal ticks since vm start: 0
Steal ticks percentage since vm start:  0,000

CPU:total 4 (initial active 4) (2 cores per cpu, 2 threads per core) family 6 model 42 stepping 7, cmov, cx8, fxsr, mmx, sse, sse2, sse3, ssse3, sse4.1, sse4.2, popcnt, avx, aes, clmul, ht, tsc, tscinvbit
CPU Model and flags from /proc/cpuinfo:
model name	: Intel(R) Core(TM) i5-2540M CPU @ 2.60GHz
flags		: fpu vme de pse tsc msr pae mce cx8 apic sep mtrr pge mca cmov pat pse36 clflush dts acpi mmx fxsr sse sse2 ss ht tm pbe syscall nx rdtscp lm constant_tsc arch_perfmon pebs bts rep_good nopl xtopology nonstop_tsc cpuid aperfmperf pni pclmulqdq dtes64 monitor ds_cpl vmx smx est tm2 ssse3 cx16 xtpr pdcm pcid sse4_1 sse4_2 x2apic popcnt tsc_deadline_timer aes xsave avx lahf_lm epb pti ssbd ibrs ibpb stibp tpr_shadow vnmi flexpriority ept vpid xsaveopt dtherm ida arat pln pts md_clear flush_l1d

Memory: 4k page, physical 3916820k(1429464k free), swap 4071420k(3315196k free)

vm_info: OpenJDK 64-Bit Server VM (11.0.6+10-post-Debian-1deb10u1) for linux-amd64 JRE (11.0.6+10-post-Debian-1deb10u1), built on Jan 17 2020 00:09:03 by "unknown" with gcc 8.3.0

END.
