#
# A fatal error has been detected by the Java Runtime Environment:
#
#  SIGSEGV (0xb) at pc=0x00007f4d48b5eea1, pid=2389, tid=9695
#
# JRE version: OpenJDK Runtime Environment (11.0.6+10) (build 11.0.6+10-post-Debian-1deb10u1)
# Java VM: OpenJDK 64-Bit Server VM (11.0.6+10-post-Debian-1deb10u1, mixed mode, sharing, tiered, compressed oops, g1 gc, linux-amd64)
# Problematic frame:
# C  [libjimage.so+0x2ea1]
#
# No core dump will be written. Core dumps have been disabled. To enable core dumping, try "ulimit -c unlimited" before starting Java again
#
# If you would like to submit a bug report, please visit:
#   https://bugs.debian.org/openjdk-11
#

---------------  S U M M A R Y ------------

Command Line: -Dfile.encoding=UTF-8 main

Host: Intel(R) Core(TM) i5-2540M CPU @ 2.60GHz, 4 cores, 3G, Debian GNU/Linux 10 (buster)
Time: Sat Aug 22 04:15:59 2020 CEST elapsed time: 46278 seconds (0d 12h 51m 18s)

---------------  T H R E A D  ---------------

Current thread (0x00007f4cb4001800):  JavaThread "XToolkt-Shutdown-Thread" [_thread_in_vm, id=9695, stack(0x00007f4d43eff000,0x00007f4d44000000)]

Stack: [0x00007f4d43eff000,0x00007f4d44000000],  sp=0x00007f4d43ffcfc0,  free space=1015k
Native frames: (J=compiled Java code, A=aot compiled Java code, j=interpreted, Vv=VM code, C=native code)
C  [libjimage.so+0x2ea1]
C  [libjimage.so+0x3b1a]
C  [libjimage.so+0x3fe5]  JIMAGE_FindResource+0xd5
V  [libjvm.so+0x567def]
V  [libjvm.so+0x56a08b]
V  [libjvm.so+0xc8e62c]
V  [libjvm.so+0xc8d262]
V  [libjvm.so+0xc8f766]
V  [libjvm.so+0x60eacd]
V  [libjvm.so+0x60ef32]
V  [libjvm.so+0x9bb4d6]
V  [libjvm.so+0x9c1f6d]
V  [libjvm.so+0x7f22b6]
V  [libjvm.so+0x7f28ed]
j  sun.awt.X11.XToolkit.lambda$init$0()V+0 java.desktop@11.0.6
j  sun.awt.X11.XToolkit$$Lambda$10.run()V+4 java.desktop@11.0.6
j  java.lang.Thread.run()V+11 java.base@11.0.6
v  ~StubRoutines::call_stub
V  [libjvm.so+0x7f8991]
V  [libjvm.so+0x7f6e30]
V  [libjvm.so+0x7f6eeb]
V  [libjvm.so+0x8959dc]
V  [libjvm.so+0xcc48e4]
V  [libjvm.so+0xcc4be0]
V  [libjvm.so+0xcc0894]
V  [libjvm.so+0xb3511e]

Java frames: (J=compiled Java code, j=interpreted, Vv=VM code)
j  sun.awt.X11.XToolkit.lambda$init$0()V+0 java.desktop@11.0.6
j  sun.awt.X11.XToolkit$$Lambda$10.run()V+4 java.desktop@11.0.6
j  java.lang.Thread.run()V+11 java.base@11.0.6
v  ~StubRoutines::call_stub

siginfo: si_signo: 11 (SIGSEGV), si_code: 1 (SEGV_MAPERR), si_addr: 0x00007f4d3b926f28

Register to memory mapping:

RAX=0x0000000000005bc3 is an unknown value
RBX=0x00007f4d43ffd071 is pointing into the stack for thread: 0x00007f4cb4001800
RCX=0x00007f4d3b91001c is an unknown value
RDX=0x0000000000005bc3 is an unknown value
RSP=0x00007f4d43ffcfc0 is pointing into the stack for thread: 0x00007f4cb4001800
RBP=0x00007f4d43ffcfe0 is pointing into the stack for thread: 0x00007f4cb4001800
RSI=0x00007f4d43ffd070 is pointing into the stack for thread: 0x00007f4cb4001800
RDI=0x00007f4d48b64130: <offset 0x0000000000008130> in /usr/lib/jvm/java-11-openjdk-amd64/lib/libjimage.so at 0x00007f4d48b5c000
R8 =0x0 is NULL
R9 =
[error occurred during error reporting (printing register info), id 0xb, SIGSEGV (0xb) at pc=0x00007f4d496d4be7]

Registers:
RAX=0x0000000000005bc3, RBX=0x00007f4d43ffd071, RCX=0x00007f4d3b91001c, RDX=0x0000000000005bc3
RSP=0x00007f4d43ffcfc0, RBP=0x00007f4d43ffcfe0, RSI=0x00007f4d43ffd070, RDI=0x00007f4d48b64130
R8 =0x0000000000000000, R9 =0x00000000ca0d71f0, R10=0x00007f4d43ffd094, R11=0x00007f4d4a288b60
R12=0x00007f4d43ffd070, R13=0x00000000000083a0, R14=0x00007f4d43ffe108, R15=0x00007f4d00021ce0
RIP=0x00007f4d48b5eea1, EFLAGS=0x0000000000010246, CSGSFS=0x002b000000000033, ERR=0x0000000000000004
  TRAPNO=0x000000000000000e

Top of Stack: (sp=0x00007f4d43ffcfc0)
0x00007f4d43ffcfc0:   0000000000000000 00007f4d44020ae0
0x00007f4d43ffcfd0:   0000000000000000 00007f4d43ffd070
0x00007f4d43ffcfe0:   00007f4d43ffd050 00007f4d48b5fb1a
0x00007f4d43ffcff0:   0000000000000000 0000000000000000 

Instructions: (pc=0x00007f4d48b5eea1)
0x00007f4d48b5eda1:   48 89 df 48 89 4d 88 e8 83 f3 ff ff 48 8b 4d 88
0x00007f4d48b5edb1:   44 03 6d 90 e9 42 fd ff ff 66 0f 1f 44 00 00 8b
0x00007f4d48b5edc1:   08 41 89 0e 44 89 c1 8b 74 08 fc 41 89 74 0e fc
0x00007f4d48b5edd1:   e9 d8 fe ff ff 66 2e 0f 1f 84 00 00 00 00 00 b9
0x00007f4d48b5ede1:   0a 00 00 00 e9 95 fd ff ff 44 89 c1 0f b7 74 08
0x00007f4d48b5edf1:   fe 66 41 89 74 0e fe e9 b1 fe ff ff 0f 1f 00 0f
0x00007f4d48b5ee01:   b6 17 89 f1 4c 8d 47 01 84 d2 74 1a 0f 1f 00 69
0x00007f4d48b5ee11:   c9 93 01 00 01 49 83 c0 01 31 d1 41 0f b6 50 ff
0x00007f4d48b5ee21:   84 d2 75 eb 89 ce 89 f0 25 ff ff ff 7f c3 90 48
0x00007f4d48b5ee31:   85 d2 0f 84 e1 00 00 00 85 c9 0f 84 d9 00 00 00
0x00007f4d48b5ee41:   55 48 89 e5 41 55 41 54 53 48 8d 5e 01 48 83 ec
0x00007f4d48b5ee51:   08 44 0f b6 06 45 84 c0 0f 84 b1 00 00 00 49 89
0x00007f4d48b5ee61:   da b8 93 01 00 01 66 0f 1f 84 00 00 00 00 00 44
0x00007f4d48b5ee71:   69 c8 93 01 00 01 49 83 c2 01 41 0f b6 c0 45 0f
0x00007f4d48b5ee81:   b6 42 ff 44 31 c8 45 84 c0 75 e4 25 ff ff ff 7f
0x00007f4d48b5ee91:   41 89 cd 48 89 d1 31 d2 49 89 f4 41 f7 f5 89 d0
0x00007f4d48b5eea1:   8b 34 81 48 8b 07 ff 50 20 85 c0 7f 22 ba ff ff
0x00007f4d48b5eeb1:   ff ff 74 04 f7 d0 89 c2 48 83 c4 08 89 d0 5b 41
0x00007f4d48b5eec1:   5c 41 5d 5d c3 66 2e 0f 1f 84 00 00 00 00 00 41
0x00007f4d48b5eed1:   0f b6 34 24 89 c7 40 84 f6 74 1b 0f 1f 40 00 69
0x00007f4d48b5eee1:   ff 93 01 00 01 48 83 c3 01 31 f7 0f b6 73 ff 40
0x00007f4d48b5eef1:   84 f6 75 eb 89 f8 25 ff ff ff 7f 31 d2 48 83 c4
0x00007f4d48b5ef01:   08 41 f7 f5 5b 41 5c 41 5d 5d 89 d0 c3 66 90 b8
0x00007f4d48b5ef11:   93 01 00 01 e9 77 ff ff ff 83 ca ff 89 d0 c3 0f
0x00007f4d48b5ef21:   b6 17 48 89 f8 84 d2 75 19 eb 1e 0f 1f 40 00 38
0x00007f4d48b5ef31:   ca 75 1c 48 83 c0 01 0f b6 10 48 83 c6 01 84 d2
0x00007f4d48b5ef41:   74 15 0f b6 0e 84 c9 75 e6 c3 0f 1f 44 00 00 31
0x00007f4d48b5ef51:   c0 c3 0f 1f 44 00 00 c3 90 66 0f 1f 44 00 00 48
0x00007f4d48b5ef61:   85 f6 74 5a 0f b6 06 84 c0 74 54 0f 1f 40 00 0f
0x00007f4d48b5ef71:   b6 d0 83 e0 07 c1 fa 03 44 8d 50 01 0f b6 c0 41
0x00007f4d48b5ef81:   89 d1 4c 8d 44 06 02 48 8d 56 01 31 c0 66 90 0f
0x00007f4d48b5ef91:   b6 0a 48 c1 e0 08 48 83 c2 01 48 09 c8 49 39 d0 


Stack slot to memory mapping:
stack at sp + 0 slots: 0x0 is NULL
stack at sp + 1 slots: 0x00007f4d44020ae0 points into unknown readable memory: 50 0f 00 d4 4c 7f 00 00
stack at sp + 2 slots: 0x0 is NULL
stack at sp + 3 slots: 0x00007f4d43ffd070 is pointing into the stack for thread: 0x00007f4cb4001800
stack at sp + 4 slots: 0x00007f4d43ffd050 is pointing into the stack for thread: 0x00007f4cb4001800
stack at sp + 5 slots: 0x00007f4d48b5fb1a: <offset 0x0000000000003b1a> in /usr/lib/jvm/java-11-openjdk-amd64/lib/libjimage.so at 0x00007f4d48b5c000
stack at sp + 6 slots: 0x0 is NULL
stack at sp + 7 slots: 0x0 is NULL


---------------  P R O C E S S  ---------------

Threads class SMR info:
_java_thread_list=0x00007f4cb4002ba0, length=17, elements={
0x00007f4d440bb800, 0x00007f4d440c5800, 0x00007f4d440cb000, 0x00007f4d440cd000,
0x00007f4d440cf000, 0x00007f4d440d1000, 0x00007f4d44100800, 0x00007f4d44105000,
0x00007f4d441fc800, 0x00007f4d44240000, 0x00007f4d443b0800, 0x00007f4d443b2000,
0x00007f4d44014000, 0x00007f4cc00a8000, 0x00007f4cfc001000, 0x00007f4cfc002800,
0x00007f4cb4001800
}

Java Threads: ( => current thread )
  0x00007f4d440bb800 JavaThread "Reference Handler" daemon [_thread_blocked, id=2402, stack(0x00007f4d175fd000,0x00007f4d176fe000)]
  0x00007f4d440c5800 JavaThread "Finalizer" daemon [_thread_blocked, id=2403, stack(0x00007f4d174fc000,0x00007f4d175fd000)]
  0x00007f4d440cb000 JavaThread "Signal Dispatcher" daemon [_thread_blocked, id=2404, stack(0x00007f4d17116000,0x00007f4d17217000)]
  0x00007f4d440cd000 JavaThread "C2 CompilerThread0" daemon [_thread_blocked, id=2405, stack(0x00007f4d17015000,0x00007f4d17116000)]
  0x00007f4d440cf000 JavaThread "C1 CompilerThread0" daemon [_thread_blocked, id=2406, stack(0x00007f4d16f14000,0x00007f4d17015000)]
  0x00007f4d440d1000 JavaThread "Sweeper thread" daemon [_thread_blocked, id=2407, stack(0x00007f4d16e13000,0x00007f4d16f14000)]
  0x00007f4d44100800 JavaThread "Service Thread" daemon [_thread_blocked, id=2408, stack(0x00007f4d16d12000,0x00007f4d16e13000)]
  0x00007f4d44105000 JavaThread "Common-Cleaner" daemon [_thread_blocked, id=2410, stack(0x00007f4d16b0f000,0x00007f4d16c10000)]
  0x00007f4d441fc800 JavaThread "Java2D Disposer" daemon [_thread_blocked, id=2414, stack(0x00007f4ce36fe000,0x00007f4ce37ff000)]
  0x00007f4d44240000 JavaThread "AWT-XAWT" daemon [_thread_in_native, id=2415, stack(0x00007f4ce33f7000,0x00007f4ce34f8000)]
  0x00007f4d443b0800 JavaThread "AWT-Shutdown" [_thread_blocked, id=2417, stack(0x00007f4ce31f5000,0x00007f4ce32f6000)]
  0x00007f4d443b2000 JavaThread "AWT-EventQueue-0" [_thread_blocked, id=2418, stack(0x00007f4ce30f4000,0x00007f4ce31f5000)]
  0x00007f4d44014000 JavaThread "DestroyJavaVM" [_thread_blocked, id=2392, stack(0x00007f4d48bca000,0x00007f4d48ccb000)]
  0x00007f4cc00a8000 JavaThread "TimerQueue" daemon [_thread_blocked, id=2425, stack(0x00007f4ce2bf3000,0x00007f4ce2cf4000)]
  0x00007f4cfc001000 JavaThread "SIGTERM handler" daemon [_thread_blocked, id=9670, stack(0x00007f4ce32f6000,0x00007f4ce33f7000)]
  0x00007f4cfc002800 JavaThread "SIGHUP handler" daemon [_thread_blocked, id=9683, stack(0x00007f4ce27ec000,0x00007f4ce28ed000)]
=>0x00007f4cb4001800 JavaThread "XToolkt-Shutdown-Thread" [_thread_in_vm, id=9695, stack(0x00007f4d43eff000,0x00007f4d44000000)]

Other Threads:
  0x00007f4d440b8800 VMThread "VM Thread" [stack: 0x00007f4d17700000,0x00007f4d17800000] [id=2401]
  0x00007f4d44102800 WatcherThread [stack: 0x00007f4d16c12000,0x00007f4d16d12000] [id=2409]
  0x00007f4d4402c800 GCTaskThread "GC Thread#0" [stack: 0x00007f4d4887a000,0x00007f4d4897a000] [id=2396]
  0x00007f4d0c009000 GCTaskThread "GC Thread#1" [stack: 0x00007f4ce2af3000,0x00007f4ce2bf3000] [id=2422]
  0x00007f4d0c00a000 GCTaskThread "GC Thread#2" [stack: 0x00007f4ce29f1000,0x00007f4ce2af1000] [id=2423]
  0x00007f4d0c00b800 GCTaskThread "GC Thread#3" [stack: 0x00007f4ce28ef000,0x00007f4ce29ef000] [id=2424]
  0x00007f4d44047000 ConcurrentGCThread "G1 Main Marker" [stack: 0x00007f4d2c631000,0x00007f4d2c731000] [id=2397]
  0x00007f4d44048800 ConcurrentGCThread "G1 Conc#0" [stack: 0x00007f4d2c52f000,0x00007f4d2c62f000] [id=2398]
  0x00007f4d4408a800 ConcurrentGCThread "G1 Refine#0" [stack: 0x00007f4d2c029000,0x00007f4d2c129000] [id=2399]
  0x00007f4d4408c000 ConcurrentGCThread "G1 Young RemSet Sampling" [stack: 0x00007f4d24110000,0x00007f4d24210000] [id=2400]

Threads with active compile tasks:

VM state:not at safepoint (normal execution)

VM Mutex/Monitor currently owned by a thread: None

Heap address: 0x00000000c4200000, size: 958 MB, Compressed Oops mode: 32-bit
Narrow klass base: 0x0000000800000000, Narrow klass shift: 3
Compressed class space size: 1073741824 Address: 0x0000000840000000

Heap:
 garbage-first heap   total 63488K, used 7384K [0x00000000c4200000, 0x0000000100000000)
  region size 1024K, 7 young (7168K), 2 survivors (2048K)
 Metaspace       used 13911K, capacity 14451K, committed 14848K, reserved 1062912K
  class space    used 1705K, capacity 1959K, committed 2048K, reserved 1048576K
Heap Regions: E=young(eden), S=young(survivor), O=old, HS=humongous(starts), HC=humongous(continues), CS=collection set, F=free, A=archive, TAMS=top-at-mark-start (previous, next)
|   0|0x00000000c4200000, 0x00000000c4285200, 0x00000000c4300000| 52%| O|  |TAMS 0x00000000c4200000, 0x00000000c4200000| Untracked 
|   1|0x00000000c4300000, 0x00000000c4300000, 0x00000000c4400000|  0%| F|  |TAMS 0x00000000c4300000, 0x00000000c4300000| Untracked 
|   2|0x00000000c4400000, 0x00000000c4400000, 0x00000000c4500000|  0%| F|  |TAMS 0x00000000c4400000, 0x00000000c4400000| Untracked 
|   3|0x00000000c4500000, 0x00000000c4500000, 0x00000000c4600000|  0%| F|  |TAMS 0x00000000c4500000, 0x00000000c4500000| Untracked 
|   4|0x00000000c4600000, 0x00000000c4600000, 0x00000000c4700000|  0%| F|  |TAMS 0x00000000c4600000, 0x00000000c4600000| Untracked 
|   5|0x00000000c4700000, 0x00000000c4700000, 0x00000000c4800000|  0%| F|  |TAMS 0x00000000c4700000, 0x00000000c4700000| Untracked 
|   6|0x00000000c4800000, 0x00000000c4800000, 0x00000000c4900000|  0%| F|  |TAMS 0x00000000c4800000, 0x00000000c4800000| Untracked 
|   7|0x00000000c4900000, 0x00000000c4900000, 0x00000000c4a00000|  0%| F|  |TAMS 0x00000000c4900000, 0x00000000c4900000| Untracked 
|   8|0x00000000c4a00000, 0x00000000c4a00000, 0x00000000c4b00000|  0%| F|  |TAMS 0x00000000c4a00000, 0x00000000c4a00000| Untracked 
|   9|0x00000000c4b00000, 0x00000000c4b00000, 0x00000000c4c00000|  0%| F|  |TAMS 0x00000000c4b00000, 0x00000000c4b00000| Untracked 
|  10|0x00000000c4c00000, 0x00000000c4c00000, 0x00000000c4d00000|  0%| F|  |TAMS 0x00000000c4c00000, 0x00000000c4c00000| Untracked 
|  11|0x00000000c4d00000, 0x00000000c4d00000, 0x00000000c4e00000|  0%| F|  |TAMS 0x00000000c4d00000, 0x00000000c4d00000| Untracked 
|  12|0x00000000c4e00000, 0x00000000c4e00000, 0x00000000c4f00000|  0%| F|  |TAMS 0x00000000c4e00000, 0x00000000c4e00000| Untracked 
|  13|0x00000000c4f00000, 0x00000000c4f00000, 0x00000000c5000000|  0%| F|  |TAMS 0x00000000c4f00000, 0x00000000c4f00000| Untracked 
|  14|0x00000000c5000000, 0x00000000c5000000, 0x00000000c5100000|  0%| F|  |TAMS 0x00000000c5000000, 0x00000000c5000000| Untracked 
|  15|0x00000000c5100000, 0x00000000c5100000, 0x00000000c5200000|  0%| F|  |TAMS 0x00000000c5100000, 0x00000000c5100000| Untracked 
|  16|0x00000000c5200000, 0x00000000c5200000, 0x00000000c5300000|  0%| F|  |TAMS 0x00000000c5200000, 0x00000000c5200000| Untracked 
|  17|0x00000000c5300000, 0x00000000c5300000, 0x00000000c5400000|  0%| F|  |TAMS 0x00000000c5300000, 0x00000000c5300000| Untracked 
|  18|0x00000000c5400000, 0x00000000c5400000, 0x00000000c5500000|  0%| F|  |TAMS 0x00000000c5400000, 0x00000000c5400000| Untracked 
|  19|0x00000000c5500000, 0x00000000c5500000, 0x00000000c5600000|  0%| F|  |TAMS 0x00000000c5500000, 0x00000000c5500000| Untracked 
|  20|0x00000000c5600000, 0x00000000c5600000, 0x00000000c5700000|  0%| F|  |TAMS 0x00000000c5600000, 0x00000000c5600000| Untracked 
|  21|0x00000000c5700000, 0x00000000c5700000, 0x00000000c5800000|  0%| F|  |TAMS 0x00000000c5700000, 0x00000000c5700000| Untracked 
|  22|0x00000000c5800000, 0x00000000c5800000, 0x00000000c5900000|  0%| F|  |TAMS 0x00000000c5800000, 0x00000000c5800000| Untracked 
|  23|0x00000000c5900000, 0x00000000c5900000, 0x00000000c5a00000|  0%| F|  |TAMS 0x00000000c5900000, 0x00000000c5900000| Untracked 
|  24|0x00000000c5a00000, 0x00000000c5a00000, 0x00000000c5b00000|  0%| F|  |TAMS 0x00000000c5a00000, 0x00000000c5a00000| Untracked 
|  25|0x00000000c5b00000, 0x00000000c5b00000, 0x00000000c5c00000|  0%| F|  |TAMS 0x00000000c5b00000, 0x00000000c5b00000| Untracked 
|  26|0x00000000c5c00000, 0x00000000c5c00000, 0x00000000c5d00000|  0%| F|  |TAMS 0x00000000c5c00000, 0x00000000c5c00000| Untracked 
|  27|0x00000000c5d00000, 0x00000000c5d00000, 0x00000000c5e00000|  0%| F|  |TAMS 0x00000000c5d00000, 0x00000000c5d00000| Untracked 
|  28|0x00000000c5e00000, 0x00000000c5e00000, 0x00000000c5f00000|  0%| F|  |TAMS 0x00000000c5e00000, 0x00000000c5e00000| Untracked 
|  29|0x00000000c5f00000, 0x00000000c5f00000, 0x00000000c6000000|  0%| F|  |TAMS 0x00000000c5f00000, 0x00000000c5f00000| Untracked 
|  30|0x00000000c6000000, 0x00000000c6000000, 0x00000000c6100000|  0%| F|  |TAMS 0x00000000c6000000, 0x00000000c6000000| Untracked 
|  31|0x00000000c6100000, 0x00000000c6100000, 0x00000000c6200000|  0%| F|  |TAMS 0x00000000c6100000, 0x00000000c6100000| Untracked 
|  32|0x00000000c6200000, 0x00000000c6200000, 0x00000000c6300000|  0%| F|  |TAMS 0x00000000c6200000, 0x00000000c6200000| Untracked 
|  33|0x00000000c6300000, 0x00000000c6300000, 0x00000000c6400000|  0%| F|  |TAMS 0x00000000c6300000, 0x00000000c6300000| Untracked 
|  34|0x00000000c6400000, 0x00000000c6400000, 0x00000000c6500000|  0%| F|  |TAMS 0x00000000c6400000, 0x00000000c6400000| Untracked 
|  35|0x00000000c6500000, 0x00000000c6500000, 0x00000000c6600000|  0%| F|  |TAMS 0x00000000c6500000, 0x00000000c6500000| Untracked 
|  36|0x00000000c6600000, 0x00000000c6600000, 0x00000000c6700000|  0%| F|  |TAMS 0x00000000c6600000, 0x00000000c6600000| Untracked 
|  37|0x00000000c6700000, 0x00000000c6700000, 0x00000000c6800000|  0%| F|  |TAMS 0x00000000c6700000, 0x00000000c6700000| Untracked 
|  38|0x00000000c6800000, 0x00000000c6800000, 0x00000000c6900000|  0%| F|  |TAMS 0x00000000c6800000, 0x00000000c6800000| Untracked 
|  39|0x00000000c6900000, 0x00000000c6900000, 0x00000000c6a00000|  0%| F|  |TAMS 0x00000000c6900000, 0x00000000c6900000| Untracked 
|  40|0x00000000c6a00000, 0x00000000c6a00000, 0x00000000c6b00000|  0%| F|  |TAMS 0x00000000c6a00000, 0x00000000c6a00000| Untracked 
|  41|0x00000000c6b00000, 0x00000000c6b00000, 0x00000000c6c00000|  0%| F|  |TAMS 0x00000000c6b00000, 0x00000000c6b00000| Untracked 
|  42|0x00000000c6c00000, 0x00000000c6c00000, 0x00000000c6d00000|  0%| F|  |TAMS 0x00000000c6c00000, 0x00000000c6c00000| Untracked 
|  43|0x00000000c6d00000, 0x00000000c6d00000, 0x00000000c6e00000|  0%| F|  |TAMS 0x00000000c6d00000, 0x00000000c6d00000| Untracked 
|  44|0x00000000c6e00000, 0x00000000c6f00000, 0x00000000c6f00000|100%| S|CS|TAMS 0x00000000c6e00000, 0x00000000c6e00000| Complete 
|  45|0x00000000c6f00000, 0x00000000c7000000, 0x00000000c7000000|100%| S|CS|TAMS 0x00000000c6f00000, 0x00000000c6f00000| Complete 
|  46|0x00000000c7000000, 0x00000000c7000000, 0x00000000c7100000|  0%| F|  |TAMS 0x00000000c7000000, 0x00000000c7000000| Untracked 
|  47|0x00000000c7100000, 0x00000000c7100000, 0x00000000c7200000|  0%| F|  |TAMS 0x00000000c7100000, 0x00000000c7100000| Untracked 
|  48|0x00000000c7200000, 0x00000000c7200000, 0x00000000c7300000|  0%| F|  |TAMS 0x00000000c7200000, 0x00000000c7200000| Untracked 
|  49|0x00000000c7300000, 0x00000000c7300000, 0x00000000c7400000|  0%| F|  |TAMS 0x00000000c7300000, 0x00000000c7300000| Untracked 
|  50|0x00000000c7400000, 0x00000000c7400000, 0x00000000c7500000|  0%| F|  |TAMS 0x00000000c7400000, 0x00000000c7400000| Untracked 
|  51|0x00000000c7500000, 0x00000000c7500000, 0x00000000c7600000|  0%| F|  |TAMS 0x00000000c7500000, 0x00000000c7500000| Untracked 
|  52|0x00000000c7600000, 0x00000000c7600000, 0x00000000c7700000|  0%| F|  |TAMS 0x00000000c7600000, 0x00000000c7600000| Untracked 
|  53|0x00000000c7700000, 0x00000000c7700000, 0x00000000c7800000|  0%| F|  |TAMS 0x00000000c7700000, 0x00000000c7700000| Untracked 
|  54|0x00000000c7800000, 0x00000000c7800000, 0x00000000c7900000|  0%| F|  |TAMS 0x00000000c7800000, 0x00000000c7800000| Untracked 
|  55|0x00000000c7900000, 0x00000000c798e950, 0x00000000c7a00000| 55%| E|  |TAMS 0x00000000c7900000, 0x00000000c7900000| Complete 
|  56|0x00000000c7a00000, 0x00000000c7b00000, 0x00000000c7b00000|100%| E|CS|TAMS 0x00000000c7a00000, 0x00000000c7a00000| Complete 
|  57|0x00000000c7b00000, 0x00000000c7c00000, 0x00000000c7c00000|100%| E|CS|TAMS 0x00000000c7b00000, 0x00000000c7b00000| Complete 
|  58|0x00000000c7c00000, 0x00000000c7d00000, 0x00000000c7d00000|100%| E|CS|TAMS 0x00000000c7c00000, 0x00000000c7c00000| Complete 
|  59|0x00000000c7d00000, 0x00000000c7e00000, 0x00000000c7e00000|100%| E|CS|TAMS 0x00000000c7d00000, 0x00000000c7d00000| Complete 
| 956|0x00000000ffe00000, 0x00000000ffe47000, 0x00000000fff00000| 27%|OA|  |TAMS 0x00000000ffe00000, 0x00000000ffe00000| Untracked 
| 957|0x00000000fff00000, 0x00000000fff6a000, 0x0000000100000000| 41%|CA|  |TAMS 0x00000000fff00000, 0x00000000fff00000| Untracked 

Card table byte_map: [0x00007f4d480b6000,0x00007f4d48295000] _byte_map_base: 0x00007f4d47a95000

Marking Bits (Prev, Next): (CMBitMap*) 0x00007f4d44042348, (CMBitMap*) 0x00007f4d44042380
 Prev Bits: [0x00007f4d27108000, 0x00007f4d28000000)
 Next Bits: [0x00007f4d26210000, 0x00007f4d27108000)

Polling page: 0x00007f4d4a52c000

Metaspace:

Usage:
  Non-class:     12,20 MB capacity,    11,92 MB ( 98%) used,   226,68 KB (  2%) free+waste,    58,88 KB ( <1%) overhead. 
      Class:      1,91 MB capacity,     1,67 MB ( 87%) used,   221,55 KB ( 11%) free+waste,    32,31 KB (  2%) overhead. 
       Both:     14,11 MB capacity,    13,59 MB ( 96%) used,   448,23 KB (  3%) free+waste,    91,19 KB ( <1%) overhead. 

Virtual space:
  Non-class space:       14,00 MB reserved,      12,50 MB ( 89%) committed 
      Class space:        1,00 GB reserved,       2,00 MB ( <1%) committed 
             Both:        1,01 GB reserved,      14,50 MB (  1%) committed 

Chunk freelists:
   Non-Class:  132,00 KB
       Class:  25,00 KB
        Both:  157,00 KB

MaxMetaspaceSize: unlimited
CompressedClassSpaceSize: 1,00 GB

CodeHeap 'non-profiled nmethods': size=120032Kb used=577Kb max_used=577Kb free=119454Kb
 bounds [0x00007f4d343d8000, 0x00007f4d34648000, 0x00007f4d3b910000]
CodeHeap 'profiled nmethods': size=120032Kb used=3834Kb max_used=3834Kb free=116197Kb
 bounds [0x00007f4d2cea0000, 0x00007f4d2d260000, 0x00007f4d343d8000]
CodeHeap 'non-nmethods': size=5696Kb used=1285Kb max_used=1298Kb free=4410Kb
 bounds [0x00007f4d2c910000, 0x00007f4d2cb80000, 0x00007f4d2cea0000]
 total_blobs=2819 nmethods=1789 adapters=611
 compilation: enabled
              stopped_count=0, restarted_count=0
 full_count=0

Compilation events (20 events):
Event: 7231,427 Thread 0x00007f4d440cf000 1779   !   3       sun.awt.X11.XToolkit$1::dispatchEvent (34 bytes)
Event: 7231,429 Thread 0x00007f4d440cf000 nmethod 1779 0x00007f4d2d247b90 code [0x00007f4d2d247ea0, 0x00007f4d2d248f88]
Event: 7231,429 Thread 0x00007f4d440cf000 1780       3       sun.awt.X11.XMSelection$1::dispatchEvent (10 bytes)
Event: 7231,429 Thread 0x00007f4d440cf000 nmethod 1780 0x00007f4d2d249510 code [0x00007f4d2d249720, 0x00007f4d2d249c78]
Event: 7232,953 Thread 0x00007f4d440cf000 1781       3       java.util.Vector::<init> (53 bytes)
Event: 7232,953 Thread 0x00007f4d440cf000 nmethod 1781 0x00007f4d2d249f10 code [0x00007f4d2d24a100, 0x00007f4d2d24a5f8]
Event: 7713,170 Thread 0x00007f4d440cd000 1782       4       sun.awt.X11.XAnyEvent::get_window (20 bytes)
Event: 7713,174 Thread 0x00007f4d440cd000 nmethod 1782 0x00007f4d34466710 code [0x00007f4d344668e0, 0x00007f4d34466ac8]
Event: 8889,513 Thread 0x00007f4d440cd000 1783       4       java.util.TreeMap::getEntry (84 bytes)
Event: 8889,516 Thread 0x00007f4d440cd000 nmethod 1783 0x00007f4d34466d90 code [0x00007f4d34466f40, 0x00007f4d344670b8]
Event: 8890,745 Thread 0x00007f4d440cd000 1784   !   4       sun.awt.X11.XToolkit::windowToXWindow (27 bytes)
Event: 8890,752 Thread 0x00007f4d440cd000 nmethod 1784 0x00007f4d34467290 code [0x00007f4d34467460, 0x00007f4d344679d8]
Event: 28253,715 Thread 0x00007f4d440cf000 1786 % !   3       sun.awt.X11.XToolkit::run @ 59 (384 bytes)
Event: 28253,729 Thread 0x00007f4d440cf000 nmethod 1786% 0x00007f4d2d24a790 code [0x00007f4d2d24b1a0, 0x00007f4d2d252228]
Event: 28762,186 Thread 0x00007f4d440cf000 1787   !   3       sun.awt.X11.XToolkit::run (384 bytes)
Event: 28762,198 Thread 0x00007f4d440cf000 nmethod 1787 0x00007f4d2d255410 code [0x00007f4d2d255e00, 0x00007f4d2d25baa8]
Event: 43459,347 Thread 0x00007f4d440cd000 1788       4       java.util.Vector$Itr::hasNext (20 bytes)
Event: 43459,356 Thread 0x00007f4d440cd000 nmethod 1788 0x00007f4d34468090 code [0x00007f4d34468220, 0x00007f4d344682b8]
Event: 45624,107 Thread 0x00007f4d440cd000 1789       4       sun.awt.X11.Native::getLong (25 bytes)
Event: 45624,115 Thread 0x00007f4d440cd000 nmethod 1789 0x00007f4d34468390 code [0x00007f4d34468520, 0x00007f4d344685b8]

GC Heap History (2 events):
Event: 2,255 GC heap before
{Heap before GC invocations=0 (full 0):
 garbage-first heap   total 63488K, used 15044K [0x00000000c4200000, 0x0000000100000000)
  region size 1024K, 14 young (14336K), 0 survivors (0K)
 Metaspace       used 12734K, capacity 13223K, committed 13440K, reserved 1060864K
  class space    used 1636K, capacity 1892K, committed 1920K, reserved 1048576K
}
Event: 2,267 GC heap after
{Heap after GC invocations=1 (full 0):
 garbage-first heap   total 63488K, used 3288K [0x00000000c4200000, 0x0000000100000000)
  region size 1024K, 2 young (2048K), 2 survivors (2048K)
 Metaspace       used 12734K, capacity 13223K, committed 13440K, reserved 1060864K
  class space    used 1636K, capacity 1892K, committed 1920K, reserved 1048576K
}

Deoptimization events (20 events):
Event: 2,215 Thread 0x00007f4d443b2000 Uncommon trap: trap_request=0xffffffde fr.pc=0x00007f4d343f6554 relative=0x00000000000001b4
Event: 2,215 Thread 0x00007f4d443b2000 Uncommon trap: reason=class_check action=maybe_recompile pc=0x00007f4d343f6554 method=java.lang.String.equals(Ljava/lang/Object;)Z @ 8 c2
Event: 2,215 Thread 0x00007f4d443b2000 DEOPT PACKING pc=0x00007f4d343f6554 sp=0x00007f4ce31eed40
Event: 2,215 Thread 0x00007f4d443b2000 DEOPT UNPACKING pc=0x00007f4d2c9389a5 sp=0x00007f4ce31eecf8 mode 2
Event: 2,216 Thread 0x00007f4d443b2000 Uncommon trap: trap_request=0xffffffde fr.pc=0x00007f4d343f6554 relative=0x00000000000001b4
Event: 2,216 Thread 0x00007f4d443b2000 Uncommon trap: reason=class_check action=maybe_recompile pc=0x00007f4d343f6554 method=java.lang.String.equals(Ljava/lang/Object;)Z @ 8 c2
Event: 2,216 Thread 0x00007f4d443b2000 DEOPT PACKING pc=0x00007f4d343f6554 sp=0x00007f4ce31ee9e0
Event: 2,216 Thread 0x00007f4d443b2000 DEOPT UNPACKING pc=0x00007f4d2c9389a5 sp=0x00007f4ce31ee998 mode 2
Event: 2,216 Thread 0x00007f4d443b2000 Uncommon trap: trap_request=0xffffffde fr.pc=0x00007f4d343f6554 relative=0x00000000000001b4
Event: 2,216 Thread 0x00007f4d443b2000 Uncommon trap: reason=class_check action=maybe_recompile pc=0x00007f4d343f6554 method=java.lang.String.equals(Ljava/lang/Object;)Z @ 8 c2
Event: 2,216 Thread 0x00007f4d443b2000 DEOPT PACKING pc=0x00007f4d343f6554 sp=0x00007f4ce31ee9f0
Event: 2,216 Thread 0x00007f4d443b2000 DEOPT UNPACKING pc=0x00007f4d2c9389a5 sp=0x00007f4ce31ee9a8 mode 2
Event: 2,216 Thread 0x00007f4d443b2000 Uncommon trap: trap_request=0xffffffde fr.pc=0x00007f4d343f6554 relative=0x00000000000001b4
Event: 2,216 Thread 0x00007f4d443b2000 Uncommon trap: reason=class_check action=maybe_recompile pc=0x00007f4d343f6554 method=java.lang.String.equals(Ljava/lang/Object;)Z @ 8 c2
Event: 2,216 Thread 0x00007f4d443b2000 DEOPT PACKING pc=0x00007f4d343f6554 sp=0x00007f4ce31ee910
Event: 2,216 Thread 0x00007f4d443b2000 DEOPT UNPACKING pc=0x00007f4d2c9389a5 sp=0x00007f4ce31ee8c8 mode 2
Event: 2,281 Thread 0x00007f4d443b2000 Uncommon trap: trap_request=0xffffff4d fr.pc=0x00007f4d3441643c relative=0x0000000000000e7c
Event: 2,281 Thread 0x00007f4d443b2000 Uncommon trap: reason=unstable_if action=reinterpret pc=0x00007f4d3441643c method=java.lang.ref.ReferenceQueue.poll()Ljava/lang/ref/Reference; @ 4 c2
Event: 2,281 Thread 0x00007f4d443b2000 DEOPT PACKING pc=0x00007f4d3441643c sp=0x00007f4ce31e9e80
Event: 2,281 Thread 0x00007f4d443b2000 DEOPT UNPACKING pc=0x00007f4d2c9389a5 sp=0x00007f4ce31e9d30 mode 2

Classes redefined (0 events):
No events

Internal exceptions (20 events):
Event: 0,367 Thread 0x00007f4d44014000 Exception <a 'java/lang/NoSuchMethodError'{0x00000000c79daf30}: 'java.lang.Object java.lang.invoke.DirectMethodHandle$Holder.invokeStatic(java.lang.Object, int, java.lang.Object, java.lang.Object, java.lang.Object)'> (0x00000000c79daf30) thrown at [/build
Event: 0,367 Thread 0x00007f4d44014000 Exception <a 'java/lang/NoSuchMethodError'{0x00000000c79dea78}: 'java.lang.Object java.lang.invoke.DirectMethodHandle$Holder.invokeSpecial(java.lang.Object, java.lang.Object, int, java.lang.Object, java.lang.Object, java.lang.Object)'> (0x00000000c79dea78
Event: 0,372 Thread 0x00007f4d44014000 Exception <a 'java/lang/NoSuchMethodError'{0x00000000c79f6328}: 'java.lang.Object java.lang.invoke.DirectMethodHandle$Holder.invokeStatic(java.lang.Object, int, java.lang.Object)'> (0x00000000c79f6328) thrown at [/build/openjdk-11-11.0.6+10/src/hotspot/sh
Event: 0,417 Thread 0x00007f4d44014000 Exception <a 'java/lang/NoSuchMethodError'{0x00000000c78e8528}: 'java.lang.Object java.lang.invoke.Invokers$Holder.linkToTargetMethod(java.lang.Object, int, java.lang.Object)'> (0x00000000c78e8528) thrown at [/build/openjdk-11-11.0.6+10/src/hotspot/share/
Event: 0,421 Thread 0x00007f4d44014000 Exception <a 'java/lang/ClassNotFoundException'{0x00000000c78f0a38}: com/sun/swing/internal/plaf/metal/resources/spi/metalProvider> (0x00000000c78f0a38) thrown at [/build/openjdk-11-11.0.6+10/src/hotspot/share/classfile/systemDictionary.cpp, line 231]
Event: 0,423 Thread 0x00007f4d44014000 Exception <a 'java/lang/ClassNotFoundException'{0x00000000c78f58a0}: com/sun/swing/internal/plaf/basic/resources/spi/basicProvider> (0x00000000c78f58a0) thrown at [/build/openjdk-11-11.0.6+10/src/hotspot/share/classfile/systemDictionary.cpp, line 231]
Event: 0,493 Thread 0x00007f4d44014000 Exception <a 'java/lang/NoSuchMethodError'{0x00000000c77b9fe8}: 'void java.lang.invoke.DirectMethodHandle$Holder.invokeStaticInit(java.lang.Object)'> (0x00000000c77b9fe8) thrown at [/build/openjdk-11-11.0.6+10/src/hotspot/share/interpreter/linkResolver.cp
Event: 0,502 Thread 0x00007f4d44014000 Exception <a 'java/lang/NoSuchMethodError'{0x00000000c761ec00}: 'java.lang.Object java.lang.invoke.DirectMethodHandle$Holder.invokeStatic(java.lang.Object, java.lang.Object, java.lang.Object, java.lang.Object, java.lang.Object, java.lang.Object, java.lang
Event: 0,504 Thread 0x00007f4d44014000 Exception <a 'java/lang/NoSuchMethodError'{0x00000000c762b5f8}: 'java.lang.Object java.lang.invoke.DirectMethodHandle$Holder.invokeStatic(java.lang.Object, java.lang.Object, java.lang.Object, java.lang.Object, java.lang.Object, java.lang.Object, java.lang
Event: 0,555 Thread 0x00007f4d44014000 Exception <a 'java/lang/NoSuchMethodError'{0x00000000c752bd10}: 'java.lang.Object java.lang.invoke.DirectMethodHandle$Holder.invokeSpecial(java.lang.Object, java.lang.Object, int, int, java.lang.Object, java.lang.Object, java.lang.Object, java.lang.Object
Event: 0,555 Thread 0x00007f4d44014000 Exception <a 'java/lang/NoSuchMethodError'{0x00000000c752f9a0}: 'java.lang.Object java.lang.invoke.DelegatingMethodHandle$Holder.reinvoke_L(java.lang.Object, int, int, java.lang.Object, java.lang.Object, java.lang.Object, java.lang.Object, java.lang.Objec
Event: 0,577 Thread 0x00007f4d44014000 Exception <a 'java/lang/NoSuchMethodError'{0x00000000c75d26e8}: 'java.lang.Object java.lang.invoke.Invokers$Holder.linkToTargetMethod(java.lang.Object, java.lang.Object, java.lang.Object, java.lang.Object, java.lang.Object, java.lang.Object)'> (0x00000000
Event: 0,586 Thread 0x00007f4d44014000 Exception <a 'java/lang/NoSuchMethodError'{0x00000000c743fb60}: 'java.lang.Object java.lang.invoke.DirectMethodHandle$Holder.invokeSpecial(java.lang.Object, java.lang.Object, int, int, java.lang.Object, java.lang.Object, java.lang.Object, java.lang.Object
Event: 0,586 Thread 0x00007f4d44014000 Exception <a 'java/lang/NoSuchMethodError'{0x00000000c7443540}: 'java.lang.Object java.lang.invoke.DelegatingMethodHandle$Holder.reinvoke_L(java.lang.Object, int, int, java.lang.Object, java.lang.Object, java.lang.Object, java.lang.Object)'> (0x00000000c7
Event: 0,645 Thread 0x00007f4d44014000 Exception <a 'java/lang/NoSuchMethodError'{0x00000000c7226e58}: 'java.lang.Object java.lang.invoke.DirectMethodHandle$Holder.invokeStatic(java.lang.Object, java.lang.Object, java.lang.Object, java.lang.Object, java.lang.Object, java.lang.Object, java.lang
Event: 0,647 Thread 0x00007f4d44014000 Exception <a 'java/lang/NoSuchMethodError'{0x00000000c7244de0}: 'java.lang.Object java.lang.invoke.DirectMethodHandle$Holder.invokeStatic(java.lang.Object, java.lang.Object, java.lang.Object, java.lang.Object, java.lang.Object, java.lang.Object, java.lang
Event: 0,649 Thread 0x00007f4d44014000 Exception <a 'java/lang/NoSuchMethodError'{0x00000000c7263ae0}: 'java.lang.Object java.lang.invoke.DirectMethodHandle$Holder.invokeStatic(java.lang.Object, java.lang.Object, java.lang.Object, java.lang.Object, java.lang.Object, java.lang.Object, java.lang
Event: 0,652 Thread 0x00007f4d44014000 Exception <a 'java/lang/NoSuchMethodError'{0x00000000c7283bd0}: 'java.lang.Object java.lang.invoke.DirectMethodHandle$Holder.invokeStatic(java.lang.Object, java.lang.Object, java.lang.Object, java.lang.Object, java.lang.Object, java.lang.Object, java.lang
Event: 14,264 Thread 0x00007f4d443b2000 Exception <a 'java/lang/Error'{0x00000000c7bd1c50}> (0x00000000c7bd1c50) thrown at [/build/openjdk-11-11.0.6+10/src/hotspot/share/prims/jvm.cpp, line 1301]
Event: 14,264 Thread 0x00007f4d443b2000 Exception <a 'java/lang/Error'{0x00000000c7bd1c50}> (0x00000000c7bd1c50) thrown at [/build/openjdk-11-11.0.6+10/src/hotspot/share/prims/jvm.cpp, line 1301]

Events (20 events):
Event: 14,264 loading class javax/swing/table/DefaultTableCellRenderer$UIResource done
Event: 14,264 loading class java/lang/InterruptedException
Event: 14,264 loading class java/lang/InterruptedException done
Event: 14,265 loading class java/lang/Throwable$WrappedPrintStream
Event: 14,265 loading class java/lang/Throwable$PrintStreamOrWriter
Event: 14,265 loading class java/lang/Throwable$PrintStreamOrWriter done
Event: 14,265 loading class java/lang/Throwable$WrappedPrintStream done
Event: 16,677 Executing VM operation: RevokeBias
Event: 16,677 Executing VM operation: RevokeBias done
Event: 46278,173 loading class jdk/internal/misc/Signal$1
Event: 46278,270 loading class jdk/internal/misc/Signal$1 done
Event: 46278,348 Thread 0x00007f4cfc001000 Thread added: 0x00007f4cfc001000
Event: 46278,348 Protecting memory [0x00007f4ce32f6000,0x00007f4ce32fa000] with protection modes 0
Event: 46278,358 Thread 0x00007f4cfc002800 Thread added: 0x00007f4cfc002800
Event: 46278,358 Protecting memory [0x00007f4ce27ec000,0x00007f4ce27f0000] with protection modes 0
Event: 46278,358 Executing VM operation: RevokeBias
Event: 46278,359 Executing VM operation: RevokeBias done
Event: 46278,403 Thread 0x00007f4cb4001800 Thread added: 0x00007f4cb4001800
Event: 46278,403 Protecting memory [0x00007f4d43eff000,0x00007f4d43f03000] with protection modes 0
Event: 46278,420 loading class sun/awt/X11/XSystemTrayPeer


Dynamic libraries:
c4200000-c7e00000 rw-p 00000000 00:00 0 
c7e00000-ffe00000 ---p 00000000 00:00 0 
ffe00000-ffe47000 rw-p 01105000 08:02 1578952                            /usr/lib/jvm/java-11-openjdk-amd64/lib/server/classes.jsa
ffe47000-fff00000 rw-p 00000000 00:00 0 
fff00000-fff6a000 rw-p 0109b000 08:02 1578952                            /usr/lib/jvm/java-11-openjdk-amd64/lib/server/classes.jsa
fff6a000-100000000 rw-p 00000000 00:00 0 
800000000-800002000 rwxp 00001000 08:02 1578952                          /usr/lib/jvm/java-11-openjdk-amd64/lib/server/classes.jsa
800002000-8003b8000 rw-p 00003000 08:02 1578952                          /usr/lib/jvm/java-11-openjdk-amd64/lib/server/classes.jsa
8003b8000-800a8d000 r--p 003b9000 08:02 1578952                          /usr/lib/jvm/java-11-openjdk-amd64/lib/server/classes.jsa
800a8d000-800a8e000 rw-p 00a8e000 08:02 1578952                          /usr/lib/jvm/java-11-openjdk-amd64/lib/server/classes.jsa
800a8e000-80109a000 r--p 00a8f000 08:02 1578952                          /usr/lib/jvm/java-11-openjdk-amd64/lib/server/classes.jsa
840000000-840200000 rw-p 00000000 00:00 0 
840200000-880000000 ---p 00000000 00:00 0 
55d507dfb000-55d507dfc000 r--p 00000000 08:02 921319                     /usr/lib/jvm/java-11-openjdk-amd64/bin/java
55d507dfc000-55d507dfd000 r-xp 00001000 08:02 921319                     /usr/lib/jvm/java-11-openjdk-amd64/bin/java
55d507dfd000-55d507dfe000 r--p 00002000 08:02 921319                     /usr/lib/jvm/java-11-openjdk-amd64/bin/java
55d507dfe000-55d507dff000 r--p 00002000 08:02 921319                     /usr/lib/jvm/java-11-openjdk-amd64/bin/java
55d507dff000-55d507e00000 rw-p 00003000 08:02 921319                     /usr/lib/jvm/java-11-openjdk-amd64/bin/java
55d50897e000-55d50899f000 rw-p 00000000 00:00 0                          [heap]
7f4cb0000000-7f4cb0021000 rw-p 00000000 00:00 0 
7f4cb0021000-7f4cb4000000 ---p 00000000 00:00 0 
7f4cb4000000-7f4cb4021000 rw-p 00000000 00:00 0 
7f4cb4021000-7f4cb8000000 ---p 00000000 00:00 0 
7f4cb8000000-7f4cb8021000 rw-p 00000000 00:00 0 
7f4cb8021000-7f4cbc000000 ---p 00000000 00:00 0 
7f4cbc000000-7f4cbc021000 rw-p 00000000 00:00 0 
7f4cbc021000-7f4cc0000000 ---p 00000000 00:00 0 
7f4cc0000000-7f4cc025a000 rw-p 00000000 00:00 0 
7f4cc025a000-7f4cc4000000 ---p 00000000 00:00 0 
7f4cc4000000-7f4cc4021000 rw-p 00000000 00:00 0 
7f4cc4021000-7f4cc8000000 ---p 00000000 00:00 0 
7f4cc8000000-7f4cc839d000 rw-p 00000000 00:00 0 
7f4cc839d000-7f4ccc000000 ---p 00000000 00:00 0 
7f4ccc000000-7f4ccc021000 rw-p 00000000 00:00 0 
7f4ccc021000-7f4cd0000000 ---p 00000000 00:00 0 
7f4cd0000000-7f4cd0021000 rw-p 00000000 00:00 0 
7f4cd0021000-7f4cd4000000 ---p 00000000 00:00 0 
7f4cd4000000-7f4cd4021000 rw-p 00000000 00:00 0 
7f4cd4021000-7f4cd8000000 ---p 00000000 00:00 0 
7f4cd8000000-7f4cd8021000 rw-p 00000000 00:00 0 
7f4cd8021000-7f4cdc000000 ---p 00000000 00:00 0 
7f4cdc000000-7f4cdc021000 rw-p 00000000 00:00 0 
7f4cdc021000-7f4ce0000000 ---p 00000000 00:00 0 
7f4ce25ec000-7f4ce266c000 rw-p 00000000 00:00 0 
7f4ce266c000-7f4ce27ec000 ---p 00000000 00:00 0 
7f4ce27ec000-7f4ce27f0000 ---p 00000000 00:00 0 
7f4ce27f0000-7f4ce28ed000 rw-p 00000000 00:00 0 
7f4ce28ed000-7f4ce28ee000 ---p 00000000 00:00 0 
7f4ce28ee000-7f4ce29ef000 rw-p 00000000 00:00 0 
7f4ce29ef000-7f4ce29f0000 ---p 00000000 00:00 0 
7f4ce29f0000-7f4ce2af1000 rw-p 00000000 00:00 0 
7f4ce2af1000-7f4ce2af2000 ---p 00000000 00:00 0 
7f4ce2af2000-7f4ce2bf3000 rw-p 00000000 00:00 0 
7f4ce2bf3000-7f4ce2bf7000 ---p 00000000 00:00 0 
7f4ce2bf7000-7f4ce2ef4000 rw-p 00000000 00:00 0 
7f4ce2ef4000-7f4ce30f4000 rw-p 00000000 00:00 0 
7f4ce30f4000-7f4ce30f8000 ---p 00000000 00:00 0 
7f4ce30f8000-7f4ce31f5000 rw-p 00000000 00:00 0 
7f4ce31f5000-7f4ce31f9000 ---p 00000000 00:00 0 
7f4ce31f9000-7f4ce32f6000 rw-p 00000000 00:00 0 
7f4ce32f6000-7f4ce32fa000 ---p 00000000 00:00 0 
7f4ce32fa000-7f4ce33f7000 rw-p 00000000 00:00 0 
7f4ce33f7000-7f4ce33fb000 ---p 00000000 00:00 0 
7f4ce33fb000-7f4ce34f8000 rw-p 00000000 00:00 0 
7f4ce34f8000-7f4ce34fd000 r-xp 00000000 08:02 793173                     /usr/lib/x86_64-linux-gnu/libXfixes.so.3.1.0
7f4ce34fd000-7f4ce36fc000 ---p 00005000 08:02 793173                     /usr/lib/x86_64-linux-gnu/libXfixes.so.3.1.0
7f4ce36fc000-7f4ce36fd000 r--p 00004000 08:02 793173                     /usr/lib/x86_64-linux-gnu/libXfixes.so.3.1.0
7f4ce36fd000-7f4ce36fe000 rw-p 00005000 08:02 793173                     /usr/lib/x86_64-linux-gnu/libXfixes.so.3.1.0
7f4ce36fe000-7f4ce3702000 ---p 00000000 00:00 0 
7f4ce3702000-7f4ce37ff000 rw-p 00000000 00:00 0 
7f4ce37ff000-7f4ce3800000 ---p 00000000 00:00 0 
7f4ce3800000-7f4ce4000000 rw-p 00000000 00:00 0 
7f4ce4000000-7f4ce4021000 rw-p 00000000 00:00 0 
7f4ce4021000-7f4ce8000000 ---p 00000000 00:00 0 
7f4ce8000000-7f4ce8021000 rw-p 00000000 00:00 0 
7f4ce8021000-7f4cec000000 ---p 00000000 00:00 0 
7f4cec000000-7f4cec021000 rw-p 00000000 00:00 0 
7f4cec021000-7f4cf0000000 ---p 00000000 00:00 0 
7f4cf0000000-7f4cf0021000 rw-p 00000000 00:00 0 
7f4cf0021000-7f4cf4000000 ---p 00000000 00:00 0 
7f4cf4000000-7f4cf46f9000 rw-p 00000000 00:00 0 
7f4cf46f9000-7f4cf8000000 ---p 00000000 00:00 0 
7f4cf8000000-7f4cf8021000 rw-p 00000000 00:00 0 
7f4cf8021000-7f4cfc000000 ---p 00000000 00:00 0 
7f4cfc000000-7f4cfc021000 rw-p 00000000 00:00 0 
7f4cfc021000-7f4d00000000 ---p 00000000 00:00 0 
7f4d00000000-7f4d00534000 rw-p 00000000 00:00 0 
7f4d00534000-7f4d04000000 ---p 00000000 00:00 0 
7f4d04000000-7f4d04021000 rw-p 00000000 00:00 0 
7f4d04021000-7f4d08000000 ---p 00000000 00:00 0 
7f4d08000000-7f4d08021000 rw-p 00000000 00:00 0 
7f4d08021000-7f4d0c000000 ---p 00000000 00:00 0 
7f4d0c000000-7f4d0c021000 rw-p 00000000 00:00 0 
7f4d0c021000-7f4d10000000 ---p 00000000 00:00 0 
7f4d10000000-7f4d10021000 rw-p 00000000 00:00 0 
7f4d10021000-7f4d14000000 ---p 00000000 00:00 0 
7f4d140ba000-7f4d140bd000 r--p 00000000 08:02 796589                     /usr/lib/x86_64-linux-gnu/libXcursor.so.1.0.2
7f4d140bd000-7f4d140c3000 r-xp 00003000 08:02 796589                     /usr/lib/x86_64-linux-gnu/libXcursor.so.1.0.2
7f4d140c3000-7f4d140c5000 r--p 00009000 08:02 796589                     /usr/lib/x86_64-linux-gnu/libXcursor.so.1.0.2
7f4d140c5000-7f4d140c6000 r--p 0000a000 08:02 796589                     /usr/lib/x86_64-linux-gnu/libXcursor.so.1.0.2
7f4d140c6000-7f4d140c7000 rw-p 0000b000 08:02 796589                     /usr/lib/x86_64-linux-gnu/libXcursor.so.1.0.2
7f4d140e1000-7f4d140e2000 ---p 00000000 00:00 0 
7f4d140e2000-7f4d148e2000 rw-p 00000000 00:00 0 
7f4d148e2000-7f4d148e3000 ---p 00000000 00:00 0 
7f4d148e3000-7f4d150e3000 rw-p 00000000 00:00 0 
7f4d150e3000-7f4d150e7000 r--p 00000000 08:02 1313752                    /usr/lib/x86_64-linux-gnu/gio/modules/libdconfsettings.so
7f4d150e7000-7f4d150ee000 r-xp 00004000 08:02 1313752                    /usr/lib/x86_64-linux-gnu/gio/modules/libdconfsettings.so
7f4d150ee000-7f4d150f1000 r--p 0000b000 08:02 1313752                    /usr/lib/x86_64-linux-gnu/gio/modules/libdconfsettings.so
7f4d150f1000-7f4d150f2000 ---p 0000e000 08:02 1313752                    /usr/lib/x86_64-linux-gnu/gio/modules/libdconfsettings.so
7f4d150f2000-7f4d150f3000 r--p 0000e000 08:02 1313752                    /usr/lib/x86_64-linux-gnu/gio/modules/libdconfsettings.so
7f4d150f3000-7f4d150f4000 rw-p 0000f000 08:02 1313752                    /usr/lib/x86_64-linux-gnu/gio/modules/libdconfsettings.so
7f4d150f4000-7f4d15114000 r--p 00000000 08:02 790272                     /usr/share/locale/it/LC_MESSAGES/glib20.mo
7f4d15114000-7f4d15116000 r--p 00000000 08:02 786721                     /usr/lib/x86_64-linux-gnu/libuuid.so.1.3.0
7f4d15116000-7f4d1511a000 r-xp 00002000 08:02 786721                     /usr/lib/x86_64-linux-gnu/libuuid.so.1.3.0
7f4d1511a000-7f4d1511b000 r--p 00006000 08:02 786721                     /usr/lib/x86_64-linux-gnu/libuuid.so.1.3.0
7f4d1511b000-7f4d1511c000 r--p 00006000 08:02 786721                     /usr/lib/x86_64-linux-gnu/libuuid.so.1.3.0
7f4d1511c000-7f4d1511d000 rw-p 00007000 08:02 786721                     /usr/lib/x86_64-linux-gnu/libuuid.so.1.3.0
7f4d1511d000-7f4d15127000 r--p 00000000 08:02 788196                     /usr/lib/x86_64-linux-gnu/libblkid.so.1.1.0
7f4d15127000-7f4d1515b000 r-xp 0000a000 08:02 788196                     /usr/lib/x86_64-linux-gnu/libblkid.so.1.1.0
7f4d1515b000-7f4d1516b000 r--p 0003e000 08:02 788196                     /usr/lib/x86_64-linux-gnu/libblkid.so.1.1.0
7f4d1516b000-7f4d1516c000 ---p 0004e000 08:02 788196                     /usr/lib/x86_64-linux-gnu/libblkid.so.1.1.0
7f4d1516c000-7f4d15171000 r--p 0004e000 08:02 788196                     /usr/lib/x86_64-linux-gnu/libblkid.so.1.1.0
7f4d15171000-7f4d15172000 rw-p 00053000 08:02 788196                     /usr/lib/x86_64-linux-gnu/libblkid.so.1.1.0
7f4d15172000-7f4d15174000 r--p 00000000 08:02 787520                     /usr/lib/x86_64-linux-gnu/libffi.so.6.0.4
7f4d15174000-7f4d15179000 r-xp 00002000 08:02 787520                     /usr/lib/x86_64-linux-gnu/libffi.so.6.0.4
7f4d15179000-7f4d1517a000 r--p 00007000 08:02 787520                     /usr/lib/x86_64-linux-gnu/libffi.so.6.0.4
7f4d1517a000-7f4d1517b000 r--p 00007000 08:02 787520                     /usr/lib/x86_64-linux-gnu/libffi.so.6.0.4
7f4d1517b000-7f4d1517c000 rw-p 00008000 08:02 787520                     /usr/lib/x86_64-linux-gnu/libffi.so.6.0.4
7f4d1517c000-7f4d1517e000 r--p 00000000 08:02 786839                     /usr/lib/x86_64-linux-gnu/libpcre.so.3.13.3
7f4d1517e000-7f4d151d0000 r-xp 00002000 08:02 786839                     /usr/lib/x86_64-linux-gnu/libpcre.so.3.13.3
7f4d151d0000-7f4d151ee000 r--p 00054000 08:02 786839                     /usr/lib/x86_64-linux-gnu/libpcre.so.3.13.3
7f4d151ee000-7f4d151ef000 r--p 00071000 08:02 786839                     /usr/lib/x86_64-linux-gnu/libpcre.so.3.13.3
7f4d151ef000-7f4d151f0000 rw-p 00072000 08:02 786839                     /usr/lib/x86_64-linux-gnu/libpcre.so.3.13.3
7f4d151f0000-7f4d151f4000 r--p 00000000 08:02 787130                     /usr/lib/x86_64-linux-gnu/libresolv-2.28.so
7f4d151f4000-7f4d15201000 r-xp 00004000 08:02 787130                     /usr/lib/x86_64-linux-gnu/libresolv-2.28.so
7f4d15201000-7f4d15205000 r--p 00011000 08:02 787130                     /usr/lib/x86_64-linux-gnu/libresolv-2.28.so
7f4d15205000-7f4d15206000 ---p 00015000 08:02 787130                     /usr/lib/x86_64-linux-gnu/libresolv-2.28.so
7f4d15206000-7f4d15207000 r--p 00015000 08:02 787130                     /usr/lib/x86_64-linux-gnu/libresolv-2.28.so
7f4d15207000-7f4d15208000 rw-p 00016000 08:02 787130                     /usr/lib/x86_64-linux-gnu/libresolv-2.28.so
7f4d15208000-7f4d1520a000 rw-p 00000000 00:00 0 
7f4d1520a000-7f4d1522f000 r-xp 00000000 08:02 788681                     /usr/lib/x86_64-linux-gnu/libselinux.so.1
7f4d1522f000-7f4d1542e000 ---p 00025000 08:02 788681                     /usr/lib/x86_64-linux-gnu/libselinux.so.1
7f4d1542e000-7f4d1542f000 r--p 00024000 08:02 788681                     /usr/lib/x86_64-linux-gnu/libselinux.so.1
7f4d1542f000-7f4d15430000 rw-p 00025000 08:02 788681                     /usr/lib/x86_64-linux-gnu/libselinux.so.1
7f4d15430000-7f4d15432000 rw-p 00000000 00:00 0 
7f4d15432000-7f4d1543e000 r--p 00000000 08:02 788270                     /usr/lib/x86_64-linux-gnu/libmount.so.1.1.0
7f4d1543e000-7f4d1547a000 r-xp 0000c000 08:02 788270                     /usr/lib/x86_64-linux-gnu/libmount.so.1.1.0
7f4d1547a000-7f4d1548c000 r--p 00048000 08:02 788270                     /usr/lib/x86_64-linux-gnu/libmount.so.1.1.0
7f4d1548c000-7f4d1548d000 ---p 0005a000 08:02 788270                     /usr/lib/x86_64-linux-gnu/libmount.so.1.1.0
7f4d1548d000-7f4d15490000 r--p 0005a000 08:02 788270                     /usr/lib/x86_64-linux-gnu/libmount.so.1.1.0
7f4d15490000-7f4d15491000 rw-p 0005d000 08:02 788270                     /usr/lib/x86_64-linux-gnu/libmount.so.1.1.0
7f4d15491000-7f4d1549c000 r--p 00000000 08:02 790340                     /usr/lib/x86_64-linux-gnu/libgobject-2.0.so.0.5800.3
7f4d1549c000-7f4d154ce000 r-xp 0000b000 08:02 790340                     /usr/lib/x86_64-linux-gnu/libgobject-2.0.so.0.5800.3
7f4d154ce000-7f4d154e4000 r--p 0003d000 08:02 790340                     /usr/lib/x86_64-linux-gnu/libgobject-2.0.so.0.5800.3
7f4d154e4000-7f4d154e5000 r--p 00052000 08:02 790340                     /usr/lib/x86_64-linux-gnu/libgobject-2.0.so.0.5800.3
7f4d154e5000-7f4d154e6000 rw-p 00053000 08:02 790340                     /usr/lib/x86_64-linux-gnu/libgobject-2.0.so.0.5800.3
7f4d154e6000-7f4d15501000 r--p 00000000 08:02 790338                     /usr/lib/x86_64-linux-gnu/libglib-2.0.so.0.5800.3
7f4d15501000-7f4d1557f000 r-xp 0001b000 08:02 790338                     /usr/lib/x86_64-linux-gnu/libglib-2.0.so.0.5800.3
7f4d1557f000-7f4d15601000 r--p 00099000 08:02 790338                     /usr/lib/x86_64-linux-gnu/libglib-2.0.so.0.5800.3
7f4d15601000-7f4d15602000 ---p 0011b000 08:02 790338                     /usr/lib/x86_64-linux-gnu/libglib-2.0.so.0.5800.3
7f4d15602000-7f4d15603000 r--p 0011b000 08:02 790338                     /usr/lib/x86_64-linux-gnu/libglib-2.0.so.0.5800.3
7f4d15603000-7f4d15604000 rw-p 0011c000 08:02 790338                     /usr/lib/x86_64-linux-gnu/libglib-2.0.so.0.5800.3
7f4d15604000-7f4d15605000 rw-p 00000000 00:00 0 
7f4d15605000-7f4d1563c000 r--p 00000000 08:02 790336                     /usr/lib/x86_64-linux-gnu/libgio-2.0.so.0.5800.3
7f4d1563c000-7f4d15735000 r-xp 00037000 08:02 790336                     /usr/lib/x86_64-linux-gnu/libgio-2.0.so.0.5800.3
7f4d15735000-7f4d157b7000 r--p 00130000 08:02 790336                     /usr/lib/x86_64-linux-gnu/libgio-2.0.so.0.5800.3
7f4d157b7000-7f4d157b8000 ---p 001b2000 08:02 790336                     /usr/lib/x86_64-linux-gnu/libgio-2.0.so.0.5800.3
7f4d157b8000-7f4d157c0000 r--p 001b2000 08:02 790336                     /usr/lib/x86_64-linux-gnu/libgio-2.0.so.0.5800.3
7f4d157c0000-7f4d157c1000 rw-p 001ba000 08:02 790336                     /usr/lib/x86_64-linux-gnu/libgio-2.0.so.0.5800.3
7f4d157c1000-7f4d157c3000 rw-p 00000000 00:00 0 
7f4d157c3000-7f4d157cd000 r-xp 00000000 08:02 796593                     /usr/lib/x86_64-linux-gnu/libXrandr.so.2.2.0
7f4d157cd000-7f4d159cc000 ---p 0000a000 08:02 796593                     /usr/lib/x86_64-linux-gnu/libXrandr.so.2.2.0
7f4d159cc000-7f4d159cd000 r--p 00009000 08:02 796593                     /usr/lib/x86_64-linux-gnu/libXrandr.so.2.2.0
7f4d159cd000-7f4d159ce000 rw-p 0000a000 08:02 796593                     /usr/lib/x86_64-linux-gnu/libXrandr.so.2.2.0
7f4d159ce000-7f4d159d4000 r--p 00000000 08:02 793087                     /usr/lib/x86_64-linux-gnu/libpng16.so.16.36.0
7f4d159d4000-7f4d159f9000 r-xp 00006000 08:02 793087                     /usr/lib/x86_64-linux-gnu/libpng16.so.16.36.0
7f4d159f9000-7f4d15a05000 r--p 0002b000 08:02 793087                     /usr/lib/x86_64-linux-gnu/libpng16.so.16.36.0
7f4d15a05000-7f4d15a06000 r--p 00036000 08:02 793087                     /usr/lib/x86_64-linux-gnu/libpng16.so.16.36.0
7f4d15a06000-7f4d15a07000 rw-p 00037000 08:02 793087                     /usr/lib/x86_64-linux-gnu/libpng16.so.16.36.0
7f4d15a07000-7f4d15a14000 r--p 00000000 08:02 790798                     /usr/lib/x86_64-linux-gnu/libfreetype.so.6.16.1
7f4d15a14000-7f4d15a91000 r-xp 0000d000 08:02 790798                     /usr/lib/x86_64-linux-gnu/libfreetype.so.6.16.1
7f4d15a91000-7f4d15aba000 r--p 0008a000 08:02 790798                     /usr/lib/x86_64-linux-gnu/libfreetype.so.6.16.1
7f4d15aba000-7f4d15abb000 ---p 000b3000 08:02 790798                     /usr/lib/x86_64-linux-gnu/libfreetype.so.6.16.1
7f4d15abb000-7f4d15ac2000 r--p 000b3000 08:02 790798                     /usr/lib/x86_64-linux-gnu/libfreetype.so.6.16.1
7f4d15ac2000-7f4d15ac3000 rw-p 000ba000 08:02 790798                     /usr/lib/x86_64-linux-gnu/libfreetype.so.6.16.1
7f4d15ace000-7f4d15add000 r--p 00000000 08:02 1311871                    /usr/share/glib-2.0/schemas/gschemas.compiled
7f4d15add000-7f4d15ae1000 r--p 00000000 08:02 1050654                    /usr/lib/jvm/java-11-openjdk-amd64/lib/libfontmanager.so
7f4d15ae1000-7f4d15bd3000 r-xp 00004000 08:02 1050654                    /usr/lib/jvm/java-11-openjdk-amd64/lib/libfontmanager.so
7f4d15bd3000-7f4d15c13000 r--p 000f6000 08:02 1050654                    /usr/lib/jvm/java-11-openjdk-amd64/lib/libfontmanager.so
7f4d15c13000-7f4d15c14000 r--p 00135000 08:02 1050654                    /usr/lib/jvm/java-11-openjdk-amd64/lib/libfontmanager.so
7f4d15c14000-7f4d15c15000 rw-p 00136000 08:02 1050654                    /usr/lib/jvm/java-11-openjdk-amd64/lib/libfontmanager.so
7f4d15c15000-7f4d15c18000 rw-p 00000000 00:00 0 
7f4d15c18000-7f4d15c1c000 r--p 00000000 08:02 791299                     /usr/lib/x86_64-linux-gnu/libbsd.so.0.9.1
7f4d15c1c000-7f4d15c2b000 r-xp 00004000 08:02 791299                     /usr/lib/x86_64-linux-gnu/libbsd.so.0.9.1
7f4d15c2b000-7f4d15c2e000 r--p 00013000 08:02 791299                     /usr/lib/x86_64-linux-gnu/libbsd.so.0.9.1
7f4d15c2e000-7f4d15c2f000 ---p 00016000 08:02 791299                     /usr/lib/x86_64-linux-gnu/libbsd.so.0.9.1
7f4d15c2f000-7f4d15c30000 r--p 00016000 08:02 791299                     /usr/lib/x86_64-linux-gnu/libbsd.so.0.9.1
7f4d15c30000-7f4d15c31000 rw-p 00017000 08:02 791299                     /usr/lib/x86_64-linux-gnu/libbsd.so.0.9.1
7f4d15c31000-7f4d15c32000 rw-p 00000000 00:00 0 
7f4d15c32000-7f4d15c37000 r-xp 00000000 08:02 793144                     /usr/lib/x86_64-linux-gnu/libXdmcp.so.6.0.0
7f4d15c37000-7f4d15e36000 ---p 00005000 08:02 793144                     /usr/lib/x86_64-linux-gnu/libXdmcp.so.6.0.0
7f4d15e36000-7f4d15e37000 r--p 00004000 08:02 793144                     /usr/lib/x86_64-linux-gnu/libXdmcp.so.6.0.0
7f4d15e37000-7f4d15e38000 rw-p 00005000 08:02 793144                     /usr/lib/x86_64-linux-gnu/libXdmcp.so.6.0.0
7f4d15e38000-7f4d15e3a000 r-xp 00000000 08:02 793142                     /usr/lib/x86_64-linux-gnu/libXau.so.6.0.0
7f4d15e3a000-7f4d1603a000 ---p 00002000 08:02 793142                     /usr/lib/x86_64-linux-gnu/libXau.so.6.0.0
7f4d1603a000-7f4d1603b000 r--p 00002000 08:02 793142                     /usr/lib/x86_64-linux-gnu/libXau.so.6.0.0
7f4d1603b000-7f4d1603c000 rw-p 00003000 08:02 793142                     /usr/lib/x86_64-linux-gnu/libXau.so.6.0.0
7f4d1603c000-7f4d16048000 r--p 00000000 08:02 793146                     /usr/lib/x86_64-linux-gnu/libxcb.so.1.1.0
7f4d16048000-7f4d1605b000 r-xp 0000c000 08:02 793146                     /usr/lib/x86_64-linux-gnu/libxcb.so.1.1.0
7f4d1605b000-7f4d16064000 r--p 0001f000 08:02 793146                     /usr/lib/x86_64-linux-gnu/libxcb.so.1.1.0
7f4d16064000-7f4d16065000 r--p 00027000 08:02 793146                     /usr/lib/x86_64-linux-gnu/libxcb.so.1.1.0
7f4d16065000-7f4d16066000 rw-p 00028000 08:02 793146                     /usr/lib/x86_64-linux-gnu/libxcb.so.1.1.0
7f4d16066000-7f4d16075000 r-xp 00000000 08:02 793270                     /usr/lib/x86_64-linux-gnu/libXi.so.6.1.0
7f4d16075000-7f4d16274000 ---p 0000f000 08:02 793270                     /usr/lib/x86_64-linux-gnu/libXi.so.6.1.0
7f4d16274000-7f4d16275000 r--p 0000e000 08:02 793270                     /usr/lib/x86_64-linux-gnu/libXi.so.6.1.0
7f4d16275000-7f4d16276000 rw-p 0000f000 08:02 793270                     /usr/lib/x86_64-linux-gnu/libXi.so.6.1.0
7f4d16276000-7f4d1627b000 r-xp 00000000 08:02 796147                     /usr/lib/x86_64-linux-gnu/libXtst.so.6.1.0
7f4d1627b000-7f4d1647a000 ---p 00005000 08:02 796147                     /usr/lib/x86_64-linux-gnu/libXtst.so.6.1.0
7f4d1647a000-7f4d1647b000 r--p 00004000 08:02 796147                     /usr/lib/x86_64-linux-gnu/libXtst.so.6.1.0
7f4d1647b000-7f4d1647c000 rw-p 00005000 08:02 796147                     /usr/lib/x86_64-linux-gnu/libXtst.so.6.1.0
7f4d1647c000-7f4d16485000 r-xp 00000000 08:02 793276                     /usr/lib/x86_64-linux-gnu/libXrender.so.1.3.0
7f4d16485000-7f4d16684000 ---p 00009000 08:02 793276                     /usr/lib/x86_64-linux-gnu/libXrender.so.1.3.0
7f4d16684000-7f4d16685000 r--p 00008000 08:02 793276                     /usr/lib/x86_64-linux-gnu/libXrender.so.1.3.0
7f4d16685000-7f4d16686000 rw-p 00009000 08:02 793276                     /usr/lib/x86_64-linux-gnu/libXrender.so.1.3.0
7f4d16686000-7f4d166a2000 r--p 00000000 08:02 793166                     /usr/lib/x86_64-linux-gnu/libX11.so.6.3.0
7f4d166a2000-7f4d1672c000 r-xp 0001c000 08:02 793166                     /usr/lib/x86_64-linux-gnu/libX11.so.6.3.0
7f4d1672c000-7f4d167c0000 r--p 000a6000 08:02 793166                     /usr/lib/x86_64-linux-gnu/libX11.so.6.3.0
7f4d167c0000-7f4d167c1000 ---p 0013a000 08:02 793166                     /usr/lib/x86_64-linux-gnu/libX11.so.6.3.0
7f4d167c1000-7f4d167c2000 r--p 0013a000 08:02 793166                     /usr/lib/x86_64-linux-gnu/libX11.so.6.3.0
7f4d167c2000-7f4d167c7000 rw-p 0013b000 08:02 793166                     /usr/lib/x86_64-linux-gnu/libX11.so.6.3.0
7f4d167c7000-7f4d167d8000 r-xp 00000000 08:02 793169                     /usr/lib/x86_64-linux-gnu/libXext.so.6.4.0
7f4d167d8000-7f4d169d7000 ---p 00011000 08:02 793169                     /usr/lib/x86_64-linux-gnu/libXext.so.6.4.0
7f4d169d7000-7f4d169d8000 r--p 00010000 08:02 793169                     /usr/lib/x86_64-linux-gnu/libXext.so.6.4.0
7f4d169d8000-7f4d169d9000 rw-p 00011000 08:02 793169                     /usr/lib/x86_64-linux-gnu/libXext.so.6.4.0
7f4d169d9000-7f4d169e9000 r--p 00000000 08:02 1050650                    /usr/lib/jvm/java-11-openjdk-amd64/lib/libawt_xawt.so
7f4d169e9000-7f4d16a26000 r-xp 00010000 08:02 1050650                    /usr/lib/jvm/java-11-openjdk-amd64/lib/libawt_xawt.so
7f4d16a26000-7f4d16a38000 r--p 0004d000 08:02 1050650                    /usr/lib/jvm/java-11-openjdk-amd64/lib/libawt_xawt.so
7f4d16a38000-7f4d16a39000 r--p 0005e000 08:02 1050650                    /usr/lib/jvm/java-11-openjdk-amd64/lib/libawt_xawt.so
7f4d16a39000-7f4d16a3c000 rw-p 0005f000 08:02 1050650                    /usr/lib/jvm/java-11-openjdk-amd64/lib/libawt_xawt.so
7f4d16a3c000-7f4d16a3e000 rw-p 00000000 00:00 0 
7f4d16a3e000-7f4d16a6a000 r--p 00000000 08:02 1050645                    /usr/lib/jvm/java-11-openjdk-amd64/lib/libawt.so
7f4d16a6a000-7f4d16ad1000 r-xp 0002c000 08:02 1050645                    /usr/lib/jvm/java-11-openjdk-amd64/lib/libawt.so
7f4d16ad1000-7f4d16ade000 r--p 00093000 08:02 1050645                    /usr/lib/jvm/java-11-openjdk-amd64/lib/libawt.so
7f4d16ade000-7f4d16adf000 r--p 0009f000 08:02 1050645                    /usr/lib/jvm/java-11-openjdk-amd64/lib/libawt.so
7f4d16adf000-7f4d16aea000 rw-p 000a0000 08:02 1050645                    /usr/lib/jvm/java-11-openjdk-amd64/lib/libawt.so
7f4d16aea000-7f4d16b0f000 rw-p 00000000 00:00 0 
7f4d16b0f000-7f4d16b13000 ---p 00000000 00:00 0 
7f4d16b13000-7f4d16c10000 rw-p 00000000 00:00 0 
7f4d16c10000-7f4d16c11000 ---p 00000000 00:00 0 
7f4d16c11000-7f4d16d12000 rw-p 00000000 00:00 0 
7f4d16d12000-7f4d16d16000 ---p 00000000 00:00 0 
7f4d16d16000-7f4d16e13000 rw-p 00000000 00:00 0 
7f4d16e13000-7f4d16e17000 ---p 00000000 00:00 0 
7f4d16e17000-7f4d16f14000 rw-p 00000000 00:00 0 
7f4d16f14000-7f4d16f18000 ---p 00000000 00:00 0 
7f4d16f18000-7f4d17015000 rw-p 00000000 00:00 0 
7f4d17015000-7f4d17019000 ---p 00000000 00:00 0 
7f4d17019000-7f4d17116000 rw-p 00000000 00:00 0 
7f4d17116000-7f4d1711a000 ---p 00000000 00:00 0 
7f4d1711a000-7f4d17217000 rw-p 00000000 00:00 0 
7f4d17217000-7f4d174fc000 r--p 00000000 08:02 786879                     /usr/lib/locale/locale-archive
7f4d174fc000-7f4d17500000 ---p 00000000 00:00 0 
7f4d17500000-7f4d175fd000 rw-p 00000000 00:00 0 
7f4d175fd000-7f4d17601000 ---p 00000000 00:00 0 
7f4d17601000-7f4d176fe000 rw-p 00000000 00:00 0 
7f4d176fe000-7f4d176ff000 ---p 00000000 00:00 0 
7f4d176ff000-7f4d18000000 rw-p 00000000 00:00 0 
7f4d18000000-7f4d18021000 rw-p 00000000 00:00 0 
7f4d18021000-7f4d1c000000 ---p 00000000 00:00 0 
7f4d1c000000-7f4d1c021000 rw-p 00000000 00:00 0 
7f4d1c021000-7f4d20000000 ---p 00000000 00:00 0 
7f4d20000000-7f4d20021000 rw-p 00000000 00:00 0 
7f4d20021000-7f4d24000000 ---p 00000000 00:00 0 
7f4d24001000-7f4d2410e000 rw-p 00000000 00:00 0 
7f4d2410e000-7f4d2410f000 ---p 00000000 00:00 0 
7f4d2410f000-7f4d26300000 rw-p 00000000 00:00 0 
7f4d26300000-7f4d27100000 ---p 00000000 00:00 0 
7f4d27100000-7f4d271f8000 rw-p 00000000 00:00 0 
7f4d271f8000-7f4d27ff8000 ---p 00000000 00:00 0 
7f4d27ff8000-7f4d28000000 rw-p 00000000 00:00 0 
7f4d28000000-7f4d28021000 rw-p 00000000 00:00 0 
7f4d28021000-7f4d2c000000 ---p 00000000 00:00 0 
7f4d2c000000-7f4d2c001000 r--p 00000000 08:02 790339                     /usr/lib/x86_64-linux-gnu/libgmodule-2.0.so.0.5800.3
7f4d2c001000-7f4d2c003000 r-xp 00001000 08:02 790339                     /usr/lib/x86_64-linux-gnu/libgmodule-2.0.so.0.5800.3
7f4d2c003000-7f4d2c004000 r--p 00003000 08:02 790339                     /usr/lib/x86_64-linux-gnu/libgmodule-2.0.so.0.5800.3
7f4d2c004000-7f4d2c005000 r--p 00003000 08:02 790339                     /usr/lib/x86_64-linux-gnu/libgmodule-2.0.so.0.5800.3
7f4d2c005000-7f4d2c006000 rw-p 00004000 08:02 790339                     /usr/lib/x86_64-linux-gnu/libgmodule-2.0.so.0.5800.3
7f4d2c006000-7f4d2c027000 r--p 00000000 08:02 792185                     /usr/share/locale/it/LC_MESSAGES/libc.mo
7f4d2c027000-7f4d2c028000 ---p 00000000 00:00 0 
7f4d2c028000-7f4d2c52d000 rw-p 00000000 00:00 0 
7f4d2c52d000-7f4d2c52e000 ---p 00000000 00:00 0 
7f4d2c52e000-7f4d2c62f000 rw-p 00000000 00:00 0 
7f4d2c62f000-7f4d2c630000 ---p 00000000 00:00 0 
7f4d2c630000-7f4d2c74f000 rw-p 00000000 00:00 0 
7f4d2c74f000-7f4d2c90f000 ---p 00000000 00:00 0 
7f4d2c90f000-7f4d2c910000 rw-p 00000000 00:00 0 
7f4d2c910000-7f4d2cb80000 rwxp 00000000 00:00 0 
7f4d2cb80000-7f4d2cea0000 ---p 00000000 00:00 0 
7f4d2cea0000-7f4d2d260000 rwxp 00000000 00:00 0 
7f4d2d260000-7f4d343d8000 ---p 00000000 00:00 0 
7f4d343d8000-7f4d34648000 rwxp 00000000 00:00 0 
7f4d34648000-7f4d3b910000 ---p 00000000 00:00 0 
7f4d3c000000-7f4d3c021000 rw-p 00000000 00:00 0 
7f4d3c021000-7f4d40000000 ---p 00000000 00:00 0 
7f4d43eff000-7f4d43f03000 ---p 00000000 00:00 0 
7f4d43f03000-7f4d44000000 rw-p 00000000 00:00 0 
7f4d44000000-7f4d4444e000 rw-p 00000000 00:00 0 
7f4d4444e000-7f4d48000000 ---p 00000000 00:00 0 
7f4d48000000-7f4d48004000 r--p 00000000 08:02 1051068                    /usr/lib/jvm/java-11-openjdk-amd64/lib/libnet.so
7f4d48004000-7f4d48013000 r-xp 00004000 08:02 1051068                    /usr/lib/jvm/java-11-openjdk-amd64/lib/libnet.so
7f4d48013000-7f4d48017000 r--p 00013000 08:02 1051068                    /usr/lib/jvm/java-11-openjdk-amd64/lib/libnet.so
7f4d48017000-7f4d48018000 r--p 00016000 08:02 1051068                    /usr/lib/jvm/java-11-openjdk-amd64/lib/libnet.so
7f4d48018000-7f4d48019000 rw-p 00017000 08:02 1051068                    /usr/lib/jvm/java-11-openjdk-amd64/lib/libnet.so
7f4d48019000-7f4d48020000 r--p 00000000 08:02 1051069                    /usr/lib/jvm/java-11-openjdk-amd64/lib/libnio.so
7f4d48020000-7f4d48027000 r-xp 00007000 08:02 1051069                    /usr/lib/jvm/java-11-openjdk-amd64/lib/libnio.so
7f4d48027000-7f4d4802a000 r--p 0000e000 08:02 1051069                    /usr/lib/jvm/java-11-openjdk-amd64/lib/libnio.so
7f4d4802a000-7f4d4802b000 r--p 00010000 08:02 1051069                    /usr/lib/jvm/java-11-openjdk-amd64/lib/libnio.so
7f4d4802b000-7f4d4802c000 rw-p 00011000 08:02 1051069                    /usr/lib/jvm/java-11-openjdk-amd64/lib/libnio.so
7f4d4802c000-7f4d480d4000 rw-p 00000000 00:00 0 
7f4d480d4000-7f4d48294000 ---p 00000000 00:00 0 
7f4d48294000-7f4d482b3000 rw-p 00000000 00:00 0 
7f4d482b3000-7f4d48473000 ---p 00000000 00:00 0 
7f4d48473000-7f4d48878000 rw-p 00000000 00:00 0 
7f4d48878000-7f4d48879000 ---p 00000000 00:00 0 
7f4d48879000-7f4d4897f000 rw-p 00000000 00:00 0 
7f4d4897f000-7f4d48a65000 ---p 00000000 00:00 0 
7f4d48a65000-7f4d48a6d000 rw-p 00000000 00:00 0 
7f4d48a6d000-7f4d48b50000 ---p 00000000 00:00 0 
7f4d48b50000-7f4d48b55000 rw-p 00000000 00:00 0 
7f4d48b55000-7f4d48b5c000 ---p 00000000 00:00 0 
7f4d48b5c000-7f4d48b5e000 r--p 00000000 08:02 1051055                    /usr/lib/jvm/java-11-openjdk-amd64/lib/libjimage.so
7f4d48b5e000-7f4d48b61000 r-xp 00002000 08:02 1051055                    /usr/lib/jvm/java-11-openjdk-amd64/lib/libjimage.so
7f4d48b61000-7f4d48b63000 r--p 00005000 08:02 1051055                    /usr/lib/jvm/java-11-openjdk-amd64/lib/libjimage.so
7f4d48b63000-7f4d48b64000 r--p 00006000 08:02 1051055                    /usr/lib/jvm/java-11-openjdk-amd64/lib/libjimage.so
7f4d48b64000-7f4d48b65000 rw-p 00007000 08:02 1051055                    /usr/lib/jvm/java-11-openjdk-amd64/lib/libjimage.so
7f4d48b65000-7f4d48b68000 r--p 00000000 08:02 787123                     /usr/lib/x86_64-linux-gnu/libnss_files-2.28.so
7f4d48b68000-7f4d48b6f000 r-xp 00003000 08:02 787123                     /usr/lib/x86_64-linux-gnu/libnss_files-2.28.so
7f4d48b6f000-7f4d48b71000 r--p 0000a000 08:02 787123                     /usr/lib/x86_64-linux-gnu/libnss_files-2.28.so
7f4d48b71000-7f4d48b72000 ---p 0000c000 08:02 787123                     /usr/lib/x86_64-linux-gnu/libnss_files-2.28.so
7f4d48b72000-7f4d48b73000 r--p 0000c000 08:02 787123                     /usr/lib/x86_64-linux-gnu/libnss_files-2.28.so
7f4d48b73000-7f4d48b74000 rw-p 0000d000 08:02 787123                     /usr/lib/x86_64-linux-gnu/libnss_files-2.28.so
7f4d48b74000-7f4d48b7a000 rw-p 00000000 00:00 0 
7f4d48b7b000-7f4d48b82000 r--s 00000000 08:02 789458                     /usr/lib/x86_64-linux-gnu/gconv/gconv-modules.cache
7f4d48b82000-7f4d48b84000 r--p 00000000 08:02 1051080                    /usr/lib/jvm/java-11-openjdk-amd64/lib/libzip.so
7f4d48b84000-7f4d48b88000 r-xp 00002000 08:02 1051080                    /usr/lib/jvm/java-11-openjdk-amd64/lib/libzip.so
7f4d48b88000-7f4d48b8a000 r--p 00006000 08:02 1051080                    /usr/lib/jvm/java-11-openjdk-amd64/lib/libzip.so
7f4d48b8a000-7f4d48b8b000 r--p 00007000 08:02 1051080                    /usr/lib/jvm/java-11-openjdk-amd64/lib/libzip.so
7f4d48b8b000-7f4d48b8c000 rw-p 00008000 08:02 1051080                    /usr/lib/jvm/java-11-openjdk-amd64/lib/libzip.so
7f4d48b8c000-7f4d48b94000 rw-s 00000000 08:02 6422554                    /tmp/hsperfdata_gambero/2389
7f4d48b94000-7f4d48ba1000 r--p 00000000 08:02 1050802                    /usr/lib/jvm/java-11-openjdk-amd64/lib/libjava.so
7f4d48ba1000-7f4d48bb6000 r-xp 0000d000 08:02 1050802                    /usr/lib/jvm/java-11-openjdk-amd64/lib/libjava.so
7f4d48bb6000-7f4d48bbd000 r--p 00022000 08:02 1050802                    /usr/lib/jvm/java-11-openjdk-amd64/lib/libjava.so
7f4d48bbd000-7f4d48bbe000 r--p 00028000 08:02 1050802                    /usr/lib/jvm/java-11-openjdk-amd64/lib/libjava.so
7f4d48bbe000-7f4d48bc0000 rw-p 00029000 08:02 1050802                    /usr/lib/jvm/java-11-openjdk-amd64/lib/libjava.so
7f4d48bc0000-7f4d48bc2000 r--p 00000000 08:02 787131                     /usr/lib/x86_64-linux-gnu/librt-2.28.so
7f4d48bc2000-7f4d48bc6000 r-xp 00002000 08:02 787131                     /usr/lib/x86_64-linux-gnu/librt-2.28.so
7f4d48bc6000-7f4d48bc8000 r--p 00006000 08:02 787131                     /usr/lib/x86_64-linux-gnu/librt-2.28.so
7f4d48bc8000-7f4d48bc9000 r--p 00007000 08:02 787131                     /usr/lib/x86_64-linux-gnu/librt-2.28.so
7f4d48bc9000-7f4d48bca000 rw-p 00008000 08:02 787131                     /usr/lib/x86_64-linux-gnu/librt-2.28.so
7f4d48bca000-7f4d48bce000 ---p 00000000 00:00 0 
7f4d48bce000-7f4d48ccb000 rw-p 00000000 00:00 0 
7f4d48ccb000-7f4d48cce000 r--p 00000000 08:02 786446                     /usr/lib/x86_64-linux-gnu/libgcc_s.so.1
7f4d48cce000-7f4d48cdf000 r-xp 00003000 08:02 786446                     /usr/lib/x86_64-linux-gnu/libgcc_s.so.1
7f4d48cdf000-7f4d48ce2000 r--p 00014000 08:02 786446                     /usr/lib/x86_64-linux-gnu/libgcc_s.so.1
7f4d48ce2000-7f4d48ce3000 ---p 00017000 08:02 786446                     /usr/lib/x86_64-linux-gnu/libgcc_s.so.1
7f4d48ce3000-7f4d48ce4000 r--p 00017000 08:02 786446                     /usr/lib/x86_64-linux-gnu/libgcc_s.so.1
7f4d48ce4000-7f4d48ce5000 rw-p 00018000 08:02 786446                     /usr/lib/x86_64-linux-gnu/libgcc_s.so.1
7f4d48ce5000-7f4d48cf2000 r--p 00000000 08:02 787114                     /usr/lib/x86_64-linux-gnu/libm-2.28.so
7f4d48cf2000-7f4d48d91000 r-xp 0000d000 08:02 787114                     /usr/lib/x86_64-linux-gnu/libm-2.28.so
7f4d48d91000-7f4d48e66000 r--p 000ac000 08:02 787114                     /usr/lib/x86_64-linux-gnu/libm-2.28.so
7f4d48e66000-7f4d48e67000 r--p 00180000 08:02 787114                     /usr/lib/x86_64-linux-gnu/libm-2.28.so
7f4d48e67000-7f4d48e68000 rw-p 00181000 08:02 787114                     /usr/lib/x86_64-linux-gnu/libm-2.28.so
7f4d48e68000-7f4d48ef1000 r--p 00000000 08:02 786705                     /usr/lib/x86_64-linux-gnu/libstdc++.so.6.0.25
7f4d48ef1000-7f4d48f9d000 r-xp 00089000 08:02 786705                     /usr/lib/x86_64-linux-gnu/libstdc++.so.6.0.25
7f4d48f9d000-7f4d48fdb000 r--p 00135000 08:02 786705                     /usr/lib/x86_64-linux-gnu/libstdc++.so.6.0.25
7f4d48fdb000-7f4d48fdc000 ---p 00173000 08:02 786705                     /usr/lib/x86_64-linux-gnu/libstdc++.so.6.0.25
7f4d48fdc000-7f4d48fe6000 r--p 00173000 08:02 786705                     /usr/lib/x86_64-linux-gnu/libstdc++.so.6.0.25
7f4d48fe6000-7f4d48fe8000 rw-p 0017d000 08:02 786705                     /usr/lib/x86_64-linux-gnu/libstdc++.so.6.0.25
7f4d48fe8000-7f4d48fec000 rw-p 00000000 00:00 0 
7f4d48fec000-7f4d49259000 r--p 00000000 08:02 1579002                    /usr/lib/jvm/java-11-openjdk-amd64/lib/server/libjvm.so
7f4d49259000-7f4d49d85000 r-xp 0026d000 08:02 1579002                    /usr/lib/jvm/java-11-openjdk-amd64/lib/server/libjvm.so
7f4d49d85000-7f4d49fbd000 r--p 00d99000 08:02 1579002                    /usr/lib/jvm/java-11-openjdk-amd64/lib/server/libjvm.so
7f4d49fbd000-7f4d4a07a000 r--p 00fd0000 08:02 1579002                    /usr/lib/jvm/java-11-openjdk-amd64/lib/server/libjvm.so
7f4d4a07a000-7f4d4a0b4000 rw-p 0108d000 08:02 1579002                    /usr/lib/jvm/java-11-openjdk-amd64/lib/server/libjvm.so
7f4d4a0b4000-7f4d4a10c000 rw-p 00000000 00:00 0 
7f4d4a10c000-7f4d4a12e000 r--p 00000000 08:02 787111                     /usr/lib/x86_64-linux-gnu/libc-2.28.so
7f4d4a12e000-7f4d4a276000 r-xp 00022000 08:02 787111                     /usr/lib/x86_64-linux-gnu/libc-2.28.so
7f4d4a276000-7f4d4a2c2000 r--p 0016a000 08:02 787111                     /usr/lib/x86_64-linux-gnu/libc-2.28.so
7f4d4a2c2000-7f4d4a2c3000 ---p 001b6000 08:02 787111                     /usr/lib/x86_64-linux-gnu/libc-2.28.so
7f4d4a2c3000-7f4d4a2c7000 r--p 001b6000 08:02 787111                     /usr/lib/x86_64-linux-gnu/libc-2.28.so
7f4d4a2c7000-7f4d4a2c9000 rw-p 001ba000 08:02 787111                     /usr/lib/x86_64-linux-gnu/libc-2.28.so
7f4d4a2c9000-7f4d4a2cd000 rw-p 00000000 00:00 0 
7f4d4a2cd000-7f4d4a2ce000 r--p 00000000 08:02 787113                     /usr/lib/x86_64-linux-gnu/libdl-2.28.so
7f4d4a2ce000-7f4d4a2cf000 r-xp 00001000 08:02 787113                     /usr/lib/x86_64-linux-gnu/libdl-2.28.so
7f4d4a2cf000-7f4d4a2d0000 r--p 00002000 08:02 787113                     /usr/lib/x86_64-linux-gnu/libdl-2.28.so
7f4d4a2d0000-7f4d4a2d1000 r--p 00002000 08:02 787113                     /usr/lib/x86_64-linux-gnu/libdl-2.28.so
7f4d4a2d1000-7f4d4a2d2000 rw-p 00003000 08:02 787113                     /usr/lib/x86_64-linux-gnu/libdl-2.28.so
7f4d4a2d2000-7f4d4a2d5000 r--p 00000000 08:02 1578979                    /usr/lib/jvm/java-11-openjdk-amd64/lib/jli/libjli.so
7f4d4a2d5000-7f4d4a2df000 r-xp 00003000 08:02 1578979                    /usr/lib/jvm/java-11-openjdk-amd64/lib/jli/libjli.so
7f4d4a2df000-7f4d4a2e2000 r--p 0000d000 08:02 1578979                    /usr/lib/jvm/java-11-openjdk-amd64/lib/jli/libjli.so
7f4d4a2e2000-7f4d4a2e3000 r--p 0000f000 08:02 1578979                    /usr/lib/jvm/java-11-openjdk-amd64/lib/jli/libjli.so
7f4d4a2e3000-7f4d4a2e4000 rw-p 00010000 08:02 1578979                    /usr/lib/jvm/java-11-openjdk-amd64/lib/jli/libjli.so
7f4d4a2e4000-7f4d4a2ea000 r--p 00000000 08:02 787129                     /usr/lib/x86_64-linux-gnu/libpthread-2.28.so
7f4d4a2ea000-7f4d4a2f9000 r-xp 00006000 08:02 787129                     /usr/lib/x86_64-linux-gnu/libpthread-2.28.so
7f4d4a2f9000-7f4d4a2ff000 r--p 00015000 08:02 787129                     /usr/lib/x86_64-linux-gnu/libpthread-2.28.so
7f4d4a2ff000-7f4d4a300000 r--p 0001a000 08:02 787129                     /usr/lib/x86_64-linux-gnu/libpthread-2.28.so
7f4d4a300000-7f4d4a301000 rw-p 0001b000 08:02 787129                     /usr/lib/x86_64-linux-gnu/libpthread-2.28.so
7f4d4a301000-7f4d4a305000 rw-p 00000000 00:00 0 
7f4d4a305000-7f4d4a321000 r-xp 00000000 08:02 788687                     /usr/lib/x86_64-linux-gnu/libz.so.1.2.11
7f4d4a321000-7f4d4a521000 ---p 0001c000 08:02 788687                     /usr/lib/x86_64-linux-gnu/libz.so.1.2.11
7f4d4a521000-7f4d4a522000 r--p 0001c000 08:02 788687                     /usr/lib/x86_64-linux-gnu/libz.so.1.2.11
7f4d4a522000-7f4d4a523000 rw-p 0001d000 08:02 788687                     /usr/lib/x86_64-linux-gnu/libz.so.1.2.11
7f4d4a523000-7f4d4a525000 rw-p 00000000 00:00 0 
7f4d4a528000-7f4d4a529000 r--p 00000000 08:02 6840480                    /home/gambero/.config/dconf/user
7f4d4a529000-7f4d4a52a000 r--s 00000000 00:30 29150                      /run/user/1000/dconf/user
7f4d4a52a000-7f4d4a52c000 r--s 00007000 08:02 1446998                    /usr/share/java/java-atk-wrapper.jar
7f4d4a52c000-7f4d4a52d000 ---p 00000000 00:00 0 
7f4d4a52d000-7f4d4a52e000 r--p 00000000 00:00 0 
7f4d4a52e000-7f4d4a533000 r--p 00000000 08:02 1051079                    /usr/lib/jvm/java-11-openjdk-amd64/lib/libverify.so
7f4d4a533000-7f4d4a53a000 r-xp 00005000 08:02 1051079                    /usr/lib/jvm/java-11-openjdk-amd64/lib/libverify.so
7f4d4a53a000-7f4d4a53c000 r--p 0000c000 08:02 1051079                    /usr/lib/jvm/java-11-openjdk-amd64/lib/libverify.so
7f4d4a53c000-7f4d4a53e000 r--p 0000d000 08:02 1051079                    /usr/lib/jvm/java-11-openjdk-amd64/lib/libverify.so
7f4d4a53e000-7f4d4a53f000 rw-p 0000f000 08:02 1051079                    /usr/lib/jvm/java-11-openjdk-amd64/lib/libverify.so
7f4d4a53f000-7f4d4a540000 r--p 00000000 08:02 786448                     /usr/lib/x86_64-linux-gnu/ld-2.28.so
7f4d4a540000-7f4d4a55e000 r-xp 00001000 08:02 786448                     /usr/lib/x86_64-linux-gnu/ld-2.28.so
7f4d4a55e000-7f4d4a566000 r--p 0001f000 08:02 786448                     /usr/lib/x86_64-linux-gnu/ld-2.28.so
7f4d4a566000-7f4d4a567000 r--p 00026000 08:02 786448                     /usr/lib/x86_64-linux-gnu/ld-2.28.so
7f4d4a567000-7f4d4a568000 rw-p 00027000 08:02 786448                     /usr/lib/x86_64-linux-gnu/ld-2.28.so
7f4d4a568000-7f4d4a569000 rw-p 00000000 00:00 0 
7ffe8bc65000-7ffe8bc86000 rw-p 00000000 00:00 0                          [stack]
7ffe8bdfb000-7ffe8bdfe000 r--p 00000000 00:00 0                          [vvar]
7ffe8bdfe000-7ffe8be00000 r-xp 00000000 00:00 0                          [vdso]


VM Arguments:
jvm_args: -Dfile.encoding=UTF-8 
java_command: main
java_class_path (initial): /home/gambero/eclipse-workspace/FileSplitter/bin
Launcher Type: SUN_STANDARD

[Global flags]
     intx CICompilerCount                          = 3                                         {product} {ergonomic}
     uint ConcGCThreads                            = 1                                         {product} {ergonomic}
     uint G1ConcRefinementThreads                  = 4                                         {product} {ergonomic}
   size_t G1HeapRegionSize                         = 1048576                                   {product} {ergonomic}
    uintx GCDrainStackTargetSize                   = 64                                        {product} {ergonomic}
   size_t InitialHeapSize                          = 62914560                                  {product} {ergonomic}
   size_t MarkStackSize                            = 4194304                                   {product} {ergonomic}
   size_t MaxHeapSize                              = 1004535808                                {product} {ergonomic}
   size_t MaxNewSize                               = 601882624                                 {product} {ergonomic}
   size_t MinHeapDeltaBytes                        = 1048576                                   {product} {ergonomic}
    uintx NonNMethodCodeHeapSize                   = 5830732                                {pd product} {ergonomic}
    uintx NonProfiledCodeHeapSize                  = 122913754                              {pd product} {ergonomic}
    uintx ProfiledCodeHeapSize                     = 122913754                              {pd product} {ergonomic}
    uintx ReservedCodeCacheSize                    = 251658240                              {pd product} {ergonomic}
     bool SegmentedCodeCache                       = true                                      {product} {ergonomic}
     bool UseCompressedClassPointers               = true                                 {lp64_product} {ergonomic}
     bool UseCompressedOops                        = true                                 {lp64_product} {ergonomic}
     bool UseG1GC                                  = true                                      {product} {ergonomic}

Logging:
Log output configuration:
 #0: stdout all=warning uptime,level,tags
 #1: stderr all=off uptime,level,tags

Environment Variables:
PATH=/usr/local/bin:/usr/bin:/bin:/usr/local/games:/usr/games:/snap/bin
SHELL=/bin/bash
DISPLAY=:0

Signal Handlers:
SIGSEGV: [libjvm.so+0xd26680], sa_mask[0]=11111111011111111101111111111110, sa_flags=SA_RESTART|SA_SIGINFO
SIGBUS: [libjvm.so+0xd26680], sa_mask[0]=11111111011111111101111111111110, sa_flags=SA_RESTART|SA_SIGINFO
SIGFPE: [libjvm.so+0xd26680], sa_mask[0]=11111111011111111101111111111110, sa_flags=SA_RESTART|SA_SIGINFO
SIGPIPE: SIG_IGN, sa_mask[0]=00000000000010000000000000000000, sa_flags=SA_RESTART
SIGXFSZ: [libjvm.so+0xb2c8b0], sa_mask[0]=11111111011111111101111111111110, sa_flags=SA_RESTART|SA_SIGINFO
SIGILL: [libjvm.so+0xd26680], sa_mask[0]=11111111011111111101111111111110, sa_flags=SA_RESTART|SA_SIGINFO
SIGUSR2: [libjvm.so+0xb2c740], sa_mask[0]=00100000000000000000000000000000, sa_flags=SA_RESTART|SA_SIGINFO
SIGHUP: [libjvm.so+0xb2cbf0], sa_mask[0]=11111111011111111101111111111110, sa_flags=SA_RESTART|SA_SIGINFO
SIGINT: [libjvm.so+0xb2cbf0], sa_mask[0]=11111111011111111101111111111110, sa_flags=SA_RESTART|SA_SIGINFO
SIGTERM: [libjvm.so+0xb2cbf0], sa_mask[0]=11111111011111111101111111111110, sa_flags=SA_RESTART|SA_SIGINFO
SIGQUIT: [libjvm.so+0xb2cbf0], sa_mask[0]=11111111011111111101111111111110, sa_flags=SA_RESTART|SA_SIGINFO


---------------  S Y S T E M  ---------------

OS:PRETTY_NAME="Debian GNU/Linux 10 (buster)"
NAME="Debian GNU/Linux"
VERSION_ID="10"
VERSION="10 (buster)"
VERSION_CODENAME=buster
ID=debian
HOME_URL="https://www.debian.org/"
SUPPORT_URL="https://www.debian.org/support"
BUG_REPORT_URL="https://bugs.debian.org/"
uname:Linux 4.19.0-6-amd64 #1 SMP Debian 4.19.67-2+deb10u2 (2019-11-11) x86_64
libc:glibc 2.28 NPTL 2.28 
rlimit: STACK 8192k, CORE 0k, NPROC 14839, NOFILE 1048576, AS infinity, DATA infinity, FSIZE infinity
load average:0,20 0,41 0,31

/proc/meminfo:
MemTotal:        3916820 kB
MemFree:         1490492 kB
MemAvailable:    1630300 kB
Buffers:           27432 kB
Cached:           335004 kB
SwapCached:        36600 kB
Active:          1660020 kB
Inactive:         532404 kB
Active(anon):    1449972 kB
Inactive(anon):   421424 kB
Active(file):     210048 kB
Inactive(file):   110980 kB
Unevictable:          96 kB
Mlocked:              96 kB
SwapTotal:       4071420 kB
SwapFree:        3459580 kB
Dirty:               772 kB
Writeback:             0 kB
AnonPages:       1814324 kB
Mapped:            73324 kB
Shmem:             41228 kB
Slab:             122804 kB
SReclaimable:      44476 kB
SUnreclaim:        78328 kB
KernelStack:       19752 kB
PageTables:        21404 kB
NFS_Unstable:          0 kB
Bounce:                0 kB
WritebackTmp:          0 kB
CommitLimit:     6029828 kB
Committed_AS:    7148100 kB
VmallocTotal:   34359738367 kB
VmallocUsed:           0 kB
VmallocChunk:          0 kB
Percpu:             7168 kB
HardwareCorrupted:     0 kB
AnonHugePages:    440320 kB
ShmemHugePages:        0 kB
ShmemPmdMapped:        0 kB
HugePages_Total:       0
HugePages_Free:        0
HugePages_Rsvd:        0
HugePages_Surp:        0
Hugepagesize:       2048 kB
Hugetlb:               0 kB
DirectMap4k:      169024 kB
DirectMap2M:     3903488 kB


/proc/sys/kernel/threads-max (system-wide limit on the number of threads):
29678


/proc/sys/vm/max_map_count (maximum number of memory map areas a process may have):
65530


/proc/sys/kernel/pid_max (system-wide limit on number of process identifiers):
32768



container (cgroup) information:
container_type: cgroupv1
cpu_cpuset_cpus: 0-3
cpu_memory_nodes: 0
active_processor_count: 4
cpu_quota: -1
cpu_period: 100000
cpu_shares: -1
memory_limit_in_bytes: -1
memory_and_swap_limit_in_bytes: -2
memory_soft_limit_in_bytes: -1
memory_usage_in_bytes: 2110574592
memory_max_usage_in_bytes: 3602219008

Steal ticks since vm start: 0
Steal ticks percentage since vm start:  0,000

CPU:total 4 (initial active 4) (2 cores per cpu, 2 threads per core) family 6 model 42 stepping 7, cmov, cx8, fxsr, mmx, sse, sse2, sse3, ssse3, sse4.1, sse4.2, popcnt, avx, aes, clmul, ht, tsc, tscinvbit
CPU Model and flags from /proc/cpuinfo:
model name	: Intel(R) Core(TM) i5-2540M CPU @ 2.60GHz
flags		: fpu vme de pse tsc msr pae mce cx8 apic sep mtrr pge mca cmov pat pse36 clflush dts acpi mmx fxsr sse sse2 ss ht tm pbe syscall nx rdtscp lm constant_tsc arch_perfmon pebs bts rep_good nopl xtopology nonstop_tsc cpuid aperfmperf pni pclmulqdq dtes64 monitor ds_cpl vmx smx est tm2 ssse3 cx16 xtpr pdcm pcid sse4_1 sse4_2 x2apic popcnt tsc_deadline_timer aes xsave avx lahf_lm epb pti ssbd ibrs ibpb stibp tpr_shadow vnmi flexpriority ept vpid xsaveopt dtherm ida arat pln pts md_clear flush_l1d

Memory: 4k page, physical 3916820k(1490368k free), swap 4071420k(3459580k free)

vm_info: OpenJDK 64-Bit Server VM (11.0.6+10-post-Debian-1deb10u1) for linux-amd64 JRE (11.0.6+10-post-Debian-1deb10u1), built on Jan 17 2020 00:09:03 by "unknown" with gcc 8.3.0

END.
