#
# A fatal error has been detected by the Java Runtime Environment:
#
#  SIGSEGV (0xb) at pc=0x00007f496b1b5ea1, pid=4557, tid=9679
#
# JRE version: OpenJDK Runtime Environment (11.0.6+10) (build 11.0.6+10-post-Debian-1deb10u1)
# Java VM: OpenJDK 64-Bit Server VM (11.0.6+10-post-Debian-1deb10u1, mixed mode, sharing, tiered, compressed oops, g1 gc, linux-amd64)
# Problematic frame:
# C  [libjimage.so+0x2ea1]
#
# No core dump will be written. Core dumps have been disabled. To enable core dumping, try "ulimit -c unlimited" before starting Java again
#
# If you would like to submit a bug report, please visit:
#   https://bugs.debian.org/openjdk-11
#

---------------  S U M M A R Y ------------

Command Line: -Dfile.encoding=UTF-8 main

Host: Intel(R) Core(TM) i5-2540M CPU @ 2.60GHz, 4 cores, 3G, Debian GNU/Linux 10 (buster)
Time: Sat Aug 22 04:15:59 2020 CEST elapsed time: 37389 seconds (0d 10h 23m 9s)

---------------  T H R E A D  ---------------

Current thread (0x00007f48d8001800):  JavaThread "XToolkt-Shutdown-Thread" [_thread_in_vm, id=9679, stack(0x00007f490cbfa000,0x00007f490ccfb000)]

Stack: [0x00007f490cbfa000,0x00007f490ccfb000],  sp=0x00007f490ccf7520,  free space=1013k
Native frames: (J=compiled Java code, A=aot compiled Java code, j=interpreted, Vv=VM code, C=native code)
C  [libjimage.so+0x2ea1]
C  [libjimage.so+0x3b1a]
C  [libjimage.so+0x3fe5]  JIMAGE_FindResource+0xd5
V  [libjvm.so+0x567def]
V  [libjvm.so+0x56a08b]
V  [libjvm.so+0xc8e62c]
V  [libjvm.so+0xc8d262]
V  [libjvm.so+0xc8d82e]
V  [libjvm.so+0x55b90c]
V  [libjvm.so+0x56411e]
V  [libjvm.so+0x564583]
V  [libjvm.so+0x992d06]
V  [libjvm.so+0x56a0d3]
V  [libjvm.so+0xc8e62c]
V  [libjvm.so+0xc8d262]
V  [libjvm.so+0xc8f766]
V  [libjvm.so+0x60eacd]
V  [libjvm.so+0x60ef32]
V  [libjvm.so+0x9bb4d6]
V  [libjvm.so+0x9c1f6d]
V  [libjvm.so+0x7f22b6]
V  [libjvm.so+0x7f28ed]
j  sun.awt.X11.XToolkit.lambda$init$0()V+0 java.desktop@11.0.6
j  sun.awt.X11.XToolkit$$Lambda$10.run()V+4 java.desktop@11.0.6
j  java.lang.Thread.run()V+11 java.base@11.0.6
v  ~StubRoutines::call_stub
V  [libjvm.so+0x7f8991]
V  [libjvm.so+0x7f6e30]
V  [libjvm.so+0x7f6eeb]
V  [libjvm.so+0x8959dc]
V  [libjvm.so+0xcc48e4]
V  [libjvm.so+0xcc4be0]
V  [libjvm.so+0xcc0894]
V  [libjvm.so+0xb3511e]

Java frames: (J=compiled Java code, j=interpreted, Vv=VM code)
j  sun.awt.X11.XToolkit.lambda$init$0()V+0 java.desktop@11.0.6
j  sun.awt.X11.XToolkit$$Lambda$10.run()V+4 java.desktop@11.0.6
j  java.lang.Thread.run()V+11 java.base@11.0.6
v  ~StubRoutines::call_stub

siginfo: si_signo: 11 (SIGSEGV), si_code: 1 (SEGV_MAPERR), si_addr: 0x00007f495b9196b8

Register to memory mapping:

RAX=0x00000000000025a7 is an unknown value
RBX=0x00007f490ccf75d1 is pointing into the stack for thread: 0x00007f48d8001800
RCX=0x00007f495b91001c is an unknown value
RDX=0x00000000000025a7 is an unknown value
RSP=0x00007f490ccf7520 is pointing into the stack for thread: 0x00007f48d8001800
RBP=0x00007f490ccf7540 is pointing into the stack for thread: 0x00007f48d8001800
RSI=0x00007f490ccf75d0 is pointing into the stack for thread: 0x00007f48d8001800
RDI=0x00007f496b1bb130: <offset 0x0000000000008130> in /usr/lib/jvm/java-11-openjdk-amd64/lib/libjimage.so at 0x00007f496b1b3000
R8 =0x0 is NULL
R9 =0x000000007a0da894 is an unknown value
R10=0x00007f490ccf75f5 is pointing into the stack for thread: 0x00007f48d8001800
R11=0x00007f496c8dfb60: <offset 0x000000000017cb60> in /lib/x86_64-linux-gnu/libc.so.6 at 0x00007f496c763000
R12=0x00007f490ccf75d0 is pointing into the stack for thread: 0x00007f48d8001800
R13=0x00000000000083a0 is an unknown value
R14=0x00007f490ccf8668 is pointing into the stack for thread: 0x00007f48d8001800
R15=0x00007f492405edd0 points into unknown readable memory: 6a 61 76 61 2f 61 77 74


Registers:
RAX=0x00000000000025a7, RBX=0x00007f490ccf75d1, RCX=0x00007f495b91001c, RDX=0x00000000000025a7
RSP=0x00007f490ccf7520, RBP=0x00007f490ccf7540, RSI=0x00007f490ccf75d0, RDI=0x00007f496b1bb130
R8 =0x0000000000000000, R9 =0x000000007a0da894, R10=0x00007f490ccf75f5, R11=0x00007f496c8dfb60
R12=0x00007f490ccf75d0, R13=0x00000000000083a0, R14=0x00007f490ccf8668, R15=0x00007f492405edd0
RIP=0x00007f496b1b5ea1, EFLAGS=0x0000000000010246, CSGSFS=0x002b000000000033, ERR=0x0000000000000004
  TRAPNO=0x000000000000000e

Top of Stack: (sp=0x00007f490ccf7520)
0x00007f490ccf7520:   0000000000000000 00007f4964020ae0
0x00007f490ccf7530:   0000000000000000 00007f490ccf75d0
0x00007f490ccf7540:   00007f490ccf75b0 00007f496b1b6b1a
0x00007f490ccf7550:   0000000000000000 0000000000000000 

Instructions: (pc=0x00007f496b1b5ea1)
0x00007f496b1b5da1:   48 89 df 48 89 4d 88 e8 83 f3 ff ff 48 8b 4d 88
0x00007f496b1b5db1:   44 03 6d 90 e9 42 fd ff ff 66 0f 1f 44 00 00 8b
0x00007f496b1b5dc1:   08 41 89 0e 44 89 c1 8b 74 08 fc 41 89 74 0e fc
0x00007f496b1b5dd1:   e9 d8 fe ff ff 66 2e 0f 1f 84 00 00 00 00 00 b9
0x00007f496b1b5de1:   0a 00 00 00 e9 95 fd ff ff 44 89 c1 0f b7 74 08
0x00007f496b1b5df1:   fe 66 41 89 74 0e fe e9 b1 fe ff ff 0f 1f 00 0f
0x00007f496b1b5e01:   b6 17 89 f1 4c 8d 47 01 84 d2 74 1a 0f 1f 00 69
0x00007f496b1b5e11:   c9 93 01 00 01 49 83 c0 01 31 d1 41 0f b6 50 ff
0x00007f496b1b5e21:   84 d2 75 eb 89 ce 89 f0 25 ff ff ff 7f c3 90 48
0x00007f496b1b5e31:   85 d2 0f 84 e1 00 00 00 85 c9 0f 84 d9 00 00 00
0x00007f496b1b5e41:   55 48 89 e5 41 55 41 54 53 48 8d 5e 01 48 83 ec
0x00007f496b1b5e51:   08 44 0f b6 06 45 84 c0 0f 84 b1 00 00 00 49 89
0x00007f496b1b5e61:   da b8 93 01 00 01 66 0f 1f 84 00 00 00 00 00 44
0x00007f496b1b5e71:   69 c8 93 01 00 01 49 83 c2 01 41 0f b6 c0 45 0f
0x00007f496b1b5e81:   b6 42 ff 44 31 c8 45 84 c0 75 e4 25 ff ff ff 7f
0x00007f496b1b5e91:   41 89 cd 48 89 d1 31 d2 49 89 f4 41 f7 f5 89 d0
0x00007f496b1b5ea1:   8b 34 81 48 8b 07 ff 50 20 85 c0 7f 22 ba ff ff
0x00007f496b1b5eb1:   ff ff 74 04 f7 d0 89 c2 48 83 c4 08 89 d0 5b 41
0x00007f496b1b5ec1:   5c 41 5d 5d c3 66 2e 0f 1f 84 00 00 00 00 00 41
0x00007f496b1b5ed1:   0f b6 34 24 89 c7 40 84 f6 74 1b 0f 1f 40 00 69
0x00007f496b1b5ee1:   ff 93 01 00 01 48 83 c3 01 31 f7 0f b6 73 ff 40
0x00007f496b1b5ef1:   84 f6 75 eb 89 f8 25 ff ff ff 7f 31 d2 48 83 c4
0x00007f496b1b5f01:   08 41 f7 f5 5b 41 5c 41 5d 5d 89 d0 c3 66 90 b8
0x00007f496b1b5f11:   93 01 00 01 e9 77 ff ff ff 83 ca ff 89 d0 c3 0f
0x00007f496b1b5f21:   b6 17 48 89 f8 84 d2 75 19 eb 1e 0f 1f 40 00 38
0x00007f496b1b5f31:   ca 75 1c 48 83 c0 01 0f b6 10 48 83 c6 01 84 d2
0x00007f496b1b5f41:   74 15 0f b6 0e 84 c9 75 e6 c3 0f 1f 44 00 00 31
0x00007f496b1b5f51:   c0 c3 0f 1f 44 00 00 c3 90 66 0f 1f 44 00 00 48
0x00007f496b1b5f61:   85 f6 74 5a 0f b6 06 84 c0 74 54 0f 1f 40 00 0f
0x00007f496b1b5f71:   b6 d0 83 e0 07 c1 fa 03 44 8d 50 01 0f b6 c0 41
0x00007f496b1b5f81:   89 d1 4c 8d 44 06 02 48 8d 56 01 31 c0 66 90 0f
0x00007f496b1b5f91:   b6 0a 48 c1 e0 08 48 83 c2 01 48 09 c8 49 39 d0 


Stack slot to memory mapping:
stack at sp + 0 slots: 0x0 is NULL
stack at sp + 1 slots: 0x00007f4964020ae0 points into unknown readable memory: 50 0f 00 f8 48 7f 00 00
stack at sp + 2 slots: 0x0 is NULL
stack at sp + 3 slots: 0x00007f490ccf75d0 is pointing into the stack for thread: 0x00007f48d8001800
stack at sp + 4 slots: 0x00007f490ccf75b0 is pointing into the stack for thread: 0x00007f48d8001800
stack at sp + 5 slots: 0x00007f496b1b6b1a: <offset 0x0000000000003b1a> in /usr/lib/jvm/java-11-openjdk-amd64/lib/libjimage.so at 0x00007f496b1b3000
stack at sp + 6 slots: 0x0 is NULL
stack at sp + 7 slots: 0x0 is NULL


---------------  P R O C E S S  ---------------

Threads class SMR info:
_java_thread_list=0x00007f48d8002ba0, length=17, elements={
0x00007f49640bb800, 0x00007f49640bd800, 0x00007f49640c3000, 0x00007f49640c5000,
0x00007f49640c7000, 0x00007f49640c9000, 0x00007f4964100000, 0x00007f4964105000,
0x00007f49641fb800, 0x00007f496423e800, 0x00007f49643c6800, 0x00007f49643c8800,
0x00007f4964014000, 0x00007f48f026c800, 0x00007f4920001000, 0x00007f4920002800,
0x00007f48d8001800
}

Java Threads: ( => current thread )
  0x00007f49640bb800 JavaThread "Reference Handler" daemon [_thread_blocked, id=4573, stack(0x00007f494c4c5000,0x00007f494c5c6000)]
  0x00007f49640bd800 JavaThread "Finalizer" daemon [_thread_blocked, id=4574, stack(0x00007f494c3c4000,0x00007f494c4c5000)]
  0x00007f49640c3000 JavaThread "Signal Dispatcher" daemon [_thread_blocked, id=4575, stack(0x00007f493d6ff000,0x00007f493d800000)]
  0x00007f49640c5000 JavaThread "C2 CompilerThread0" daemon [_thread_blocked, id=4576, stack(0x00007f493d5fe000,0x00007f493d6ff000)]
  0x00007f49640c7000 JavaThread "C1 CompilerThread0" daemon [_thread_blocked, id=4577, stack(0x00007f493d4fd000,0x00007f493d5fe000)]
  0x00007f49640c9000 JavaThread "Sweeper thread" daemon [_thread_blocked, id=4578, stack(0x00007f493d3fc000,0x00007f493d4fd000)]
  0x00007f4964100000 JavaThread "Service Thread" daemon [_thread_blocked, id=4579, stack(0x00007f493d2fb000,0x00007f493d3fc000)]
  0x00007f4964105000 JavaThread "Common-Cleaner" daemon [_thread_blocked, id=4581, stack(0x00007f493d0f8000,0x00007f493d1f9000)]
  0x00007f49641fb800 JavaThread "Java2D Disposer" daemon [_thread_blocked, id=4585, stack(0x00007f490de34000,0x00007f490df35000)]
  0x00007f496423e800 JavaThread "AWT-XAWT" daemon [_thread_in_native, id=4586, stack(0x00007f490db06000,0x00007f490dc07000)]
  0x00007f49643c6800 JavaThread "AWT-Shutdown" [_thread_blocked, id=4587, stack(0x00007f490da05000,0x00007f490db06000)]
  0x00007f49643c8800 JavaThread "AWT-EventQueue-0" [_thread_blocked, id=4588, stack(0x00007f490d904000,0x00007f490da05000)]
  0x00007f4964014000 JavaThread "DestroyJavaVM" [_thread_blocked, id=4566, stack(0x00007f496b221000,0x00007f496b322000)]
  0x00007f48f026c800 JavaThread "TimerQueue" daemon [_thread_blocked, id=4596, stack(0x00007f490d302000,0x00007f490d403000)]
  0x00007f4920001000 JavaThread "SIGTERM handler" daemon [_thread_blocked, id=9657, stack(0x00007f490d603000,0x00007f490d704000)]
  0x00007f4920002800 JavaThread "SIGHUP handler" daemon [_thread_blocked, id=9658, stack(0x00007f490cefb000,0x00007f490cffc000)]
=>0x00007f48d8001800 JavaThread "XToolkt-Shutdown-Thread" [_thread_in_vm, id=9679, stack(0x00007f490cbfa000,0x00007f490ccfb000)]

Other Threads:
  0x00007f49640b8800 VMThread "VM Thread" [stack: 0x00007f494c5c8000,0x00007f494c6c8000] [id=4572]
  0x00007f4964102800 WatcherThread [stack: 0x00007f493d1fb000,0x00007f493d2fb000] [id=4580]
  0x00007f496402c800 GCTaskThread "GC Thread#0" [stack: 0x00007f496aed1000,0x00007f496afd1000] [id=4567]
  0x00007f4934009000 GCTaskThread "GC Thread#1" [stack: 0x00007f490d202000,0x00007f490d302000] [id=4593]
  0x00007f493400a000 GCTaskThread "GC Thread#2" [stack: 0x00007f490d100000,0x00007f490d200000] [id=4594]
  0x00007f493400b800 GCTaskThread "GC Thread#3" [stack: 0x00007f490cffe000,0x00007f490d0fe000] [id=4595]
  0x00007f4964047000 ConcurrentGCThread "G1 Main Marker" [stack: 0x00007f496861e000,0x00007f496871e000] [id=4568]
  0x00007f4964048800 ConcurrentGCThread "G1 Conc#0" [stack: 0x00007f496851c000,0x00007f496861c000] [id=4569]
  0x00007f496408a800 ConcurrentGCThread "G1 Refine#0" [stack: 0x00007f4968016000,0x00007f4968116000] [id=4570]
  0x00007f496408c000 ConcurrentGCThread "G1 Young RemSet Sampling" [stack: 0x00007f494c810000,0x00007f494c910000] [id=4571]

Threads with active compile tasks:

VM state:not at safepoint (normal execution)

VM Mutex/Monitor currently owned by a thread: None

Heap address: 0x00000000c4200000, size: 958 MB, Compressed Oops mode: 32-bit
Narrow klass base: 0x0000000800000000, Narrow klass shift: 3
Compressed class space size: 1073741824 Address: 0x0000000840000000

Heap:
 garbage-first heap   total 63488K, used 6359K [0x00000000c4200000, 0x0000000100000000)
  region size 1024K, 6 young (6144K), 2 survivors (2048K)
 Metaspace       used 13773K, capacity 14339K, committed 14592K, reserved 1062912K
  class space    used 1692K, capacity 1959K, committed 2048K, reserved 1048576K
Heap Regions: E=young(eden), S=young(survivor), O=old, HS=humongous(starts), HC=humongous(continues), CS=collection set, F=free, A=archive, TAMS=top-at-mark-start (previous, next)
|   0|0x00000000c4200000, 0x00000000c4284e00, 0x00000000c4300000| 51%| O|  |TAMS 0x00000000c4200000, 0x00000000c4200000| Untracked 
|   1|0x00000000c4300000, 0x00000000c4300000, 0x00000000c4400000|  0%| F|  |TAMS 0x00000000c4300000, 0x00000000c4300000| Untracked 
|   2|0x00000000c4400000, 0x00000000c4400000, 0x00000000c4500000|  0%| F|  |TAMS 0x00000000c4400000, 0x00000000c4400000| Untracked 
|   3|0x00000000c4500000, 0x00000000c4500000, 0x00000000c4600000|  0%| F|  |TAMS 0x00000000c4500000, 0x00000000c4500000| Untracked 
|   4|0x00000000c4600000, 0x00000000c4600000, 0x00000000c4700000|  0%| F|  |TAMS 0x00000000c4600000, 0x00000000c4600000| Untracked 
|   5|0x00000000c4700000, 0x00000000c4700000, 0x00000000c4800000|  0%| F|  |TAMS 0x00000000c4700000, 0x00000000c4700000| Untracked 
|   6|0x00000000c4800000, 0x00000000c4800000, 0x00000000c4900000|  0%| F|  |TAMS 0x00000000c4800000, 0x00000000c4800000| Untracked 
|   7|0x00000000c4900000, 0x00000000c4900000, 0x00000000c4a00000|  0%| F|  |TAMS 0x00000000c4900000, 0x00000000c4900000| Untracked 
|   8|0x00000000c4a00000, 0x00000000c4a00000, 0x00000000c4b00000|  0%| F|  |TAMS 0x00000000c4a00000, 0x00000000c4a00000| Untracked 
|   9|0x00000000c4b00000, 0x00000000c4b00000, 0x00000000c4c00000|  0%| F|  |TAMS 0x00000000c4b00000, 0x00000000c4b00000| Untracked 
|  10|0x00000000c4c00000, 0x00000000c4c00000, 0x00000000c4d00000|  0%| F|  |TAMS 0x00000000c4c00000, 0x00000000c4c00000| Untracked 
|  11|0x00000000c4d00000, 0x00000000c4d00000, 0x00000000c4e00000|  0%| F|  |TAMS 0x00000000c4d00000, 0x00000000c4d00000| Untracked 
|  12|0x00000000c4e00000, 0x00000000c4e00000, 0x00000000c4f00000|  0%| F|  |TAMS 0x00000000c4e00000, 0x00000000c4e00000| Untracked 
|  13|0x00000000c4f00000, 0x00000000c4f00000, 0x00000000c5000000|  0%| F|  |TAMS 0x00000000c4f00000, 0x00000000c4f00000| Untracked 
|  14|0x00000000c5000000, 0x00000000c5000000, 0x00000000c5100000|  0%| F|  |TAMS 0x00000000c5000000, 0x00000000c5000000| Untracked 
|  15|0x00000000c5100000, 0x00000000c5100000, 0x00000000c5200000|  0%| F|  |TAMS 0x00000000c5100000, 0x00000000c5100000| Untracked 
|  16|0x00000000c5200000, 0x00000000c5200000, 0x00000000c5300000|  0%| F|  |TAMS 0x00000000c5200000, 0x00000000c5200000| Untracked 
|  17|0x00000000c5300000, 0x00000000c5300000, 0x00000000c5400000|  0%| F|  |TAMS 0x00000000c5300000, 0x00000000c5300000| Untracked 
|  18|0x00000000c5400000, 0x00000000c5400000, 0x00000000c5500000|  0%| F|  |TAMS 0x00000000c5400000, 0x00000000c5400000| Untracked 
|  19|0x00000000c5500000, 0x00000000c5500000, 0x00000000c5600000|  0%| F|  |TAMS 0x00000000c5500000, 0x00000000c5500000| Untracked 
|  20|0x00000000c5600000, 0x00000000c5600000, 0x00000000c5700000|  0%| F|  |TAMS 0x00000000c5600000, 0x00000000c5600000| Untracked 
|  21|0x00000000c5700000, 0x00000000c5700000, 0x00000000c5800000|  0%| F|  |TAMS 0x00000000c5700000, 0x00000000c5700000| Untracked 
|  22|0x00000000c5800000, 0x00000000c5800000, 0x00000000c5900000|  0%| F|  |TAMS 0x00000000c5800000, 0x00000000c5800000| Untracked 
|  23|0x00000000c5900000, 0x00000000c5900000, 0x00000000c5a00000|  0%| F|  |TAMS 0x00000000c5900000, 0x00000000c5900000| Untracked 
|  24|0x00000000c5a00000, 0x00000000c5a00000, 0x00000000c5b00000|  0%| F|  |TAMS 0x00000000c5a00000, 0x00000000c5a00000| Untracked 
|  25|0x00000000c5b00000, 0x00000000c5b00000, 0x00000000c5c00000|  0%| F|  |TAMS 0x00000000c5b00000, 0x00000000c5b00000| Untracked 
|  26|0x00000000c5c00000, 0x00000000c5c00000, 0x00000000c5d00000|  0%| F|  |TAMS 0x00000000c5c00000, 0x00000000c5c00000| Untracked 
|  27|0x00000000c5d00000, 0x00000000c5d00000, 0x00000000c5e00000|  0%| F|  |TAMS 0x00000000c5d00000, 0x00000000c5d00000| Untracked 
|  28|0x00000000c5e00000, 0x00000000c5e00000, 0x00000000c5f00000|  0%| F|  |TAMS 0x00000000c5e00000, 0x00000000c5e00000| Untracked 
|  29|0x00000000c5f00000, 0x00000000c5f00000, 0x00000000c6000000|  0%| F|  |TAMS 0x00000000c5f00000, 0x00000000c5f00000| Untracked 
|  30|0x00000000c6000000, 0x00000000c6000000, 0x00000000c6100000|  0%| F|  |TAMS 0x00000000c6000000, 0x00000000c6000000| Untracked 
|  31|0x00000000c6100000, 0x00000000c6100000, 0x00000000c6200000|  0%| F|  |TAMS 0x00000000c6100000, 0x00000000c6100000| Untracked 
|  32|0x00000000c6200000, 0x00000000c6200000, 0x00000000c6300000|  0%| F|  |TAMS 0x00000000c6200000, 0x00000000c6200000| Untracked 
|  33|0x00000000c6300000, 0x00000000c6300000, 0x00000000c6400000|  0%| F|  |TAMS 0x00000000c6300000, 0x00000000c6300000| Untracked 
|  34|0x00000000c6400000, 0x00000000c6400000, 0x00000000c6500000|  0%| F|  |TAMS 0x00000000c6400000, 0x00000000c6400000| Untracked 
|  35|0x00000000c6500000, 0x00000000c6500000, 0x00000000c6600000|  0%| F|  |TAMS 0x00000000c6500000, 0x00000000c6500000| Untracked 
|  36|0x00000000c6600000, 0x00000000c6600000, 0x00000000c6700000|  0%| F|  |TAMS 0x00000000c6600000, 0x00000000c6600000| Untracked 
|  37|0x00000000c6700000, 0x00000000c6700000, 0x00000000c6800000|  0%| F|  |TAMS 0x00000000c6700000, 0x00000000c6700000| Untracked 
|  38|0x00000000c6800000, 0x00000000c6800000, 0x00000000c6900000|  0%| F|  |TAMS 0x00000000c6800000, 0x00000000c6800000| Untracked 
|  39|0x00000000c6900000, 0x00000000c6900000, 0x00000000c6a00000|  0%| F|  |TAMS 0x00000000c6900000, 0x00000000c6900000| Untracked 
|  40|0x00000000c6a00000, 0x00000000c6a00000, 0x00000000c6b00000|  0%| F|  |TAMS 0x00000000c6a00000, 0x00000000c6a00000| Untracked 
|  41|0x00000000c6b00000, 0x00000000c6b00000, 0x00000000c6c00000|  0%| F|  |TAMS 0x00000000c6b00000, 0x00000000c6b00000| Untracked 
|  42|0x00000000c6c00000, 0x00000000c6c00000, 0x00000000c6d00000|  0%| F|  |TAMS 0x00000000c6c00000, 0x00000000c6c00000| Untracked 
|  43|0x00000000c6d00000, 0x00000000c6d00000, 0x00000000c6e00000|  0%| F|  |TAMS 0x00000000c6d00000, 0x00000000c6d00000| Untracked 
|  44|0x00000000c6e00000, 0x00000000c6f00000, 0x00000000c6f00000|100%| S|CS|TAMS 0x00000000c6e00000, 0x00000000c6e00000| Complete 
|  45|0x00000000c6f00000, 0x00000000c7000000, 0x00000000c7000000|100%| S|CS|TAMS 0x00000000c6f00000, 0x00000000c6f00000| Complete 
|  46|0x00000000c7000000, 0x00000000c7000000, 0x00000000c7100000|  0%| F|  |TAMS 0x00000000c7000000, 0x00000000c7000000| Untracked 
|  47|0x00000000c7100000, 0x00000000c7100000, 0x00000000c7200000|  0%| F|  |TAMS 0x00000000c7100000, 0x00000000c7100000| Untracked 
|  48|0x00000000c7200000, 0x00000000c7200000, 0x00000000c7300000|  0%| F|  |TAMS 0x00000000c7200000, 0x00000000c7200000| Untracked 
|  49|0x00000000c7300000, 0x00000000c7300000, 0x00000000c7400000|  0%| F|  |TAMS 0x00000000c7300000, 0x00000000c7300000| Untracked 
|  50|0x00000000c7400000, 0x00000000c7400000, 0x00000000c7500000|  0%| F|  |TAMS 0x00000000c7400000, 0x00000000c7400000| Untracked 
|  51|0x00000000c7500000, 0x00000000c7500000, 0x00000000c7600000|  0%| F|  |TAMS 0x00000000c7500000, 0x00000000c7500000| Untracked 
|  52|0x00000000c7600000, 0x00000000c7600000, 0x00000000c7700000|  0%| F|  |TAMS 0x00000000c7600000, 0x00000000c7600000| Untracked 
|  53|0x00000000c7700000, 0x00000000c7700000, 0x00000000c7800000|  0%| F|  |TAMS 0x00000000c7700000, 0x00000000c7700000| Untracked 
|  54|0x00000000c7800000, 0x00000000c7800000, 0x00000000c7900000|  0%| F|  |TAMS 0x00000000c7800000, 0x00000000c7800000| Untracked 
|  55|0x00000000c7900000, 0x00000000c7900000, 0x00000000c7a00000|  0%| F|  |TAMS 0x00000000c7900000, 0x00000000c7900000| Untracked 
|  56|0x00000000c7a00000, 0x00000000c7ae5a10, 0x00000000c7b00000| 89%| E|  |TAMS 0x00000000c7a00000, 0x00000000c7a00000| Complete 
|  57|0x00000000c7b00000, 0x00000000c7c00000, 0x00000000c7c00000|100%| E|CS|TAMS 0x00000000c7b00000, 0x00000000c7b00000| Complete 
|  58|0x00000000c7c00000, 0x00000000c7d00000, 0x00000000c7d00000|100%| E|CS|TAMS 0x00000000c7c00000, 0x00000000c7c00000| Complete 
|  59|0x00000000c7d00000, 0x00000000c7e00000, 0x00000000c7e00000|100%| E|CS|TAMS 0x00000000c7d00000, 0x00000000c7d00000| Complete 
| 956|0x00000000ffe00000, 0x00000000ffe47000, 0x00000000fff00000| 27%|OA|  |TAMS 0x00000000ffe00000, 0x00000000ffe00000| Untracked 
| 957|0x00000000fff00000, 0x00000000fff6a000, 0x0000000100000000| 41%|CA|  |TAMS 0x00000000fff00000, 0x00000000fff00000| Untracked 

Card table byte_map: [0x00007f496a70d000,0x00007f496a8ec000] _byte_map_base: 0x00007f496a0ec000

Marking Bits (Prev, Next): (CMBitMap*) 0x00007f4964042348, (CMBitMap*) 0x00007f4964042380
 Prev Bits: [0x00007f4969636000, 0x00007f496a52e000)
 Next Bits: [0x00007f496873e000, 0x00007f4969636000)

Polling page: 0x00007f496cb83000

Metaspace:

Usage:
  Non-class:     12,09 MB capacity,    11,80 MB ( 98%) used,   240,08 KB (  2%) free+waste,    59,00 KB ( <1%) overhead. 
      Class:      1,91 MB capacity,     1,65 MB ( 86%) used,   234,43 KB ( 12%) free+waste,    32,31 KB (  2%) overhead. 
       Both:     14,00 MB capacity,    13,45 MB ( 96%) used,   474,51 KB (  3%) free+waste,    91,31 KB ( <1%) overhead. 

Virtual space:
  Non-class space:       14,00 MB reserved,      12,25 MB ( 88%) committed 
      Class space:        1,00 GB reserved,       2,00 MB ( <1%) committed 
             Both:        1,01 GB reserved,      14,25 MB (  1%) committed 

Chunk freelists:
   Non-Class:  120,00 KB
       Class:  25,00 KB
        Both:  145,00 KB

MaxMetaspaceSize: unlimited
CompressedClassSpaceSize: 1,00 GB

CodeHeap 'non-profiled nmethods': size=120032Kb used=516Kb max_used=534Kb free=119516Kb
 bounds [0x00007f49543d8000, 0x00007f4954648000, 0x00007f495b910000]
CodeHeap 'profiled nmethods': size=120032Kb used=3449Kb max_used=3692Kb free=116582Kb
 bounds [0x00007f494cea0000, 0x00007f494d250000, 0x00007f49543d8000]
CodeHeap 'non-nmethods': size=5696Kb used=1286Kb max_used=1299Kb free=4409Kb
 bounds [0x00007f494c910000, 0x00007f494cb80000, 0x00007f494cea0000]
 total_blobs=2716 nmethods=1590 adapters=611
 compilation: enabled
              stopped_count=0, restarted_count=0
 full_count=0

Compilation events (20 events):
Event: 19294,065 Thread 0x00007f49640c7000 1717  s    3       java.util.Vector::iterator (9 bytes)
Event: 19294,065 Thread 0x00007f49640c7000 nmethod 1717 0x00007f494cea1410 code [0x00007f494cea15e0, 0x00007f494cea1a90]
Event: 19640,391 Thread 0x00007f49640c7000 1718  s    3       java.util.Vector::toArray (12 bytes)
Event: 19640,392 Thread 0x00007f49640c7000 nmethod 1718 0x00007f494cea7b10 code [0x00007f494cea7ce0, 0x00007f494cea80c8]
Event: 20261,504 Thread 0x00007f49640c7000 1719   !   3       sun.awt.X11.XToolkit$1::dispatchEvent (34 bytes)
Event: 20261,509 Thread 0x00007f49640c7000 nmethod 1719 0x00007f494cea9e10 code [0x00007f494ceaa120, 0x00007f494ceab208]
Event: 20261,509 Thread 0x00007f49640c7000 1720       3       sun.awt.X11.XMSelection$1::dispatchEvent (10 bytes)
Event: 20261,511 Thread 0x00007f49640c7000 nmethod 1720 0x00007f494cea9410 code [0x00007f494cea9620, 0x00007f494cea9b78]
Event: 23861,669 Thread 0x00007f49640c7000 1721       3       java.util.Vector::<init> (53 bytes)
Event: 23861,671 Thread 0x00007f49640c7000 nmethod 1721 0x00007f494cea8b90 code [0x00007f494cea8d80, 0x00007f494cea9278]
Event: 28919,076 Thread 0x00007f49640c7000 1722 % !   3       sun.awt.X11.XToolkit::run @ 59 (384 bytes)
Event: 28919,090 Thread 0x00007f49640c7000 nmethod 1722% 0x00007f494d23b290 code [0x00007f494d23bca0, 0x00007f494d242d28]
Event: 29430,978 Thread 0x00007f49640c7000 1723   !   3       sun.awt.X11.XToolkit::run (384 bytes)
Event: 29430,991 Thread 0x00007f49640c7000 nmethod 1723 0x00007f494cedb890 code [0x00007f494cedc280, 0x00007f494cee1f28]
Event: 34426,147 Thread 0x00007f49640c5000 1724       4       java.util.TreeMap::getEntry (84 bytes)
Event: 34426,152 Thread 0x00007f49640c5000 nmethod 1724 0x00007f4954403790 code [0x00007f4954403940, 0x00007f4954403ab8]
Event: 34493,436 Thread 0x00007f49640c7000 1725       3       java.lang.Long::hashCode (8 bytes)
Event: 34493,437 Thread 0x00007f49640c7000 nmethod 1725 0x00007f494cea0e10 code [0x00007f494cea0fc0, 0x00007f494cea11b0]
Event: 37305,090 Thread 0x00007f49640c5000 1726       4       java.util.Vector$Itr::hasNext (20 bytes)
Event: 37305,114 Thread 0x00007f49640c5000 nmethod 1726 0x00007f4954403490 code [0x00007f4954403620, 0x00007f49544036b8]

GC Heap History (2 events):
Event: 1,941 GC heap before
{Heap before GC invocations=0 (full 0):
 garbage-first heap   total 63488K, used 15044K [0x00000000c4200000, 0x0000000100000000)
  region size 1024K, 14 young (14336K), 0 survivors (0K)
 Metaspace       used 12780K, capacity 13299K, committed 13440K, reserved 1060864K
  class space    used 1636K, capacity 1892K, committed 1920K, reserved 1048576K
}
Event: 1,952 GC heap after
{Heap after GC invocations=1 (full 0):
 garbage-first heap   total 63488K, used 3287K [0x00000000c4200000, 0x0000000100000000)
  region size 1024K, 2 young (2048K), 2 survivors (2048K)
 Metaspace       used 12780K, capacity 13299K, committed 13440K, reserved 1060864K
  class space    used 1636K, capacity 1892K, committed 1920K, reserved 1048576K
}

Deoptimization events (20 events):
Event: 1,779 Thread 0x00007f49643c8800 Uncommon trap: trap_request=0xffffff4d fr.pc=0x00007f4954402950 relative=0x00000000000036d0
Event: 1,779 Thread 0x00007f49643c8800 Uncommon trap: reason=unstable_if action=reinterpret pc=0x00007f4954402950 method=jdk.internal.org.objectweb.asm.Frame.execute(IILjdk/internal/org/objectweb/asm/ClassWriter;Ljdk/internal/org/objectweb/asm/Item;)V @ 1 c2
Event: 1,779 Thread 0x00007f49643c8800 DEOPT PACKING pc=0x00007f4954402950 sp=0x00007f490d9fe800
Event: 1,779 Thread 0x00007f49643c8800 DEOPT UNPACKING pc=0x00007f494c9389a5 sp=0x00007f490d9fe7c8 mode 2
Event: 1,884 Thread 0x00007f49643c8800 Uncommon trap: trap_request=0xffffffde fr.pc=0x00007f49543f6e54 relative=0x00000000000001b4
Event: 1,884 Thread 0x00007f49643c8800 Uncommon trap: reason=class_check action=maybe_recompile pc=0x00007f49543f6e54 method=java.lang.String.equals(Ljava/lang/Object;)Z @ 8 c2
Event: 1,884 Thread 0x00007f49643c8800 DEOPT PACKING pc=0x00007f49543f6e54 sp=0x00007f490d9fed00
Event: 1,884 Thread 0x00007f49643c8800 DEOPT UNPACKING pc=0x00007f494c9389a5 sp=0x00007f490d9fecc8 mode 2
Event: 1,886 Thread 0x00007f49643c8800 Uncommon trap: trap_request=0xffffffde fr.pc=0x00007f49543f6e54 relative=0x00000000000001b4
Event: 1,886 Thread 0x00007f49643c8800 Uncommon trap: reason=class_check action=maybe_recompile pc=0x00007f49543f6e54 method=java.lang.String.equals(Ljava/lang/Object;)Z @ 8 c2
Event: 1,886 Thread 0x00007f49643c8800 DEOPT PACKING pc=0x00007f49543f6e54 sp=0x00007f490d9fe9a0
Event: 1,886 Thread 0x00007f49643c8800 DEOPT UNPACKING pc=0x00007f494c9389a5 sp=0x00007f490d9fe968 mode 2
Event: 1,886 Thread 0x00007f49643c8800 Uncommon trap: trap_request=0xffffffde fr.pc=0x00007f49543f6e54 relative=0x00000000000001b4
Event: 1,886 Thread 0x00007f49643c8800 Uncommon trap: reason=class_check action=maybe_recompile pc=0x00007f49543f6e54 method=java.lang.String.equals(Ljava/lang/Object;)Z @ 8 c2
Event: 1,886 Thread 0x00007f49643c8800 DEOPT PACKING pc=0x00007f49543f6e54 sp=0x00007f490d9fe9b0
Event: 1,886 Thread 0x00007f49643c8800 DEOPT UNPACKING pc=0x00007f494c9389a5 sp=0x00007f490d9fe978 mode 2
Event: 1,886 Thread 0x00007f49643c8800 Uncommon trap: trap_request=0xffffffde fr.pc=0x00007f49543f6e54 relative=0x00000000000001b4
Event: 1,886 Thread 0x00007f49643c8800 Uncommon trap: reason=class_check action=maybe_recompile pc=0x00007f49543f6e54 method=java.lang.String.equals(Ljava/lang/Object;)Z @ 8 c2
Event: 1,886 Thread 0x00007f49643c8800 DEOPT PACKING pc=0x00007f49543f6e54 sp=0x00007f490d9fe8d0
Event: 1,886 Thread 0x00007f49643c8800 DEOPT UNPACKING pc=0x00007f494c9389a5 sp=0x00007f490d9fe898 mode 2

Classes redefined (0 events):
No events

Internal exceptions (20 events):
Event: 0,299 Thread 0x00007f4964014000 Exception <a 'java/lang/NoSuchMethodError'{0x00000000c7ac5528}: 'void java.lang.invoke.DirectMethodHandle$Holder.invokeSpecial(java.lang.Object, java.lang.Object)'> (0x00000000c7ac5528) thrown at [/build/openjdk-11-11.0.6+10/src/hotspot/share/interpreter/
Event: 0,345 Thread 0x00007f4964014000 Exception <a 'java/lang/NoSuchMethodError'{0x00000000c79d38c8}: 'java.lang.Object java.lang.invoke.DirectMethodHandle$Holder.invokeStatic(java.lang.Object, int, java.lang.Object, java.lang.Object, java.lang.Object, java.lang.Object)'> (0x00000000c79d38c8)
Event: 0,346 Thread 0x00007f4964014000 Exception <a 'java/lang/NoSuchMethodError'{0x00000000c79dae78}: 'java.lang.Object java.lang.invoke.DirectMethodHandle$Holder.invokeStatic(java.lang.Object, int, java.lang.Object, java.lang.Object, java.lang.Object)'> (0x00000000c79dae78) thrown at [/build
Event: 0,347 Thread 0x00007f4964014000 Exception <a 'java/lang/NoSuchMethodError'{0x00000000c79de9c0}: 'java.lang.Object java.lang.invoke.DirectMethodHandle$Holder.invokeSpecial(java.lang.Object, java.lang.Object, int, java.lang.Object, java.lang.Object, java.lang.Object)'> (0x00000000c79de9c0
Event: 0,351 Thread 0x00007f4964014000 Exception <a 'java/lang/NoSuchMethodError'{0x00000000c79f6270}: 'java.lang.Object java.lang.invoke.DirectMethodHandle$Holder.invokeStatic(java.lang.Object, int, java.lang.Object)'> (0x00000000c79f6270) thrown at [/build/openjdk-11-11.0.6+10/src/hotspot/sh
Event: 0,388 Thread 0x00007f4964014000 Exception <a 'java/lang/NoSuchMethodError'{0x00000000c78e8528}: 'java.lang.Object java.lang.invoke.Invokers$Holder.linkToTargetMethod(java.lang.Object, int, java.lang.Object)'> (0x00000000c78e8528) thrown at [/build/openjdk-11-11.0.6+10/src/hotspot/share/
Event: 0,391 Thread 0x00007f4964014000 Exception <a 'java/lang/ClassNotFoundException'{0x00000000c78f0a58}: com/sun/swing/internal/plaf/metal/resources/spi/metalProvider> (0x00000000c78f0a58) thrown at [/build/openjdk-11-11.0.6+10/src/hotspot/share/classfile/systemDictionary.cpp, line 231]
Event: 0,393 Thread 0x00007f4964014000 Exception <a 'java/lang/ClassNotFoundException'{0x00000000c78f58c0}: com/sun/swing/internal/plaf/basic/resources/spi/basicProvider> (0x00000000c78f58c0) thrown at [/build/openjdk-11-11.0.6+10/src/hotspot/share/classfile/systemDictionary.cpp, line 231]
Event: 0,471 Thread 0x00007f4964014000 Exception <a 'java/lang/NoSuchMethodError'{0x00000000c77ba498}: 'void java.lang.invoke.DirectMethodHandle$Holder.invokeStaticInit(java.lang.Object)'> (0x00000000c77ba498) thrown at [/build/openjdk-11-11.0.6+10/src/hotspot/share/interpreter/linkResolver.cp
Event: 0,480 Thread 0x00007f4964014000 Exception <a 'java/lang/NoSuchMethodError'{0x00000000c761efb0}: 'java.lang.Object java.lang.invoke.DirectMethodHandle$Holder.invokeStatic(java.lang.Object, java.lang.Object, java.lang.Object, java.lang.Object, java.lang.Object, java.lang.Object, java.lang
Event: 0,482 Thread 0x00007f4964014000 Exception <a 'java/lang/NoSuchMethodError'{0x00000000c762b9a8}: 'java.lang.Object java.lang.invoke.DirectMethodHandle$Holder.invokeStatic(java.lang.Object, java.lang.Object, java.lang.Object, java.lang.Object, java.lang.Object, java.lang.Object, java.lang
Event: 0,541 Thread 0x00007f4964014000 Exception <a 'java/lang/NoSuchMethodError'{0x00000000c752c710}: 'java.lang.Object java.lang.invoke.DirectMethodHandle$Holder.invokeSpecial(java.lang.Object, java.lang.Object, int, int, java.lang.Object, java.lang.Object, java.lang.Object, java.lang.Object
Event: 0,542 Thread 0x00007f4964014000 Exception <a 'java/lang/NoSuchMethodError'{0x00000000c75303a0}: 'java.lang.Object java.lang.invoke.DelegatingMethodHandle$Holder.reinvoke_L(java.lang.Object, int, int, java.lang.Object, java.lang.Object, java.lang.Object, java.lang.Object, java.lang.Objec
Event: 0,557 Thread 0x00007f4964014000 Exception <a 'java/lang/NoSuchMethodError'{0x00000000c75d2ec0}: 'java.lang.Object java.lang.invoke.Invokers$Holder.linkToTargetMethod(java.lang.Object, java.lang.Object, java.lang.Object, java.lang.Object, java.lang.Object, java.lang.Object)'> (0x00000000
Event: 0,565 Thread 0x00007f4964014000 Exception <a 'java/lang/NoSuchMethodError'{0x00000000c743fe58}: 'java.lang.Object java.lang.invoke.DirectMethodHandle$Holder.invokeSpecial(java.lang.Object, java.lang.Object, int, int, java.lang.Object, java.lang.Object, java.lang.Object, java.lang.Object
Event: 0,565 Thread 0x00007f4964014000 Exception <a 'java/lang/NoSuchMethodError'{0x00000000c7443838}: 'java.lang.Object java.lang.invoke.DelegatingMethodHandle$Holder.reinvoke_L(java.lang.Object, int, int, java.lang.Object, java.lang.Object, java.lang.Object, java.lang.Object)'> (0x00000000c7
Event: 0,620 Thread 0x00007f4964014000 Exception <a 'java/lang/NoSuchMethodError'{0x00000000c7226e58}: 'java.lang.Object java.lang.invoke.DirectMethodHandle$Holder.invokeStatic(java.lang.Object, java.lang.Object, java.lang.Object, java.lang.Object, java.lang.Object, java.lang.Object, java.lang
Event: 0,622 Thread 0x00007f4964014000 Exception <a 'java/lang/NoSuchMethodError'{0x00000000c7244de0}: 'java.lang.Object java.lang.invoke.DirectMethodHandle$Holder.invokeStatic(java.lang.Object, java.lang.Object, java.lang.Object, java.lang.Object, java.lang.Object, java.lang.Object, java.lang
Event: 0,624 Thread 0x00007f4964014000 Exception <a 'java/lang/NoSuchMethodError'{0x00000000c7263ae0}: 'java.lang.Object java.lang.invoke.DirectMethodHandle$Holder.invokeStatic(java.lang.Object, java.lang.Object, java.lang.Object, java.lang.Object, java.lang.Object, java.lang.Object, java.lang
Event: 0,627 Thread 0x00007f4964014000 Exception <a 'java/lang/NoSuchMethodError'{0x00000000c7283bd0}: 'java.lang.Object java.lang.invoke.DirectMethodHandle$Holder.invokeStatic(java.lang.Object, java.lang.Object, java.lang.Object, java.lang.Object, java.lang.Object, java.lang.Object, java.lang

Events (20 events):
Event: 6935,940 Thread 0x00007f49640c9000 flushing nmethod 0x00007f494d0ae490
Event: 6935,940 Thread 0x00007f49640c9000 flushing nmethod 0x00007f494d0d5510
Event: 6935,940 Thread 0x00007f49640c9000 flushing nmethod 0x00007f494d0e4610
Event: 6935,940 Thread 0x00007f49640c9000 flushing nmethod 0x00007f494d0fdd90
Event: 34426,151 Thread 0x00007f49640c9000 flushing nmethod 0x00007f494d046b90
Event: 37305,219 Thread 0x00007f49640c9000 flushing nmethod 0x00007f494d0de390
Event: 37389,333 loading class jdk/internal/misc/Signal$1
Event: 37389,404 loading class jdk/internal/misc/Signal$1 done
Event: 37389,461 Thread 0x00007f4920001000 Thread added: 0x00007f4920001000
Event: 37389,462 Thread 0x00007f4920002800 Thread added: 0x00007f4920002800
Event: 37389,463 Protecting memory [0x00007f490cefb000,0x00007f490ceff000] with protection modes 0
Event: 37389,464 Protecting memory [0x00007f490d603000,0x00007f490d607000] with protection modes 0
Event: 37389,469 Executing VM operation: RevokeBias
Event: 37389,483 Executing coalesced safepoint VM operation: RevokeBias
Event: 37389,483 Executing coalesced safepoint VM operation: RevokeBias done
Event: 37389,483 Executing VM operation: RevokeBias done
Event: 37389,509 Thread 0x00007f48d8001800 Thread added: 0x00007f48d8001800
Event: 37389,509 Protecting memory [0x00007f490cbfa000,0x00007f490cbfe000] with protection modes 0
Event: 37389,523 loading class sun/awt/X11/XSystemTrayPeer
Event: 37389,688 loading class java/awt/peer/SystemTrayPeer


Dynamic libraries:
c4200000-c7e00000 rw-p 00000000 00:00 0 
c7e00000-ffe00000 ---p 00000000 00:00 0 
ffe00000-ffe47000 rw-p 01105000 08:02 1578952                            /usr/lib/jvm/java-11-openjdk-amd64/lib/server/classes.jsa
ffe47000-fff00000 rw-p 00000000 00:00 0 
fff00000-fff6a000 rw-p 0109b000 08:02 1578952                            /usr/lib/jvm/java-11-openjdk-amd64/lib/server/classes.jsa
fff6a000-100000000 rw-p 00000000 00:00 0 
800000000-800002000 rwxp 00001000 08:02 1578952                          /usr/lib/jvm/java-11-openjdk-amd64/lib/server/classes.jsa
800002000-8003b8000 rw-p 00003000 08:02 1578952                          /usr/lib/jvm/java-11-openjdk-amd64/lib/server/classes.jsa
8003b8000-800a8d000 r--p 003b9000 08:02 1578952                          /usr/lib/jvm/java-11-openjdk-amd64/lib/server/classes.jsa
800a8d000-800a8e000 rw-p 00a8e000 08:02 1578952                          /usr/lib/jvm/java-11-openjdk-amd64/lib/server/classes.jsa
800a8e000-80109a000 r--p 00a8f000 08:02 1578952                          /usr/lib/jvm/java-11-openjdk-amd64/lib/server/classes.jsa
840000000-840200000 rw-p 00000000 00:00 0 
840200000-880000000 ---p 00000000 00:00 0 
558636f24000-558636f25000 r--p 00000000 08:02 921319                     /usr/lib/jvm/java-11-openjdk-amd64/bin/java
558636f25000-558636f26000 r-xp 00001000 08:02 921319                     /usr/lib/jvm/java-11-openjdk-amd64/bin/java
558636f26000-558636f27000 r--p 00002000 08:02 921319                     /usr/lib/jvm/java-11-openjdk-amd64/bin/java
558636f27000-558636f28000 r--p 00002000 08:02 921319                     /usr/lib/jvm/java-11-openjdk-amd64/bin/java
558636f28000-558636f29000 rw-p 00003000 08:02 921319                     /usr/lib/jvm/java-11-openjdk-amd64/bin/java
5586383bb000-5586383dc000 rw-p 00000000 00:00 0                          [heap]
7f48cc000000-7f48cc021000 rw-p 00000000 00:00 0 
7f48cc021000-7f48d0000000 ---p 00000000 00:00 0 
7f48d4000000-7f48d4021000 rw-p 00000000 00:00 0 
7f48d4021000-7f48d8000000 ---p 00000000 00:00 0 
7f48d8000000-7f48d8021000 rw-p 00000000 00:00 0 
7f48d8021000-7f48dc000000 ---p 00000000 00:00 0 
7f48dc000000-7f48dc021000 rw-p 00000000 00:00 0 
7f48dc021000-7f48e0000000 ---p 00000000 00:00 0 
7f48e0000000-7f48e0021000 rw-p 00000000 00:00 0 
7f48e0021000-7f48e4000000 ---p 00000000 00:00 0 
7f48e4000000-7f48e4021000 rw-p 00000000 00:00 0 
7f48e4021000-7f48e8000000 ---p 00000000 00:00 0 
7f48e8000000-7f48e8021000 rw-p 00000000 00:00 0 
7f48e8021000-7f48ec000000 ---p 00000000 00:00 0 
7f48ec000000-7f48ec021000 rw-p 00000000 00:00 0 
7f48ec021000-7f48f0000000 ---p 00000000 00:00 0 
7f48f0000000-7f48f0294000 rw-p 00000000 00:00 0 
7f48f0294000-7f48f4000000 ---p 00000000 00:00 0 
7f48f4000000-7f48f4021000 rw-p 00000000 00:00 0 
7f48f4021000-7f48f8000000 ---p 00000000 00:00 0 
7f48f8000000-7f48f8021000 rw-p 00000000 00:00 0 
7f48f8021000-7f48fc000000 ---p 00000000 00:00 0 
7f48fc000000-7f48fc021000 rw-p 00000000 00:00 0 
7f48fc021000-7f4900000000 ---p 00000000 00:00 0 
7f4900000000-7f4900021000 rw-p 00000000 00:00 0 
7f4900021000-7f4904000000 ---p 00000000 00:00 0 
7f4904000000-7f4904021000 rw-p 00000000 00:00 0 
7f4904021000-7f4908000000 ---p 00000000 00:00 0 
7f4908000000-7f4908021000 rw-p 00000000 00:00 0 
7f4908021000-7f490c000000 ---p 00000000 00:00 0 
7f490cbfa000-7f490cbfe000 ---p 00000000 00:00 0 
7f490cbfe000-7f490cd3b000 rw-p 00000000 00:00 0 
7f490cd3b000-7f490cefb000 ---p 00000000 00:00 0 
7f490cefb000-7f490ceff000 ---p 00000000 00:00 0 
7f490ceff000-7f490cffc000 rw-p 00000000 00:00 0 
7f490cffc000-7f490cffd000 ---p 00000000 00:00 0 
7f490cffd000-7f490d0fe000 rw-p 00000000 00:00 0 
7f490d0fe000-7f490d0ff000 ---p 00000000 00:00 0 
7f490d0ff000-7f490d200000 rw-p 00000000 00:00 0 
7f490d200000-7f490d201000 ---p 00000000 00:00 0 
7f490d201000-7f490d302000 rw-p 00000000 00:00 0 
7f490d302000-7f490d306000 ---p 00000000 00:00 0 
7f490d306000-7f490d603000 rw-p 00000000 00:00 0 
7f490d603000-7f490d607000 ---p 00000000 00:00 0 
7f490d607000-7f490d904000 rw-p 00000000 00:00 0 
7f490d904000-7f490d908000 ---p 00000000 00:00 0 
7f490d908000-7f490da05000 rw-p 00000000 00:00 0 
7f490da05000-7f490da09000 ---p 00000000 00:00 0 
7f490da09000-7f490db06000 rw-p 00000000 00:00 0 
7f490db06000-7f490db0a000 ---p 00000000 00:00 0 
7f490db0a000-7f490dc07000 rw-p 00000000 00:00 0 
7f490dc07000-7f490dc0c000 r-xp 00000000 08:02 793173                     /usr/lib/x86_64-linux-gnu/libXfixes.so.3.1.0
7f490dc0c000-7f490de0b000 ---p 00005000 08:02 793173                     /usr/lib/x86_64-linux-gnu/libXfixes.so.3.1.0
7f490de0b000-7f490de0c000 r--p 00004000 08:02 793173                     /usr/lib/x86_64-linux-gnu/libXfixes.so.3.1.0
7f490de0c000-7f490de0d000 rw-p 00005000 08:02 793173                     /usr/lib/x86_64-linux-gnu/libXfixes.so.3.1.0
7f490de0d000-7f490de10000 r--p 00000000 08:02 796589                     /usr/lib/x86_64-linux-gnu/libXcursor.so.1.0.2
7f490de10000-7f490de16000 r-xp 00003000 08:02 796589                     /usr/lib/x86_64-linux-gnu/libXcursor.so.1.0.2
7f490de16000-7f490de18000 r--p 00009000 08:02 796589                     /usr/lib/x86_64-linux-gnu/libXcursor.so.1.0.2
7f490de18000-7f490de19000 r--p 0000a000 08:02 796589                     /usr/lib/x86_64-linux-gnu/libXcursor.so.1.0.2
7f490de19000-7f490de1a000 rw-p 0000b000 08:02 796589                     /usr/lib/x86_64-linux-gnu/libXcursor.so.1.0.2
7f490de34000-7f490de38000 ---p 00000000 00:00 0 
7f490de38000-7f490df35000 rw-p 00000000 00:00 0 
7f490df35000-7f490df36000 ---p 00000000 00:00 0 
7f490df36000-7f490e736000 rw-p 00000000 00:00 0 
7f490e736000-7f490e737000 ---p 00000000 00:00 0 
7f490e737000-7f490ef37000 rw-p 00000000 00:00 0 
7f490ef37000-7f490ef38000 ---p 00000000 00:00 0 
7f490ef38000-7f490f738000 rw-p 00000000 00:00 0 
7f490f738000-7f490f73c000 r--p 00000000 08:02 1313752                    /usr/lib/x86_64-linux-gnu/gio/modules/libdconfsettings.so
7f490f73c000-7f490f743000 r-xp 00004000 08:02 1313752                    /usr/lib/x86_64-linux-gnu/gio/modules/libdconfsettings.so
7f490f743000-7f490f746000 r--p 0000b000 08:02 1313752                    /usr/lib/x86_64-linux-gnu/gio/modules/libdconfsettings.so
7f490f746000-7f490f747000 ---p 0000e000 08:02 1313752                    /usr/lib/x86_64-linux-gnu/gio/modules/libdconfsettings.so
7f490f747000-7f490f748000 r--p 0000e000 08:02 1313752                    /usr/lib/x86_64-linux-gnu/gio/modules/libdconfsettings.so
7f490f748000-7f490f749000 rw-p 0000f000 08:02 1313752                    /usr/lib/x86_64-linux-gnu/gio/modules/libdconfsettings.so
7f490f749000-7f490f769000 r--p 00000000 08:02 790272                     /usr/share/locale/it/LC_MESSAGES/glib20.mo
7f490f769000-7f490f773000 r--p 00000000 08:02 788196                     /usr/lib/x86_64-linux-gnu/libblkid.so.1.1.0
7f490f773000-7f490f7a7000 r-xp 0000a000 08:02 788196                     /usr/lib/x86_64-linux-gnu/libblkid.so.1.1.0
7f490f7a7000-7f490f7b7000 r--p 0003e000 08:02 788196                     /usr/lib/x86_64-linux-gnu/libblkid.so.1.1.0
7f490f7b7000-7f490f7b8000 ---p 0004e000 08:02 788196                     /usr/lib/x86_64-linux-gnu/libblkid.so.1.1.0
7f490f7b8000-7f490f7bd000 r--p 0004e000 08:02 788196                     /usr/lib/x86_64-linux-gnu/libblkid.so.1.1.0
7f490f7bd000-7f490f7be000 rw-p 00053000 08:02 788196                     /usr/lib/x86_64-linux-gnu/libblkid.so.1.1.0
7f490f7be000-7f490f7c0000 r--p 00000000 08:02 787520                     /usr/lib/x86_64-linux-gnu/libffi.so.6.0.4
7f490f7c0000-7f490f7c5000 r-xp 00002000 08:02 787520                     /usr/lib/x86_64-linux-gnu/libffi.so.6.0.4
7f490f7c5000-7f490f7c6000 r--p 00007000 08:02 787520                     /usr/lib/x86_64-linux-gnu/libffi.so.6.0.4
7f490f7c6000-7f490f7c7000 r--p 00007000 08:02 787520                     /usr/lib/x86_64-linux-gnu/libffi.so.6.0.4
7f490f7c7000-7f490f7c8000 rw-p 00008000 08:02 787520                     /usr/lib/x86_64-linux-gnu/libffi.so.6.0.4
7f490f7c8000-7f490f7ca000 r--p 00000000 08:02 786839                     /usr/lib/x86_64-linux-gnu/libpcre.so.3.13.3
7f490f7ca000-7f490f81c000 r-xp 00002000 08:02 786839                     /usr/lib/x86_64-linux-gnu/libpcre.so.3.13.3
7f490f81c000-7f490f83a000 r--p 00054000 08:02 786839                     /usr/lib/x86_64-linux-gnu/libpcre.so.3.13.3
7f490f83a000-7f490f83b000 r--p 00071000 08:02 786839                     /usr/lib/x86_64-linux-gnu/libpcre.so.3.13.3
7f490f83b000-7f490f83c000 rw-p 00072000 08:02 786839                     /usr/lib/x86_64-linux-gnu/libpcre.so.3.13.3
7f490f83c000-7f490f861000 r-xp 00000000 08:02 788681                     /usr/lib/x86_64-linux-gnu/libselinux.so.1
7f490f861000-7f490fa60000 ---p 00025000 08:02 788681                     /usr/lib/x86_64-linux-gnu/libselinux.so.1
7f490fa60000-7f490fa61000 r--p 00024000 08:02 788681                     /usr/lib/x86_64-linux-gnu/libselinux.so.1
7f490fa61000-7f490fa62000 rw-p 00025000 08:02 788681                     /usr/lib/x86_64-linux-gnu/libselinux.so.1
7f490fa62000-7f490fa64000 rw-p 00000000 00:00 0 
7f490fa64000-7f490fa70000 r--p 00000000 08:02 788270                     /usr/lib/x86_64-linux-gnu/libmount.so.1.1.0
7f490fa70000-7f490faac000 r-xp 0000c000 08:02 788270                     /usr/lib/x86_64-linux-gnu/libmount.so.1.1.0
7f490faac000-7f490fabe000 r--p 00048000 08:02 788270                     /usr/lib/x86_64-linux-gnu/libmount.so.1.1.0
7f490fabe000-7f490fabf000 ---p 0005a000 08:02 788270                     /usr/lib/x86_64-linux-gnu/libmount.so.1.1.0
7f490fabf000-7f490fac2000 r--p 0005a000 08:02 788270                     /usr/lib/x86_64-linux-gnu/libmount.so.1.1.0
7f490fac2000-7f490fac3000 rw-p 0005d000 08:02 788270                     /usr/lib/x86_64-linux-gnu/libmount.so.1.1.0
7f490fac3000-7f490face000 r--p 00000000 08:02 790340                     /usr/lib/x86_64-linux-gnu/libgobject-2.0.so.0.5800.3
7f490face000-7f490fb00000 r-xp 0000b000 08:02 790340                     /usr/lib/x86_64-linux-gnu/libgobject-2.0.so.0.5800.3
7f490fb00000-7f490fb16000 r--p 0003d000 08:02 790340                     /usr/lib/x86_64-linux-gnu/libgobject-2.0.so.0.5800.3
7f490fb16000-7f490fb17000 r--p 00052000 08:02 790340                     /usr/lib/x86_64-linux-gnu/libgobject-2.0.so.0.5800.3
7f490fb17000-7f490fb18000 rw-p 00053000 08:02 790340                     /usr/lib/x86_64-linux-gnu/libgobject-2.0.so.0.5800.3
7f490fb18000-7f490fb33000 r--p 00000000 08:02 790338                     /usr/lib/x86_64-linux-gnu/libglib-2.0.so.0.5800.3
7f490fb33000-7f490fbb1000 r-xp 0001b000 08:02 790338                     /usr/lib/x86_64-linux-gnu/libglib-2.0.so.0.5800.3
7f490fbb1000-7f490fc33000 r--p 00099000 08:02 790338                     /usr/lib/x86_64-linux-gnu/libglib-2.0.so.0.5800.3
7f490fc33000-7f490fc34000 ---p 0011b000 08:02 790338                     /usr/lib/x86_64-linux-gnu/libglib-2.0.so.0.5800.3
7f490fc34000-7f490fc35000 r--p 0011b000 08:02 790338                     /usr/lib/x86_64-linux-gnu/libglib-2.0.so.0.5800.3
7f490fc35000-7f490fc36000 rw-p 0011c000 08:02 790338                     /usr/lib/x86_64-linux-gnu/libglib-2.0.so.0.5800.3
7f490fc36000-7f490fc37000 rw-p 00000000 00:00 0 
7f490fc37000-7f490fc6e000 r--p 00000000 08:02 790336                     /usr/lib/x86_64-linux-gnu/libgio-2.0.so.0.5800.3
7f490fc6e000-7f490fd67000 r-xp 00037000 08:02 790336                     /usr/lib/x86_64-linux-gnu/libgio-2.0.so.0.5800.3
7f490fd67000-7f490fde9000 r--p 00130000 08:02 790336                     /usr/lib/x86_64-linux-gnu/libgio-2.0.so.0.5800.3
7f490fde9000-7f490fdea000 ---p 001b2000 08:02 790336                     /usr/lib/x86_64-linux-gnu/libgio-2.0.so.0.5800.3
7f490fdea000-7f490fdf2000 r--p 001b2000 08:02 790336                     /usr/lib/x86_64-linux-gnu/libgio-2.0.so.0.5800.3
7f490fdf2000-7f490fdf3000 rw-p 001ba000 08:02 790336                     /usr/lib/x86_64-linux-gnu/libgio-2.0.so.0.5800.3
7f490fdf3000-7f490fdf5000 rw-p 00000000 00:00 0 
7f490fdf5000-7f490fdff000 r-xp 00000000 08:02 796593                     /usr/lib/x86_64-linux-gnu/libXrandr.so.2.2.0
7f490fdff000-7f490fffe000 ---p 0000a000 08:02 796593                     /usr/lib/x86_64-linux-gnu/libXrandr.so.2.2.0
7f490fffe000-7f490ffff000 r--p 00009000 08:02 796593                     /usr/lib/x86_64-linux-gnu/libXrandr.so.2.2.0
7f490ffff000-7f4910000000 rw-p 0000a000 08:02 796593                     /usr/lib/x86_64-linux-gnu/libXrandr.so.2.2.0
7f4910000000-7f4910021000 rw-p 00000000 00:00 0 
7f4910021000-7f4914000000 ---p 00000000 00:00 0 
7f4914000000-7f4914021000 rw-p 00000000 00:00 0 
7f4914021000-7f4918000000 ---p 00000000 00:00 0 
7f4918000000-7f4918644000 rw-p 00000000 00:00 0 
7f4918644000-7f491c000000 ---p 00000000 00:00 0 
7f491c000000-7f491c021000 rw-p 00000000 00:00 0 
7f491c021000-7f4920000000 ---p 00000000 00:00 0 
7f4920000000-7f4920021000 rw-p 00000000 00:00 0 
7f4920021000-7f4924000000 ---p 00000000 00:00 0 
7f4924000000-7f4924736000 rw-p 00000000 00:00 0 
7f4924736000-7f4928000000 ---p 00000000 00:00 0 
7f4928000000-7f4928021000 rw-p 00000000 00:00 0 
7f4928021000-7f492c000000 ---p 00000000 00:00 0 
7f492c000000-7f492c021000 rw-p 00000000 00:00 0 
7f492c021000-7f4930000000 ---p 00000000 00:00 0 
7f4930000000-7f4930021000 rw-p 00000000 00:00 0 
7f4930021000-7f4934000000 ---p 00000000 00:00 0 
7f4934000000-7f4934021000 rw-p 00000000 00:00 0 
7f4934021000-7f4938000000 ---p 00000000 00:00 0 
7f4938000000-7f4938021000 rw-p 00000000 00:00 0 
7f4938021000-7f493c000000 ---p 00000000 00:00 0 
7f493c002000-7f493c006000 r--p 00000000 08:02 787130                     /usr/lib/x86_64-linux-gnu/libresolv-2.28.so
7f493c006000-7f493c013000 r-xp 00004000 08:02 787130                     /usr/lib/x86_64-linux-gnu/libresolv-2.28.so
7f493c013000-7f493c017000 r--p 00011000 08:02 787130                     /usr/lib/x86_64-linux-gnu/libresolv-2.28.so
7f493c017000-7f493c018000 ---p 00015000 08:02 787130                     /usr/lib/x86_64-linux-gnu/libresolv-2.28.so
7f493c018000-7f493c019000 r--p 00015000 08:02 787130                     /usr/lib/x86_64-linux-gnu/libresolv-2.28.so
7f493c019000-7f493c01a000 rw-p 00016000 08:02 787130                     /usr/lib/x86_64-linux-gnu/libresolv-2.28.so
7f493c01a000-7f493c01c000 rw-p 00000000 00:00 0 
7f493c01c000-7f493c022000 r--p 00000000 08:02 793087                     /usr/lib/x86_64-linux-gnu/libpng16.so.16.36.0
7f493c022000-7f493c047000 r-xp 00006000 08:02 793087                     /usr/lib/x86_64-linux-gnu/libpng16.so.16.36.0
7f493c047000-7f493c053000 r--p 0002b000 08:02 793087                     /usr/lib/x86_64-linux-gnu/libpng16.so.16.36.0
7f493c053000-7f493c054000 r--p 00036000 08:02 793087                     /usr/lib/x86_64-linux-gnu/libpng16.so.16.36.0
7f493c054000-7f493c055000 rw-p 00037000 08:02 793087                     /usr/lib/x86_64-linux-gnu/libpng16.so.16.36.0
7f493c055000-7f493c062000 r--p 00000000 08:02 790798                     /usr/lib/x86_64-linux-gnu/libfreetype.so.6.16.1
7f493c062000-7f493c0df000 r-xp 0000d000 08:02 790798                     /usr/lib/x86_64-linux-gnu/libfreetype.so.6.16.1
7f493c0df000-7f493c108000 r--p 0008a000 08:02 790798                     /usr/lib/x86_64-linux-gnu/libfreetype.so.6.16.1
7f493c108000-7f493c109000 ---p 000b3000 08:02 790798                     /usr/lib/x86_64-linux-gnu/libfreetype.so.6.16.1
7f493c109000-7f493c110000 r--p 000b3000 08:02 790798                     /usr/lib/x86_64-linux-gnu/libfreetype.so.6.16.1
7f493c110000-7f493c111000 rw-p 000ba000 08:02 790798                     /usr/lib/x86_64-linux-gnu/libfreetype.so.6.16.1
7f493c11c000-7f493c12b000 r--p 00000000 08:02 1311871                    /usr/share/glib-2.0/schemas/gschemas.compiled
7f493c12b000-7f493c12f000 r--p 00000000 08:02 1050654                    /usr/lib/jvm/java-11-openjdk-amd64/lib/libfontmanager.so
7f493c12f000-7f493c221000 r-xp 00004000 08:02 1050654                    /usr/lib/jvm/java-11-openjdk-amd64/lib/libfontmanager.so
7f493c221000-7f493c261000 r--p 000f6000 08:02 1050654                    /usr/lib/jvm/java-11-openjdk-amd64/lib/libfontmanager.so
7f493c261000-7f493c262000 r--p 00135000 08:02 1050654                    /usr/lib/jvm/java-11-openjdk-amd64/lib/libfontmanager.so
7f493c262000-7f493c263000 rw-p 00136000 08:02 1050654                    /usr/lib/jvm/java-11-openjdk-amd64/lib/libfontmanager.so
7f493c263000-7f493c266000 rw-p 00000000 00:00 0 
7f493c266000-7f493c26a000 r--p 00000000 08:02 791299                     /usr/lib/x86_64-linux-gnu/libbsd.so.0.9.1
7f493c26a000-7f493c279000 r-xp 00004000 08:02 791299                     /usr/lib/x86_64-linux-gnu/libbsd.so.0.9.1
7f493c279000-7f493c27c000 r--p 00013000 08:02 791299                     /usr/lib/x86_64-linux-gnu/libbsd.so.0.9.1
7f493c27c000-7f493c27d000 ---p 00016000 08:02 791299                     /usr/lib/x86_64-linux-gnu/libbsd.so.0.9.1
7f493c27d000-7f493c27e000 r--p 00016000 08:02 791299                     /usr/lib/x86_64-linux-gnu/libbsd.so.0.9.1
7f493c27e000-7f493c27f000 rw-p 00017000 08:02 791299                     /usr/lib/x86_64-linux-gnu/libbsd.so.0.9.1
7f493c27f000-7f493c280000 rw-p 00000000 00:00 0 
7f493c280000-7f493c285000 r-xp 00000000 08:02 793144                     /usr/lib/x86_64-linux-gnu/libXdmcp.so.6.0.0
7f493c285000-7f493c484000 ---p 00005000 08:02 793144                     /usr/lib/x86_64-linux-gnu/libXdmcp.so.6.0.0
7f493c484000-7f493c485000 r--p 00004000 08:02 793144                     /usr/lib/x86_64-linux-gnu/libXdmcp.so.6.0.0
7f493c485000-7f493c486000 rw-p 00005000 08:02 793144                     /usr/lib/x86_64-linux-gnu/libXdmcp.so.6.0.0
7f493c486000-7f493c488000 r-xp 00000000 08:02 793142                     /usr/lib/x86_64-linux-gnu/libXau.so.6.0.0
7f493c488000-7f493c688000 ---p 00002000 08:02 793142                     /usr/lib/x86_64-linux-gnu/libXau.so.6.0.0
7f493c688000-7f493c689000 r--p 00002000 08:02 793142                     /usr/lib/x86_64-linux-gnu/libXau.so.6.0.0
7f493c689000-7f493c68a000 rw-p 00003000 08:02 793142                     /usr/lib/x86_64-linux-gnu/libXau.so.6.0.0
7f493c68a000-7f493c696000 r--p 00000000 08:02 793146                     /usr/lib/x86_64-linux-gnu/libxcb.so.1.1.0
7f493c696000-7f493c6a9000 r-xp 0000c000 08:02 793146                     /usr/lib/x86_64-linux-gnu/libxcb.so.1.1.0
7f493c6a9000-7f493c6b2000 r--p 0001f000 08:02 793146                     /usr/lib/x86_64-linux-gnu/libxcb.so.1.1.0
7f493c6b2000-7f493c6b3000 r--p 00027000 08:02 793146                     /usr/lib/x86_64-linux-gnu/libxcb.so.1.1.0
7f493c6b3000-7f493c6b4000 rw-p 00028000 08:02 793146                     /usr/lib/x86_64-linux-gnu/libxcb.so.1.1.0
7f493c6b4000-7f493c6c3000 r-xp 00000000 08:02 793270                     /usr/lib/x86_64-linux-gnu/libXi.so.6.1.0
7f493c6c3000-7f493c8c2000 ---p 0000f000 08:02 793270                     /usr/lib/x86_64-linux-gnu/libXi.so.6.1.0
7f493c8c2000-7f493c8c3000 r--p 0000e000 08:02 793270                     /usr/lib/x86_64-linux-gnu/libXi.so.6.1.0
7f493c8c3000-7f493c8c4000 rw-p 0000f000 08:02 793270                     /usr/lib/x86_64-linux-gnu/libXi.so.6.1.0
7f493c8c4000-7f493c8c9000 r-xp 00000000 08:02 796147                     /usr/lib/x86_64-linux-gnu/libXtst.so.6.1.0
7f493c8c9000-7f493cac8000 ---p 00005000 08:02 796147                     /usr/lib/x86_64-linux-gnu/libXtst.so.6.1.0
7f493cac8000-7f493cac9000 r--p 00004000 08:02 796147                     /usr/lib/x86_64-linux-gnu/libXtst.so.6.1.0
7f493cac9000-7f493caca000 rw-p 00005000 08:02 796147                     /usr/lib/x86_64-linux-gnu/libXtst.so.6.1.0
7f493caca000-7f493cad3000 r-xp 00000000 08:02 793276                     /usr/lib/x86_64-linux-gnu/libXrender.so.1.3.0
7f493cad3000-7f493ccd2000 ---p 00009000 08:02 793276                     /usr/lib/x86_64-linux-gnu/libXrender.so.1.3.0
7f493ccd2000-7f493ccd3000 r--p 00008000 08:02 793276                     /usr/lib/x86_64-linux-gnu/libXrender.so.1.3.0
7f493ccd3000-7f493ccd4000 rw-p 00009000 08:02 793276                     /usr/lib/x86_64-linux-gnu/libXrender.so.1.3.0
7f493ccd4000-7f493ccf0000 r--p 00000000 08:02 793166                     /usr/lib/x86_64-linux-gnu/libX11.so.6.3.0
7f493ccf0000-7f493cd7a000 r-xp 0001c000 08:02 793166                     /usr/lib/x86_64-linux-gnu/libX11.so.6.3.0
7f493cd7a000-7f493ce0e000 r--p 000a6000 08:02 793166                     /usr/lib/x86_64-linux-gnu/libX11.so.6.3.0
7f493ce0e000-7f493ce0f000 ---p 0013a000 08:02 793166                     /usr/lib/x86_64-linux-gnu/libX11.so.6.3.0
7f493ce0f000-7f493ce10000 r--p 0013a000 08:02 793166                     /usr/lib/x86_64-linux-gnu/libX11.so.6.3.0
7f493ce10000-7f493ce15000 rw-p 0013b000 08:02 793166                     /usr/lib/x86_64-linux-gnu/libX11.so.6.3.0
7f493ce15000-7f493ce26000 r-xp 00000000 08:02 793169                     /usr/lib/x86_64-linux-gnu/libXext.so.6.4.0
7f493ce26000-7f493d025000 ---p 00011000 08:02 793169                     /usr/lib/x86_64-linux-gnu/libXext.so.6.4.0
7f493d025000-7f493d026000 r--p 00010000 08:02 793169                     /usr/lib/x86_64-linux-gnu/libXext.so.6.4.0
7f493d026000-7f493d027000 rw-p 00011000 08:02 793169                     /usr/lib/x86_64-linux-gnu/libXext.so.6.4.0
7f493d027000-7f493d053000 r--p 00000000 08:02 1050645                    /usr/lib/jvm/java-11-openjdk-amd64/lib/libawt.so
7f493d053000-7f493d0ba000 r-xp 0002c000 08:02 1050645                    /usr/lib/jvm/java-11-openjdk-amd64/lib/libawt.so
7f493d0ba000-7f493d0c7000 r--p 00093000 08:02 1050645                    /usr/lib/jvm/java-11-openjdk-amd64/lib/libawt.so
7f493d0c7000-7f493d0c8000 r--p 0009f000 08:02 1050645                    /usr/lib/jvm/java-11-openjdk-amd64/lib/libawt.so
7f493d0c8000-7f493d0d3000 rw-p 000a0000 08:02 1050645                    /usr/lib/jvm/java-11-openjdk-amd64/lib/libawt.so
7f493d0d3000-7f493d0f8000 rw-p 00000000 00:00 0 
7f493d0f8000-7f493d0fc000 ---p 00000000 00:00 0 
7f493d0fc000-7f493d1f9000 rw-p 00000000 00:00 0 
7f493d1f9000-7f493d1fa000 ---p 00000000 00:00 0 
7f493d1fa000-7f493d2fb000 rw-p 00000000 00:00 0 
7f493d2fb000-7f493d2ff000 ---p 00000000 00:00 0 
7f493d2ff000-7f493d3fc000 rw-p 00000000 00:00 0 
7f493d3fc000-7f493d400000 ---p 00000000 00:00 0 
7f493d400000-7f493d4fd000 rw-p 00000000 00:00 0 
7f493d4fd000-7f493d501000 ---p 00000000 00:00 0 
7f493d501000-7f493d5fe000 rw-p 00000000 00:00 0 
7f493d5fe000-7f493d602000 ---p 00000000 00:00 0 
7f493d602000-7f493d6ff000 rw-p 00000000 00:00 0 
7f493d6ff000-7f493d703000 ---p 00000000 00:00 0 
7f493d703000-7f4940000000 rw-p 00000000 00:00 0 
7f4940000000-7f4940021000 rw-p 00000000 00:00 0 
7f4940021000-7f4944000000 ---p 00000000 00:00 0 
7f4944000000-7f4944021000 rw-p 00000000 00:00 0 
7f4944021000-7f4948000000 ---p 00000000 00:00 0 
7f4948000000-7f4948021000 rw-p 00000000 00:00 0 
7f4948021000-7f494c000000 ---p 00000000 00:00 0 
7f494c000000-7f494c002000 r--p 00000000 08:02 786721                     /usr/lib/x86_64-linux-gnu/libuuid.so.1.3.0
7f494c002000-7f494c006000 r-xp 00002000 08:02 786721                     /usr/lib/x86_64-linux-gnu/libuuid.so.1.3.0
7f494c006000-7f494c007000 r--p 00006000 08:02 786721                     /usr/lib/x86_64-linux-gnu/libuuid.so.1.3.0
7f494c007000-7f494c008000 r--p 00006000 08:02 786721                     /usr/lib/x86_64-linux-gnu/libuuid.so.1.3.0
7f494c008000-7f494c009000 rw-p 00007000 08:02 786721                     /usr/lib/x86_64-linux-gnu/libuuid.so.1.3.0
7f494c009000-7f494c00a000 r--p 00000000 08:02 790339                     /usr/lib/x86_64-linux-gnu/libgmodule-2.0.so.0.5800.3
7f494c00a000-7f494c00c000 r-xp 00001000 08:02 790339                     /usr/lib/x86_64-linux-gnu/libgmodule-2.0.so.0.5800.3
7f494c00c000-7f494c00d000 r--p 00003000 08:02 790339                     /usr/lib/x86_64-linux-gnu/libgmodule-2.0.so.0.5800.3
7f494c00d000-7f494c00e000 r--p 00003000 08:02 790339                     /usr/lib/x86_64-linux-gnu/libgmodule-2.0.so.0.5800.3
7f494c00e000-7f494c00f000 rw-p 00004000 08:02 790339                     /usr/lib/x86_64-linux-gnu/libgmodule-2.0.so.0.5800.3
7f494c00f000-7f494c030000 r--p 00000000 08:02 792185                     /usr/share/locale/it/LC_MESSAGES/libc.mo
7f494c030000-7f494c040000 r--p 00000000 08:02 1050650                    /usr/lib/jvm/java-11-openjdk-amd64/lib/libawt_xawt.so
7f494c040000-7f494c07d000 r-xp 00010000 08:02 1050650                    /usr/lib/jvm/java-11-openjdk-amd64/lib/libawt_xawt.so
7f494c07d000-7f494c08f000 r--p 0004d000 08:02 1050650                    /usr/lib/jvm/java-11-openjdk-amd64/lib/libawt_xawt.so
7f494c08f000-7f494c090000 r--p 0005e000 08:02 1050650                    /usr/lib/jvm/java-11-openjdk-amd64/lib/libawt_xawt.so
7f494c090000-7f494c093000 rw-p 0005f000 08:02 1050650                    /usr/lib/jvm/java-11-openjdk-amd64/lib/libawt_xawt.so
7f494c093000-7f494c0c6000 rw-p 00000000 00:00 0 
7f494c0c6000-7f494c0ca000 r--p 00000000 08:02 1051068                    /usr/lib/jvm/java-11-openjdk-amd64/lib/libnet.so
7f494c0ca000-7f494c0d9000 r-xp 00004000 08:02 1051068                    /usr/lib/jvm/java-11-openjdk-amd64/lib/libnet.so
7f494c0d9000-7f494c0dd000 r--p 00013000 08:02 1051068                    /usr/lib/jvm/java-11-openjdk-amd64/lib/libnet.so
7f494c0dd000-7f494c0de000 r--p 00016000 08:02 1051068                    /usr/lib/jvm/java-11-openjdk-amd64/lib/libnet.so
7f494c0de000-7f494c0df000 rw-p 00017000 08:02 1051068                    /usr/lib/jvm/java-11-openjdk-amd64/lib/libnet.so
7f494c0df000-7f494c3c4000 r--p 00000000 08:02 786879                     /usr/lib/locale/locale-archive
7f494c3c4000-7f494c3c8000 ---p 00000000 00:00 0 
7f494c3c8000-7f494c4c5000 rw-p 00000000 00:00 0 
7f494c4c5000-7f494c4c9000 ---p 00000000 00:00 0 
7f494c4c9000-7f494c5c6000 rw-p 00000000 00:00 0 
7f494c5c6000-7f494c5c7000 ---p 00000000 00:00 0 
7f494c5c7000-7f494c80e000 rw-p 00000000 00:00 0 
7f494c80e000-7f494c80f000 ---p 00000000 00:00 0 
7f494c80f000-7f494c910000 rw-p 00000000 00:00 0 
7f494c910000-7f494cb80000 rwxp 00000000 00:00 0 
7f494cb80000-7f494cea0000 ---p 00000000 00:00 0 
7f494cea0000-7f494d250000 rwxp 00000000 00:00 0 
7f494d250000-7f49543d8000 ---p 00000000 00:00 0 
7f49543d8000-7f4954648000 rwxp 00000000 00:00 0 
7f4954648000-7f495b910000 ---p 00000000 00:00 0 
7f4964000000-7f4964463000 rw-p 00000000 00:00 0 
7f4964463000-7f4968000000 ---p 00000000 00:00 0 
7f4968001000-7f4968008000 r--p 00000000 08:02 1051069                    /usr/lib/jvm/java-11-openjdk-amd64/lib/libnio.so
7f4968008000-7f496800f000 r-xp 00007000 08:02 1051069                    /usr/lib/jvm/java-11-openjdk-amd64/lib/libnio.so
7f496800f000-7f4968012000 r--p 0000e000 08:02 1051069                    /usr/lib/jvm/java-11-openjdk-amd64/lib/libnio.so
7f4968012000-7f4968013000 r--p 00010000 08:02 1051069                    /usr/lib/jvm/java-11-openjdk-amd64/lib/libnio.so
7f4968013000-7f4968014000 rw-p 00011000 08:02 1051069                    /usr/lib/jvm/java-11-openjdk-amd64/lib/libnio.so
7f4968014000-7f4968015000 ---p 00000000 00:00 0 
7f4968015000-7f496851a000 rw-p 00000000 00:00 0 
7f496851a000-7f496851b000 ---p 00000000 00:00 0 
7f496851b000-7f496861c000 rw-p 00000000 00:00 0 
7f496861c000-7f496861d000 ---p 00000000 00:00 0 
7f496861d000-7f496882e000 rw-p 00000000 00:00 0 
7f496882e000-7f496962e000 ---p 00000000 00:00 0 
7f496962e000-7f4969726000 rw-p 00000000 00:00 0 
7f4969726000-7f496a526000 ---p 00000000 00:00 0 
7f496a526000-7f496a54c000 rw-p 00000000 00:00 0 
7f496a54c000-7f496a70c000 ---p 00000000 00:00 0 
7f496a70c000-7f496a72b000 rw-p 00000000 00:00 0 
7f496a72b000-7f496a8eb000 ---p 00000000 00:00 0 
7f496a8eb000-7f496a90a000 rw-p 00000000 00:00 0 
7f496a90a000-7f496aaca000 ---p 00000000 00:00 0 
7f496aaca000-7f496aecf000 rw-p 00000000 00:00 0 
7f496aecf000-7f496aed0000 ---p 00000000 00:00 0 
7f496aed0000-7f496afd6000 rw-p 00000000 00:00 0 
7f496afd6000-7f496b0bc000 ---p 00000000 00:00 0 
7f496b0bc000-7f496b0c4000 rw-p 00000000 00:00 0 
7f496b0c4000-7f496b1a7000 ---p 00000000 00:00 0 
7f496b1a7000-7f496b1ac000 rw-p 00000000 00:00 0 
7f496b1ac000-7f496b1b3000 ---p 00000000 00:00 0 
7f496b1b3000-7f496b1b5000 r--p 00000000 08:02 1051055                    /usr/lib/jvm/java-11-openjdk-amd64/lib/libjimage.so
7f496b1b5000-7f496b1b8000 r-xp 00002000 08:02 1051055                    /usr/lib/jvm/java-11-openjdk-amd64/lib/libjimage.so
7f496b1b8000-7f496b1ba000 r--p 00005000 08:02 1051055                    /usr/lib/jvm/java-11-openjdk-amd64/lib/libjimage.so
7f496b1ba000-7f496b1bb000 r--p 00006000 08:02 1051055                    /usr/lib/jvm/java-11-openjdk-amd64/lib/libjimage.so
7f496b1bb000-7f496b1bc000 rw-p 00007000 08:02 1051055                    /usr/lib/jvm/java-11-openjdk-amd64/lib/libjimage.so
7f496b1bc000-7f496b1bf000 r--p 00000000 08:02 787123                     /usr/lib/x86_64-linux-gnu/libnss_files-2.28.so
7f496b1bf000-7f496b1c6000 r-xp 00003000 08:02 787123                     /usr/lib/x86_64-linux-gnu/libnss_files-2.28.so
7f496b1c6000-7f496b1c8000 r--p 0000a000 08:02 787123                     /usr/lib/x86_64-linux-gnu/libnss_files-2.28.so
7f496b1c8000-7f496b1c9000 ---p 0000c000 08:02 787123                     /usr/lib/x86_64-linux-gnu/libnss_files-2.28.so
7f496b1c9000-7f496b1ca000 r--p 0000c000 08:02 787123                     /usr/lib/x86_64-linux-gnu/libnss_files-2.28.so
7f496b1ca000-7f496b1cb000 rw-p 0000d000 08:02 787123                     /usr/lib/x86_64-linux-gnu/libnss_files-2.28.so
7f496b1cb000-7f496b1d1000 rw-p 00000000 00:00 0 
7f496b1d2000-7f496b1d9000 r--s 00000000 08:02 789458                     /usr/lib/x86_64-linux-gnu/gconv/gconv-modules.cache
7f496b1d9000-7f496b1db000 r--p 00000000 08:02 1051080                    /usr/lib/jvm/java-11-openjdk-amd64/lib/libzip.so
7f496b1db000-7f496b1df000 r-xp 00002000 08:02 1051080                    /usr/lib/jvm/java-11-openjdk-amd64/lib/libzip.so
7f496b1df000-7f496b1e1000 r--p 00006000 08:02 1051080                    /usr/lib/jvm/java-11-openjdk-amd64/lib/libzip.so
7f496b1e1000-7f496b1e2000 r--p 00007000 08:02 1051080                    /usr/lib/jvm/java-11-openjdk-amd64/lib/libzip.so
7f496b1e2000-7f496b1e3000 rw-p 00008000 08:02 1051080                    /usr/lib/jvm/java-11-openjdk-amd64/lib/libzip.so
7f496b1e3000-7f496b1eb000 rw-s 00000000 08:02 6422570                    /tmp/hsperfdata_gambero/4557
7f496b1eb000-7f496b1f8000 r--p 00000000 08:02 1050802                    /usr/lib/jvm/java-11-openjdk-amd64/lib/libjava.so
7f496b1f8000-7f496b20d000 r-xp 0000d000 08:02 1050802                    /usr/lib/jvm/java-11-openjdk-amd64/lib/libjava.so
7f496b20d000-7f496b214000 r--p 00022000 08:02 1050802                    /usr/lib/jvm/java-11-openjdk-amd64/lib/libjava.so
7f496b214000-7f496b215000 r--p 00028000 08:02 1050802                    /usr/lib/jvm/java-11-openjdk-amd64/lib/libjava.so
7f496b215000-7f496b217000 rw-p 00029000 08:02 1050802                    /usr/lib/jvm/java-11-openjdk-amd64/lib/libjava.so
7f496b217000-7f496b219000 r--p 00000000 08:02 787131                     /usr/lib/x86_64-linux-gnu/librt-2.28.so
7f496b219000-7f496b21d000 r-xp 00002000 08:02 787131                     /usr/lib/x86_64-linux-gnu/librt-2.28.so
7f496b21d000-7f496b21f000 r--p 00006000 08:02 787131                     /usr/lib/x86_64-linux-gnu/librt-2.28.so
7f496b21f000-7f496b220000 r--p 00007000 08:02 787131                     /usr/lib/x86_64-linux-gnu/librt-2.28.so
7f496b220000-7f496b221000 rw-p 00008000 08:02 787131                     /usr/lib/x86_64-linux-gnu/librt-2.28.so
7f496b221000-7f496b225000 ---p 00000000 00:00 0 
7f496b225000-7f496b322000 rw-p 00000000 00:00 0 
7f496b322000-7f496b325000 r--p 00000000 08:02 786446                     /usr/lib/x86_64-linux-gnu/libgcc_s.so.1
7f496b325000-7f496b336000 r-xp 00003000 08:02 786446                     /usr/lib/x86_64-linux-gnu/libgcc_s.so.1
7f496b336000-7f496b339000 r--p 00014000 08:02 786446                     /usr/lib/x86_64-linux-gnu/libgcc_s.so.1
7f496b339000-7f496b33a000 ---p 00017000 08:02 786446                     /usr/lib/x86_64-linux-gnu/libgcc_s.so.1
7f496b33a000-7f496b33b000 r--p 00017000 08:02 786446                     /usr/lib/x86_64-linux-gnu/libgcc_s.so.1
7f496b33b000-7f496b33c000 rw-p 00018000 08:02 786446                     /usr/lib/x86_64-linux-gnu/libgcc_s.so.1
7f496b33c000-7f496b349000 r--p 00000000 08:02 787114                     /usr/lib/x86_64-linux-gnu/libm-2.28.so
7f496b349000-7f496b3e8000 r-xp 0000d000 08:02 787114                     /usr/lib/x86_64-linux-gnu/libm-2.28.so
7f496b3e8000-7f496b4bd000 r--p 000ac000 08:02 787114                     /usr/lib/x86_64-linux-gnu/libm-2.28.so
7f496b4bd000-7f496b4be000 r--p 00180000 08:02 787114                     /usr/lib/x86_64-linux-gnu/libm-2.28.so
7f496b4be000-7f496b4bf000 rw-p 00181000 08:02 787114                     /usr/lib/x86_64-linux-gnu/libm-2.28.so
7f496b4bf000-7f496b548000 r--p 00000000 08:02 786705                     /usr/lib/x86_64-linux-gnu/libstdc++.so.6.0.25
7f496b548000-7f496b5f4000 r-xp 00089000 08:02 786705                     /usr/lib/x86_64-linux-gnu/libstdc++.so.6.0.25
7f496b5f4000-7f496b632000 r--p 00135000 08:02 786705                     /usr/lib/x86_64-linux-gnu/libstdc++.so.6.0.25
7f496b632000-7f496b633000 ---p 00173000 08:02 786705                     /usr/lib/x86_64-linux-gnu/libstdc++.so.6.0.25
7f496b633000-7f496b63d000 r--p 00173000 08:02 786705                     /usr/lib/x86_64-linux-gnu/libstdc++.so.6.0.25
7f496b63d000-7f496b63f000 rw-p 0017d000 08:02 786705                     /usr/lib/x86_64-linux-gnu/libstdc++.so.6.0.25
7f496b63f000-7f496b643000 rw-p 00000000 00:00 0 
7f496b643000-7f496b8b0000 r--p 00000000 08:02 1579002                    /usr/lib/jvm/java-11-openjdk-amd64/lib/server/libjvm.so
7f496b8b0000-7f496c3dc000 r-xp 0026d000 08:02 1579002                    /usr/lib/jvm/java-11-openjdk-amd64/lib/server/libjvm.so
7f496c3dc000-7f496c614000 r--p 00d99000 08:02 1579002                    /usr/lib/jvm/java-11-openjdk-amd64/lib/server/libjvm.so
7f496c614000-7f496c6d1000 r--p 00fd0000 08:02 1579002                    /usr/lib/jvm/java-11-openjdk-amd64/lib/server/libjvm.so
7f496c6d1000-7f496c70b000 rw-p 0108d000 08:02 1579002                    /usr/lib/jvm/java-11-openjdk-amd64/lib/server/libjvm.so
7f496c70b000-7f496c763000 rw-p 00000000 00:00 0 
7f496c763000-7f496c785000 r--p 00000000 08:02 787111                     /usr/lib/x86_64-linux-gnu/libc-2.28.so
7f496c785000-7f496c8cd000 r-xp 00022000 08:02 787111                     /usr/lib/x86_64-linux-gnu/libc-2.28.so
7f496c8cd000-7f496c919000 r--p 0016a000 08:02 787111                     /usr/lib/x86_64-linux-gnu/libc-2.28.so
7f496c919000-7f496c91a000 ---p 001b6000 08:02 787111                     /usr/lib/x86_64-linux-gnu/libc-2.28.so
7f496c91a000-7f496c91e000 r--p 001b6000 08:02 787111                     /usr/lib/x86_64-linux-gnu/libc-2.28.so
7f496c91e000-7f496c920000 rw-p 001ba000 08:02 787111                     /usr/lib/x86_64-linux-gnu/libc-2.28.so
7f496c920000-7f496c924000 rw-p 00000000 00:00 0 
7f496c924000-7f496c925000 r--p 00000000 08:02 787113                     /usr/lib/x86_64-linux-gnu/libdl-2.28.so
7f496c925000-7f496c926000 r-xp 00001000 08:02 787113                     /usr/lib/x86_64-linux-gnu/libdl-2.28.so
7f496c926000-7f496c927000 r--p 00002000 08:02 787113                     /usr/lib/x86_64-linux-gnu/libdl-2.28.so
7f496c927000-7f496c928000 r--p 00002000 08:02 787113                     /usr/lib/x86_64-linux-gnu/libdl-2.28.so
7f496c928000-7f496c929000 rw-p 00003000 08:02 787113                     /usr/lib/x86_64-linux-gnu/libdl-2.28.so
7f496c929000-7f496c92c000 r--p 00000000 08:02 1578979                    /usr/lib/jvm/java-11-openjdk-amd64/lib/jli/libjli.so
7f496c92c000-7f496c936000 r-xp 00003000 08:02 1578979                    /usr/lib/jvm/java-11-openjdk-amd64/lib/jli/libjli.so
7f496c936000-7f496c939000 r--p 0000d000 08:02 1578979                    /usr/lib/jvm/java-11-openjdk-amd64/lib/jli/libjli.so
7f496c939000-7f496c93a000 r--p 0000f000 08:02 1578979                    /usr/lib/jvm/java-11-openjdk-amd64/lib/jli/libjli.so
7f496c93a000-7f496c93b000 rw-p 00010000 08:02 1578979                    /usr/lib/jvm/java-11-openjdk-amd64/lib/jli/libjli.so
7f496c93b000-7f496c941000 r--p 00000000 08:02 787129                     /usr/lib/x86_64-linux-gnu/libpthread-2.28.so
7f496c941000-7f496c950000 r-xp 00006000 08:02 787129                     /usr/lib/x86_64-linux-gnu/libpthread-2.28.so
7f496c950000-7f496c956000 r--p 00015000 08:02 787129                     /usr/lib/x86_64-linux-gnu/libpthread-2.28.so
7f496c956000-7f496c957000 r--p 0001a000 08:02 787129                     /usr/lib/x86_64-linux-gnu/libpthread-2.28.so
7f496c957000-7f496c958000 rw-p 0001b000 08:02 787129                     /usr/lib/x86_64-linux-gnu/libpthread-2.28.so
7f496c958000-7f496c95c000 rw-p 00000000 00:00 0 
7f496c95c000-7f496c978000 r-xp 00000000 08:02 788687                     /usr/lib/x86_64-linux-gnu/libz.so.1.2.11
7f496c978000-7f496cb78000 ---p 0001c000 08:02 788687                     /usr/lib/x86_64-linux-gnu/libz.so.1.2.11
7f496cb78000-7f496cb79000 r--p 0001c000 08:02 788687                     /usr/lib/x86_64-linux-gnu/libz.so.1.2.11
7f496cb79000-7f496cb7a000 rw-p 0001d000 08:02 788687                     /usr/lib/x86_64-linux-gnu/libz.so.1.2.11
7f496cb7a000-7f496cb7c000 rw-p 00000000 00:00 0 
7f496cb7f000-7f496cb80000 r--p 00000000 08:02 6840480                    /home/gambero/.config/dconf/user
7f496cb80000-7f496cb81000 r--s 00000000 00:30 29150                      /run/user/1000/dconf/user
7f496cb81000-7f496cb83000 r--s 00007000 08:02 1446998                    /usr/share/java/java-atk-wrapper.jar
7f496cb83000-7f496cb84000 ---p 00000000 00:00 0 
7f496cb84000-7f496cb85000 r--p 00000000 00:00 0 
7f496cb85000-7f496cb8a000 r--p 00000000 08:02 1051079                    /usr/lib/jvm/java-11-openjdk-amd64/lib/libverify.so
7f496cb8a000-7f496cb91000 r-xp 00005000 08:02 1051079                    /usr/lib/jvm/java-11-openjdk-amd64/lib/libverify.so
7f496cb91000-7f496cb93000 r--p 0000c000 08:02 1051079                    /usr/lib/jvm/java-11-openjdk-amd64/lib/libverify.so
7f496cb93000-7f496cb95000 r--p 0000d000 08:02 1051079                    /usr/lib/jvm/java-11-openjdk-amd64/lib/libverify.so
7f496cb95000-7f496cb96000 rw-p 0000f000 08:02 1051079                    /usr/lib/jvm/java-11-openjdk-amd64/lib/libverify.so
7f496cb96000-7f496cb97000 r--p 00000000 08:02 786448                     /usr/lib/x86_64-linux-gnu/ld-2.28.so
7f496cb97000-7f496cbb5000 r-xp 00001000 08:02 786448                     /usr/lib/x86_64-linux-gnu/ld-2.28.so
7f496cbb5000-7f496cbbd000 r--p 0001f000 08:02 786448                     /usr/lib/x86_64-linux-gnu/ld-2.28.so
7f496cbbd000-7f496cbbe000 r--p 00026000 08:02 786448                     /usr/lib/x86_64-linux-gnu/ld-2.28.so
7f496cbbe000-7f496cbbf000 rw-p 00027000 08:02 786448                     /usr/lib/x86_64-linux-gnu/ld-2.28.so
7f496cbbf000-7f496cbc0000 rw-p 00000000 00:00 0 
7ffddb12e000-7ffddb14f000 rw-p 00000000 00:00 0                          [stack]
7ffddb194000-7ffddb197000 r--p 00000000 00:00 0                          [vvar]
7ffddb197000-7ffddb199000 r-xp 00000000 00:00 0                          [vdso]


VM Arguments:
jvm_args: -Dfile.encoding=UTF-8 
java_command: main
java_class_path (initial): /home/gambero/eclipse-workspace/FileSplitter/bin
Launcher Type: SUN_STANDARD

[Global flags]
     intx CICompilerCount                          = 3                                         {product} {ergonomic}
     uint ConcGCThreads                            = 1                                         {product} {ergonomic}
     uint G1ConcRefinementThreads                  = 4                                         {product} {ergonomic}
   size_t G1HeapRegionSize                         = 1048576                                   {product} {ergonomic}
    uintx GCDrainStackTargetSize                   = 64                                        {product} {ergonomic}
   size_t InitialHeapSize                          = 62914560                                  {product} {ergonomic}
   size_t MarkStackSize                            = 4194304                                   {product} {ergonomic}
   size_t MaxHeapSize                              = 1004535808                                {product} {ergonomic}
   size_t MaxNewSize                               = 601882624                                 {product} {ergonomic}
   size_t MinHeapDeltaBytes                        = 1048576                                   {product} {ergonomic}
    uintx NonNMethodCodeHeapSize                   = 5830732                                {pd product} {ergonomic}
    uintx NonProfiledCodeHeapSize                  = 122913754                              {pd product} {ergonomic}
    uintx ProfiledCodeHeapSize                     = 122913754                              {pd product} {ergonomic}
    uintx ReservedCodeCacheSize                    = 251658240                              {pd product} {ergonomic}
     bool SegmentedCodeCache                       = true                                      {product} {ergonomic}
     bool UseCompressedClassPointers               = true                                 {lp64_product} {ergonomic}
     bool UseCompressedOops                        = true                                 {lp64_product} {ergonomic}
     bool UseG1GC                                  = true                                      {product} {ergonomic}

Logging:
Log output configuration:
 #0: stdout all=warning uptime,level,tags
 #1: stderr all=off uptime,level,tags

Environment Variables:
PATH=/usr/local/bin:/usr/bin:/bin:/usr/local/games:/usr/games:/snap/bin
SHELL=/bin/bash
DISPLAY=:0

Signal Handlers:
SIGSEGV: [libjvm.so+0xd26680], sa_mask[0]=11111111011111111101111111111110, sa_flags=SA_RESTART|SA_SIGINFO
SIGBUS: [libjvm.so+0xd26680], sa_mask[0]=11111111011111111101111111111110, sa_flags=SA_RESTART|SA_SIGINFO
SIGFPE: [libjvm.so+0xd26680], sa_mask[0]=11111111011111111101111111111110, sa_flags=SA_RESTART|SA_SIGINFO
SIGPIPE: SIG_IGN, sa_mask[0]=00000000000010000000000000000000, sa_flags=SA_RESTART
SIGXFSZ: [libjvm.so+0xb2c8b0], sa_mask[0]=11111111011111111101111111111110, sa_flags=SA_RESTART|SA_SIGINFO
SIGILL: [libjvm.so+0xd26680], sa_mask[0]=11111111011111111101111111111110, sa_flags=SA_RESTART|SA_SIGINFO
SIGUSR2: [libjvm.so+0xb2c740], sa_mask[0]=00100000000000000000000000000000, sa_flags=SA_RESTART|SA_SIGINFO
SIGHUP: [libjvm.so+0xb2cbf0], sa_mask[0]=11111111011111111101111111111110, sa_flags=SA_RESTART|SA_SIGINFO
SIGINT: [libjvm.so+0xb2cbf0], sa_mask[0]=11111111011111111101111111111110, sa_flags=SA_RESTART|SA_SIGINFO
SIGTERM: [libjvm.so+0xb2cbf0], sa_mask[0]=11111111011111111101111111111110, sa_flags=SA_RESTART|SA_SIGINFO
SIGQUIT: [libjvm.so+0xb2cbf0], sa_mask[0]=11111111011111111101111111111110, sa_flags=SA_RESTART|SA_SIGINFO


---------------  S Y S T E M  ---------------

OS:PRETTY_NAME="Debian GNU/Linux 10 (buster)"
NAME="Debian GNU/Linux"
VERSION_ID="10"
VERSION="10 (buster)"
VERSION_CODENAME=buster
ID=debian
HOME_URL="https://www.debian.org/"
SUPPORT_URL="https://www.debian.org/support"
BUG_REPORT_URL="https://bugs.debian.org/"
uname:Linux 4.19.0-6-amd64 #1 SMP Debian 4.19.67-2+deb10u2 (2019-11-11) x86_64
libc:glibc 2.28 NPTL 2.28 
rlimit: STACK 8192k, CORE 0k, NPROC 14839, NOFILE 1048576, AS infinity, DATA infinity, FSIZE infinity
load average:0,20 0,41 0,31

/proc/meminfo:
MemTotal:        3916820 kB
MemFree:         1762188 kB
MemAvailable:    1904364 kB
Buffers:           27848 kB
Cached:           337192 kB
SwapCached:        31444 kB
Active:          1529872 kB
Inactive:         400256 kB
Active(anon):    1318196 kB
Inactive(anon):   288536 kB
Active(file):     211676 kB
Inactive(file):   111720 kB
Unevictable:          96 kB
Mlocked:              96 kB
SwapTotal:       4071420 kB
SwapFree:        3705596 kB
Dirty:               920 kB
Writeback:             0 kB
AnonPages:       1551668 kB
Mapped:            72140 kB
Shmem:             41228 kB
Slab:             121128 kB
SReclaimable:      44476 kB
SUnreclaim:        76652 kB
KernelStack:       15736 kB
PageTables:        17292 kB
NFS_Unstable:          0 kB
Bounce:                0 kB
WritebackTmp:          0 kB
CommitLimit:     6029828 kB
Committed_AS:    5760084 kB
VmallocTotal:   34359738367 kB
VmallocUsed:           0 kB
VmallocChunk:          0 kB
Percpu:             7168 kB
HardwareCorrupted:     0 kB
AnonHugePages:    327680 kB
ShmemHugePages:        0 kB
ShmemPmdMapped:        0 kB
HugePages_Total:       0
HugePages_Free:        0
HugePages_Rsvd:        0
HugePages_Surp:        0
Hugepagesize:       2048 kB
Hugetlb:               0 kB
DirectMap4k:      169024 kB
DirectMap2M:     3903488 kB


/proc/sys/kernel/threads-max (system-wide limit on the number of threads):
29678


/proc/sys/vm/max_map_count (maximum number of memory map areas a process may have):
65530


/proc/sys/kernel/pid_max (system-wide limit on number of process identifiers):
32768



container (cgroup) information:
container_type: cgroupv1
cpu_cpuset_cpus: 0-3
cpu_memory_nodes: 0
active_processor_count: 4
cpu_quota: -1
cpu_period: 100000
cpu_shares: -1
memory_limit_in_bytes: -1
memory_and_swap_limit_in_bytes: -2
memory_soft_limit_in_bytes: -1
memory_usage_in_bytes: 1832120320
memory_max_usage_in_bytes: 3602219008

Steal ticks since vm start: 0
Steal ticks percentage since vm start:  0,000

CPU:total 4 (initial active 4) (2 cores per cpu, 2 threads per core) family 6 model 42 stepping 7, cmov, cx8, fxsr, mmx, sse, sse2, sse3, ssse3, sse4.1, sse4.2, popcnt, avx, aes, clmul, ht, tsc, tscinvbit
CPU Model and flags from /proc/cpuinfo:
model name	: Intel(R) Core(TM) i5-2540M CPU @ 2.60GHz
flags		: fpu vme de pse tsc msr pae mce cx8 apic sep mtrr pge mca cmov pat pse36 clflush dts acpi mmx fxsr sse sse2 ss ht tm pbe syscall nx rdtscp lm constant_tsc arch_perfmon pebs bts rep_good nopl xtopology nonstop_tsc cpuid aperfmperf pni pclmulqdq dtes64 monitor ds_cpl vmx smx est tm2 ssse3 cx16 xtpr pdcm pcid sse4_1 sse4_2 x2apic popcnt tsc_deadline_timer aes xsave avx lahf_lm epb pti ssbd ibrs ibpb stibp tpr_shadow vnmi flexpriority ept vpid xsaveopt dtherm ida arat pln pts md_clear flush_l1d

Memory: 4k page, physical 3916820k(1764456k free), swap 4071420k(3713704k free)

vm_info: OpenJDK 64-Bit Server VM (11.0.6+10-post-Debian-1deb10u1) for linux-amd64 JRE (11.0.6+10-post-Debian-1deb10u1), built on Jan 17 2020 00:09:03 by "unknown" with gcc 8.3.0

END.
